[0mGET / [32m200[0m 450.754 ms - 11325[0m
[0mGET /favicon.ico [33m404[0m 6.450 ms - 150[0m
[0mGET /users/sign-in [36m304[0m 15.941 ms - -[0m
[0mPOST /users/create-session [36m302[0m 135.758 ms - 46[0m
[0mGET / [32m200[0m 44.923 ms - 20073[0m
[0mGET /users/profile/5ee233349c48830765cb7464 [36m304[0m 32.230 ms - -[0m
[0mGET / [32m200[0m 53.604 ms - 19673[0m
[0mGET /users/features/todo/5ee233349c48830765cb7464 [36m304[0m 21.155 ms - -[0m
[0mGET /js/home.js [33m404[0m 5.484 ms - 149[0m
[0mGET /js/home.js [33m404[0m 12.366 ms - 149[0m
[0mPOST /users/features/todo/createTodo [36m302[0m 192.898 ms - 178[0m
[0mGET /users/features/todo/5ee233349c48830765cb7464 [32m200[0m 16.736 ms - 4519[0m
[0mGET /js/home.js [33m404[0m 15.838 ms - 149[0m
[0mGET /js/home.js [33m404[0m 10.364 ms - 149[0m
[0mPOST /users/features/todo/createTodo [36m302[0m 17.496 ms - 178[0m
[0mGET /users/features/todo/5ee233349c48830765cb7464 [32m200[0m 12.174 ms - 5063[0m
[0mGET /js/home.js [33m404[0m 14.066 ms - 149[0m
[0mGET /js/home.js [33m404[0m 5.478 ms - 149[0m
[0mPOST /users/features/todo/createTodo [36m302[0m 18.496 ms - 178[0m
[0mGET /users/features/todo/5ee233349c48830765cb7464 [32m200[0m 13.523 ms - 5604[0m
[0mGET /js/home.js [33m404[0m 5.679 ms - 149[0m
[0mGET /js/home.js [33m404[0m 9.146 ms - 149[0m
[0mPOST /users/features/todo/delete-list [36m302[0m 10.289 ms - 178[0m
[0mGET /users/features/todo/5ee233349c48830765cb7464 [32m200[0m 13.206 ms - 3976[0m
[0mGET /js/home.js [33m404[0m 8.964 ms - 149[0m
[0mGET /js/home.js [33m404[0m 7.583 ms - 149[0m
[0mGET / [36m304[0m 40.747 ms - -[0m
[0mPOST /comments/create [36m302[0m 44.774 ms - 46[0m
[0mGET / [32m200[0m 48.611 ms - 20808[0m
[0mPOST /comments/create [36m302[0m 26.434 ms - 46[0m
[0mGET / [32m200[0m 33.771 ms - 21548[0m
[0mPOST /comments/create [36m302[0m 26.250 ms - 46[0m
[0mGET / [32m200[0m 34.389 ms - 22476[0m
[0mGET / [32m200[0m 31.970 ms - 22088[0m
[0mGET /comments/destroy/5ee628a9e38fac0e185c42e7 [36m302[0m 33.031 ms - 90[0m
[0mGET / [32m200[0m 27.353 ms - 21753[0m
[0mGET /comments/destroy/5ee62af5e38fac0e185c42e8 [36m302[0m 18.635 ms - 90[0m
[0mGET / [32m200[0m 23.343 ms - 21013[0m
[0mGET /comments/destroy/5ee62b03e38fac0e185c42e9 [36m302[0m 21.987 ms - 90[0m
[0mGET / [32m200[0m 25.073 ms - 20085[0m
[0mGET / [32m200[0m 53.801 ms - 11325[0m
[0mGET /favicon.ico [33m404[0m 8.054 ms - 150[0m
[0mGET /users/sign-in [36m304[0m 19.016 ms - -[0m
[0mPOST /users/create-session [36m302[0m 10.298 ms - 46[0m
[0mGET / [32m200[0m 35.133 ms - 20073[0m
[0mPOST /posts/create [36m302[0m 14.394 ms - 90[0m
[0mGET / [32m200[0m 30.483 ms - 21697[0m
[0mPOST /posts/create [36m302[0m 5.944 ms - 90[0m
[0mGET / [32m200[0m 29.473 ms - 23323[0m
[0mGET /posts/destroy/5ee69ed99634942e26892c07 [36m302[0m 29.275 ms - 90[0m
[0mGET / [32m200[0m 34.253 ms - 21739[0m
[0mPOST /comments/create [36m302[0m 36.546 ms - 46[0m
[0mGET / [32m200[0m 66.510 ms - 22384[0m
[0mPOST /comments/create [36m302[0m 30.019 ms - 46[0m
[0mGET / [32m200[0m 42.998 ms - 23067[0m
[0mPOST /comments/create [36m302[0m 28.847 ms - 46[0m
[0mGET / [32m200[0m 34.708 ms - 23751[0m
[0mPOST /comments/create [36m302[0m 28.131 ms - 46[0m
[0mGET / [32m200[0m 39.592 ms - 24447[0m
[0mGET /comments/destroy/5ee69f059634942e26892c0a [36m302[0m 28.402 ms - 90[0m
[0mGET / [32m200[0m 34.130 ms - 23788[0m
[0mGET /comments/destroy/5ee69f0b9634942e26892c0b [36m302[0m 11.076 ms - 90[0m
[0mGET / [32m200[0m 49.300 ms - 23104[0m
[0mPOST /posts/create [36m302[0m 13.954 ms - 90[0m
[0mGET / [32m200[0m 30.611 ms - 24638[0m
[0mPOST /posts/create [36m302[0m 4.384 ms - 90[0m
[0mGET / [32m200[0m 28.221 ms - 26192[0m
[0mPOST /likes/toggle/?id=5ee6a21f9634942e26892c0e&type=Post [32m200[0m 151.106 ms - 57[0m
[0mGET / [32m200[0m 52.243 ms - 25806[0m
[0mGET / [36m304[0m 53.017 ms - -[0m
[0mGET / [36m304[0m 46.480 ms - -[0m
[0mGET / [36m304[0m 48.867 ms - -[0m
[0mPOST /comments/create [36m302[0m 23.845 ms - 46[0m
[0mGET / [32m200[0m 33.881 ms - 26882[0m
[0mGET /comments/destroy/5ee6a5d19634942e26892c11 [36m302[0m 16.848 ms - 90[0m
[0mGET / [32m200[0m 38.025 ms - 26218[0m
[0mPOST /posts/create [36m302[0m 4.280 ms - 90[0m
[0mGET / [32m200[0m 25.971 ms - 27748[0m
[0mPOST /posts/create [36m302[0m 6.565 ms - 90[0m
[0mGET / [32m200[0m 34.775 ms - 29303[0m
[0mPOST /posts/create [36m302[0m 4.237 ms - 90[0m
[0mGET / [32m200[0m 28.175 ms - 30857[0m
[0mGET /posts/destroy/5ee6a5f99634942e26892c15 [36m302[0m 18.973 ms - 90[0m
[0mGET / [32m200[0m 35.215 ms - 29345[0m
[0mGET /posts/destroy/5ee6a2089634942e26892c0d [36m302[0m 22.884 ms - 90[0m
[0mGET / [32m200[0m 38.951 ms - 27785[0m
[0mGET /posts/destroy/5ee6a21f9634942e26892c0e [36m302[0m 25.424 ms - 90[0m
[0mGET / [32m200[0m 29.662 ms - 26231[0m
[0mGET /posts/destroy/5ee6a5ee9634942e26892c14 [36m302[0m 19.300 ms - 90[0m
[0mGET / [32m200[0m 36.670 ms - 24676[0m
[0mGET /posts/destroy/5ee6a5e69634942e26892c13 [36m302[0m 24.859 ms - 90[0m
[0mGET / [32m200[0m 61.142 ms - 23120[0m
[0mGET /posts/destroy/5ee49df3665fe0106267ff14 [36m302[0m 23.857 ms - 90[0m
[0mGET / [32m200[0m 27.099 ms - 21564[0m
[0mGET /posts/destroy/5ee49de3665fe0106267ff12 [36m302[0m 16.897 ms - 90[0m
[0mGET / [32m200[0m 33.655 ms - 20009[0m
[0mGET / [32m200[0m 72.326 ms - 19581[0m
[0mPOST /posts/create [32m200[0m 18.184 ms - 269[0m
[0mPOST /posts/create [32m200[0m 5.748 ms - 269[0m
[0mGET / [32m200[0m 51.005 ms - 22687[0m
[0mGET /posts/destroy/5ee6a68a79442130d6ad94c1 [32m200[0m 9.925 ms - 74[0m
[0mGET /posts/destroy/5ee6a68879442130d6ad94c0 [36m302[0m 13.660 ms - 90[0m
[0mGET / [32m200[0m 33.538 ms - 20009[0m
[0mGET /posts/destroy/5ee69eca9634942e26892c06 [32m200[0m 24.217 ms - 74[0m
[0mGET /posts/destroy/5ee49ddc665fe0106267ff11 [36m302[0m 29.639 ms - 90[0m
[0mGET / [32m200[0m 27.496 ms - 15435[0m
[0mGET /posts/destroy/5ee49dd1665fe0106267ff10 [32m200[0m 27.786 ms - 74[0m
[0mGET /posts/destroy/5ee49db1665fe0106267ff0d [36m302[0m 9.684 ms - 90[0m
[0mGET / [32m200[0m 21.518 ms - 12322[0m
[0mGET /posts/destroy/5ee247059c48830765cb7467 [32m200[0m 6.793 ms - 74[0m
[0mPOST /comments/create [36m302[0m 19.685 ms - 46[0m
[0mGET / [32m200[0m 39.732 ms - 10038[0m
[0mGET /comments/destroy/5ee49dbd665fe0106267ff0e [36m302[0m 13.723 ms - 90[0m
[0mGET / [32m200[0m 29.026 ms - 9377[0m
[0mGET /comments/destroy/5ee49dc4665fe0106267ff0f [36m302[0m 14.700 ms - 90[0m
[0mGET / [32m200[0m 29.698 ms - 8690[0m
[0mGET /posts/destroy/5ee247029c48830765cb7466 [32m200[0m 23.192 ms - 74[0m
[0mGET /posts/destroy/5ee246fe9c48830765cb7465 [36m302[0m 9.738 ms - 90[0m
[0mGET / [32m200[0m 8.188 ms - 4910[0m
[0mPOST /posts/create [32m200[0m 4.793 ms - 290[0m
[0mPOST /posts/create [32m200[0m 18.698 ms - 296[0m
[0mPOST /posts/create [32m200[0m 5.025 ms - 296[0m
[0mPOST /posts/create [32m200[0m 7.181 ms - 296[0m
[0mPOST /posts/create [32m200[0m 24.530 ms - 296[0m
[0mPOST /posts/create [32m200[0m 9.776 ms - 296[0m
[0mPOST /posts/create [32m200[0m 18.244 ms - 296[0m
[0mPOST /posts/create [32m200[0m 17.321 ms - 296[0m
[0mGET / [32m200[0m 33.417 ms - 17116[0m
[0mGET / [36m304[0m 33.686 ms - -[0m
[0mPOST /posts/create [32m200[0m 22.401 ms - 286[0m
[0mPOST /posts/create [32m200[0m 17.740 ms - 286[0m
[0mPOST /posts/create [32m200[0m 15.932 ms - 286[0m
[0mPOST /posts/create [32m200[0m 15.906 ms - 286[0m
[0mPOST /posts/create [32m200[0m 20.471 ms - 286[0m
[0mPOST /posts/create [32m200[0m 17.387 ms - 286[0m
[0mGET / [32m200[0m 37.362 ms - 26536[0m
[0mGET /posts/destroy/5ee6a71779442130d6ad94c3 [36m302[0m 1.200 ms - 70[0m
[0mGET /posts/destroy/users/sign-in [33m404[0m 3.755 ms - 166[0m
[0mGET /posts/destroy/users/sign-in [33m404[0m 12.445 ms - 166[0m
[0mGET /posts/destroy/users/sign-in [33m404[0m 8.595 ms - 166[0m
[0mGET /posts/destroy/users/sign-in [33m404[0m 2.122 ms - 166[0m
[0mGET / [32m200[0m 61.769 ms - 15184[0m
[0mGET /users/sign-in [36m304[0m 14.110 ms - -[0m
[0mPOST /users/create-session [36m302[0m 8.924 ms - 46[0m
[0mGET / [32m200[0m 37.410 ms - 26936[0m
[0mPOST /comments/create [36m302[0m 35.960 ms - 46[0m
[0mGET / [32m200[0m 56.907 ms - 27607[0m
[0mGET / [32m200[0m 56.060 ms - 27219[0m
[0mPOST /posts/create [32m200[0m 20.019 ms - 321[0m
[0mGET / [32m200[0m 51.339 ms - 28824[0m
[0mPOST /posts/create [32m200[0m 18.875 ms - 322[0m
[0mGET / [32m200[0m 46.663 ms - 30430[0m
[0mPOST /posts/create [32m200[0m 5.231 ms - 321[0m
[0mGET / [32m200[0m 60.867 ms - 32035[0m
[0mPOST /comments/create [36m302[0m 12.945 ms - 46[0m
[0mGET / [32m200[0m 33.322 ms - 33112[0m
[0mGET / [32m200[0m 56.347 ms - 32724[0m
[0mGET / [36m304[0m 50.124 ms - -[0m
[0mPOST /comments/create [36m302[0m 24.894 ms - 46[0m
[0mGET / [32m200[0m 32.920 ms - 33808[0m
[0mGET / [32m200[0m 46.334 ms - 33420[0m
[0mGET / [36m304[0m 48.711 ms - -[0m
[0mGET / [36m304[0m 50.071 ms - -[0m
[0mGET / [36m304[0m 40.218 ms - -[0m
[0mGET / [36m304[0m 50.031 ms - -[0m
[0mGET / [36m304[0m 41.206 ms - -[0m
[0mGET / [36m304[0m 53.806 ms - -[0m
[0mGET / [36m304[0m 50.129 ms - -[0m
[0mPOST /posts/create [32m200[0m 7.482 ms - 330[0m
[0mGET / [32m200[0m 41.066 ms - 35034[0m
[0mGET / [36m304[0m 53.932 ms - -[0m
[0mGET / [32m200[0m 48.200 ms - 35124[0m
[0mGET / [32m200[0m 54.565 ms - 35124[0m
[0mGET / [36m304[0m 36.682 ms - -[0m
[0mGET / [36m304[0m 39.682 ms - -[0m
[0mGET / [32m200[0m 211.127 ms - 19803[0m
[0mGET /favicon.ico [33m404[0m 6.210 ms - 150[0m
[0mGET /users/sign-in [36m304[0m 14.770 ms - -[0m
[0mGET /users/sign-up [36m304[0m 5.931 ms - -[0m
[0mGET /users/sign-in [36m304[0m 14.046 ms - -[0m
[0mPOST /users/create-session [36m302[0m 385.015 ms - 46[0m
[0mGET / [32m200[0m 63.579 ms - 35524[0m
[0mGET /users/profile/5ee233349c48830765cb7464 [36m304[0m 154.690 ms - -[0m
[0mGET / [32m200[0m 64.055 ms - 35124[0m
[0mGET /users/profile/5ee225735a828f7e777fd404 [36m304[0m 20.021 ms - -[0m
[0mPOST /isfriend/5ee233349c48830765cb7464 [36m302[0m 24.044 ms - 166[0m
[0mGET /users/profile/5ee225735a828f7e777fd404 [32m200[0m 10.911 ms - 2873[0m
[0mGET /users/profile/5ee233349c48830765cb7464 [36m304[0m 20.375 ms - -[0m
[0mGET /users/profile/5ee233349c48830765cb7464 [36m304[0m 21.139 ms - -[0m
[0mGET /users/sign-out [36m302[0m 8.973 ms - 46[0m
[0mGET / [32m200[0m 49.854 ms - 20197[0m
[0mGET /users/sign-in [36m304[0m 7.413 ms - -[0m
[0mPOST /users/create-session [36m302[0m 9.779 ms - 46[0m
[0mGET / [32m200[0m 44.402 ms - 31745[0m
[0mGET /users/profile/5ee225735a828f7e777fd404 [32m200[0m 24.927 ms - 3143[0m
[0mPOST /isfriend/friend/5ee225735a828f7e777fd404 [36m302[0m 23.676 ms - 166[0m
[0mGET /users/profile/5ee225735a828f7e777fd404 [32m200[0m 14.081 ms - 3545[0m
[0mPOST /isfriend/friend/5ee225735a828f7e777fd404 [36m302[0m 9.585 ms - 166[0m
[0mGET /users/profile/5ee225735a828f7e777fd404 [36m304[0m 12.421 ms - -[0m
[0mGET /users/profile/5ee225735a828f7e777fd404 [32m200[0m 62.845 ms - 3143[0m
[0mGET /users/profile/5ee225735a828f7e777fd404 [36m304[0m 23.517 ms - -[0m
[0mPOST /isfriend/friend/5ee225735a828f7e777fd404 [36m302[0m 10.290 ms - 166[0m
[0mGET /users/profile/5ee225735a828f7e777fd404 [32m200[0m 15.415 ms - 3545[0m
[0mGET /users/profile/5ee225735a828f7e777fd404 [32m200[0m 55.591 ms - 3143[0m
[0mGET /users/profile/5ee225735a828f7e777fd404 [36m304[0m 35.133 ms - -[0m
[0mGET /users/profile/5ee225735a828f7e777fd404 [36m304[0m 27.200 ms - -[0m
[0mPOST /isfriend/friend/5ee225735a828f7e777fd404 [36m302[0m 10.355 ms - 166[0m
[0mGET /users/profile/5ee225735a828f7e777fd404 [36m304[0m 17.923 ms - -[0m
[0mGET /users/profile/5ee225735a828f7e777fd404 [36m304[0m 59.161 ms - -[0m
[0mGET /users/profile/5ee225735a828f7e777fd404 [36m304[0m 31.455 ms - -[0m
[0mPOST /isfriend/friend/5ee225735a828f7e777fd404 [36m302[0m 17.490 ms - 166[0m
[0mGET /users/profile/5ee225735a828f7e777fd404 [36m304[0m 12.479 ms - -[0m
[0mGET / [32m200[0m 71.060 ms - 31345[0m
[0mGET / [36m304[0m 61.871 ms - -[0m
[0mGET / [36m304[0m 51.682 ms - -[0m
[0mPOST /comments/create [36m302[0m 281.469 ms - 46[0m
[0mGET / [32m200[0m 85.962 ms - 32430[0m
[0mGET / [32m200[0m 70.137 ms - 32042[0m
[0mGET / [36m304[0m 46.373 ms - -[0m
[0mGET / [32m200[0m 88.229 ms - 32042[0m
[0mGET /favicon.ico [33m404[0m 10.388 ms - 150[0m
[0mGET / [36m304[0m 93.359 ms - -[0m
[0mGET /favicon.ico [33m404[0m 10.304 ms - 150[0m
[0mGET / [36m304[0m 101.598 ms - -[0m
[0mGET /users/sign-out [36m302[0m 30.536 ms - 46[0m
[0mGET / [32m200[0m 64.363 ms - 20547[0m
[0mGET /users/sign-in [32m200[0m 12.635 ms - 2377[0m
[0mPOST /users/create-session [36m302[0m 10.196 ms - 46[0m
[0mGET / [32m200[0m 50.070 ms - 36022[0m
[0mGET /users/sign-out [36m302[0m 11.240 ms - 46[0m
[0mGET / [32m200[0m 66.063 ms - 20547[0m
[0mGET /users/sign-in [36m304[0m 12.271 ms - -[0m
[0mPOST /users/create-session [36m302[0m 8.670 ms - 46[0m
[0mGET / [32m200[0m 63.692 ms - 32442[0m
[0mGET /users/profile/5ee225735a828f7e777fd404 [32m200[0m 32.773 ms - 3143[0m
[0mPOST /isfriend/friend/5ee225735a828f7e777fd404 [36m302[0m 24.510 ms - 164[0m
[0mGET /users/profile/5ee225735a828f7e777fd404 [36m304[0m 14.972 ms - -[0m
[0mGET /users/profile/5ee225735a828f7e777fd404 [36m304[0m 69.069 ms - -[0m
[0mPOST /isfriend/friend/5ee225735a828f7e777fd404 [36m302[0m 19.011 ms - 164[0m
[0mGET /users/profile/5ee225735a828f7e777fd404 [32m200[0m 20.145 ms - 3545[0m
[0mGET /users/profile/5ee225735a828f7e777fd404 [32m200[0m 54.185 ms - 3143[0m
[0mPOST /isfriend/friend/5ee225735a828f7e777fd404 [36m302[0m 19.728 ms - 164[0m
[0mGET /users/profile/5ee225735a828f7e777fd404 [32m200[0m 21.054 ms - 3545[0m
[0mGET / [36m304[0m 76.104 ms - -[0m
[0mGET / [32m200[0m 87.647 ms - 20153[0m
[0mGET /users/sign-in [36m304[0m 18.463 ms - -[0m
[0mPOST /users/create-session [36m302[0m 9.065 ms - 46[0m
[0mGET / [32m200[0m 42.946 ms - 32442[0m
[0mGET /users/profile/5ee225735a828f7e777fd404 [32m200[0m 24.399 ms - 6483[0m
[0mPOST /isfriend/friend/5ee225735a828f7e777fd404 [36m302[0m 12.021 ms - 164[0m
[0mGET /users/profile/5ee225735a828f7e777fd404 [32m200[0m 23.807 ms - 7533[0m
[0mPOST /isfriend/friend/5ee225735a828f7e777fd404 [36m302[0m 8.253 ms - 164[0m
[0mGET /users/profile/5ee225735a828f7e777fd404 [32m200[0m 17.310 ms - 8181[0m
[0mPOST /isfriend/friend/5ee225735a828f7e777fd404 [36m302[0m 9.295 ms - 164[0m
[0mGET /users/profile/5ee225735a828f7e777fd404 [32m200[0m 20.088 ms - 8179[0m
[0mPOST /isfriend/friend/5ee225735a828f7e777fd404 [36m302[0m 10.366 ms - 164[0m
[0mGET /users/profile/5ee225735a828f7e777fd404 [32m200[0m 15.320 ms - 8829[0m
[0mPOST /isfriend/friend/5ee225735a828f7e777fd404 [36m302[0m 17.135 ms - 164[0m
[0mGET /users/profile/5ee225735a828f7e777fd404 [32m200[0m 30.547 ms - 9477[0m
[0mPOST /isfriend/friend/5ee225735a828f7e777fd404 [36m302[0m 26.955 ms - 164[0m
[0mGET /users/profile/5ee225735a828f7e777fd404 [32m200[0m 32.377 ms - 10125[0m
[0mPOST /isfriend/friend/5ee225735a828f7e777fd404 [36m302[0m 46.704 ms - 164[0m
[0mGET /users/profile/5ee225735a828f7e777fd404 [32m200[0m 42.086 ms - 10773[0m
[0mGET /users/profile/5ee225735a828f7e777fd404 [32m200[0m 76.554 ms - 10371[0m
[0mGET /users/profile/5ee225735a828f7e777fd404 [36m304[0m 34.865 ms - -[0m
[0mGET /users/profile/5ee225735a828f7e777fd404 [36m304[0m 32.320 ms - -[0m
[0mPOST /isfriend/friend/5ee225735a828f7e777fd404 [36m302[0m 17.740 ms - 164[0m
[0mGET /users/profile/5ee225735a828f7e777fd404 [32m200[0m 30.256 ms - 11421[0m
[0mPOST /isfriend/friend/5ee225735a828f7e777fd404 [36m302[0m 28.160 ms - 164[0m
[0mGET /users/profile/5ee225735a828f7e777fd404 [32m200[0m 25.130 ms - 12069[0m
[0mGET /users/profile/5ee225735a828f7e777fd404 [32m200[0m 19.414 ms - 11667[0m
[0mPOST /isfriend/friend/5ee225735a828f7e777fd404 [36m302[0m 6.585 ms - 164[0m
[0mGET /users/profile/5ee225735a828f7e777fd404 [32m200[0m 17.775 ms - 12067[0m
[0mGET /users/profile/isfriend/destroy/5ee225735a828f7e777fd404 [33m404[0m 6.351 ms - 194[0m
[0mGET /users/profile/5ee225735a828f7e777fd404 [32m200[0m 96.881 ms - 11688[0m
[0mGET /users/profile/5ee225735a828f7e777fd404 [36m304[0m 22.939 ms - -[0m
[0mPOST /isfriend/friend/5ee225735a828f7e777fd404 [36m302[0m 16.794 ms - 164[0m
[0mGET /users/profile/5ee225735a828f7e777fd404 [32m200[0m 31.371 ms - 12740[0m
[0mPOST /isfriend/friend/5ee225735a828f7e777fd404 [36m302[0m 13.702 ms - 164[0m
[0mGET /users/profile/5ee225735a828f7e777fd404 [32m200[0m 15.232 ms - 13390[0m
[0mGET /users/profile/5ee225735a828f7e777fd404 [36m302[0m 12.166 ms - 70[0m
[0mGET /users/profile/users/sign-in [33m404[0m 5.680 ms - 166[0m
[0mGET / [31m500[0m 97.275 ms - 3663[0m
[0mGET / [31m500[0m 44.854 ms - 3663[0m
[0mGET / [31m500[0m 88.841 ms - 3663[0m
[0mGET / [32m200[0m 12.502 ms - 3258[0m
[0mGET /users/sign-up [32m200[0m 12.242 ms - 2362[0m
[0mPOST /users/create [36m302[0m 19.826 ms - 72[0m
[0mGET /users/sign-in [36m304[0m 3.351 ms - -[0m
[0mPOST /users/create-session [36m302[0m 13.645 ms - 46[0m
[0mGET / [32m200[0m 12.605 ms - 4870[0m
[0mPOST /posts/create [32m200[0m 20.928 ms - 268[0m
[0mPOST /posts/create [32m200[0m 16.576 ms - 276[0m
[0mPOST /posts/create [32m200[0m 18.107 ms - 276[0m
[0mPOST /posts/create [32m200[0m 16.274 ms - 276[0m
[0mPOST /posts/create [32m200[0m 4.806 ms - 276[0m
[0mGET / [32m200[0m 21.897 ms - 12271[0m
[0mGET / [36m304[0m 32.702 ms - -[0m
[0mGET /users/profile/5ee8fe3a41b0b4311b91da5b [32m200[0m 24.778 ms - 2777[0m
[0mGET / [36m304[0m 38.367 ms - -[0m
[0mGET /users/profile/5ee8fe3a41b0b4311b91da5b [36m304[0m 26.210 ms - -[0m
[0mGET / [36m304[0m 38.990 ms - -[0m
[0mGET /users/profile/5ee233349c48830765cb7464 [32m200[0m 18.876 ms - 2620[0m
[0mPOST /isfriend/5ee8fe3a41b0b4311b91da5b [36m302[0m 23.619 ms - 164[0m
[0mGET /users/profile/5ee233349c48830765cb7464 [32m200[0m 12.452 ms - 3014[0m
[0mGET / [36m304[0m 36.399 ms - -[0m
[0mGET /users/profile/5ee8fe3a41b0b4311b91da5b [36m304[0m 13.312 ms - -[0m
[0mGET /users/sign-out [36m302[0m 11.951 ms - 46[0m
[0mGET / [32m200[0m 27.235 ms - 7906[0m
[0mGET /users/sign-in [36m304[0m 3.887 ms - -[0m
[0mPOST /users/create-session [36m302[0m 8.924 ms - 46[0m
[0mGET / [32m200[0m 16.611 ms - 11796[0m
[0mGET /users/profile/5ee233349c48830765cb7464 [32m200[0m 24.675 ms - 3245[0m
[0mPOST /isfriend/friend/5ee233349c48830765cb7464 [36m302[0m 18.375 ms - 164[0m
[0mGET /users/profile/5ee233349c48830765cb7464 [32m200[0m 11.266 ms - 4313[0m
[0mGET /users/profile/5ee233349c48830765cb7464 [32m200[0m 31.794 ms - 3893[0m
[0mGET /users/profile/5ee233349c48830765cb7464 [32m200[0m 92.310 ms - 3981[0m
[0mGET /users/profile/5ee233349c48830765cb7464 [32m200[0m 38.829 ms - 3943[0m
[0mGET /users/profile/5ee233349c48830765cb7464 [36m304[0m 145.621 ms - -[0m
[0mPOST /isfriend/friend/5ee233349c48830765cb7464 [36m302[0m 14.070 ms - 164[0m
[0mGET /users/profile/5ee233349c48830765cb7464 [32m200[0m 19.254 ms - 5043[0m
[0mPOST /isfriend/friend/5ee233349c48830765cb7464 [36m302[0m 7.962 ms - 164[0m
[0mGET /users/profile/5ee233349c48830765cb7464 [32m200[0m 21.956 ms - 5741[0m
[0mGET /users/profile/5ee233349c48830765cb7464 [32m200[0m 46.620 ms - 5471[0m
[0mGET /users/profile/5ee233349c48830765cb7464 [36m304[0m 72.972 ms - -[0m
[0mPOST /isfriend/friend/5ee233349c48830765cb7464 [36m302[0m 14.814 ms - 164[0m
[0mGET /users/profile/5ee233349c48830765cb7464 [32m200[0m 55.223 ms - 6615[0m
[0mGET /users/profile/5ee233349c48830765cb7464 [32m200[0m 143.377 ms - 6213[0m
[0mPOST /isfriend/friend/5ee233349c48830765cb7464 [36m302[0m 13.334 ms - 164[0m
[0mGET /users/profile/5ee233349c48830765cb7464 [32m200[0m 53.221 ms - 7357[0m
[0mGET /users/profile/5ee233349c48830765cb7464 [32m200[0m 161.347 ms - 6955[0m
[0mGET /users/profile/5ee233349c48830765cb7464 [32m200[0m 80.301 ms - 7144[0m
[0mPOST /isfriend/friend/5ee233349c48830765cb7464 [36m302[0m 16.477 ms - 164[0m
[0mGET /users/profile/5ee233349c48830765cb7464 [32m200[0m 74.315 ms - 8324[0m
[0mGET /users/profile/5ee233349c48830765cb7464 [32m200[0m 83.116 ms - 7134[0m
[0mPOST /isfriend/friend/5ee233349c48830765cb7464 [36m302[0m 27.235 ms - 164[0m
[0mGET /users/profile/5ee233349c48830765cb7464 [32m200[0m 27.936 ms - 8186[0m
[0mGET /users/profile/5ee233349c48830765cb7464 [32m200[0m 66.080 ms - 7784[0m
[0mPOST /isfriend/friend/5ee8fe3a41b0b4311b91da5b [36m302[0m 27.414 ms - 164[0m
[0mGET /users/profile/5ee233349c48830765cb7464 [32m200[0m 30.582 ms - 8505[0m
[0mGET /users/profile/5ee233349c48830765cb7464 [32m200[0m 53.590 ms - 8103[0m
[0mPOST /isfriend/friend/5ee8fe3a41b0b4311b91da5b [36m302[0m 16.476 ms - 164[0m
[0mGET /users/profile/5ee233349c48830765cb7464 [32m200[0m 22.155 ms - 8503[0m
[0mGET /users/profile/5ee233349c48830765cb7464 [32m200[0m 57.565 ms - 8103[0m
[0mGET /users/profile/5ee233349c48830765cb7464 [36m304[0m 30.638 ms - -[0m
[0mPOST /isfriend/friend/5ee8fe3a41b0b4311b91da5b [36m302[0m 20.906 ms - 164[0m
[0mGET /users/profile/5ee233349c48830765cb7464 [32m200[0m 36.155 ms - 8422[0m
[0mPOST /isfriend/friend/5ee8fe3a41b0b4311b91da5b [36m302[0m 21.066 ms - 164[0m
[0mGET /users/profile/5ee233349c48830765cb7464 [32m200[0m 19.924 ms - 8822[0m
[0mPOST /isfriend/friend/5ee8fe3a41b0b4311b91da5b [36m302[0m 21.021 ms - 164[0m
[0mGET /users/profile/5ee233349c48830765cb7464 [36m304[0m 17.843 ms - -[0m
[0mPOST /isfriend/friend/5ee8fe3a41b0b4311b91da5b [36m302[0m 24.085 ms - 164[0m
[0mGET /users/profile/5ee233349c48830765cb7464 [36m304[0m 17.005 ms - -[0m
[0mPOST /isfriend/friend/5ee8fe3a41b0b4311b91da5b [36m302[0m 23.395 ms - 164[0m
[0mGET /users/profile/5ee233349c48830765cb7464 [36m304[0m 22.000 ms - -[0m
[0mGET /users/profile/5ee233349c48830765cb7464 [32m200[0m 22.424 ms - 8422[0m
[0mGET /users/profile/5ee233349c48830765cb7464 [36m304[0m 58.779 ms - -[0m
[0mPOST /isfriend/friend/5ee8fe3a41b0b4311b91da5b [36m302[0m 15.696 ms - 164[0m
[0mGET /users/profile/5ee233349c48830765cb7464 [32m200[0m 23.785 ms - 8822[0m
[0mGET /users/profile/5ee233349c48830765cb7464 [32m200[0m 19.808 ms - 8438[0m
[0mGET /users/profile/5ee233349c48830765cb7464 [36m304[0m 17.231 ms - -[0m
[0mGET /users/profile/5ee233349c48830765cb7464 [36m304[0m 32.075 ms - -[0m
[0mGET /users/profile/5ee233349c48830765cb7464 [36m304[0m 71.685 ms - -[0m
[0mGET /users/profile/5ee233349c48830765cb7464 [36m304[0m 29.296 ms - -[0m
[0mGET /users/profile/5ee233349c48830765cb7464 [32m200[0m 23.625 ms - 8528[0m
[0mGET /users/profile/5ee233349c48830765cb7464 [36m304[0m 14.743 ms - -[0m
[0mGET /isfriend/destroy/5ee233349c48830765cb7464 [33m404[0m 15.916 ms - 180[0m
[0mGET /users/profile/5ee233349c48830765cb7464 [36m304[0m 22.981 ms - -[0m
[0mGET /isfriend/destroy/5ee233349c48830765cb7464 [33m404[0m 15.475 ms - 180[0m
[0mGET /isfriend/destroy/5ee233349c48830765cb7464 [33m404[0m 9.698 ms - 180[0m
