::1 - - [07/Jul/2020:06:55:29 +0000] "GET / HTTP/1.1" 200 15220 "-" "Mozilla/5.0 (X11; Linux x86_64) AppleWebKit/537.36 (KHTML, like Gecko) Chrome/83.0.4103.116 Safari/537.36"
::1 - - [07/Jul/2020:06:55:33 +0000] "GET /users/sign-in HTTP/1.1" 304 - "http://localhost:8000/" "Mozilla/5.0 (X11; Linux x86_64) AppleWebKit/537.36 (KHTML, like Gecko) Chrome/83.0.4103.116 Safari/537.36"
::1 - - [07/Jul/2020:06:55:40 +0000] "POST /users/create-session HTTP/1.1" 302 46 "http://localhost:8000/users/sign-in" "Mozilla/5.0 (X11; Linux x86_64) AppleWebKit/537.36 (KHTML, like Gecko) Chrome/83.0.4103.116 Safari/537.36"
::1 - - [07/Jul/2020:06:55:40 +0000] "GET / HTTP/1.1" 200 22878 "http://localhost:8000/users/sign-in" "Mozilla/5.0 (X11; Linux x86_64) AppleWebKit/537.36 (KHTML, like Gecko) Chrome/83.0.4103.116 Safari/537.36"
::1 - - [07/Jul/2020:06:55:53 +0000] "POST /comments/create HTTP/1.1" 200 344 "http://localhost:8000/" "Mozilla/5.0 (X11; Linux x86_64) AppleWebKit/537.36 (KHTML, like Gecko) Chrome/83.0.4103.116 Safari/537.36"
::1 - - [07/Jul/2020:06:59:21 +0000] "GET / HTTP/1.1" 200 23505 "http://localhost:8000/users/sign-in" "Mozilla/5.0 (X11; Linux x86_64) AppleWebKit/537.36 (KHTML, like Gecko) Chrome/83.0.4103.116 Safari/537.36"
::1 - - [07/Jul/2020:07:02:42 +0000] "GET / HTTP/1.1" 200 23505 "http://localhost:8000/users/sign-in" "Mozilla/5.0 (X11; Linux x86_64) AppleWebKit/537.36 (KHTML, like Gecko) Chrome/83.0.4103.116 Safari/537.36"
::1 - - [07/Jul/2020:07:04:34 +0000] "GET / HTTP/1.1" 200 23505 "http://localhost:8000/users/sign-in" "Mozilla/5.0 (X11; Linux x86_64) AppleWebKit/537.36 (KHTML, like Gecko) Chrome/83.0.4103.116 Safari/537.36"
::1 - - [07/Jul/2020:07:08:16 +0000] "GET / HTTP/1.1" 200 23505 "http://localhost:8000/users/sign-in" "Mozilla/5.0 (X11; Linux x86_64) AppleWebKit/537.36 (KHTML, like Gecko) Chrome/83.0.4103.116 Safari/537.36"
::1 - - [07/Jul/2020:07:09:00 +0000] "GET / HTTP/1.1" 200 23505 "http://localhost:8000/users/sign-in" "Mozilla/5.0 (X11; Linux x86_64) AppleWebKit/537.36 (KHTML, like Gecko) Chrome/83.0.4103.116 Safari/537.36"
::1 - - [07/Jul/2020:07:09:02 +0000] "GET / HTTP/1.1" 304 - "http://localhost:8000/users/sign-in" "Mozilla/5.0 (X11; Linux x86_64) AppleWebKit/537.36 (KHTML, like Gecko) Chrome/83.0.4103.116 Safari/537.36"
::1 - - [07/Jul/2020:07:09:15 +0000] "GET / HTTP/1.1" 200 23505 "http://localhost:8000/users/sign-in" "Mozilla/5.0 (X11; Linux x86_64) AppleWebKit/537.36 (KHTML, like Gecko) Chrome/83.0.4103.116 Safari/537.36"
::1 - - [07/Jul/2020:07:09:18 +0000] "GET / HTTP/1.1" 304 - "http://localhost:8000/users/sign-in" "Mozilla/5.0 (X11; Linux x86_64) AppleWebKit/537.36 (KHTML, like Gecko) Chrome/83.0.4103.116 Safari/537.36"
::1 - - [07/Jul/2020:07:09:45 +0000] "GET / HTTP/1.1" 200 23505 "http://localhost:8000/users/sign-in" "Mozilla/5.0 (X11; Linux x86_64) AppleWebKit/537.36 (KHTML, like Gecko) Chrome/83.0.4103.116 Safari/537.36"
::1 - - [07/Jul/2020:07:19:10 +0000] "GET / HTTP/1.1" 200 23505 "http://localhost:8000/users/sign-in" "Mozilla/5.0 (X11; Linux x86_64) AppleWebKit/537.36 (KHTML, like Gecko) Chrome/83.0.4103.116 Safari/537.36"
::1 - - [07/Jul/2020:07:19:28 +0000] "GET / HTTP/1.1" 200 23505 "http://localhost:8000/users/sign-in" "Mozilla/5.0 (X11; Linux x86_64) AppleWebKit/537.36 (KHTML, like Gecko) Chrome/83.0.4103.116 Safari/537.36"
::1 - - [07/Jul/2020:07:21:45 +0000] "GET / HTTP/1.1" 200 23505 "http://localhost:8000/users/sign-in" "Mozilla/5.0 (X11; Linux x86_64) AppleWebKit/537.36 (KHTML, like Gecko) Chrome/83.0.4103.116 Safari/537.36"
::1 - - [07/Jul/2020:07:22:27 +0000] "POST /comments/create HTTP/1.1" 200 390 "http://localhost:8000/" "Mozilla/5.0 (X11; Linux x86_64) AppleWebKit/537.36 (KHTML, like Gecko) Chrome/83.0.4103.116 Safari/537.36"
::1 - - [07/Jul/2020:07:22:40 +0000] "POST /comments/create HTTP/1.1" 200 440 "http://localhost:8000/" "Mozilla/5.0 (X11; Linux x86_64) AppleWebKit/537.36 (KHTML, like Gecko) Chrome/83.0.4103.116 Safari/537.36"
::1 - - [07/Jul/2020:07:22:55 +0000] "GET /posts/destroy/5f0323f2547b5738bdcaf4f5 HTTP/1.1" 200 74 "http://localhost:8000/" "Mozilla/5.0 (X11; Linux x86_64) AppleWebKit/537.36 (KHTML, like Gecko) Chrome/83.0.4103.116 Safari/537.36"
::1 - - [07/Jul/2020:07:23:00 +0000] "POST /comments/create HTTP/1.1" 200 390 "http://localhost:8000/" "Mozilla/5.0 (X11; Linux x86_64) AppleWebKit/537.36 (KHTML, like Gecko) Chrome/83.0.4103.116 Safari/537.36"
::1 - - [07/Jul/2020:07:23:02 +0000] "POST /comments/create HTTP/1.1" 200 390 "http://localhost:8000/" "Mozilla/5.0 (X11; Linux x86_64) AppleWebKit/537.36 (KHTML, like Gecko) Chrome/83.0.4103.116 Safari/537.36"
::1 - - [07/Jul/2020:07:23:04 +0000] "POST /comments/create HTTP/1.1" 200 390 "http://localhost:8000/" "Mozilla/5.0 (X11; Linux x86_64) AppleWebKit/537.36 (KHTML, like Gecko) Chrome/83.0.4103.116 Safari/537.36"
::1 - - [07/Jul/2020:07:23:11 +0000] "POST /comments/create HTTP/1.1" 200 408 "http://localhost:8000/" "Mozilla/5.0 (X11; Linux x86_64) AppleWebKit/537.36 (KHTML, like Gecko) Chrome/83.0.4103.116 Safari/537.36"
::1 - - [07/Jul/2020:07:26:44 +0000] "GET /comments/destroy/5f0422df7c8f8f4926eded74 HTTP/1.1" 200 75 "http://localhost:8000/" "Mozilla/5.0 (X11; Linux x86_64) AppleWebKit/537.36 (KHTML, like Gecko) Chrome/83.0.4103.116 Safari/537.36"
::1 - - [07/Jul/2020:07:26:45 +0000] "GET /comments/destroy/5f0422d87c8f8f4926eded73 HTTP/1.1" 200 75 "http://localhost:8000/" "Mozilla/5.0 (X11; Linux x86_64) AppleWebKit/537.36 (KHTML, like Gecko) Chrome/83.0.4103.116 Safari/537.36"
::1 - - [07/Jul/2020:07:26:47 +0000] "GET /comments/destroy/5f0422d67c8f8f4926eded72 HTTP/1.1" 200 75 "http://localhost:8000/" "Mozilla/5.0 (X11; Linux x86_64) AppleWebKit/537.36 (KHTML, like Gecko) Chrome/83.0.4103.116 Safari/537.36"
::1 - - [07/Jul/2020:07:26:48 +0000] "GET /comments/destroy/5f0422d47c8f8f4926eded71 HTTP/1.1" 200 75 "http://localhost:8000/" "Mozilla/5.0 (X11; Linux x86_64) AppleWebKit/537.36 (KHTML, like Gecko) Chrome/83.0.4103.116 Safari/537.36"
::1 - - [07/Jul/2020:07:26:49 +0000] "POST /comments/create HTTP/1.1" 200 408 "http://localhost:8000/" "Mozilla/5.0 (X11; Linux x86_64) AppleWebKit/537.36 (KHTML, like Gecko) Chrome/83.0.4103.116 Safari/537.36"
::1 - - [07/Jul/2020:07:26:50 +0000] "POST /comments/create HTTP/1.1" 200 408 "http://localhost:8000/" "Mozilla/5.0 (X11; Linux x86_64) AppleWebKit/537.36 (KHTML, like Gecko) Chrome/83.0.4103.116 Safari/537.36"
::1 - - [07/Jul/2020:07:26:50 +0000] "POST /comments/create HTTP/1.1" 200 408 "http://localhost:8000/" "Mozilla/5.0 (X11; Linux x86_64) AppleWebKit/537.36 (KHTML, like Gecko) Chrome/83.0.4103.116 Safari/537.36"
::1 - - [07/Jul/2020:07:26:50 +0000] "POST /comments/create HTTP/1.1" 200 408 "http://localhost:8000/" "Mozilla/5.0 (X11; Linux x86_64) AppleWebKit/537.36 (KHTML, like Gecko) Chrome/83.0.4103.116 Safari/537.36"
::1 - - [07/Jul/2020:07:27:39 +0000] "GET / HTTP/1.1" 200 24285 "http://localhost:8000/users/sign-in" "Mozilla/5.0 (X11; Linux x86_64) AppleWebKit/537.36 (KHTML, like Gecko) Chrome/83.0.4103.116 Safari/537.36"
::1 - - [07/Jul/2020:07:29:50 +0000] "GET / HTTP/1.1" 200 24285 "http://localhost:8000/users/sign-in" "Mozilla/5.0 (X11; Linux x86_64) AppleWebKit/537.36 (KHTML, like Gecko) Chrome/83.0.4103.116 Safari/537.36"
::1 - - [07/Jul/2020:07:33:08 +0000] "GET / HTTP/1.1" 200 19684 "http://localhost:8000/users/sign-in" "Mozilla/5.0 (X11; Linux x86_64) AppleWebKit/537.36 (KHTML, like Gecko) Chrome/83.0.4103.116 Safari/537.36"
::1 - - [07/Jul/2020:07:39:44 +0000] "GET / HTTP/1.1" 200 19684 "http://localhost:8000/users/sign-in" "Mozilla/5.0 (X11; Linux x86_64) AppleWebKit/537.36 (KHTML, like Gecko) Chrome/83.0.4103.116 Safari/537.36"
::1 - - [07/Jul/2020:07:40:37 +0000] "GET / HTTP/1.1" 304 - "http://localhost:8000/users/sign-in" "Mozilla/5.0 (X11; Linux x86_64) AppleWebKit/537.36 (KHTML, like Gecko) Chrome/83.0.4103.116 Safari/537.36"
::1 - - [07/Jul/2020:07:41:33 +0000] "GET / HTTP/1.1" 304 - "http://localhost:8000/users/sign-in" "Mozilla/5.0 (X11; Linux x86_64) AppleWebKit/537.36 (KHTML, like Gecko) Chrome/83.0.4103.116 Safari/537.36"
::1 - - [07/Jul/2020:07:41:36 +0000] "GET /comments/destroy/5f0423b97c8f8f4926eded75 HTTP/1.1" 200 75 "http://localhost:8000/" "Mozilla/5.0 (X11; Linux x86_64) AppleWebKit/537.36 (KHTML, like Gecko) Chrome/83.0.4103.116 Safari/537.36"
::1 - - [07/Jul/2020:07:41:38 +0000] "GET /comments/destroy/5f0423ba7c8f8f4926eded76 HTTP/1.1" 200 75 "http://localhost:8000/" "Mozilla/5.0 (X11; Linux x86_64) AppleWebKit/537.36 (KHTML, like Gecko) Chrome/83.0.4103.116 Safari/537.36"
::1 - - [07/Jul/2020:07:41:39 +0000] "GET /comments/destroy/5f0423ba7c8f8f4926eded77 HTTP/1.1" 200 75 "http://localhost:8000/" "Mozilla/5.0 (X11; Linux x86_64) AppleWebKit/537.36 (KHTML, like Gecko) Chrome/83.0.4103.116 Safari/537.36"
::1 - - [07/Jul/2020:07:41:40 +0000] "GET /comments/destroy/5f0423ba7c8f8f4926eded78 HTTP/1.1" 200 75 "http://localhost:8000/" "Mozilla/5.0 (X11; Linux x86_64) AppleWebKit/537.36 (KHTML, like Gecko) Chrome/83.0.4103.116 Safari/537.36"
::1 - - [07/Jul/2020:07:41:50 +0000] "POST /comments/create HTTP/1.1" 200 344 "http://localhost:8000/" "Mozilla/5.0 (X11; Linux x86_64) AppleWebKit/537.36 (KHTML, like Gecko) Chrome/83.0.4103.116 Safari/537.36"
::1 - - [07/Jul/2020:07:42:40 +0000] "GET / HTTP/1.1" 200 16629 "http://localhost:8000/users/sign-in" "Mozilla/5.0 (X11; Linux x86_64) AppleWebKit/537.36 (KHTML, like Gecko) Chrome/83.0.4103.116 Safari/537.36"
::1 - - [07/Jul/2020:07:42:58 +0000] "POST /comments/create HTTP/1.1" 200 390 "http://localhost:8000/" "Mozilla/5.0 (X11; Linux x86_64) AppleWebKit/537.36 (KHTML, like Gecko) Chrome/83.0.4103.116 Safari/537.36"
::1 - - [07/Jul/2020:07:43:09 +0000] "POST /comments/create HTTP/1.1" 200 409 "http://localhost:8000/" "Mozilla/5.0 (X11; Linux x86_64) AppleWebKit/537.36 (KHTML, like Gecko) Chrome/83.0.4103.116 Safari/537.36"
::1 - - [07/Jul/2020:07:43:31 +0000] "GET / HTTP/1.1" 200 18606 "http://localhost:8000/users/sign-in" "Mozilla/5.0 (X11; Linux x86_64) AppleWebKit/537.36 (KHTML, like Gecko) Chrome/83.0.4103.116 Safari/537.36"
::1 - - [07/Jul/2020:07:43:34 +0000] "POST /likes/toggle/?id=5f04273e59889d4d264961ac&type=Comment HTTP/1.1" 200 57 "http://localhost:8000/" "Mozilla/5.0 (X11; Linux x86_64) AppleWebKit/537.36 (KHTML, like Gecko) Chrome/83.0.4103.116 Safari/537.36"
::1 - - [07/Jul/2020:07:43:36 +0000] "POST /likes/toggle/?id=5f042782712ae44de5ce0e2a&type=Comment HTTP/1.1" 200 57 "http://localhost:8000/" "Mozilla/5.0 (X11; Linux x86_64) AppleWebKit/537.36 (KHTML, like Gecko) Chrome/83.0.4103.116 Safari/537.36"
::1 - - [07/Jul/2020:07:43:38 +0000] "POST /likes/toggle/?id=5f0024e728e821363b510a23&type=Post HTTP/1.1" 200 56 "http://localhost:8000/" "Mozilla/5.0 (X11; Linux x86_64) AppleWebKit/537.36 (KHTML, like Gecko) Chrome/83.0.4103.116 Safari/537.36"
::1 - - [07/Jul/2020:07:43:40 +0000] "POST /likes/toggle/?id=5f0024e728e821363b510a23&type=Post HTTP/1.1" 200 57 "http://localhost:8000/" "Mozilla/5.0 (X11; Linux x86_64) AppleWebKit/537.36 (KHTML, like Gecko) Chrome/83.0.4103.116 Safari/537.36"
::1 - - [07/Jul/2020:07:43:52 +0000] "POST /likes/toggle/?id=5f04278d712ae44de5ce0e2b&type=Comment HTTP/1.1" 200 57 "http://localhost:8000/" "Mozilla/5.0 (X11; Linux x86_64) AppleWebKit/537.36 (KHTML, like Gecko) Chrome/83.0.4103.116 Safari/537.36"
::1 - - [07/Jul/2020:07:49:49 +0000] "GET / HTTP/1.1" 200 18608 "http://localhost:8000/users/sign-in" "Mozilla/5.0 (X11; Linux x86_64) AppleWebKit/537.36 (KHTML, like Gecko) Chrome/83.0.4103.116 Safari/537.36"
::1 - - [07/Jul/2020:07:49:53 +0000] "GET / HTTP/1.1" 304 - "http://localhost:8000/users/sign-in" "Mozilla/5.0 (X11; Linux x86_64) AppleWebKit/537.36 (KHTML, like Gecko) Chrome/83.0.4103.116 Safari/537.36"
::1 - - [07/Jul/2020:07:50:06 +0000] "GET / HTTP/1.1" 200 18608 "http://localhost:8000/users/sign-in" "Mozilla/5.0 (X11; Linux x86_64) AppleWebKit/537.36 (KHTML, like Gecko) Chrome/83.0.4103.116 Safari/537.36"
::1 - - [07/Jul/2020:08:51:33 +0000] "GET /comments/destroy/5f042782712ae44de5ce0e2a HTTP/1.1" 302 35 "http://localhost:8000/" "Mozilla/5.0 (X11; Linux x86_64) AppleWebKit/537.36 (KHTML, like Gecko) Chrome/83.0.4103.116 Safari/537.36"
::1 - - [07/Jul/2020:08:51:33 +0000] "GET /comments/destroy/users/sign-in HTTP/1.1" 404 169 "http://localhost:8000/" "Mozilla/5.0 (X11; Linux x86_64) AppleWebKit/537.36 (KHTML, like Gecko) Chrome/83.0.4103.116 Safari/537.36"
::1 - - [07/Jul/2020:08:51:34 +0000] "GET /comments/destroy/5f042782712ae44de5ce0e2a HTTP/1.1" 302 35 "http://localhost:8000/" "Mozilla/5.0 (X11; Linux x86_64) AppleWebKit/537.36 (KHTML, like Gecko) Chrome/83.0.4103.116 Safari/537.36"
::1 - - [07/Jul/2020:08:51:34 +0000] "GET /comments/destroy/users/sign-in HTTP/1.1" 404 169 "http://localhost:8000/" "Mozilla/5.0 (X11; Linux x86_64) AppleWebKit/537.36 (KHTML, like Gecko) Chrome/83.0.4103.116 Safari/537.36"
::1 - - [07/Jul/2020:08:51:38 +0000] "GET /comments/destroy/5f042782712ae44de5ce0e2a HTTP/1.1" 302 35 "http://localhost:8000/" "Mozilla/5.0 (X11; Linux x86_64) AppleWebKit/537.36 (KHTML, like Gecko) Chrome/83.0.4103.116 Safari/537.36"
::1 - - [07/Jul/2020:08:51:38 +0000] "GET /comments/destroy/users/sign-in HTTP/1.1" 404 169 "http://localhost:8000/" "Mozilla/5.0 (X11; Linux x86_64) AppleWebKit/537.36 (KHTML, like Gecko) Chrome/83.0.4103.116 Safari/537.36"
::1 - - [07/Jul/2020:08:51:39 +0000] "GET /comments/destroy/5f042782712ae44de5ce0e2a HTTP/1.1" 302 35 "http://localhost:8000/" "Mozilla/5.0 (X11; Linux x86_64) AppleWebKit/537.36 (KHTML, like Gecko) Chrome/83.0.4103.116 Safari/537.36"
::1 - - [07/Jul/2020:08:51:39 +0000] "GET /comments/destroy/users/sign-in HTTP/1.1" 404 169 "http://localhost:8000/" "Mozilla/5.0 (X11; Linux x86_64) AppleWebKit/537.36 (KHTML, like Gecko) Chrome/83.0.4103.116 Safari/537.36"
::1 - - [07/Jul/2020:08:51:41 +0000] "POST /likes/toggle/?id=5f0024e728e821363b510a23&type=Post HTTP/1.1" 500 35 "http://localhost:8000/" "Mozilla/5.0 (X11; Linux x86_64) AppleWebKit/537.36 (KHTML, like Gecko) Chrome/83.0.4103.116 Safari/537.36"
::1 - - [07/Jul/2020:08:51:42 +0000] "POST /likes/toggle/?id=5f0024e728e821363b510a23&type=Post HTTP/1.1" 500 35 "http://localhost:8000/" "Mozilla/5.0 (X11; Linux x86_64) AppleWebKit/537.36 (KHTML, like Gecko) Chrome/83.0.4103.116 Safari/537.36"
::1 - - [07/Jul/2020:08:51:43 +0000] "GET / HTTP/1.1" 200 11311 "http://localhost:8000/users/sign-in" "Mozilla/5.0 (X11; Linux x86_64) AppleWebKit/537.36 (KHTML, like Gecko) Chrome/83.0.4103.116 Safari/537.36"
::1 - - [07/Jul/2020:08:51:59 +0000] "GET /users/sign-in HTTP/1.1" 304 - "http://localhost:8000/" "Mozilla/5.0 (X11; Linux x86_64) AppleWebKit/537.36 (KHTML, like Gecko) Chrome/83.0.4103.116 Safari/537.36"
::1 - - [07/Jul/2020:09:01:53 +0000] "POST /users/create-session HTTP/1.1" 302 46 "http://localhost:8000/users/sign-in" "Mozilla/5.0 (X11; Linux x86_64) AppleWebKit/537.36 (KHTML, like Gecko) Chrome/83.0.4103.116 Safari/537.36"
::1 - - [07/Jul/2020:09:01:53 +0000] "GET / HTTP/1.1" 200 18927 "http://localhost:8000/users/sign-in" "Mozilla/5.0 (X11; Linux x86_64) AppleWebKit/537.36 (KHTML, like Gecko) Chrome/83.0.4103.116 Safari/537.36"
::1 - - [07/Jul/2020:09:03:54 +0000] "GET / HTTP/1.1" 200 18608 "http://localhost:8000/users/sign-in" "Mozilla/5.0 (X11; Linux x86_64) AppleWebKit/537.36 (KHTML, like Gecko) Chrome/83.0.4103.116 Safari/537.36"
::1 - - [07/Jul/2020:09:08:46 +0000] "GET / HTTP/1.1" 304 - "http://localhost:8000/users/sign-in" "Mozilla/5.0 (X11; Linux x86_64) AppleWebKit/537.36 (KHTML, like Gecko) Chrome/83.0.4103.116 Safari/537.36"
::1 - - [07/Jul/2020:09:08:49 +0000] "GET / HTTP/1.1" 304 - "http://localhost:8000/users/sign-in" "Mozilla/5.0 (X11; Linux x86_64) AppleWebKit/537.36 (KHTML, like Gecko) Chrome/83.0.4103.116 Safari/537.36"
::1 - - [07/Jul/2020:09:16:18 +0000] "GET / HTTP/1.1" 304 - "http://localhost:8000/users/sign-in" "Mozilla/5.0 (X11; Linux x86_64) AppleWebKit/537.36 (KHTML, like Gecko) Chrome/83.0.4103.116 Safari/537.36"
::1 - - [07/Jul/2020:09:17:12 +0000] "GET / HTTP/1.1" 200 18608 "http://localhost:8000/users/sign-in" "Mozilla/5.0 (X11; Linux x86_64) AppleWebKit/537.36 (KHTML, like Gecko) Chrome/83.0.4103.116 Safari/537.36"
::1 - - [07/Jul/2020:09:17:58 +0000] "POST /likes/toggle/?id=5f0024e728e821363b510a23&type=Post HTTP/1.1" 200 56 "http://localhost:8000/" "Mozilla/5.0 (X11; Linux x86_64) AppleWebKit/537.36 (KHTML, like Gecko) Chrome/83.0.4103.116 Safari/537.36"
::1 - - [07/Jul/2020:09:17:59 +0000] "POST /likes/toggle/?id=5f0024e728e821363b510a23&type=Post HTTP/1.1" 200 57 "http://localhost:8000/" "Mozilla/5.0 (X11; Linux x86_64) AppleWebKit/537.36 (KHTML, like Gecko) Chrome/83.0.4103.116 Safari/537.36"
::1 - - [07/Jul/2020:09:18:02 +0000] "POST /likes/toggle/?id=5f04273e59889d4d264961ac&type=Comment HTTP/1.1" 200 56 "http://localhost:8000/" "Mozilla/5.0 (X11; Linux x86_64) AppleWebKit/537.36 (KHTML, like Gecko) Chrome/83.0.4103.116 Safari/537.36"
::1 - - [07/Jul/2020:09:18:02 +0000] "POST /likes/toggle/?id=5f04273e59889d4d264961ac&type=Comment HTTP/1.1" 200 57 "http://localhost:8000/" "Mozilla/5.0 (X11; Linux x86_64) AppleWebKit/537.36 (KHTML, like Gecko) Chrome/83.0.4103.116 Safari/537.36"
::1 - - [07/Jul/2020:09:18:09 +0000] "POST /likes/toggle/?id=5f0024e728e821363b510a23&type=Post HTTP/1.1" 200 56 "http://localhost:8000/" "Mozilla/5.0 (X11; Linux x86_64) AppleWebKit/537.36 (KHTML, like Gecko) Chrome/83.0.4103.116 Safari/537.36"
::1 - - [07/Jul/2020:09:18:25 +0000] "GET /comments/destroy/5f042782712ae44de5ce0e2a HTTP/1.1" 200 75 "http://localhost:8000/" "Mozilla/5.0 (X11; Linux x86_64) AppleWebKit/537.36 (KHTML, like Gecko) Chrome/83.0.4103.116 Safari/537.36"
::1 - - [07/Jul/2020:09:18:26 +0000] "GET /comments/destroy/5f04278d712ae44de5ce0e2b HTTP/1.1" 200 75 "http://localhost:8000/" "Mozilla/5.0 (X11; Linux x86_64) AppleWebKit/537.36 (KHTML, like Gecko) Chrome/83.0.4103.116 Safari/537.36"
::1 - - [07/Jul/2020:09:48:31 +0000] "POST /likes/toggle/?id=5f04273e59889d4d264961ac&type=Comment HTTP/1.1" 200 56 "http://localhost:8000/" "Mozilla/5.0 (X11; Linux x86_64) AppleWebKit/537.36 (KHTML, like Gecko) Chrome/83.0.4103.116 Safari/537.36"
::1 - - [07/Jul/2020:09:49:41 +0000] "GET / HTTP/1.1" 200 16631 "http://localhost:8000/users/sign-in" "Mozilla/5.0 (X11; Linux x86_64) AppleWebKit/537.36 (KHTML, like Gecko) Chrome/83.0.4103.116 Safari/537.36"
::1 - - [07/Jul/2020:10:00:43 +0000] "GET / HTTP/1.1" 304 - "http://localhost:8000/users/sign-in" "Mozilla/5.0 (X11; Linux x86_64) AppleWebKit/537.36 (KHTML, like Gecko) Chrome/83.0.4103.116 Safari/537.36"
::1 - - [07/Jul/2020:10:05:29 +0000] "GET / HTTP/1.1" 200 16631 "http://localhost:8000/users/sign-in" "Mozilla/5.0 (X11; Linux x86_64) AppleWebKit/537.36 (KHTML, like Gecko) Chrome/83.0.4103.116 Safari/537.36"
::1 - - [07/Jul/2020:10:06:06 +0000] "GET / HTTP/1.1" 200 16631 "http://localhost:8000/users/sign-in" "Mozilla/5.0 (X11; Linux x86_64) AppleWebKit/537.36 (KHTML, like Gecko) Chrome/83.0.4103.116 Safari/537.36"
::1 - - [07/Jul/2020:10:11:20 +0000] "GET / HTTP/1.1" 200 16631 "http://localhost:8000/users/sign-in" "Mozilla/5.0 (X11; Linux x86_64) AppleWebKit/537.36 (KHTML, like Gecko) Chrome/83.0.4103.116 Safari/537.36"
::1 - - [07/Jul/2020:10:11:49 +0000] "GET / HTTP/1.1" 200 16631 "http://localhost:8000/users/sign-in" "Mozilla/5.0 (X11; Linux x86_64) AppleWebKit/537.36 (KHTML, like Gecko) Chrome/83.0.4103.116 Safari/537.36"
::1 - - [07/Jul/2020:10:17:06 +0000] "GET / HTTP/1.1" 304 - "http://localhost:8000/users/sign-in" "Mozilla/5.0 (X11; Linux x86_64) AppleWebKit/537.36 (KHTML, like Gecko) Chrome/83.0.4103.116 Safari/537.36"
::1 - - [07/Jul/2020:11:28:38 +0000] "GET / HTTP/1.1" 200 10268 "-" "Mozilla/5.0 (X11; Linux x86_64) AppleWebKit/537.36 (KHTML, like Gecko) Chrome/83.0.4103.116 Safari/537.36"
::1 - - [07/Jul/2020:11:28:42 +0000] "GET /users/sign-in HTTP/1.1" 304 - "http://localhost:8000/" "Mozilla/5.0 (X11; Linux x86_64) AppleWebKit/537.36 (KHTML, like Gecko) Chrome/83.0.4103.116 Safari/537.36"
::1 - - [07/Jul/2020:11:28:54 +0000] "POST /users/create-session HTTP/1.1" 302 46 "http://localhost:8000/users/sign-in" "Mozilla/5.0 (X11; Linux x86_64) AppleWebKit/537.36 (KHTML, like Gecko) Chrome/83.0.4103.116 Safari/537.36"
::1 - - [07/Jul/2020:11:28:54 +0000] "GET / HTTP/1.1" 200 16950 "http://localhost:8000/users/sign-in" "Mozilla/5.0 (X11; Linux x86_64) AppleWebKit/537.36 (KHTML, like Gecko) Chrome/83.0.4103.116 Safari/537.36"
::1 - - [07/Jul/2020:11:29:23 +0000] "POST /search HTTP/1.1" 200 283 "http://localhost:8000/" "Mozilla/5.0 (X11; Linux x86_64) AppleWebKit/537.36 (KHTML, like Gecko) Chrome/83.0.4103.116 Safari/537.36"
::1 - - [07/Jul/2020:11:29:25 +0000] "GET /users/profile/5f0024cd28e821363b510a22 HTTP/1.1" 200 2777 "http://localhost:8000/" "Mozilla/5.0 (X11; Linux x86_64) AppleWebKit/537.36 (KHTML, like Gecko) Chrome/83.0.4103.116 Safari/537.36"
::1 - - [07/Jul/2020:11:29:34 +0000] "GET /users/sign-out HTTP/1.1" 302 46 "http://localhost:8000/users/profile/5f0024cd28e821363b510a22" "Mozilla/5.0 (X11; Linux x86_64) AppleWebKit/537.36 (KHTML, like Gecko) Chrome/83.0.4103.116 Safari/537.36"
::1 - - [07/Jul/2020:11:29:34 +0000] "GET / HTTP/1.1" 200 10584 "http://localhost:8000/users/profile/5f0024cd28e821363b510a22" "Mozilla/5.0 (X11; Linux x86_64) AppleWebKit/537.36 (KHTML, like Gecko) Chrome/83.0.4103.116 Safari/537.36"
::1 - - [07/Jul/2020:11:29:38 +0000] "GET /users/sign-in HTTP/1.1" 304 - "http://localhost:8000/" "Mozilla/5.0 (X11; Linux x86_64) AppleWebKit/537.36 (KHTML, like Gecko) Chrome/83.0.4103.116 Safari/537.36"
::1 - - [07/Jul/2020:11:29:44 +0000] "POST /users/create-session HTTP/1.1" 302 46 "http://localhost:8000/users/sign-in" "Mozilla/5.0 (X11; Linux x86_64) AppleWebKit/537.36 (KHTML, like Gecko) Chrome/83.0.4103.116 Safari/537.36"
::1 - - [07/Jul/2020:11:29:44 +0000] "GET / HTTP/1.1" 200 16530 "http://localhost:8000/users/sign-in" "Mozilla/5.0 (X11; Linux x86_64) AppleWebKit/537.36 (KHTML, like Gecko) Chrome/83.0.4103.116 Safari/537.36"
::1 - - [07/Jul/2020:11:29:51 +0000] "GET /posts/destroy/5f0024e728e821363b510a23 HTTP/1.1" 200 74 "http://localhost:8000/" "Mozilla/5.0 (X11; Linux x86_64) AppleWebKit/537.36 (KHTML, like Gecko) Chrome/83.0.4103.116 Safari/537.36"
::1 - - [07/Jul/2020:11:29:57 +0000] "GET /users/sign-out HTTP/1.1" 302 46 "http://localhost:8000/" "Mozilla/5.0 (X11; Linux x86_64) AppleWebKit/537.36 (KHTML, like Gecko) Chrome/83.0.4103.116 Safari/537.36"
::1 - - [07/Jul/2020:11:29:57 +0000] "GET / HTTP/1.1" 200 9219 "http://localhost:8000/" "Mozilla/5.0 (X11; Linux x86_64) AppleWebKit/537.36 (KHTML, like Gecko) Chrome/83.0.4103.116 Safari/537.36"
::1 - - [07/Jul/2020:11:30:02 +0000] "GET /users/sign-in HTTP/1.1" 304 - "http://localhost:8000/" "Mozilla/5.0 (X11; Linux x86_64) AppleWebKit/537.36 (KHTML, like Gecko) Chrome/83.0.4103.116 Safari/537.36"
::1 - - [07/Jul/2020:11:30:08 +0000] "POST /users/create-session HTTP/1.1" 302 46 "http://localhost:8000/users/sign-in" "Mozilla/5.0 (X11; Linux x86_64) AppleWebKit/537.36 (KHTML, like Gecko) Chrome/83.0.4103.116 Safari/537.36"
::1 - - [07/Jul/2020:11:30:08 +0000] "GET / HTTP/1.1" 200 14502 "http://localhost:8000/users/sign-in" "Mozilla/5.0 (X11; Linux x86_64) AppleWebKit/537.36 (KHTML, like Gecko) Chrome/83.0.4103.116 Safari/537.36"
::1 - - [07/Jul/2020:11:30:13 +0000] "GET /posts/destroy/5ef0d23fe2e88f1c9e9581aa HTTP/1.1" 200 74 "http://localhost:8000/" "Mozilla/5.0 (X11; Linux x86_64) AppleWebKit/537.36 (KHTML, like Gecko) Chrome/83.0.4103.116 Safari/537.36"
::1 - - [07/Jul/2020:13:09:08 +0000] "GET / HTTP/1.1" 200 12510 "-" "Mozilla/5.0 (X11; Linux x86_64) AppleWebKit/537.36 (KHTML, like Gecko) Chrome/83.0.4103.116 Safari/537.36"
::1 - - [07/Jul/2020:13:11:33 +0000] "GET / HTTP/1.1" 200 8065 "-" "Mozilla/5.0 (X11; Linux x86_64) AppleWebKit/537.36 (KHTML, like Gecko) Chrome/83.0.4103.116 Safari/537.36"
::1 - - [07/Jul/2020:13:11:38 +0000] "GET /users/sign-in HTTP/1.1" 304 - "http://localhost:8000/" "Mozilla/5.0 (X11; Linux x86_64) AppleWebKit/537.36 (KHTML, like Gecko) Chrome/83.0.4103.116 Safari/537.36"
::1 - - [07/Jul/2020:13:11:43 +0000] "POST /users/create-session HTTP/1.1" 302 46 "http://localhost:8000/users/sign-in" "Mozilla/5.0 (X11; Linux x86_64) AppleWebKit/537.36 (KHTML, like Gecko) Chrome/83.0.4103.116 Safari/537.36"
::1 - - [07/Jul/2020:13:11:43 +0000] "GET / HTTP/1.1" 200 12829 "http://localhost:8000/users/sign-in" "Mozilla/5.0 (X11; Linux x86_64) AppleWebKit/537.36 (KHTML, like Gecko) Chrome/83.0.4103.116 Safari/537.36"
::1 - - [07/Jul/2020:13:12:01 +0000] "GET / HTTP/1.1" 200 12510 "http://localhost:8000/users/sign-in" "Mozilla/5.0 (X11; Linux x86_64) AppleWebKit/537.36 (KHTML, like Gecko) Chrome/83.0.4103.116 Safari/537.36"
::1 - - [07/Jul/2020:13:12:51 +0000] "GET / HTTP/1.1" 304 - "http://localhost:8000/users/sign-in" "Mozilla/5.0 (X11; Linux x86_64) AppleWebKit/537.36 (KHTML, like Gecko) Chrome/83.0.4103.116 Safari/537.36"
::1 - - [07/Jul/2020:13:15:00 +0000] "GET / HTTP/1.1" 304 - "http://localhost:8000/users/sign-in" "Mozilla/5.0 (X11; Linux x86_64) AppleWebKit/537.36 (KHTML, like Gecko) Chrome/83.0.4103.116 Safari/537.36"
::1 - - [07/Jul/2020:13:15:04 +0000] "GET / HTTP/1.1" 304 - "http://localhost:8000/users/sign-in" "Mozilla/5.0 (X11; Linux x86_64) AppleWebKit/537.36 (KHTML, like Gecko) Chrome/83.0.4103.116 Safari/537.36"
::1 - - [07/Jul/2020:13:15:21 +0000] "GET / HTTP/1.1" 200 12510 "http://localhost:8000/users/sign-in" "Mozilla/5.0 (X11; Linux x86_64) AppleWebKit/537.36 (KHTML, like Gecko) Chrome/83.0.4103.116 Safari/537.36"
::1 - - [07/Jul/2020:13:15:38 +0000] "GET / HTTP/1.1" 200 12510 "http://localhost:8000/users/sign-in" "Mozilla/5.0 (X11; Linux x86_64) AppleWebKit/537.36 (KHTML, like Gecko) Chrome/83.0.4103.116 Safari/537.36"
::1 - - [07/Jul/2020:13:16:59 +0000] "GET / HTTP/1.1" 200 12510 "http://localhost:8000/users/sign-in" "Mozilla/5.0 (X11; Linux x86_64) AppleWebKit/537.36 (KHTML, like Gecko) Chrome/83.0.4103.116 Safari/537.36"
::1 - - [07/Jul/2020:13:17:51 +0000] "GET / HTTP/1.1" 200 12510 "http://localhost:8000/users/sign-in" "Mozilla/5.0 (X11; Linux x86_64) AppleWebKit/537.36 (KHTML, like Gecko) Chrome/83.0.4103.116 Safari/537.36"
::1 - - [07/Jul/2020:13:22:58 +0000] "GET / HTTP/1.1" 200 12510 "http://localhost:8000/users/sign-in" "Mozilla/5.0 (X11; Linux x86_64) AppleWebKit/537.36 (KHTML, like Gecko) Chrome/83.0.4103.116 Safari/537.36"
::1 - - [07/Jul/2020:13:23:33 +0000] "GET / HTTP/1.1" 304 - "http://localhost:8000/users/sign-in" "Mozilla/5.0 (X11; Linux x86_64) AppleWebKit/537.36 (KHTML, like Gecko) Chrome/83.0.4103.116 Safari/537.36"
::1 - - [07/Jul/2020:13:23:36 +0000] "GET / HTTP/1.1" 304 - "http://localhost:8000/users/sign-in" "Mozilla/5.0 (X11; Linux x86_64) AppleWebKit/537.36 (KHTML, like Gecko) Chrome/83.0.4103.116 Safari/537.36"
::1 - - [07/Jul/2020:13:23:56 +0000] "GET / HTTP/1.1" 304 - "http://localhost:8000/users/sign-in" "Mozilla/5.0 (X11; Linux x86_64) AppleWebKit/537.36 (KHTML, like Gecko) Chrome/83.0.4103.116 Safari/537.36"
::1 - - [07/Jul/2020:13:24:00 +0000] "GET / HTTP/1.1" 304 - "http://localhost:8000/users/sign-in" "Mozilla/5.0 (X11; Linux x86_64) AppleWebKit/537.36 (KHTML, like Gecko) Chrome/83.0.4103.116 Safari/537.36"
::1 - - [07/Jul/2020:13:24:34 +0000] "GET / HTTP/1.1" 200 12510 "http://localhost:8000/users/sign-in" "Mozilla/5.0 (X11; Linux x86_64) AppleWebKit/537.36 (KHTML, like Gecko) Chrome/83.0.4103.116 Safari/537.36"
::1 - - [07/Jul/2020:13:28:47 +0000] "GET / HTTP/1.1" 200 12510 "http://localhost:8000/users/sign-in" "Mozilla/5.0 (X11; Linux x86_64) AppleWebKit/537.36 (KHTML, like Gecko) Chrome/83.0.4103.116 Safari/537.36"
::1 - - [07/Jul/2020:13:29:23 +0000] "GET / HTTP/1.1" 200 12510 "http://localhost:8000/users/sign-in" "Mozilla/5.0 (X11; Linux x86_64) AppleWebKit/537.36 (KHTML, like Gecko) Chrome/83.0.4103.116 Safari/537.36"
::1 - - [07/Jul/2020:13:35:21 +0000] "GET / HTTP/1.1" 200 12794 "http://localhost:8000/users/sign-in" "Mozilla/5.0 (X11; Linux x86_64) AppleWebKit/537.36 (KHTML, like Gecko) Chrome/83.0.4103.116 Safari/537.36"
::1 - - [07/Jul/2020:13:56:27 +0000] "GET / HTTP/1.1" 200 12794 "http://localhost:8000/users/sign-in" "Mozilla/5.0 (X11; Linux x86_64) AppleWebKit/537.36 (KHTML, like Gecko) Chrome/83.0.4103.116 Safari/537.36"
::1 - - [07/Jul/2020:13:57:24 +0000] "GET / HTTP/1.1" 200 12794 "http://localhost:8000/users/sign-in" "Mozilla/5.0 (X11; Linux x86_64) AppleWebKit/537.36 (KHTML, like Gecko) Chrome/83.0.4103.116 Safari/537.36"
::1 - - [07/Jul/2020:13:59:51 +0000] "GET / HTTP/1.1" 200 12794 "http://localhost:8000/users/sign-in" "Mozilla/5.0 (X11; Linux x86_64) AppleWebKit/537.36 (KHTML, like Gecko) Chrome/83.0.4103.116 Safari/537.36"
::1 - - [07/Jul/2020:14:03:45 +0000] "GET / HTTP/1.1" 200 12794 "http://localhost:8000/users/sign-in" "Mozilla/5.0 (X11; Linux x86_64) AppleWebKit/537.36 (KHTML, like Gecko) Chrome/83.0.4103.116 Safari/537.36"
::1 - - [07/Jul/2020:14:04:41 +0000] "GET / HTTP/1.1" 200 12794 "http://localhost:8000/users/sign-in" "Mozilla/5.0 (X11; Linux x86_64) AppleWebKit/537.36 (KHTML, like Gecko) Chrome/83.0.4103.116 Safari/537.36"
::1 - - [07/Jul/2020:14:06:04 +0000] "GET / HTTP/1.1" 200 12794 "http://localhost:8000/users/sign-in" "Mozilla/5.0 (X11; Linux x86_64) AppleWebKit/537.36 (KHTML, like Gecko) Chrome/83.0.4103.116 Safari/537.36"
::1 - - [07/Jul/2020:14:07:07 +0000] "GET / HTTP/1.1" 200 12794 "http://localhost:8000/users/sign-in" "Mozilla/5.0 (X11; Linux x86_64) AppleWebKit/537.36 (KHTML, like Gecko) Chrome/83.0.4103.116 Safari/537.36"
::1 - - [07/Jul/2020:14:09:37 +0000] "GET / HTTP/1.1" 200 12794 "http://localhost:8000/users/sign-in" "Mozilla/5.0 (X11; Linux x86_64) AppleWebKit/537.36 (KHTML, like Gecko) Chrome/83.0.4103.116 Safari/537.36"
::1 - - [07/Jul/2020:14:10:55 +0000] "POST /search HTTP/1.1" 200 1649 "http://localhost:8000/" "Mozilla/5.0 (X11; Linux x86_64) AppleWebKit/537.36 (KHTML, like Gecko) Chrome/83.0.4103.116 Safari/537.36"
::1 - - [07/Jul/2020:14:12:04 +0000] "GET / HTTP/1.1" 304 - "http://localhost:8000/users/sign-in" "Mozilla/5.0 (X11; Linux x86_64) AppleWebKit/537.36 (KHTML, like Gecko) Chrome/83.0.4103.116 Safari/537.36"
::1 - - [07/Jul/2020:14:15:29 +0000] "GET / HTTP/1.1" 200 12794 "http://localhost:8000/users/sign-in" "Mozilla/5.0 (X11; Linux x86_64) AppleWebKit/537.36 (KHTML, like Gecko) Chrome/83.0.4103.116 Safari/537.36"
::1 - - [07/Jul/2020:14:15:36 +0000] "POST /search HTTP/1.1" 200 1649 "http://localhost:8000/" "Mozilla/5.0 (X11; Linux x86_64) AppleWebKit/537.36 (KHTML, like Gecko) Chrome/83.0.4103.116 Safari/537.36"
::1 - - [07/Jul/2020:14:15:36 +0000] "GET /%3C%=search.avatar%%3E HTTP/1.1" 404 167 "http://localhost:8000/" "Mozilla/5.0 (X11; Linux x86_64) AppleWebKit/537.36 (KHTML, like Gecko) Chrome/83.0.4103.116 Safari/537.36"
::1 - - [07/Jul/2020:14:16:31 +0000] "GET / HTTP/1.1" 200 12794 "http://localhost:8000/users/sign-in" "Mozilla/5.0 (X11; Linux x86_64) AppleWebKit/537.36 (KHTML, like Gecko) Chrome/83.0.4103.116 Safari/537.36"
::1 - - [07/Jul/2020:14:16:37 +0000] "POST /search HTTP/1.1" 200 1649 "http://localhost:8000/" "Mozilla/5.0 (X11; Linux x86_64) AppleWebKit/537.36 (KHTML, like Gecko) Chrome/83.0.4103.116 Safari/537.36"
::1 - - [07/Jul/2020:14:16:37 +0000] "GET /%3C%=search.avatar%%3E HTTP/1.1" 404 167 "http://localhost:8000/" "Mozilla/5.0 (X11; Linux x86_64) AppleWebKit/537.36 (KHTML, like Gecko) Chrome/83.0.4103.116 Safari/537.36"
::1 - - [07/Jul/2020:14:18:57 +0000] "GET / HTTP/1.1" 200 12794 "http://localhost:8000/users/sign-in" "Mozilla/5.0 (X11; Linux x86_64) AppleWebKit/537.36 (KHTML, like Gecko) Chrome/83.0.4103.116 Safari/537.36"
::1 - - [07/Jul/2020:14:19:02 +0000] "POST /search HTTP/1.1" 200 1649 "http://localhost:8000/" "Mozilla/5.0 (X11; Linux x86_64) AppleWebKit/537.36 (KHTML, like Gecko) Chrome/83.0.4103.116 Safari/537.36"
::1 - - [07/Jul/2020:14:19:02 +0000] "GET /%3C%=search.avatar%%3E HTTP/1.1" 404 167 "http://localhost:8000/" "Mozilla/5.0 (X11; Linux x86_64) AppleWebKit/537.36 (KHTML, like Gecko) Chrome/83.0.4103.116 Safari/537.36"
::1 - - [07/Jul/2020:14:20:10 +0000] "GET / HTTP/1.1" 200 12794 "http://localhost:8000/users/sign-in" "Mozilla/5.0 (X11; Linux x86_64) AppleWebKit/537.36 (KHTML, like Gecko) Chrome/83.0.4103.116 Safari/537.36"
::1 - - [07/Jul/2020:14:20:15 +0000] "POST /search HTTP/1.1" 200 1649 "http://localhost:8000/" "Mozilla/5.0 (X11; Linux x86_64) AppleWebKit/537.36 (KHTML, like Gecko) Chrome/83.0.4103.116 Safari/537.36"
::1 - - [07/Jul/2020:14:20:15 +0000] "GET /%3C%=search.avatar%%3E HTTP/1.1" 404 167 "http://localhost:8000/" "Mozilla/5.0 (X11; Linux x86_64) AppleWebKit/537.36 (KHTML, like Gecko) Chrome/83.0.4103.116 Safari/537.36"
::1 - - [07/Jul/2020:14:31:48 +0000] "GET / HTTP/1.1" 200 12702 "http://localhost:8000/users/sign-in" "Mozilla/5.0 (X11; Linux x86_64) AppleWebKit/537.36 (KHTML, like Gecko) Chrome/83.0.4103.116 Safari/537.36"
::1 - - [07/Jul/2020:14:31:48 +0000] "GET /undefined HTTP/1.1" 404 148 "http://localhost:8000/" "Mozilla/5.0 (X11; Linux x86_64) AppleWebKit/537.36 (KHTML, like Gecko) Chrome/83.0.4103.116 Safari/537.36"
::1 - - [07/Jul/2020:14:31:49 +0000] "GET /undefined HTTP/1.1" 404 148 "http://localhost:8000/" "Mozilla/5.0 (X11; Linux x86_64) AppleWebKit/537.36 (KHTML, like Gecko) Chrome/83.0.4103.116 Safari/537.36"
::1 - - [07/Jul/2020:14:31:49 +0000] "GET /undefined HTTP/1.1" 404 148 "http://localhost:8000/" "Mozilla/5.0 (X11; Linux x86_64) AppleWebKit/537.36 (KHTML, like Gecko) Chrome/83.0.4103.116 Safari/537.36"
::1 - - [07/Jul/2020:14:31:49 +0000] "GET /undefined HTTP/1.1" 404 148 "http://localhost:8000/" "Mozilla/5.0 (X11; Linux x86_64) AppleWebKit/537.36 (KHTML, like Gecko) Chrome/83.0.4103.116 Safari/537.36"
::1 - - [07/Jul/2020:14:31:49 +0000] "GET /undefined HTTP/1.1" 404 148 "http://localhost:8000/" "Mozilla/5.0 (X11; Linux x86_64) AppleWebKit/537.36 (KHTML, like Gecko) Chrome/83.0.4103.116 Safari/537.36"
::1 - - [07/Jul/2020:14:31:49 +0000] "GET /undefined HTTP/1.1" 404 148 "http://localhost:8000/" "Mozilla/5.0 (X11; Linux x86_64) AppleWebKit/537.36 (KHTML, like Gecko) Chrome/83.0.4103.116 Safari/537.36"
::1 - - [07/Jul/2020:14:32:37 +0000] "POST /search HTTP/1.1" - - "http://localhost:8000/" "Mozilla/5.0 (X11; Linux x86_64) AppleWebKit/537.36 (KHTML, like Gecko) Chrome/83.0.4103.116 Safari/537.36"
::1 - - [07/Jul/2020:14:32:37 +0000] "GET /likes/toggle/?id=5ee8fe5041b0b4311b91da60&type=Post HTTP/1.1" 404 152 "http://localhost:8000/" "Mozilla/5.0 (X11; Linux x86_64) AppleWebKit/537.36 (KHTML, like Gecko) Chrome/83.0.4103.116 Safari/537.36"
::1 - - [07/Jul/2020:14:32:39 +0000] "GET /undefined HTTP/1.1" 404 148 "http://localhost:8000/" "Mozilla/5.0 (X11; Linux x86_64) AppleWebKit/537.36 (KHTML, like Gecko) Chrome/83.0.4103.116 Safari/537.36"
::1 - - [07/Jul/2020:14:32:41 +0000] "GET /likes/toggle/?id=5ee8fe5041b0b4311b91da60&type=Post HTTP/1.1" 404 152 "http://localhost:8000/" "Mozilla/5.0 (X11; Linux x86_64) AppleWebKit/537.36 (KHTML, like Gecko) Chrome/83.0.4103.116 Safari/537.36"
::1 - - [07/Jul/2020:14:32:46 +0000] "GET / HTTP/1.1" 304 - "http://localhost:8000/users/sign-in" "Mozilla/5.0 (X11; Linux x86_64) AppleWebKit/537.36 (KHTML, like Gecko) Chrome/83.0.4103.116 Safari/537.36"
::1 - - [07/Jul/2020:14:32:46 +0000] "GET /undefined HTTP/1.1" 404 148 "http://localhost:8000/" "Mozilla/5.0 (X11; Linux x86_64) AppleWebKit/537.36 (KHTML, like Gecko) Chrome/83.0.4103.116 Safari/537.36"
::1 - - [07/Jul/2020:14:32:46 +0000] "GET /undefined HTTP/1.1" 404 148 "http://localhost:8000/" "Mozilla/5.0 (X11; Linux x86_64) AppleWebKit/537.36 (KHTML, like Gecko) Chrome/83.0.4103.116 Safari/537.36"
::1 - - [07/Jul/2020:14:32:46 +0000] "GET /undefined HTTP/1.1" 404 148 "http://localhost:8000/" "Mozilla/5.0 (X11; Linux x86_64) AppleWebKit/537.36 (KHTML, like Gecko) Chrome/83.0.4103.116 Safari/537.36"
::1 - - [07/Jul/2020:14:32:46 +0000] "GET /undefined HTTP/1.1" 404 148 "http://localhost:8000/" "Mozilla/5.0 (X11; Linux x86_64) AppleWebKit/537.36 (KHTML, like Gecko) Chrome/83.0.4103.116 Safari/537.36"
::1 - - [07/Jul/2020:14:32:47 +0000] "GET /undefined HTTP/1.1" 404 148 "http://localhost:8000/" "Mozilla/5.0 (X11; Linux x86_64) AppleWebKit/537.36 (KHTML, like Gecko) Chrome/83.0.4103.116 Safari/537.36"
::1 - - [07/Jul/2020:14:32:47 +0000] "GET /undefined HTTP/1.1" 404 148 "http://localhost:8000/" "Mozilla/5.0 (X11; Linux x86_64) AppleWebKit/537.36 (KHTML, like Gecko) Chrome/83.0.4103.116 Safari/537.36"
::1 - - [07/Jul/2020:14:33:29 +0000] "GET / HTTP/1.1" 200 12794 "http://localhost:8000/users/sign-in" "Mozilla/5.0 (X11; Linux x86_64) AppleWebKit/537.36 (KHTML, like Gecko) Chrome/83.0.4103.116 Safari/537.36"
::1 - - [07/Jul/2020:14:33:39 +0000] "POST /search HTTP/1.1" 200 1649 "http://localhost:8000/" "Mozilla/5.0 (X11; Linux x86_64) AppleWebKit/537.36 (KHTML, like Gecko) Chrome/83.0.4103.116 Safari/537.36"
::1 - - [07/Jul/2020:14:33:46 +0000] "POST /likes/toggle/?id=5ee8fe5041b0b4311b91da60&type=Post HTTP/1.1" 200 57 "http://localhost:8000/" "Mozilla/5.0 (X11; Linux x86_64) AppleWebKit/537.36 (KHTML, like Gecko) Chrome/83.0.4103.116 Safari/537.36"
::1 - - [07/Jul/2020:14:33:47 +0000] "POST /likes/toggle/?id=5ee8fe5041b0b4311b91da60&type=Post HTTP/1.1" 200 56 "http://localhost:8000/" "Mozilla/5.0 (X11; Linux x86_64) AppleWebKit/537.36 (KHTML, like Gecko) Chrome/83.0.4103.116 Safari/537.36"
::1 - - [07/Jul/2020:14:33:47 +0000] "POST /likes/toggle/?id=5ee8fe5041b0b4311b91da60&type=Post HTTP/1.1" 200 57 "http://localhost:8000/" "Mozilla/5.0 (X11; Linux x86_64) AppleWebKit/537.36 (KHTML, like Gecko) Chrome/83.0.4103.116 Safari/537.36"
::1 - - [07/Jul/2020:14:34:40 +0000] "GET / HTTP/1.1" 200 12794 "http://localhost:8000/users/sign-in" "Mozilla/5.0 (X11; Linux x86_64) AppleWebKit/537.36 (KHTML, like Gecko) Chrome/83.0.4103.116 Safari/537.36"
::1 - - [07/Jul/2020:14:34:45 +0000] "POST /search HTTP/1.1" 200 1649 "http://localhost:8000/" "Mozilla/5.0 (X11; Linux x86_64) AppleWebKit/537.36 (KHTML, like Gecko) Chrome/83.0.4103.116 Safari/537.36"
::1 - - [07/Jul/2020:14:35:14 +0000] "GET / HTTP/1.1" 200 12794 "http://localhost:8000/users/sign-in" "Mozilla/5.0 (X11; Linux x86_64) AppleWebKit/537.36 (KHTML, like Gecko) Chrome/83.0.4103.116 Safari/537.36"
::1 - - [07/Jul/2020:14:35:39 +0000] "POST /search HTTP/1.1" 200 1649 "http://localhost:8000/" "Mozilla/5.0 (X11; Linux x86_64) AppleWebKit/537.36 (KHTML, like Gecko) Chrome/83.0.4103.116 Safari/537.36"
::1 - - [07/Jul/2020:14:35:41 +0000] "GET /users/profile/5ee8fe3a41b0b4311b91da5b HTTP/1.1" 200 2814 "http://localhost:8000/" "Mozilla/5.0 (X11; Linux x86_64) AppleWebKit/537.36 (KHTML, like Gecko) Chrome/83.0.4103.116 Safari/537.36"
::1 - - [07/Jul/2020:14:35:43 +0000] "POST /isfriend HTTP/1.1" 200 49 "http://localhost:8000/users/profile/5ee8fe3a41b0b4311b91da5b" "Mozilla/5.0 (X11; Linux x86_64) AppleWebKit/537.36 (KHTML, like Gecko) Chrome/83.0.4103.116 Safari/537.36"
::1 - - [07/Jul/2020:14:35:46 +0000] "GET / HTTP/1.1" 304 - "http://localhost:8000/users/profile/5ee8fe3a41b0b4311b91da5b" "Mozilla/5.0 (X11; Linux x86_64) AppleWebKit/537.36 (KHTML, like Gecko) Chrome/83.0.4103.116 Safari/537.36"
::1 - - [07/Jul/2020:14:35:48 +0000] "GET /users/sign-out HTTP/1.1" 302 46 "http://localhost:8000/" "Mozilla/5.0 (X11; Linux x86_64) AppleWebKit/537.36 (KHTML, like Gecko) Chrome/83.0.4103.116 Safari/537.36"
::1 - - [07/Jul/2020:14:35:48 +0000] "GET / HTTP/1.1" 200 8382 "http://localhost:8000/" "Mozilla/5.0 (X11; Linux x86_64) AppleWebKit/537.36 (KHTML, like Gecko) Chrome/83.0.4103.116 Safari/537.36"
::1 - - [07/Jul/2020:14:35:52 +0000] "GET /users/sign-in HTTP/1.1" 304 - "http://localhost:8000/" "Mozilla/5.0 (X11; Linux x86_64) AppleWebKit/537.36 (KHTML, like Gecko) Chrome/83.0.4103.116 Safari/537.36"
::1 - - [07/Jul/2020:14:35:58 +0000] "POST /users/create-session HTTP/1.1" 302 46 "http://localhost:8000/users/sign-in" "Mozilla/5.0 (X11; Linux x86_64) AppleWebKit/537.36 (KHTML, like Gecko) Chrome/83.0.4103.116 Safari/537.36"
::1 - - [07/Jul/2020:14:35:58 +0000] "GET / HTTP/1.1" 200 13113 "http://localhost:8000/users/sign-in" "Mozilla/5.0 (X11; Linux x86_64) AppleWebKit/537.36 (KHTML, like Gecko) Chrome/83.0.4103.116 Safari/537.36"
::1 - - [07/Jul/2020:14:36:03 +0000] "GET /users/sign-out HTTP/1.1" 302 46 "http://localhost:8000/" "Mozilla/5.0 (X11; Linux x86_64) AppleWebKit/537.36 (KHTML, like Gecko) Chrome/83.0.4103.116 Safari/537.36"
::1 - - [07/Jul/2020:14:36:03 +0000] "GET / HTTP/1.1" 200 8382 "http://localhost:8000/" "Mozilla/5.0 (X11; Linux x86_64) AppleWebKit/537.36 (KHTML, like Gecko) Chrome/83.0.4103.116 Safari/537.36"
::1 - - [07/Jul/2020:14:36:07 +0000] "GET /users/sign-in HTTP/1.1" 304 - "http://localhost:8000/" "Mozilla/5.0 (X11; Linux x86_64) AppleWebKit/537.36 (KHTML, like Gecko) Chrome/83.0.4103.116 Safari/537.36"
::1 - - [07/Jul/2020:14:36:13 +0000] "POST /users/create-session HTTP/1.1" 302 72 "http://localhost:8000/users/sign-in" "Mozilla/5.0 (X11; Linux x86_64) AppleWebKit/537.36 (KHTML, like Gecko) Chrome/83.0.4103.116 Safari/537.36"
::1 - - [07/Jul/2020:14:36:13 +0000] "GET /users/sign-in HTTP/1.1" 200 2810 "http://localhost:8000/users/sign-in" "Mozilla/5.0 (X11; Linux x86_64) AppleWebKit/537.36 (KHTML, like Gecko) Chrome/83.0.4103.116 Safari/537.36"
::1 - - [07/Jul/2020:14:36:21 +0000] "POST /users/create-session HTTP/1.1" 302 46 "http://localhost:8000/users/sign-in" "Mozilla/5.0 (X11; Linux x86_64) AppleWebKit/537.36 (KHTML, like Gecko) Chrome/83.0.4103.116 Safari/537.36"
::1 - - [07/Jul/2020:14:36:22 +0000] "GET / HTTP/1.1" 200 13992 "http://localhost:8000/users/sign-in" "Mozilla/5.0 (X11; Linux x86_64) AppleWebKit/537.36 (KHTML, like Gecko) Chrome/83.0.4103.116 Safari/537.36"
::1 - - [07/Jul/2020:14:36:27 +0000] "GET /users/profile/5ee8fe3a41b0b4311b91da5b HTTP/1.1" 200 3986 "http://localhost:8000/" "Mozilla/5.0 (X11; Linux x86_64) AppleWebKit/537.36 (KHTML, like Gecko) Chrome/83.0.4103.116 Safari/537.36"
::1 - - [07/Jul/2020:14:36:29 +0000] "POST /isfriend/friend/5eedc07fd4853c1dc6eab379 HTTP/1.1" 302 164 "http://localhost:8000/users/profile/5ee8fe3a41b0b4311b91da5b" "Mozilla/5.0 (X11; Linux x86_64) AppleWebKit/537.36 (KHTML, like Gecko) Chrome/83.0.4103.116 Safari/537.36"
::1 - - [07/Jul/2020:14:36:29 +0000] "GET /users/profile/5ee8fe3a41b0b4311b91da5b HTTP/1.1" 200 4191 "http://localhost:8000/users/profile/5ee8fe3a41b0b4311b91da5b" "Mozilla/5.0 (X11; Linux x86_64) AppleWebKit/537.36 (KHTML, like Gecko) Chrome/83.0.4103.116 Safari/537.36"
::1 - - [07/Jul/2020:14:36:30 +0000] "POST /isfriend/friend/5ee233349c48830765cb7464 HTTP/1.1" 302 164 "http://localhost:8000/users/profile/5ee8fe3a41b0b4311b91da5b" "Mozilla/5.0 (X11; Linux x86_64) AppleWebKit/537.36 (KHTML, like Gecko) Chrome/83.0.4103.116 Safari/537.36"
::1 - - [07/Jul/2020:14:36:30 +0000] "GET /users/profile/5ee8fe3a41b0b4311b91da5b HTTP/1.1" 200 4061 "http://localhost:8000/users/profile/5ee8fe3a41b0b4311b91da5b" "Mozilla/5.0 (X11; Linux x86_64) AppleWebKit/537.36 (KHTML, like Gecko) Chrome/83.0.4103.116 Safari/537.36"
::1 - - [07/Jul/2020:14:36:37 +0000] "GET /users/sign-out HTTP/1.1" 302 46 "http://localhost:8000/users/profile/5ee8fe3a41b0b4311b91da5b" "Mozilla/5.0 (X11; Linux x86_64) AppleWebKit/537.36 (KHTML, like Gecko) Chrome/83.0.4103.116 Safari/537.36"
::1 - - [07/Jul/2020:14:36:37 +0000] "GET / HTTP/1.1" 200 8382 "http://localhost:8000/users/profile/5ee8fe3a41b0b4311b91da5b" "Mozilla/5.0 (X11; Linux x86_64) AppleWebKit/537.36 (KHTML, like Gecko) Chrome/83.0.4103.116 Safari/537.36"
::1 - - [07/Jul/2020:14:36:40 +0000] "GET /users/sign-in HTTP/1.1" 200 2491 "http://localhost:8000/" "Mozilla/5.0 (X11; Linux x86_64) AppleWebKit/537.36 (KHTML, like Gecko) Chrome/83.0.4103.116 Safari/537.36"
::1 - - [07/Jul/2020:14:36:44 +0000] "POST /users/create-session HTTP/1.1" 302 46 "http://localhost:8000/users/sign-in" "Mozilla/5.0 (X11; Linux x86_64) AppleWebKit/537.36 (KHTML, like Gecko) Chrome/83.0.4103.116 Safari/537.36"
::1 - - [07/Jul/2020:14:36:44 +0000] "GET / HTTP/1.1" 200 13353 "http://localhost:8000/users/sign-in" "Mozilla/5.0 (X11; Linux x86_64) AppleWebKit/537.36 (KHTML, like Gecko) Chrome/83.0.4103.116 Safari/537.36"
::1 - - [07/Jul/2020:14:37:07 +0000] "POST /search HTTP/1.1" 200 1730 "http://localhost:8000/" "Mozilla/5.0 (X11; Linux x86_64) AppleWebKit/537.36 (KHTML, like Gecko) Chrome/83.0.4103.116 Safari/537.36"
::1 - - [07/Jul/2020:14:37:09 +0000] "GET /users/profile/5eedc09dd4853c1dc6eab37a HTTP/1.1" 200 2757 "http://localhost:8000/" "Mozilla/5.0 (X11; Linux x86_64) AppleWebKit/537.36 (KHTML, like Gecko) Chrome/83.0.4103.116 Safari/537.36"
::1 - - [07/Jul/2020:14:37:10 +0000] "POST /isfriend HTTP/1.1" 200 49 "http://localhost:8000/users/profile/5eedc09dd4853c1dc6eab37a" "Mozilla/5.0 (X11; Linux x86_64) AppleWebKit/537.36 (KHTML, like Gecko) Chrome/83.0.4103.116 Safari/537.36"
::1 - - [07/Jul/2020:14:37:13 +0000] "GET / HTTP/1.1" 200 13034 "http://localhost:8000/users/profile/5eedc09dd4853c1dc6eab37a" "Mozilla/5.0 (X11; Linux x86_64) AppleWebKit/537.36 (KHTML, like Gecko) Chrome/83.0.4103.116 Safari/537.36"
::1 - - [07/Jul/2020:14:37:16 +0000] "POST /search HTTP/1.1" 200 1756 "http://localhost:8000/" "Mozilla/5.0 (X11; Linux x86_64) AppleWebKit/537.36 (KHTML, like Gecko) Chrome/83.0.4103.116 Safari/537.36"
::1 - - [07/Jul/2020:14:37:17 +0000] "GET /users/profile/5efa22193fc78c5e33a65a2b HTTP/1.1" 200 2739 "http://localhost:8000/" "Mozilla/5.0 (X11; Linux x86_64) AppleWebKit/537.36 (KHTML, like Gecko) Chrome/83.0.4103.116 Safari/537.36"
::1 - - [07/Jul/2020:14:37:19 +0000] "POST /isfriend HTTP/1.1" 200 49 "http://localhost:8000/users/profile/5efa22193fc78c5e33a65a2b" "Mozilla/5.0 (X11; Linux x86_64) AppleWebKit/537.36 (KHTML, like Gecko) Chrome/83.0.4103.116 Safari/537.36"
::1 - - [07/Jul/2020:14:37:26 +0000] "GET / HTTP/1.1" 304 - "http://localhost:8000/users/profile/5efa22193fc78c5e33a65a2b" "Mozilla/5.0 (X11; Linux x86_64) AppleWebKit/537.36 (KHTML, like Gecko) Chrome/83.0.4103.116 Safari/537.36"
::1 - - [07/Jul/2020:14:37:29 +0000] "POST /search HTTP/1.1" 200 1782 "http://localhost:8000/" "Mozilla/5.0 (X11; Linux x86_64) AppleWebKit/537.36 (KHTML, like Gecko) Chrome/83.0.4103.116 Safari/537.36"
::1 - - [07/Jul/2020:14:37:41 +0000] "GET /users/sign-out HTTP/1.1" 302 46 "http://localhost:8000/" "Mozilla/5.0 (X11; Linux x86_64) AppleWebKit/537.36 (KHTML, like Gecko) Chrome/83.0.4103.116 Safari/537.36"
::1 - - [07/Jul/2020:14:37:41 +0000] "GET / HTTP/1.1" 200 8382 "http://localhost:8000/" "Mozilla/5.0 (X11; Linux x86_64) AppleWebKit/537.36 (KHTML, like Gecko) Chrome/83.0.4103.116 Safari/537.36"
::1 - - [07/Jul/2020:14:37:44 +0000] "GET /users/sign-in HTTP/1.1" 304 - "http://localhost:8000/" "Mozilla/5.0 (X11; Linux x86_64) AppleWebKit/537.36 (KHTML, like Gecko) Chrome/83.0.4103.116 Safari/537.36"
::1 - - [07/Jul/2020:14:37:55 +0000] "POST /users/create-session HTTP/1.1" 302 46 "http://localhost:8000/users/sign-in" "Mozilla/5.0 (X11; Linux x86_64) AppleWebKit/537.36 (KHTML, like Gecko) Chrome/83.0.4103.116 Safari/537.36"
::1 - - [07/Jul/2020:14:37:55 +0000] "GET / HTTP/1.1" 200 13100 "http://localhost:8000/users/sign-in" "Mozilla/5.0 (X11; Linux x86_64) AppleWebKit/537.36 (KHTML, like Gecko) Chrome/83.0.4103.116 Safari/537.36"
::1 - - [07/Jul/2020:14:37:59 +0000] "GET /users/profile/5eedc09dd4853c1dc6eab37a HTTP/1.1" 200 3815 "http://localhost:8000/" "Mozilla/5.0 (X11; Linux x86_64) AppleWebKit/537.36 (KHTML, like Gecko) Chrome/83.0.4103.116 Safari/537.36"
::1 - - [07/Jul/2020:14:38:01 +0000] "POST /isfriend/friend/5ee233349c48830765cb7464 HTTP/1.1" 302 164 "http://localhost:8000/users/profile/5eedc09dd4853c1dc6eab37a" "Mozilla/5.0 (X11; Linux x86_64) AppleWebKit/537.36 (KHTML, like Gecko) Chrome/83.0.4103.116 Safari/537.36"
::1 - - [07/Jul/2020:14:38:01 +0000] "GET /users/profile/5eedc09dd4853c1dc6eab37a HTTP/1.1" 200 4005 "http://localhost:8000/users/profile/5eedc09dd4853c1dc6eab37a" "Mozilla/5.0 (X11; Linux x86_64) AppleWebKit/537.36 (KHTML, like Gecko) Chrome/83.0.4103.116 Safari/537.36"
::1 - - [07/Jul/2020:14:38:04 +0000] "POST /users/update/5eedc09dd4853c1dc6eab37a HTTP/1.1" 302 164 "http://localhost:8000/users/profile/5eedc09dd4853c1dc6eab37a" "Mozilla/5.0 (X11; Linux x86_64) AppleWebKit/537.36 (KHTML, like Gecko) Chrome/83.0.4103.116 Safari/537.36"
::1 - - [07/Jul/2020:14:38:04 +0000] "GET /users/profile/5eedc09dd4853c1dc6eab37a HTTP/1.1" 200 3685 "http://localhost:8000/users/profile/5eedc09dd4853c1dc6eab37a" "Mozilla/5.0 (X11; Linux x86_64) AppleWebKit/537.36 (KHTML, like Gecko) Chrome/83.0.4103.116 Safari/537.36"
::1 - - [07/Jul/2020:14:38:06 +0000] "POST /users/update/5eedc09dd4853c1dc6eab37a HTTP/1.1" 302 164 "http://localhost:8000/users/profile/5eedc09dd4853c1dc6eab37a" "Mozilla/5.0 (X11; Linux x86_64) AppleWebKit/537.36 (KHTML, like Gecko) Chrome/83.0.4103.116 Safari/537.36"
::1 - - [07/Jul/2020:14:38:06 +0000] "GET /users/profile/5eedc09dd4853c1dc6eab37a HTTP/1.1" 304 - "http://localhost:8000/users/profile/5eedc09dd4853c1dc6eab37a" "Mozilla/5.0 (X11; Linux x86_64) AppleWebKit/537.36 (KHTML, like Gecko) Chrome/83.0.4103.116 Safari/537.36"
::1 - - [07/Jul/2020:14:38:31 +0000] "POST /users/update/5eedc09dd4853c1dc6eab37a HTTP/1.1" 302 164 "http://localhost:8000/users/profile/5eedc09dd4853c1dc6eab37a" "Mozilla/5.0 (X11; Linux x86_64) AppleWebKit/537.36 (KHTML, like Gecko) Chrome/83.0.4103.116 Safari/537.36"
::1 - - [07/Jul/2020:14:38:31 +0000] "GET /users/profile/5eedc09dd4853c1dc6eab37a HTTP/1.1" 200 3728 "http://localhost:8000/users/profile/5eedc09dd4853c1dc6eab37a" "Mozilla/5.0 (X11; Linux x86_64) AppleWebKit/537.36 (KHTML, like Gecko) Chrome/83.0.4103.116 Safari/537.36"
::1 - - [07/Jul/2020:14:38:37 +0000] "GET /users/sign-out HTTP/1.1" 302 46 "http://localhost:8000/users/profile/5eedc09dd4853c1dc6eab37a" "Mozilla/5.0 (X11; Linux x86_64) AppleWebKit/537.36 (KHTML, like Gecko) Chrome/83.0.4103.116 Safari/537.36"
::1 - - [07/Jul/2020:14:38:37 +0000] "GET / HTTP/1.1" 200 8382 "http://localhost:8000/users/profile/5eedc09dd4853c1dc6eab37a" "Mozilla/5.0 (X11; Linux x86_64) AppleWebKit/537.36 (KHTML, like Gecko) Chrome/83.0.4103.116 Safari/537.36"
::1 - - [07/Jul/2020:14:38:40 +0000] "GET /users/sign-in HTTP/1.1" 304 - "http://localhost:8000/" "Mozilla/5.0 (X11; Linux x86_64) AppleWebKit/537.36 (KHTML, like Gecko) Chrome/83.0.4103.116 Safari/537.36"
::1 - - [07/Jul/2020:14:38:46 +0000] "POST /users/create-session HTTP/1.1" 302 46 "http://localhost:8000/users/sign-in" "Mozilla/5.0 (X11; Linux x86_64) AppleWebKit/537.36 (KHTML, like Gecko) Chrome/83.0.4103.116 Safari/537.36"
::1 - - [07/Jul/2020:14:38:46 +0000] "GET / HTTP/1.1" 200 13594 "http://localhost:8000/users/sign-in" "Mozilla/5.0 (X11; Linux x86_64) AppleWebKit/537.36 (KHTML, like Gecko) Chrome/83.0.4103.116 Safari/537.36"
::1 - - [07/Jul/2020:14:39:14 +0000] "GET /users/sign-out HTTP/1.1" 302 46 "http://localhost:8000/" "Mozilla/5.0 (X11; Linux x86_64) AppleWebKit/537.36 (KHTML, like Gecko) Chrome/83.0.4103.116 Safari/537.36"
::1 - - [07/Jul/2020:14:39:14 +0000] "GET / HTTP/1.1" 200 8382 "http://localhost:8000/" "Mozilla/5.0 (X11; Linux x86_64) AppleWebKit/537.36 (KHTML, like Gecko) Chrome/83.0.4103.116 Safari/537.36"
::1 - - [07/Jul/2020:14:39:17 +0000] "GET /users/sign-in HTTP/1.1" 304 - "http://localhost:8000/" "Mozilla/5.0 (X11; Linux x86_64) AppleWebKit/537.36 (KHTML, like Gecko) Chrome/83.0.4103.116 Safari/537.36"
::1 - - [07/Jul/2020:14:39:25 +0000] "POST /users/create-session HTTP/1.1" 302 72 "http://localhost:8000/users/sign-in" "Mozilla/5.0 (X11; Linux x86_64) AppleWebKit/537.36 (KHTML, like Gecko) Chrome/83.0.4103.116 Safari/537.36"
::1 - - [07/Jul/2020:14:39:25 +0000] "GET /users/sign-in HTTP/1.1" 200 2810 "http://localhost:8000/users/sign-in" "Mozilla/5.0 (X11; Linux x86_64) AppleWebKit/537.36 (KHTML, like Gecko) Chrome/83.0.4103.116 Safari/537.36"
::1 - - [07/Jul/2020:14:39:31 +0000] "POST /users/create-session HTTP/1.1" 302 72 "http://localhost:8000/users/sign-in" "Mozilla/5.0 (X11; Linux x86_64) AppleWebKit/537.36 (KHTML, like Gecko) Chrome/83.0.4103.116 Safari/537.36"
::1 - - [07/Jul/2020:14:39:31 +0000] "GET /users/sign-in HTTP/1.1" 304 - "http://localhost:8000/users/sign-in" "Mozilla/5.0 (X11; Linux x86_64) AppleWebKit/537.36 (KHTML, like Gecko) Chrome/83.0.4103.116 Safari/537.36"
::1 - - [07/Jul/2020:14:39:38 +0000] "POST /users/create-session HTTP/1.1" 302 46 "http://localhost:8000/users/sign-in" "Mozilla/5.0 (X11; Linux x86_64) AppleWebKit/537.36 (KHTML, like Gecko) Chrome/83.0.4103.116 Safari/537.36"
::1 - - [07/Jul/2020:14:39:38 +0000] "GET / HTTP/1.1" 200 12873 "http://localhost:8000/users/sign-in" "Mozilla/5.0 (X11; Linux x86_64) AppleWebKit/537.36 (KHTML, like Gecko) Chrome/83.0.4103.116 Safari/537.36"
::1 - - [07/Jul/2020:14:39:42 +0000] "GET /users/profile/5efa22193fc78c5e33a65a2b HTTP/1.1" 200 3461 "http://localhost:8000/" "Mozilla/5.0 (X11; Linux x86_64) AppleWebKit/537.36 (KHTML, like Gecko) Chrome/83.0.4103.116 Safari/537.36"
::1 - - [07/Jul/2020:14:39:44 +0000] "POST /isfriend/friend/5ee233349c48830765cb7464 HTTP/1.1" 302 164 "http://localhost:8000/users/profile/5efa22193fc78c5e33a65a2b" "Mozilla/5.0 (X11; Linux x86_64) AppleWebKit/537.36 (KHTML, like Gecko) Chrome/83.0.4103.116 Safari/537.36"
::1 - - [07/Jul/2020:14:39:44 +0000] "GET /users/profile/5efa22193fc78c5e33a65a2b HTTP/1.1" 200 3651 "http://localhost:8000/users/profile/5efa22193fc78c5e33a65a2b" "Mozilla/5.0 (X11; Linux x86_64) AppleWebKit/537.36 (KHTML, like Gecko) Chrome/83.0.4103.116 Safari/537.36"
::1 - - [07/Jul/2020:14:39:48 +0000] "GET / HTTP/1.1" 200 12793 "http://localhost:8000/users/profile/5efa22193fc78c5e33a65a2b" "Mozilla/5.0 (X11; Linux x86_64) AppleWebKit/537.36 (KHTML, like Gecko) Chrome/83.0.4103.116 Safari/537.36"
::1 - - [07/Jul/2020:14:39:51 +0000] "GET /users/sign-out HTTP/1.1" 302 46 "http://localhost:8000/" "Mozilla/5.0 (X11; Linux x86_64) AppleWebKit/537.36 (KHTML, like Gecko) Chrome/83.0.4103.116 Safari/537.36"
::1 - - [07/Jul/2020:14:39:51 +0000] "GET / HTTP/1.1" 200 8382 "http://localhost:8000/" "Mozilla/5.0 (X11; Linux x86_64) AppleWebKit/537.36 (KHTML, like Gecko) Chrome/83.0.4103.116 Safari/537.36"
::1 - - [07/Jul/2020:14:39:55 +0000] "GET /users/sign-in HTTP/1.1" 200 2491 "http://localhost:8000/" "Mozilla/5.0 (X11; Linux x86_64) AppleWebKit/537.36 (KHTML, like Gecko) Chrome/83.0.4103.116 Safari/537.36"
::1 - - [07/Jul/2020:14:40:00 +0000] "POST /users/create-session HTTP/1.1" 302 46 "http://localhost:8000/users/sign-in" "Mozilla/5.0 (X11; Linux x86_64) AppleWebKit/537.36 (KHTML, like Gecko) Chrome/83.0.4103.116 Safari/537.36"
::1 - - [07/Jul/2020:14:40:00 +0000] "GET / HTTP/1.1" 200 13804 "http://localhost:8000/users/sign-in" "Mozilla/5.0 (X11; Linux x86_64) AppleWebKit/537.36 (KHTML, like Gecko) Chrome/83.0.4103.116 Safari/537.36"
::1 - - [07/Jul/2020:14:57:50 +0000] "GET / HTTP/1.1" 200 13388 "http://localhost:8000/users/sign-in" "Mozilla/5.0 (X11; Linux x86_64) AppleWebKit/537.36 (KHTML, like Gecko) Chrome/83.0.4103.116 Safari/537.36"
::1 - - [07/Jul/2020:14:57:50 +0000] "GET /undefined HTTP/1.1" 404 148 "http://localhost:8000/" "Mozilla/5.0 (X11; Linux x86_64) AppleWebKit/537.36 (KHTML, like Gecko) Chrome/83.0.4103.116 Safari/537.36"
::1 - - [07/Jul/2020:14:57:50 +0000] "GET /undefined HTTP/1.1" 404 148 "http://localhost:8000/" "Mozilla/5.0 (X11; Linux x86_64) AppleWebKit/537.36 (KHTML, like Gecko) Chrome/83.0.4103.116 Safari/537.36"
::1 - - [07/Jul/2020:15:00:16 +0000] "GET / HTTP/1.1" 200 13538 "http://localhost:8000/users/sign-in" "Mozilla/5.0 (X11; Linux x86_64) AppleWebKit/537.36 (KHTML, like Gecko) Chrome/83.0.4103.116 Safari/537.36"
::1 - - [07/Jul/2020:15:02:09 +0000] "GET / HTTP/1.1" 304 - "http://localhost:8000/users/sign-in" "Mozilla/5.0 (X11; Linux x86_64) AppleWebKit/537.36 (KHTML, like Gecko) Chrome/83.0.4103.116 Safari/537.36"
::1 - - [07/Jul/2020:15:02:20 +0000] "POST /likes/toggle/?id=5ee8fe5041b0b4311b91da60&type=Post HTTP/1.1" 200 56 "http://localhost:8000/" "Mozilla/5.0 (X11; Linux x86_64) AppleWebKit/537.36 (KHTML, like Gecko) Chrome/83.0.4103.116 Safari/537.36"
::1 - - [07/Jul/2020:15:02:20 +0000] "POST /likes/toggle/?id=5ee8fe5041b0b4311b91da60&type=Post HTTP/1.1" 200 57 "http://localhost:8000/" "Mozilla/5.0 (X11; Linux x86_64) AppleWebKit/537.36 (KHTML, like Gecko) Chrome/83.0.4103.116 Safari/537.36"
::1 - - [07/Jul/2020:15:02:23 +0000] "POST /likes/toggle/?id=5ee8fe5041b0b4311b91da5f&type=Post HTTP/1.1" 200 57 "http://localhost:8000/" "Mozilla/5.0 (X11; Linux x86_64) AppleWebKit/537.36 (KHTML, like Gecko) Chrome/83.0.4103.116 Safari/537.36"
::1 - - [07/Jul/2020:15:02:27 +0000] "POST /likes/toggle/?id=5ee8fe5041b0b4311b91da5e&type=Post HTTP/1.1" 200 57 "http://localhost:8000/" "Mozilla/5.0 (X11; Linux x86_64) AppleWebKit/537.36 (KHTML, like Gecko) Chrome/83.0.4103.116 Safari/537.36"
::1 - - [07/Jul/2020:15:03:53 +0000] "GET / HTTP/1.1" 200 13538 "http://localhost:8000/users/sign-in" "Mozilla/5.0 (X11; Linux x86_64) AppleWebKit/537.36 (KHTML, like Gecko) Chrome/83.0.4103.116 Safari/537.36"
::1 - - [07/Jul/2020:15:04:13 +0000] "GET /users/profile/5ee233349c48830765cb7464 HTTP/1.1" 200 4385 "http://localhost:8000/" "Mozilla/5.0 (X11; Linux x86_64) AppleWebKit/537.36 (KHTML, like Gecko) Chrome/83.0.4103.116 Safari/537.36"
::1 - - [07/Jul/2020:15:04:15 +0000] "GET / HTTP/1.1" 304 - "http://localhost:8000/users/profile/5ee233349c48830765cb7464" "Mozilla/5.0 (X11; Linux x86_64) AppleWebKit/537.36 (KHTML, like Gecko) Chrome/83.0.4103.116 Safari/537.36"
::1 - - [07/Jul/2020:18:00:32 +0000] "GET / HTTP/1.1" 200 8066 "-" "Mozilla/5.0 (X11; Linux x86_64) AppleWebKit/537.36 (KHTML, like Gecko) Chrome/83.0.4103.116 Safari/537.36"
::1 - - [07/Jul/2020:18:00:35 +0000] "GET /users/sign-in HTTP/1.1" 304 - "http://localhost:8000/" "Mozilla/5.0 (X11; Linux x86_64) AppleWebKit/537.36 (KHTML, like Gecko) Chrome/83.0.4103.116 Safari/537.36"
::1 - - [07/Jul/2020:18:00:41 +0000] "POST /users/create-session HTTP/1.1" 302 46 "http://localhost:8000/users/sign-in" "Mozilla/5.0 (X11; Linux x86_64) AppleWebKit/537.36 (KHTML, like Gecko) Chrome/83.0.4103.116 Safari/537.36"
::1 - - [07/Jul/2020:18:00:41 +0000] "GET / HTTP/1.1" 200 13857 "http://localhost:8000/users/sign-in" "Mozilla/5.0 (X11; Linux x86_64) AppleWebKit/537.36 (KHTML, like Gecko) Chrome/83.0.4103.116 Safari/537.36"
::1 - - [07/Jul/2020:18:09:37 +0000] "GET / HTTP/1.1" 200 13538 "-" "Mozilla/5.0 (X11; Linux x86_64) AppleWebKit/537.36 (KHTML, like Gecko) Chrome/83.0.4103.116 Safari/537.36"
::1 - - [07/Jul/2020:18:10:24 +0000] "GET /users/features/todo/5ee233349c48830765cb7464 HTTP/1.1" 304 - "http://localhost:8000/" "Mozilla/5.0 (X11; Linux x86_64) AppleWebKit/537.36 (KHTML, like Gecko) Chrome/83.0.4103.116 Safari/537.36"
::1 - - [07/Jul/2020:18:10:24 +0000] "GET /js/home.js HTTP/1.1" 404 149 "http://localhost:8000/users/features/todo/5ee233349c48830765cb7464" "Mozilla/5.0 (X11; Linux x86_64) AppleWebKit/537.36 (KHTML, like Gecko) Chrome/83.0.4103.116 Safari/537.36"
::1 - - [07/Jul/2020:18:10:24 +0000] "GET /js/home.js HTTP/1.1" 404 149 "http://localhost:8000/users/features/todo/5ee233349c48830765cb7464" "Mozilla/5.0 (X11; Linux x86_64) AppleWebKit/537.36 (KHTML, like Gecko) Chrome/83.0.4103.116 Safari/537.36"
::1 - - [07/Jul/2020:18:15:01 +0000] "GET /users/features/todo/5ee233349c48830765cb7464 HTTP/1.1" 304 - "http://localhost:8000/" "Mozilla/5.0 (Linux; Android 5.0; SM-G900P Build/LRX21T) AppleWebKit/537.36 (KHTML, like Gecko) Chrome/83.0.4103.116 Mobile Safari/537.36"
::1 - - [07/Jul/2020:18:15:01 +0000] "GET /js/home.js HTTP/1.1" 404 149 "http://localhost:8000/users/features/todo/5ee233349c48830765cb7464" "Mozilla/5.0 (Linux; Android 5.0; SM-G900P Build/LRX21T) AppleWebKit/537.36 (KHTML, like Gecko) Chrome/83.0.4103.116 Mobile Safari/537.36"
::1 - - [07/Jul/2020:18:15:02 +0000] "GET /js/home.js HTTP/1.1" 404 149 "http://localhost:8000/users/features/todo/5ee233349c48830765cb7464" "Mozilla/5.0 (Linux; Android 5.0; SM-G900P Build/LRX21T) AppleWebKit/537.36 (KHTML, like Gecko) Chrome/83.0.4103.116 Mobile Safari/537.36"
::1 - - [07/Jul/2020:18:15:19 +0000] "GET /users/features/todo/5ee233349c48830765cb7464 HTTP/1.1" 304 - "http://localhost:8000/" "Mozilla/5.0 (Linux; Android 5.0; SM-G900P Build/LRX21T) AppleWebKit/537.36 (KHTML, like Gecko) Chrome/83.0.4103.116 Mobile Safari/537.36"
::1 - - [07/Jul/2020:18:15:19 +0000] "GET /js/home.js HTTP/1.1" 404 149 "http://localhost:8000/users/features/todo/5ee233349c48830765cb7464" "Mozilla/5.0 (Linux; Android 5.0; SM-G900P Build/LRX21T) AppleWebKit/537.36 (KHTML, like Gecko) Chrome/83.0.4103.116 Mobile Safari/537.36"
::1 - - [07/Jul/2020:18:15:19 +0000] "GET /js/home.js HTTP/1.1" 404 149 "http://localhost:8000/users/features/todo/5ee233349c48830765cb7464" "Mozilla/5.0 (Linux; Android 5.0; SM-G900P Build/LRX21T) AppleWebKit/537.36 (KHTML, like Gecko) Chrome/83.0.4103.116 Mobile Safari/537.36"
::1 - - [07/Jul/2020:18:15:31 +0000] "GET / HTTP/1.1" 304 - "http://localhost:8000/users/features/todo/5ee233349c48830765cb7464" "Mozilla/5.0 (X11; Linux x86_64) AppleWebKit/537.36 (KHTML, like Gecko) Chrome/83.0.4103.116 Safari/537.36"
::1 - - [07/Jul/2020:18:15:36 +0000] "GET /users/features/calculator HTTP/1.1" 304 - "http://localhost:8000/" "Mozilla/5.0 (X11; Linux x86_64) AppleWebKit/537.36 (KHTML, like Gecko) Chrome/83.0.4103.116 Safari/537.36"
::1 - - [07/Jul/2020:18:15:38 +0000] "GET / HTTP/1.1" 304 - "http://localhost:8000/users/features/calculator" "Mozilla/5.0 (X11; Linux x86_64) AppleWebKit/537.36 (KHTML, like Gecko) Chrome/83.0.4103.116 Safari/537.36"
::1 - - [07/Jul/2020:18:18:56 +0000] "POST /search HTTP/1.1" 200 286 "http://localhost:8000/" "Mozilla/5.0 (X11; Linux x86_64) AppleWebKit/537.36 (KHTML, like Gecko) Chrome/83.0.4103.116 Safari/537.36"
::1 - - [07/Jul/2020:18:19:01 +0000] "GET / HTTP/1.1" 304 - "http://localhost:8000/users/features/calculator" "Mozilla/5.0 (X11; Linux x86_64) AppleWebKit/537.36 (KHTML, like Gecko) Chrome/83.0.4103.116 Safari/537.36"
::1 - - [07/Jul/2020:18:20:27 +0000] "POST /likes/toggle/?id=5ee8fe5041b0b4311b91da60&type=Post HTTP/1.1" 200 56 "http://localhost:8000/" "Mozilla/5.0 (X11; Linux x86_64) AppleWebKit/537.36 (KHTML, like Gecko) Chrome/83.0.4103.116 Safari/537.36"
::1 - - [07/Jul/2020:18:20:28 +0000] "POST /likes/toggle/?id=5ee8fe5041b0b4311b91da60&type=Post HTTP/1.1" 200 57 "http://localhost:8000/" "Mozilla/5.0 (X11; Linux x86_64) AppleWebKit/537.36 (KHTML, like Gecko) Chrome/83.0.4103.116 Safari/537.36"
::1 - - [07/Jul/2020:18:20:33 +0000] "POST /likes/toggle/?id=5ee8fe5041b0b4311b91da5f&type=Post HTTP/1.1" 200 56 "http://localhost:8000/" "Mozilla/5.0 (X11; Linux x86_64) AppleWebKit/537.36 (KHTML, like Gecko) Chrome/83.0.4103.116 Safari/537.36"
::1 - - [07/Jul/2020:18:20:34 +0000] "POST /likes/toggle/?id=5ee8fe5041b0b4311b91da5f&type=Post HTTP/1.1" 200 57 "http://localhost:8000/" "Mozilla/5.0 (X11; Linux x86_64) AppleWebKit/537.36 (KHTML, like Gecko) Chrome/83.0.4103.116 Safari/537.36"
::1 - - [07/Jul/2020:18:20:35 +0000] "POST /likes/toggle/?id=5ee8fe5041b0b4311b91da5f&type=Post HTTP/1.1" 200 56 "http://localhost:8000/" "Mozilla/5.0 (X11; Linux x86_64) AppleWebKit/537.36 (KHTML, like Gecko) Chrome/83.0.4103.116 Safari/537.36"
::1 - - [07/Jul/2020:18:20:36 +0000] "POST /likes/toggle/?id=5ee8fe5041b0b4311b91da5f&type=Post HTTP/1.1" 200 57 "http://localhost:8000/" "Mozilla/5.0 (X11; Linux x86_64) AppleWebKit/537.36 (KHTML, like Gecko) Chrome/83.0.4103.116 Safari/537.36"
::1 - - [07/Jul/2020:18:20:41 +0000] "GET / HTTP/1.1" 304 - "http://localhost:8000/users/features/calculator" "Mozilla/5.0 (X11; Linux x86_64) AppleWebKit/537.36 (KHTML, like Gecko) Chrome/83.0.4103.116 Safari/537.36"
::1 - - [07/Jul/2020:18:23:39 +0000] "GET / HTTP/1.1" 200 13538 "http://localhost:8000/users/features/calculator" "Mozilla/5.0 (X11; Linux x86_64) AppleWebKit/537.36 (KHTML, like Gecko) Chrome/83.0.4103.116 Safari/537.36"
::1 - - [07/Jul/2020:18:23:59 +0000] "GET / HTTP/1.1" 304 - "http://localhost:8000/users/features/calculator" "Mozilla/5.0 (X11; Linux x86_64) AppleWebKit/537.36 (KHTML, like Gecko) Chrome/83.0.4103.116 Safari/537.36"
::1 - - [07/Jul/2020:18:24:02 +0000] "GET / HTTP/1.1" 304 - "http://localhost:8000/users/features/calculator" "Mozilla/5.0 (X11; Linux x86_64) AppleWebKit/537.36 (KHTML, like Gecko) Chrome/83.0.4103.116 Safari/537.36"
::1 - - [07/Jul/2020:18:24:03 +0000] "GET / HTTP/1.1" 304 - "http://localhost:8000/users/features/calculator" "Mozilla/5.0 (X11; Linux x86_64) AppleWebKit/537.36 (KHTML, like Gecko) Chrome/83.0.4103.116 Safari/537.36"
::1 - - [07/Jul/2020:18:24:26 +0000] "GET / HTTP/1.1" 304 - "http://localhost:8000/users/features/calculator" "Mozilla/5.0 (X11; Linux x86_64) AppleWebKit/537.36 (KHTML, like Gecko) Chrome/83.0.4103.116 Safari/537.36"
::1 - - [07/Jul/2020:18:24:27 +0000] "GET / HTTP/1.1" 304 - "http://localhost:8000/users/features/calculator" "Mozilla/5.0 (X11; Linux x86_64) AppleWebKit/537.36 (KHTML, like Gecko) Chrome/83.0.4103.116 Safari/537.36"
::1 - - [07/Jul/2020:18:24:29 +0000] "GET / HTTP/1.1" 304 - "http://localhost:8000/users/features/calculator" "Mozilla/5.0 (X11; Linux x86_64) AppleWebKit/537.36 (KHTML, like Gecko) Chrome/83.0.4103.116 Safari/537.36"
::1 - - [07/Jul/2020:18:25:30 +0000] "GET / HTTP/1.1" 200 13538 "http://localhost:8000/users/features/calculator" "Mozilla/5.0 (X11; Linux x86_64) AppleWebKit/537.36 (KHTML, like Gecko) Chrome/83.0.4103.116 Safari/537.36"
::1 - - [07/Jul/2020:18:27:55 +0000] "GET /users/profile/5ee233349c48830765cb7464 HTTP/1.1" 304 - "http://localhost:8000/" "Mozilla/5.0 (X11; Linux x86_64) AppleWebKit/537.36 (KHTML, like Gecko) Chrome/83.0.4103.116 Safari/537.36"
::1 - - [07/Jul/2020:18:27:59 +0000] "GET / HTTP/1.1" 304 - "http://localhost:8000/users/profile/5ee233349c48830765cb7464" "Mozilla/5.0 (X11; Linux x86_64) AppleWebKit/537.36 (KHTML, like Gecko) Chrome/83.0.4103.116 Safari/537.36"
::1 - - [07/Jul/2020:18:28:00 +0000] "GET /users/profile/5ee233349c48830765cb7464 HTTP/1.1" 304 - "http://localhost:8000/" "Mozilla/5.0 (X11; Linux x86_64) AppleWebKit/537.36 (KHTML, like Gecko) Chrome/83.0.4103.116 Safari/537.36"
