::1 - - [29/Jun/2020:20:48:56 +0000] "GET / HTTP/1.1" 200 16645 "http://localhost:8000/users/profile/5efa22193fc78c5e33a65a2b" "Mozilla/5.0 (X11; Linux x86_64) AppleWebKit/537.36 (KHTML, like Gecko) Chrome/83.0.4103.116 Safari/537.36"
::1 - - [29/Jun/2020:20:50:09 +0000] "POST /search HTTP/1.1" - - "http://localhost:8000/" "Mozilla/5.0 (X11; Linux x86_64) AppleWebKit/537.36 (KHTML, like Gecko) Chrome/83.0.4103.116 Safari/537.36"
::1 - - [29/Jun/2020:20:50:09 +0000] "GET /users/sign-in HTTP/1.1" 200 2535 "http://localhost:8000/" "Mozilla/5.0 (X11; Linux x86_64) AppleWebKit/537.36 (KHTML, like Gecko) Chrome/83.0.4103.116 Safari/537.36"
::1 - - [29/Jun/2020:20:51:31 +0000] "POST /users/create-session HTTP/1.1" 302 46 "http://localhost:8000/users/sign-in" "Mozilla/5.0 (X11; Linux x86_64) AppleWebKit/537.36 (KHTML, like Gecko) Chrome/83.0.4103.116 Safari/537.36"
::1 - - [29/Jun/2020:20:51:31 +0000] "GET / HTTP/1.1" 200 28859 "http://localhost:8000/users/sign-in" "Mozilla/5.0 (X11; Linux x86_64) AppleWebKit/537.36 (KHTML, like Gecko) Chrome/83.0.4103.116 Safari/537.36"
::1 - - [30/Jun/2020:05:50:11 +0000] "GET / HTTP/1.1" 200 16645 "-" "Mozilla/5.0 (X11; Linux x86_64) AppleWebKit/537.36 (KHTML, like Gecko) Chrome/83.0.4103.116 Safari/537.36"
::1 - - [30/Jun/2020:05:50:15 +0000] "GET /users/sign-in HTTP/1.1" 304 - "http://localhost:8000/" "Mozilla/5.0 (X11; Linux x86_64) AppleWebKit/537.36 (KHTML, like Gecko) Chrome/83.0.4103.116 Safari/537.36"
::1 - - [30/Jun/2020:05:50:22 +0000] "POST /users/create-session HTTP/1.1" 302 46 "http://localhost:8000/users/sign-in" "Mozilla/5.0 (X11; Linux x86_64) AppleWebKit/537.36 (KHTML, like Gecko) Chrome/83.0.4103.116 Safari/537.36"
::1 - - [30/Jun/2020:05:50:22 +0000] "GET / HTTP/1.1" 200 28859 "http://localhost:8000/users/sign-in" "Mozilla/5.0 (X11; Linux x86_64) AppleWebKit/537.36 (KHTML, like Gecko) Chrome/83.0.4103.116 Safari/537.36"
::1 - - [30/Jun/2020:05:50:25 +0000] "GET /users/profile/5ee8fe3a41b0b4311b91da5b HTTP/1.1" 200 2697 "http://localhost:8000/" "Mozilla/5.0 (X11; Linux x86_64) AppleWebKit/537.36 (KHTML, like Gecko) Chrome/83.0.4103.116 Safari/537.36"
::1 - - [30/Jun/2020:05:50:27 +0000] "POST /isfriend HTTP/1.1" 302 164 "http://localhost:8000/users/profile/5ee8fe3a41b0b4311b91da5b" "Mozilla/5.0 (X11; Linux x86_64) AppleWebKit/537.36 (KHTML, like Gecko) Chrome/83.0.4103.116 Safari/537.36"
::1 - - [30/Jun/2020:05:50:27 +0000] "GET /users/profile/5ee8fe3a41b0b4311b91da5b HTTP/1.1" 200 3008 "http://localhost:8000/users/profile/5ee8fe3a41b0b4311b91da5b" "Mozilla/5.0 (X11; Linux x86_64) AppleWebKit/537.36 (KHTML, like Gecko) Chrome/83.0.4103.116 Safari/537.36"
::1 - - [30/Jun/2020:05:50:35 +0000] "POST /isfriend HTTP/1.1" 302 164 "http://localhost:8000/users/profile/5ee8fe3a41b0b4311b91da5b" "Mozilla/5.0 (X11; Linux x86_64) AppleWebKit/537.36 (KHTML, like Gecko) Chrome/83.0.4103.116 Safari/537.36"
::1 - - [30/Jun/2020:05:50:35 +0000] "GET /users/profile/5ee8fe3a41b0b4311b91da5b HTTP/1.1" 304 - "http://localhost:8000/users/profile/5ee8fe3a41b0b4311b91da5b" "Mozilla/5.0 (X11; Linux x86_64) AppleWebKit/537.36 (KHTML, like Gecko) Chrome/83.0.4103.116 Safari/537.36"
::1 - - [30/Jun/2020:05:50:36 +0000] "POST /isfriend HTTP/1.1" 302 164 "http://localhost:8000/users/profile/5ee8fe3a41b0b4311b91da5b" "Mozilla/5.0 (X11; Linux x86_64) AppleWebKit/537.36 (KHTML, like Gecko) Chrome/83.0.4103.116 Safari/537.36"
::1 - - [30/Jun/2020:05:50:36 +0000] "GET /users/profile/5ee8fe3a41b0b4311b91da5b HTTP/1.1" 304 - "http://localhost:8000/users/profile/5ee8fe3a41b0b4311b91da5b" "Mozilla/5.0 (X11; Linux x86_64) AppleWebKit/537.36 (KHTML, like Gecko) Chrome/83.0.4103.116 Safari/537.36"
::1 - - [30/Jun/2020:05:50:41 +0000] "POST /isfriend HTTP/1.1" 302 164 "http://localhost:8000/users/profile/5ee8fe3a41b0b4311b91da5b" "Mozilla/5.0 (X11; Linux x86_64) AppleWebKit/537.36 (KHTML, like Gecko) Chrome/83.0.4103.116 Safari/537.36"
::1 - - [30/Jun/2020:05:50:41 +0000] "GET /users/profile/5ee8fe3a41b0b4311b91da5b HTTP/1.1" 304 - "http://localhost:8000/users/profile/5ee8fe3a41b0b4311b91da5b" "Mozilla/5.0 (X11; Linux x86_64) AppleWebKit/537.36 (KHTML, like Gecko) Chrome/83.0.4103.116 Safari/537.36"
::1 - - [30/Jun/2020:06:00:49 +0000] "POST /isfriend HTTP/1.1" 302 164 "http://localhost:8000/users/profile/5ee8fe3a41b0b4311b91da5b" "Mozilla/5.0 (X11; Linux x86_64) AppleWebKit/537.36 (KHTML, like Gecko) Chrome/83.0.4103.116 Safari/537.36"
::1 - - [30/Jun/2020:06:00:49 +0000] "GET /users/profile/5ee8fe3a41b0b4311b91da5b HTTP/1.1" 304 - "http://localhost:8000/users/profile/5ee8fe3a41b0b4311b91da5b" "Mozilla/5.0 (X11; Linux x86_64) AppleWebKit/537.36 (KHTML, like Gecko) Chrome/83.0.4103.116 Safari/537.36"
::1 - - [30/Jun/2020:06:04:31 +0000] "POST /isfriend HTTP/1.1" 302 164 "http://localhost:8000/users/profile/5ee8fe3a41b0b4311b91da5b" "Mozilla/5.0 (X11; Linux x86_64) AppleWebKit/537.36 (KHTML, like Gecko) Chrome/83.0.4103.116 Safari/537.36"
::1 - - [30/Jun/2020:06:04:31 +0000] "GET /users/profile/5ee8fe3a41b0b4311b91da5b HTTP/1.1" 304 - "http://localhost:8000/users/profile/5ee8fe3a41b0b4311b91da5b" "Mozilla/5.0 (X11; Linux x86_64) AppleWebKit/537.36 (KHTML, like Gecko) Chrome/83.0.4103.116 Safari/537.36"
::1 - - [30/Jun/2020:06:04:36 +0000] "GET / HTTP/1.1" 200 28459 "http://localhost:8000/users/profile/5ee8fe3a41b0b4311b91da5b" "Mozilla/5.0 (X11; Linux x86_64) AppleWebKit/537.36 (KHTML, like Gecko) Chrome/83.0.4103.116 Safari/537.36"
::1 - - [30/Jun/2020:06:04:39 +0000] "POST /search HTTP/1.1" 200 259 "http://localhost:8000/" "Mozilla/5.0 (X11; Linux x86_64) AppleWebKit/537.36 (KHTML, like Gecko) Chrome/83.0.4103.116 Safari/537.36"
::1 - - [30/Jun/2020:06:04:42 +0000] "GET /users/profile/5efa22193fc78c5e33a65a2b HTTP/1.1" 200 2622 "http://localhost:8000/" "Mozilla/5.0 (X11; Linux x86_64) AppleWebKit/537.36 (KHTML, like Gecko) Chrome/83.0.4103.116 Safari/537.36"
::1 - - [30/Jun/2020:06:04:44 +0000] "POST /isfriend HTTP/1.1" 302 164 "http://localhost:8000/users/profile/5efa22193fc78c5e33a65a2b" "Mozilla/5.0 (X11; Linux x86_64) AppleWebKit/537.36 (KHTML, like Gecko) Chrome/83.0.4103.116 Safari/537.36"
::1 - - [30/Jun/2020:06:04:44 +0000] "GET /users/profile/5efa22193fc78c5e33a65a2b HTTP/1.1" 200 3016 "http://localhost:8000/users/profile/5efa22193fc78c5e33a65a2b" "Mozilla/5.0 (X11; Linux x86_64) AppleWebKit/537.36 (KHTML, like Gecko) Chrome/83.0.4103.116 Safari/537.36"
::1 - - [30/Jun/2020:06:04:48 +0000] "POST /isfriend HTTP/1.1" 302 164 "http://localhost:8000/users/profile/5efa22193fc78c5e33a65a2b" "Mozilla/5.0 (X11; Linux x86_64) AppleWebKit/537.36 (KHTML, like Gecko) Chrome/83.0.4103.116 Safari/537.36"
::1 - - [30/Jun/2020:06:04:48 +0000] "GET /users/profile/5efa22193fc78c5e33a65a2b HTTP/1.1" 200 2938 "http://localhost:8000/users/profile/5efa22193fc78c5e33a65a2b" "Mozilla/5.0 (X11; Linux x86_64) AppleWebKit/537.36 (KHTML, like Gecko) Chrome/83.0.4103.116 Safari/537.36"
::1 - - [30/Jun/2020:06:05:02 +0000] "GET /users/profile/5efa22193fc78c5e33a65a2b HTTP/1.1" 200 2622 "http://localhost:8000/users/profile/5efa22193fc78c5e33a65a2b" "Mozilla/5.0 (X11; Linux x86_64) AppleWebKit/537.36 (KHTML, like Gecko) Chrome/83.0.4103.116 Safari/537.36"
::1 - - [30/Jun/2020:06:05:12 +0000] "POST /isfriend HTTP/1.1" 302 164 "http://localhost:8000/users/profile/5efa22193fc78c5e33a65a2b" "Mozilla/5.0 (X11; Linux x86_64) AppleWebKit/537.36 (KHTML, like Gecko) Chrome/83.0.4103.116 Safari/537.36"
::1 - - [30/Jun/2020:06:05:12 +0000] "GET /users/profile/5efa22193fc78c5e33a65a2b HTTP/1.1" 200 3016 "http://localhost:8000/users/profile/5efa22193fc78c5e33a65a2b" "Mozilla/5.0 (X11; Linux x86_64) AppleWebKit/537.36 (KHTML, like Gecko) Chrome/83.0.4103.116 Safari/537.36"
::1 - - [30/Jun/2020:06:06:00 +0000] "POST /isfriend HTTP/1.1" 302 164 "http://localhost:8000/users/profile/5efa22193fc78c5e33a65a2b" "Mozilla/5.0 (X11; Linux x86_64) AppleWebKit/537.36 (KHTML, like Gecko) Chrome/83.0.4103.116 Safari/537.36"
::1 - - [30/Jun/2020:06:06:00 +0000] "GET /users/profile/5efa22193fc78c5e33a65a2b HTTP/1.1" 200 2938 "http://localhost:8000/users/profile/5efa22193fc78c5e33a65a2b" "Mozilla/5.0 (X11; Linux x86_64) AppleWebKit/537.36 (KHTML, like Gecko) Chrome/83.0.4103.116 Safari/537.36"
::1 - - [30/Jun/2020:06:06:04 +0000] "POST /isfriend HTTP/1.1" 302 164 "http://localhost:8000/users/profile/5efa22193fc78c5e33a65a2b" "Mozilla/5.0 (X11; Linux x86_64) AppleWebKit/537.36 (KHTML, like Gecko) Chrome/83.0.4103.116 Safari/537.36"
::1 - - [30/Jun/2020:06:06:04 +0000] "GET /users/profile/5efa22193fc78c5e33a65a2b HTTP/1.1" 200 3016 "http://localhost:8000/users/profile/5efa22193fc78c5e33a65a2b" "Mozilla/5.0 (X11; Linux x86_64) AppleWebKit/537.36 (KHTML, like Gecko) Chrome/83.0.4103.116 Safari/537.36"
::1 - - [30/Jun/2020:06:06:07 +0000] "GET /users/sign-out HTTP/1.1" 302 46 "http://localhost:8000/users/profile/5efa22193fc78c5e33a65a2b" "Mozilla/5.0 (X11; Linux x86_64) AppleWebKit/537.36 (KHTML, like Gecko) Chrome/83.0.4103.116 Safari/537.36"
::1 - - [30/Jun/2020:06:06:07 +0000] "GET / HTTP/1.1" 200 17039 "http://localhost:8000/users/profile/5efa22193fc78c5e33a65a2b" "Mozilla/5.0 (X11; Linux x86_64) AppleWebKit/537.36 (KHTML, like Gecko) Chrome/83.0.4103.116 Safari/537.36"
::1 - - [30/Jun/2020:06:06:10 +0000] "GET /users/sign-in HTTP/1.1" 304 - "http://localhost:8000/" "Mozilla/5.0 (X11; Linux x86_64) AppleWebKit/537.36 (KHTML, like Gecko) Chrome/83.0.4103.116 Safari/537.36"
::1 - - [30/Jun/2020:06:06:19 +0000] "POST /users/create-session HTTP/1.1" 302 72 "http://localhost:8000/users/sign-in" "Mozilla/5.0 (X11; Linux x86_64) AppleWebKit/537.36 (KHTML, like Gecko) Chrome/83.0.4103.116 Safari/537.36"
::1 - - [30/Jun/2020:06:06:19 +0000] "GET /users/sign-in HTTP/1.1" 200 2855 "http://localhost:8000/users/sign-in" "Mozilla/5.0 (X11; Linux x86_64) AppleWebKit/537.36 (KHTML, like Gecko) Chrome/83.0.4103.116 Safari/537.36"
::1 - - [30/Jun/2020:06:06:30 +0000] "POST /users/create-session HTTP/1.1" 302 46 "http://localhost:8000/users/sign-in" "Mozilla/5.0 (X11; Linux x86_64) AppleWebKit/537.36 (KHTML, like Gecko) Chrome/83.0.4103.116 Safari/537.36"
::1 - - [30/Jun/2020:06:06:30 +0000] "GET / HTTP/1.1" 200 25500 "http://localhost:8000/users/sign-in" "Mozilla/5.0 (X11; Linux x86_64) AppleWebKit/537.36 (KHTML, like Gecko) Chrome/83.0.4103.116 Safari/537.36"
::1 - - [30/Jun/2020:06:06:33 +0000] "GET /users/profile/5efa22193fc78c5e33a65a2b HTTP/1.1" 200 3505 "http://localhost:8000/" "Mozilla/5.0 (X11; Linux x86_64) AppleWebKit/537.36 (KHTML, like Gecko) Chrome/83.0.4103.116 Safari/537.36"
::1 - - [30/Jun/2020:06:06:38 +0000] "POST /isfriend/friend/5ee233349c48830765cb7464 HTTP/1.1" 302 164 "http://localhost:8000/users/profile/5efa22193fc78c5e33a65a2b" "Mozilla/5.0 (X11; Linux x86_64) AppleWebKit/537.36 (KHTML, like Gecko) Chrome/83.0.4103.116 Safari/537.36"
::1 - - [30/Jun/2020:06:06:38 +0000] "GET /users/profile/5efa22193fc78c5e33a65a2b HTTP/1.1" 200 3777 "http://localhost:8000/users/profile/5efa22193fc78c5e33a65a2b" "Mozilla/5.0 (X11; Linux x86_64) AppleWebKit/537.36 (KHTML, like Gecko) Chrome/83.0.4103.116 Safari/537.36"
::1 - - [30/Jun/2020:06:06:44 +0000] "GET /isfriend/destroy/5ee233349c48830765cb7464 HTTP/1.1" 302 164 "http://localhost:8000/users/profile/5efa22193fc78c5e33a65a2b" "Mozilla/5.0 (X11; Linux x86_64) AppleWebKit/537.36 (KHTML, like Gecko) Chrome/83.0.4103.116 Safari/537.36"
::1 - - [30/Jun/2020:06:06:44 +0000] "GET /users/profile/5efa22193fc78c5e33a65a2b HTTP/1.1" 200 3049 "http://localhost:8000/users/profile/5efa22193fc78c5e33a65a2b" "Mozilla/5.0 (X11; Linux x86_64) AppleWebKit/537.36 (KHTML, like Gecko) Chrome/83.0.4103.116 Safari/537.36"
::1 - - [30/Jun/2020:06:13:13 +0000] "GET /users/profile/5efa22193fc78c5e33a65a2b HTTP/1.1" 304 - "http://localhost:8000/users/profile/5efa22193fc78c5e33a65a2b" "Mozilla/5.0 (X11; Linux x86_64) AppleWebKit/537.36 (KHTML, like Gecko) Chrome/83.0.4103.116 Safari/537.36"
::1 - - [30/Jun/2020:06:13:16 +0000] "GET /users/sign-out HTTP/1.1" 302 46 "http://localhost:8000/users/profile/5efa22193fc78c5e33a65a2b" "Mozilla/5.0 (X11; Linux x86_64) AppleWebKit/537.36 (KHTML, like Gecko) Chrome/83.0.4103.116 Safari/537.36"
::1 - - [30/Jun/2020:06:13:16 +0000] "GET / HTTP/1.1" 200 17039 "http://localhost:8000/users/profile/5efa22193fc78c5e33a65a2b" "Mozilla/5.0 (X11; Linux x86_64) AppleWebKit/537.36 (KHTML, like Gecko) Chrome/83.0.4103.116 Safari/537.36"
::1 - - [30/Jun/2020:06:13:19 +0000] "GET /users/sign-in HTTP/1.1" 200 2535 "http://localhost:8000/" "Mozilla/5.0 (X11; Linux x86_64) AppleWebKit/537.36 (KHTML, like Gecko) Chrome/83.0.4103.116 Safari/537.36"
::1 - - [30/Jun/2020:06:13:23 +0000] "POST /users/create-session HTTP/1.1" 302 46 "http://localhost:8000/users/sign-in" "Mozilla/5.0 (X11; Linux x86_64) AppleWebKit/537.36 (KHTML, like Gecko) Chrome/83.0.4103.116 Safari/537.36"
::1 - - [30/Jun/2020:06:13:23 +0000] "GET / HTTP/1.1" 200 28859 "http://localhost:8000/users/sign-in" "Mozilla/5.0 (X11; Linux x86_64) AppleWebKit/537.36 (KHTML, like Gecko) Chrome/83.0.4103.116 Safari/537.36"
::1 - - [30/Jun/2020:06:13:28 +0000] "GET /users/profile/5ee233349c48830765cb7464 HTTP/1.1" 200 4110 "http://localhost:8000/" "Mozilla/5.0 (X11; Linux x86_64) AppleWebKit/537.36 (KHTML, like Gecko) Chrome/83.0.4103.116 Safari/537.36"
::1 - - [30/Jun/2020:06:13:31 +0000] "GET / HTTP/1.1" 200 28459 "http://localhost:8000/users/profile/5ee233349c48830765cb7464" "Mozilla/5.0 (X11; Linux x86_64) AppleWebKit/537.36 (KHTML, like Gecko) Chrome/83.0.4103.116 Safari/537.36"
::1 - - [30/Jun/2020:06:13:33 +0000] "GET /users/profile/5ee8fe3a41b0b4311b91da5b HTTP/1.1" 200 2697 "http://localhost:8000/" "Mozilla/5.0 (X11; Linux x86_64) AppleWebKit/537.36 (KHTML, like Gecko) Chrome/83.0.4103.116 Safari/537.36"
::1 - - [30/Jun/2020:06:13:35 +0000] "POST /isfriend HTTP/1.1" 302 164 "http://localhost:8000/users/profile/5ee8fe3a41b0b4311b91da5b" "Mozilla/5.0 (X11; Linux x86_64) AppleWebKit/537.36 (KHTML, like Gecko) Chrome/83.0.4103.116 Safari/537.36"
::1 - - [30/Jun/2020:06:13:35 +0000] "GET /users/profile/5ee8fe3a41b0b4311b91da5b HTTP/1.1" 200 3008 "http://localhost:8000/users/profile/5ee8fe3a41b0b4311b91da5b" "Mozilla/5.0 (X11; Linux x86_64) AppleWebKit/537.36 (KHTML, like Gecko) Chrome/83.0.4103.116 Safari/537.36"
::1 - - [30/Jun/2020:06:13:38 +0000] "GET /users/profile/5ee8fe3a41b0b4311b91da5b HTTP/1.1" 200 2697 "http://localhost:8000/users/profile/5ee8fe3a41b0b4311b91da5b" "Mozilla/5.0 (X11; Linux x86_64) AppleWebKit/537.36 (KHTML, like Gecko) Chrome/83.0.4103.116 Safari/537.36"
::1 - - [30/Jun/2020:06:13:55 +0000] "GET /users/profile/5ee8fe3a41b0b4311b91da5b HTTP/1.1" 304 - "http://localhost:8000/users/profile/5ee8fe3a41b0b4311b91da5b" "Mozilla/5.0 (X11; Linux x86_64) AppleWebKit/537.36 (KHTML, like Gecko) Chrome/83.0.4103.116 Safari/537.36"
::1 - - [30/Jun/2020:06:13:57 +0000] "GET /users/profile/5ee8fe3a41b0b4311b91da5b HTTP/1.1" 304 - "http://localhost:8000/users/profile/5ee8fe3a41b0b4311b91da5b" "Mozilla/5.0 (X11; Linux x86_64) AppleWebKit/537.36 (KHTML, like Gecko) Chrome/83.0.4103.116 Safari/537.36"
::1 - - [30/Jun/2020:06:13:59 +0000] "GET /users/profile/5ee8fe3a41b0b4311b91da5b HTTP/1.1" 304 - "http://localhost:8000/users/profile/5ee8fe3a41b0b4311b91da5b" "Mozilla/5.0 (X11; Linux x86_64) AppleWebKit/537.36 (KHTML, like Gecko) Chrome/83.0.4103.116 Safari/537.36"
::1 - - [30/Jun/2020:06:14:00 +0000] "GET /users/profile/5ee8fe3a41b0b4311b91da5b HTTP/1.1" 304 - "http://localhost:8000/users/profile/5ee8fe3a41b0b4311b91da5b" "Mozilla/5.0 (X11; Linux x86_64) AppleWebKit/537.36 (KHTML, like Gecko) Chrome/83.0.4103.116 Safari/537.36"
::1 - - [30/Jun/2020:06:28:56 +0000] "GET /users/profile/5ee8fe3a41b0b4311b91da5b HTTP/1.1" 304 - "http://localhost:8000/users/profile/5ee8fe3a41b0b4311b91da5b" "Mozilla/5.0 (X11; Linux x86_64) AppleWebKit/537.36 (KHTML, like Gecko) Chrome/83.0.4103.116 Safari/537.36"
::1 - - [30/Jun/2020:06:31:28 +0000] "GET /users/profile/5ee8fe3a41b0b4311b91da5b HTTP/1.1" 304 - "http://localhost:8000/users/profile/5ee8fe3a41b0b4311b91da5b" "Mozilla/5.0 (X11; Linux x86_64) AppleWebKit/537.36 (KHTML, like Gecko) Chrome/83.0.4103.116 Safari/537.36"
::1 - - [30/Jun/2020:06:59:06 +0000] "GET /users/profile/5ee8fe3a41b0b4311b91da5b HTTP/1.1" 304 - "http://localhost:8000/users/profile/5ee8fe3a41b0b4311b91da5b" "Mozilla/5.0 (X11; Linux x86_64) AppleWebKit/537.36 (KHTML, like Gecko) Chrome/83.0.4103.116 Safari/537.36"
::1 - - [30/Jun/2020:06:59:22 +0000] "POST /isfriend HTTP/1.1" 302 164 "http://localhost:8000/users/profile/5ee8fe3a41b0b4311b91da5b" "Mozilla/5.0 (X11; Linux x86_64) AppleWebKit/537.36 (KHTML, like Gecko) Chrome/83.0.4103.116 Safari/537.36"
::1 - - [30/Jun/2020:06:59:22 +0000] "GET /users/profile/5ee8fe3a41b0b4311b91da5b HTTP/1.1" 304 - "http://localhost:8000/users/profile/5ee8fe3a41b0b4311b91da5b" "Mozilla/5.0 (X11; Linux x86_64) AppleWebKit/537.36 (KHTML, like Gecko) Chrome/83.0.4103.116 Safari/537.36"
::1 - - [30/Jun/2020:06:59:23 +0000] "POST /isfriend HTTP/1.1" 302 164 "http://localhost:8000/users/profile/5ee8fe3a41b0b4311b91da5b" "Mozilla/5.0 (X11; Linux x86_64) AppleWebKit/537.36 (KHTML, like Gecko) Chrome/83.0.4103.116 Safari/537.36"
::1 - - [30/Jun/2020:06:59:23 +0000] "GET /users/profile/5ee8fe3a41b0b4311b91da5b HTTP/1.1" 304 - "http://localhost:8000/users/profile/5ee8fe3a41b0b4311b91da5b" "Mozilla/5.0 (X11; Linux x86_64) AppleWebKit/537.36 (KHTML, like Gecko) Chrome/83.0.4103.116 Safari/537.36"
::1 - - [30/Jun/2020:06:59:50 +0000] "POST /isfriend HTTP/1.1" 302 164 "http://localhost:8000/users/profile/5ee8fe3a41b0b4311b91da5b" "Mozilla/5.0 (X11; Linux x86_64) AppleWebKit/537.36 (KHTML, like Gecko) Chrome/83.0.4103.116 Safari/537.36"
::1 - - [30/Jun/2020:06:59:50 +0000] "GET /users/profile/5ee8fe3a41b0b4311b91da5b HTTP/1.1" 304 - "http://localhost:8000/users/profile/5ee8fe3a41b0b4311b91da5b" "Mozilla/5.0 (X11; Linux x86_64) AppleWebKit/537.36 (KHTML, like Gecko) Chrome/83.0.4103.116 Safari/537.36"
::1 - - [30/Jun/2020:07:00:29 +0000] "POST /isfriend HTTP/1.1" 302 164 "http://localhost:8000/users/profile/5ee8fe3a41b0b4311b91da5b" "Mozilla/5.0 (X11; Linux x86_64) AppleWebKit/537.36 (KHTML, like Gecko) Chrome/83.0.4103.116 Safari/537.36"
::1 - - [30/Jun/2020:07:00:29 +0000] "GET /users/profile/5ee8fe3a41b0b4311b91da5b HTTP/1.1" 304 - "http://localhost:8000/users/profile/5ee8fe3a41b0b4311b91da5b" "Mozilla/5.0 (X11; Linux x86_64) AppleWebKit/537.36 (KHTML, like Gecko) Chrome/83.0.4103.116 Safari/537.36"
::1 - - [30/Jun/2020:07:01:47 +0000] "GET /users/profile/5ee8fe3a41b0b4311b91da5b HTTP/1.1" 304 - "http://localhost:8000/users/profile/5ee8fe3a41b0b4311b91da5b" "Mozilla/5.0 (X11; Linux x86_64) AppleWebKit/537.36 (KHTML, like Gecko) Chrome/83.0.4103.116 Safari/537.36"
::1 - - [30/Jun/2020:07:01:49 +0000] "POST /isfriend HTTP/1.1" 302 164 "http://localhost:8000/users/profile/5ee8fe3a41b0b4311b91da5b" "Mozilla/5.0 (X11; Linux x86_64) AppleWebKit/537.36 (KHTML, like Gecko) Chrome/83.0.4103.116 Safari/537.36"
::1 - - [30/Jun/2020:07:01:49 +0000] "GET /users/profile/5ee8fe3a41b0b4311b91da5b HTTP/1.1" 304 - "http://localhost:8000/users/profile/5ee8fe3a41b0b4311b91da5b" "Mozilla/5.0 (X11; Linux x86_64) AppleWebKit/537.36 (KHTML, like Gecko) Chrome/83.0.4103.116 Safari/537.36"
::1 - - [30/Jun/2020:07:01:52 +0000] "POST /isfriend HTTP/1.1" 302 164 "http://localhost:8000/users/profile/5ee8fe3a41b0b4311b91da5b" "Mozilla/5.0 (X11; Linux x86_64) AppleWebKit/537.36 (KHTML, like Gecko) Chrome/83.0.4103.116 Safari/537.36"
::1 - - [30/Jun/2020:07:01:52 +0000] "GET /users/profile/5ee8fe3a41b0b4311b91da5b HTTP/1.1" 304 - "http://localhost:8000/users/profile/5ee8fe3a41b0b4311b91da5b" "Mozilla/5.0 (X11; Linux x86_64) AppleWebKit/537.36 (KHTML, like Gecko) Chrome/83.0.4103.116 Safari/537.36"
::1 - - [30/Jun/2020:07:03:15 +0000] "GET /users/profile/5ee8fe3a41b0b4311b91da5b HTTP/1.1" 304 - "http://localhost:8000/users/profile/5ee8fe3a41b0b4311b91da5b" "Mozilla/5.0 (X11; Linux x86_64) AppleWebKit/537.36 (KHTML, like Gecko) Chrome/83.0.4103.116 Safari/537.36"
::1 - - [30/Jun/2020:07:03:17 +0000] "POST /isfriend HTTP/1.1" 302 164 "http://localhost:8000/users/profile/5ee8fe3a41b0b4311b91da5b" "Mozilla/5.0 (X11; Linux x86_64) AppleWebKit/537.36 (KHTML, like Gecko) Chrome/83.0.4103.116 Safari/537.36"
::1 - - [30/Jun/2020:07:03:17 +0000] "GET /users/profile/5ee8fe3a41b0b4311b91da5b HTTP/1.1" 304 - "http://localhost:8000/users/profile/5ee8fe3a41b0b4311b91da5b" "Mozilla/5.0 (X11; Linux x86_64) AppleWebKit/537.36 (KHTML, like Gecko) Chrome/83.0.4103.116 Safari/537.36"
::1 - - [30/Jun/2020:07:03:54 +0000] "GET /users/profile/5ee8fe3a41b0b4311b91da5b HTTP/1.1" 304 - "http://localhost:8000/users/profile/5ee8fe3a41b0b4311b91da5b" "Mozilla/5.0 (X11; Linux x86_64) AppleWebKit/537.36 (KHTML, like Gecko) Chrome/83.0.4103.116 Safari/537.36"
::1 - - [30/Jun/2020:07:03:56 +0000] "GET /users/profile/5ee8fe3a41b0b4311b91da5b HTTP/1.1" 304 - "http://localhost:8000/users/profile/5ee8fe3a41b0b4311b91da5b" "Mozilla/5.0 (X11; Linux x86_64) AppleWebKit/537.36 (KHTML, like Gecko) Chrome/83.0.4103.116 Safari/537.36"
::1 - - [30/Jun/2020:07:03:56 +0000] "GET /users/profile/5ee8fe3a41b0b4311b91da5b HTTP/1.1" 304 - "http://localhost:8000/users/profile/5ee8fe3a41b0b4311b91da5b" "Mozilla/5.0 (X11; Linux x86_64) AppleWebKit/537.36 (KHTML, like Gecko) Chrome/83.0.4103.116 Safari/537.36"
::1 - - [30/Jun/2020:07:03:57 +0000] "GET /users/profile/5ee8fe3a41b0b4311b91da5b HTTP/1.1" 304 - "http://localhost:8000/users/profile/5ee8fe3a41b0b4311b91da5b" "Mozilla/5.0 (X11; Linux x86_64) AppleWebKit/537.36 (KHTML, like Gecko) Chrome/83.0.4103.116 Safari/537.36"
::1 - - [30/Jun/2020:07:03:59 +0000] "POST /isfriend HTTP/1.1" 302 164 "http://localhost:8000/users/profile/5ee8fe3a41b0b4311b91da5b" "Mozilla/5.0 (X11; Linux x86_64) AppleWebKit/537.36 (KHTML, like Gecko) Chrome/83.0.4103.116 Safari/537.36"
::1 - - [30/Jun/2020:07:03:59 +0000] "GET /users/profile/5ee8fe3a41b0b4311b91da5b HTTP/1.1" 304 - "http://localhost:8000/users/profile/5ee8fe3a41b0b4311b91da5b" "Mozilla/5.0 (X11; Linux x86_64) AppleWebKit/537.36 (KHTML, like Gecko) Chrome/83.0.4103.116 Safari/537.36"
::1 - - [30/Jun/2020:07:04:37 +0000] "GET /users/profile/5ee8fe3a41b0b4311b91da5b HTTP/1.1" 200 2697 "http://localhost:8000/users/profile/5ee8fe3a41b0b4311b91da5b" "Mozilla/5.0 (X11; Linux x86_64) AppleWebKit/537.36 (KHTML, like Gecko) Chrome/83.0.4103.116 Safari/537.36"
::1 - - [30/Jun/2020:08:51:08 +0000] "GET /users/profile/5ee8fe3a41b0b4311b91da5b HTTP/1.1" 302 70 "http://localhost:8000/users/profile/5ee8fe3a41b0b4311b91da5b" "Mozilla/5.0 (X11; Linux x86_64) AppleWebKit/537.36 (KHTML, like Gecko) Chrome/83.0.4103.116 Safari/537.36"
::1 - - [30/Jun/2020:08:51:08 +0000] "GET /users/profile/users/sign-in HTTP/1.1" 404 166 "http://localhost:8000/users/profile/5ee8fe3a41b0b4311b91da5b" "Mozilla/5.0 (X11; Linux x86_64) AppleWebKit/537.36 (KHTML, like Gecko) Chrome/83.0.4103.116 Safari/537.36"
::1 - - [30/Jun/2020:08:51:13 +0000] "GET /users/profile/users/sign-in HTTP/1.1" 404 166 "http://localhost:8000/users/profile/5ee8fe3a41b0b4311b91da5b" "Mozilla/5.0 (X11; Linux x86_64) AppleWebKit/537.36 (KHTML, like Gecko) Chrome/83.0.4103.116 Safari/537.36"
::1 - - [30/Jun/2020:08:51:17 +0000] "GET / HTTP/1.1" 200 16644 "-" "Mozilla/5.0 (X11; Linux x86_64) AppleWebKit/537.36 (KHTML, like Gecko) Chrome/83.0.4103.116 Safari/537.36"
::1 - - [30/Jun/2020:08:51:21 +0000] "GET /users/sign-in HTTP/1.1" 304 - "http://localhost:8000/" "Mozilla/5.0 (X11; Linux x86_64) AppleWebKit/537.36 (KHTML, like Gecko) Chrome/83.0.4103.116 Safari/537.36"
::1 - - [30/Jun/2020:08:51:27 +0000] "POST /users/create-session HTTP/1.1" 302 46 "http://localhost:8000/users/sign-in" "Mozilla/5.0 (X11; Linux x86_64) AppleWebKit/537.36 (KHTML, like Gecko) Chrome/83.0.4103.116 Safari/537.36"
::1 - - [30/Jun/2020:08:51:27 +0000] "GET / HTTP/1.1" 200 28858 "http://localhost:8000/users/sign-in" "Mozilla/5.0 (X11; Linux x86_64) AppleWebKit/537.36 (KHTML, like Gecko) Chrome/83.0.4103.116 Safari/537.36"
::1 - - [30/Jun/2020:08:51:35 +0000] "POST /search HTTP/1.1" 200 259 "http://localhost:8000/" "Mozilla/5.0 (X11; Linux x86_64) AppleWebKit/537.36 (KHTML, like Gecko) Chrome/83.0.4103.116 Safari/537.36"
::1 - - [30/Jun/2020:08:51:37 +0000] "GET /users/profile/5efa22193fc78c5e33a65a2b HTTP/1.1" 200 2622 "http://localhost:8000/" "Mozilla/5.0 (X11; Linux x86_64) AppleWebKit/537.36 (KHTML, like Gecko) Chrome/83.0.4103.116 Safari/537.36"
::1 - - [30/Jun/2020:08:52:30 +0000] "GET /users/profile/5efa22193fc78c5e33a65a2b HTTP/1.1" 304 - "http://localhost:8000/" "Mozilla/5.0 (X11; Linux x86_64) AppleWebKit/537.36 (KHTML, like Gecko) Chrome/83.0.4103.116 Safari/537.36"
::1 - - [30/Jun/2020:08:52:33 +0000] "POST /isfriend HTTP/1.1" 200 49 "http://localhost:8000/users/profile/5efa22193fc78c5e33a65a2b" "Mozilla/5.0 (X11; Linux x86_64) AppleWebKit/537.36 (KHTML, like Gecko) Chrome/83.0.4103.116 Safari/537.36"
::1 - - [30/Jun/2020:08:53:42 +0000] "GET /users/profile/5efa22193fc78c5e33a65a2b HTTP/1.1" 200 2622 "http://localhost:8000/" "Mozilla/5.0 (X11; Linux x86_64) AppleWebKit/537.36 (KHTML, like Gecko) Chrome/83.0.4103.116 Safari/537.36"
::1 - - [30/Jun/2020:08:53:46 +0000] "POST /isfriend HTTP/1.1" 200 51 "http://localhost:8000/users/profile/5efa22193fc78c5e33a65a2b" "Mozilla/5.0 (X11; Linux x86_64) AppleWebKit/537.36 (KHTML, like Gecko) Chrome/83.0.4103.116 Safari/537.36"
::1 - - [30/Jun/2020:08:53:51 +0000] "POST /isfriend HTTP/1.1" 200 49 "http://localhost:8000/users/profile/5efa22193fc78c5e33a65a2b" "Mozilla/5.0 (X11; Linux x86_64) AppleWebKit/537.36 (KHTML, like Gecko) Chrome/83.0.4103.116 Safari/537.36"
::1 - - [30/Jun/2020:08:53:53 +0000] "POST /isfriend HTTP/1.1" 200 51 "http://localhost:8000/users/profile/5efa22193fc78c5e33a65a2b" "Mozilla/5.0 (X11; Linux x86_64) AppleWebKit/537.36 (KHTML, like Gecko) Chrome/83.0.4103.116 Safari/537.36"
::1 - - [30/Jun/2020:08:53:54 +0000] "POST /isfriend HTTP/1.1" 200 49 "http://localhost:8000/users/profile/5efa22193fc78c5e33a65a2b" "Mozilla/5.0 (X11; Linux x86_64) AppleWebKit/537.36 (KHTML, like Gecko) Chrome/83.0.4103.116 Safari/537.36"
::1 - - [30/Jun/2020:08:53:57 +0000] "POST /isfriend HTTP/1.1" 200 51 "http://localhost:8000/users/profile/5efa22193fc78c5e33a65a2b" "Mozilla/5.0 (X11; Linux x86_64) AppleWebKit/537.36 (KHTML, like Gecko) Chrome/83.0.4103.116 Safari/537.36"
::1 - - [30/Jun/2020:08:55:33 +0000] "GET / HTTP/1.1" 200 28458 "http://localhost:8000/users/sign-in" "Mozilla/5.0 (X11; Linux x86_64) AppleWebKit/537.36 (KHTML, like Gecko) Chrome/83.0.4103.116 Safari/537.36"
::1 - - [30/Jun/2020:08:55:39 +0000] "POST /search HTTP/1.1" 200 259 "http://localhost:8000/" "Mozilla/5.0 (X11; Linux x86_64) AppleWebKit/537.36 (KHTML, like Gecko) Chrome/83.0.4103.116 Safari/537.36"
::1 - - [30/Jun/2020:08:55:41 +0000] "GET /users/profile/5efa22193fc78c5e33a65a2b HTTP/1.1" 200 2622 "http://localhost:8000/" "Mozilla/5.0 (X11; Linux x86_64) AppleWebKit/537.36 (KHTML, like Gecko) Chrome/83.0.4103.116 Safari/537.36"
::1 - - [30/Jun/2020:08:55:44 +0000] "POST /isfriend HTTP/1.1" 200 49 "http://localhost:8000/users/profile/5efa22193fc78c5e33a65a2b" "Mozilla/5.0 (X11; Linux x86_64) AppleWebKit/537.36 (KHTML, like Gecko) Chrome/83.0.4103.116 Safari/537.36"
::1 - - [30/Jun/2020:08:55:46 +0000] "POST /isfriend HTTP/1.1" 200 51 "http://localhost:8000/users/profile/5efa22193fc78c5e33a65a2b" "Mozilla/5.0 (X11; Linux x86_64) AppleWebKit/537.36 (KHTML, like Gecko) Chrome/83.0.4103.116 Safari/537.36"
::1 - - [30/Jun/2020:08:55:47 +0000] "POST /isfriend HTTP/1.1" 200 49 "http://localhost:8000/users/profile/5efa22193fc78c5e33a65a2b" "Mozilla/5.0 (X11; Linux x86_64) AppleWebKit/537.36 (KHTML, like Gecko) Chrome/83.0.4103.116 Safari/537.36"
::1 - - [30/Jun/2020:08:56:33 +0000] "GET /users/profile/5efa22193fc78c5e33a65a2b HTTP/1.1" 200 2622 "http://localhost:8000/" "Mozilla/5.0 (X11; Linux x86_64) AppleWebKit/537.36 (KHTML, like Gecko) Chrome/83.0.4103.116 Safari/537.36"
::1 - - [30/Jun/2020:08:56:36 +0000] "POST /isfriend HTTP/1.1" 200 51 "http://localhost:8000/users/profile/5efa22193fc78c5e33a65a2b" "Mozilla/5.0 (X11; Linux x86_64) AppleWebKit/537.36 (KHTML, like Gecko) Chrome/83.0.4103.116 Safari/537.36"
::1 - - [30/Jun/2020:08:56:38 +0000] "POST /isfriend HTTP/1.1" 200 49 "http://localhost:8000/users/profile/5efa22193fc78c5e33a65a2b" "Mozilla/5.0 (X11; Linux x86_64) AppleWebKit/537.36 (KHTML, like Gecko) Chrome/83.0.4103.116 Safari/537.36"
::1 - - [30/Jun/2020:08:56:39 +0000] "POST /isfriend HTTP/1.1" 200 51 "http://localhost:8000/users/profile/5efa22193fc78c5e33a65a2b" "Mozilla/5.0 (X11; Linux x86_64) AppleWebKit/537.36 (KHTML, like Gecko) Chrome/83.0.4103.116 Safari/537.36"
::1 - - [30/Jun/2020:08:56:45 +0000] "POST /isfriend HTTP/1.1" 200 49 "http://localhost:8000/users/profile/5efa22193fc78c5e33a65a2b" "Mozilla/5.0 (X11; Linux x86_64) AppleWebKit/537.36 (KHTML, like Gecko) Chrome/83.0.4103.116 Safari/537.36"
::1 - - [30/Jun/2020:09:06:01 +0000] "GET /users/profile/5efa22193fc78c5e33a65a2b HTTP/1.1" 200 2622 "http://localhost:8000/" "Mozilla/5.0 (X11; Linux x86_64) AppleWebKit/537.36 (KHTML, like Gecko) Chrome/83.0.4103.116 Safari/537.36"
::1 - - [30/Jun/2020:09:06:05 +0000] "POST /isfriend HTTP/1.1" 200 51 "http://localhost:8000/users/profile/5efa22193fc78c5e33a65a2b" "Mozilla/5.0 (X11; Linux x86_64) AppleWebKit/537.36 (KHTML, like Gecko) Chrome/83.0.4103.116 Safari/537.36"
::1 - - [30/Jun/2020:09:06:06 +0000] "POST /isfriend HTTP/1.1" 200 49 "http://localhost:8000/users/profile/5efa22193fc78c5e33a65a2b" "Mozilla/5.0 (X11; Linux x86_64) AppleWebKit/537.36 (KHTML, like Gecko) Chrome/83.0.4103.116 Safari/537.36"
::1 - - [30/Jun/2020:09:06:07 +0000] "POST /isfriend HTTP/1.1" 200 51 "http://localhost:8000/users/profile/5efa22193fc78c5e33a65a2b" "Mozilla/5.0 (X11; Linux x86_64) AppleWebKit/537.36 (KHTML, like Gecko) Chrome/83.0.4103.116 Safari/537.36"
::1 - - [30/Jun/2020:09:06:08 +0000] "POST /isfriend HTTP/1.1" 200 49 "http://localhost:8000/users/profile/5efa22193fc78c5e33a65a2b" "Mozilla/5.0 (X11; Linux x86_64) AppleWebKit/537.36 (KHTML, like Gecko) Chrome/83.0.4103.116 Safari/537.36"
::1 - - [30/Jun/2020:09:07:30 +0000] "GET /users/profile/5efa22193fc78c5e33a65a2b HTTP/1.1" 200 2622 "http://localhost:8000/" "Mozilla/5.0 (X11; Linux x86_64) AppleWebKit/537.36 (KHTML, like Gecko) Chrome/83.0.4103.116 Safari/537.36"
::1 - - [30/Jun/2020:09:07:36 +0000] "POST /isfriend HTTP/1.1" 200 51 "http://localhost:8000/users/profile/5efa22193fc78c5e33a65a2b" "Mozilla/5.0 (X11; Linux x86_64) AppleWebKit/537.36 (KHTML, like Gecko) Chrome/83.0.4103.116 Safari/537.36"
::1 - - [30/Jun/2020:09:07:39 +0000] "POST /isfriend HTTP/1.1" 200 49 "http://localhost:8000/users/profile/5efa22193fc78c5e33a65a2b" "Mozilla/5.0 (X11; Linux x86_64) AppleWebKit/537.36 (KHTML, like Gecko) Chrome/83.0.4103.116 Safari/537.36"
::1 - - [30/Jun/2020:09:08:08 +0000] "POST /isfriend HTTP/1.1" 200 51 "http://localhost:8000/users/profile/5efa22193fc78c5e33a65a2b" "Mozilla/5.0 (X11; Linux x86_64) AppleWebKit/537.36 (KHTML, like Gecko) Chrome/83.0.4103.116 Safari/537.36"
::1 - - [30/Jun/2020:09:08:18 +0000] "POST /isfriend HTTP/1.1" 200 49 "http://localhost:8000/users/profile/5efa22193fc78c5e33a65a2b" "Mozilla/5.0 (X11; Linux x86_64) AppleWebKit/537.36 (KHTML, like Gecko) Chrome/83.0.4103.116 Safari/537.36"
::1 - - [30/Jun/2020:09:13:29 +0000] "GET /users/profile/5efa22193fc78c5e33a65a2b HTTP/1.1" 304 - "http://localhost:8000/" "Mozilla/5.0 (X11; Linux x86_64) AppleWebKit/537.36 (KHTML, like Gecko) Chrome/83.0.4103.116 Safari/537.36"
::1 - - [30/Jun/2020:09:15:08 +0000] "GET /users/profile/5efa22193fc78c5e33a65a2b HTTP/1.1" 200 2622 "http://localhost:8000/" "Mozilla/5.0 (X11; Linux x86_64) AppleWebKit/537.36 (KHTML, like Gecko) Chrome/83.0.4103.116 Safari/537.36"
::1 - - [30/Jun/2020:09:15:12 +0000] "POST /isfriend HTTP/1.1" 200 51 "http://localhost:8000/users/profile/5efa22193fc78c5e33a65a2b" "Mozilla/5.0 (X11; Linux x86_64) AppleWebKit/537.36 (KHTML, like Gecko) Chrome/83.0.4103.116 Safari/537.36"
::1 - - [30/Jun/2020:09:15:13 +0000] "POST /isfriend HTTP/1.1" 200 49 "http://localhost:8000/users/profile/5efa22193fc78c5e33a65a2b" "Mozilla/5.0 (X11; Linux x86_64) AppleWebKit/537.36 (KHTML, like Gecko) Chrome/83.0.4103.116 Safari/537.36"
::1 - - [30/Jun/2020:10:03:20 +0000] "GET /users/profile/5efa22193fc78c5e33a65a2b HTTP/1.1" 200 2622 "http://localhost:8000/" "Mozilla/5.0 (X11; Linux x86_64) AppleWebKit/537.36 (KHTML, like Gecko) Chrome/83.0.4103.116 Safari/537.36"
::1 - - [30/Jun/2020:10:03:23 +0000] "POST /isfriend HTTP/1.1" 200 51 "http://localhost:8000/users/profile/5efa22193fc78c5e33a65a2b" "Mozilla/5.0 (X11; Linux x86_64) AppleWebKit/537.36 (KHTML, like Gecko) Chrome/83.0.4103.116 Safari/537.36"
::1 - - [30/Jun/2020:10:03:24 +0000] "POST /isfriend HTTP/1.1" 200 49 "http://localhost:8000/users/profile/5efa22193fc78c5e33a65a2b" "Mozilla/5.0 (X11; Linux x86_64) AppleWebKit/537.36 (KHTML, like Gecko) Chrome/83.0.4103.116 Safari/537.36"
::1 - - [30/Jun/2020:10:03:25 +0000] "POST /isfriend HTTP/1.1" 200 51 "http://localhost:8000/users/profile/5efa22193fc78c5e33a65a2b" "Mozilla/5.0 (X11; Linux x86_64) AppleWebKit/537.36 (KHTML, like Gecko) Chrome/83.0.4103.116 Safari/537.36"
::1 - - [30/Jun/2020:10:03:26 +0000] "POST /isfriend HTTP/1.1" 200 49 "http://localhost:8000/users/profile/5efa22193fc78c5e33a65a2b" "Mozilla/5.0 (X11; Linux x86_64) AppleWebKit/537.36 (KHTML, like Gecko) Chrome/83.0.4103.116 Safari/537.36"
::1 - - [30/Jun/2020:10:03:26 +0000] "POST /isfriend HTTP/1.1" 200 51 "http://localhost:8000/users/profile/5efa22193fc78c5e33a65a2b" "Mozilla/5.0 (X11; Linux x86_64) AppleWebKit/537.36 (KHTML, like Gecko) Chrome/83.0.4103.116 Safari/537.36"
::1 - - [30/Jun/2020:10:03:26 +0000] "POST /isfriend HTTP/1.1" 200 49 "http://localhost:8000/users/profile/5efa22193fc78c5e33a65a2b" "Mozilla/5.0 (X11; Linux x86_64) AppleWebKit/537.36 (KHTML, like Gecko) Chrome/83.0.4103.116 Safari/537.36"
::1 - - [30/Jun/2020:10:03:27 +0000] "POST /isfriend HTTP/1.1" 200 51 "http://localhost:8000/users/profile/5efa22193fc78c5e33a65a2b" "Mozilla/5.0 (X11; Linux x86_64) AppleWebKit/537.36 (KHTML, like Gecko) Chrome/83.0.4103.116 Safari/537.36"
::1 - - [30/Jun/2020:10:14:21 +0000] "GET /users/profile/5efa22193fc78c5e33a65a2b HTTP/1.1" 200 2622 "http://localhost:8000/" "Mozilla/5.0 (X11; Linux x86_64) AppleWebKit/537.36 (KHTML, like Gecko) Chrome/83.0.4103.116 Safari/537.36"
::1 - - [30/Jun/2020:10:14:25 +0000] "POST /isfriend HTTP/1.1" 200 49 "http://localhost:8000/users/profile/5efa22193fc78c5e33a65a2b" "Mozilla/5.0 (X11; Linux x86_64) AppleWebKit/537.36 (KHTML, like Gecko) Chrome/83.0.4103.116 Safari/537.36"
::1 - - [30/Jun/2020:10:14:28 +0000] "POST /isfriend HTTP/1.1" 200 51 "http://localhost:8000/users/profile/5efa22193fc78c5e33a65a2b" "Mozilla/5.0 (X11; Linux x86_64) AppleWebKit/537.36 (KHTML, like Gecko) Chrome/83.0.4103.116 Safari/537.36"
::1 - - [30/Jun/2020:10:14:29 +0000] "POST /isfriend HTTP/1.1" 200 49 "http://localhost:8000/users/profile/5efa22193fc78c5e33a65a2b" "Mozilla/5.0 (X11; Linux x86_64) AppleWebKit/537.36 (KHTML, like Gecko) Chrome/83.0.4103.116 Safari/537.36"
::1 - - [30/Jun/2020:10:19:57 +0000] "GET /users/profile/5efa22193fc78c5e33a65a2b HTTP/1.1" 200 2623 "http://localhost:8000/" "Mozilla/5.0 (X11; Linux x86_64) AppleWebKit/537.36 (KHTML, like Gecko) Chrome/83.0.4103.116 Safari/537.36"
::1 - - [30/Jun/2020:10:20:01 +0000] "POST /isfriend HTTP/1.1" 200 51 "http://localhost:8000/users/profile/5efa22193fc78c5e33a65a2b" "Mozilla/5.0 (X11; Linux x86_64) AppleWebKit/537.36 (KHTML, like Gecko) Chrome/83.0.4103.116 Safari/537.36"
::1 - - [30/Jun/2020:10:20:02 +0000] "POST /isfriend HTTP/1.1" 200 49 "http://localhost:8000/users/profile/5efa22193fc78c5e33a65a2b" "Mozilla/5.0 (X11; Linux x86_64) AppleWebKit/537.36 (KHTML, like Gecko) Chrome/83.0.4103.116 Safari/537.36"
::1 - - [30/Jun/2020:10:20:03 +0000] "POST /isfriend HTTP/1.1" 200 51 "http://localhost:8000/users/profile/5efa22193fc78c5e33a65a2b" "Mozilla/5.0 (X11; Linux x86_64) AppleWebKit/537.36 (KHTML, like Gecko) Chrome/83.0.4103.116 Safari/537.36"
::1 - - [30/Jun/2020:10:20:04 +0000] "POST /isfriend HTTP/1.1" 200 49 "http://localhost:8000/users/profile/5efa22193fc78c5e33a65a2b" "Mozilla/5.0 (X11; Linux x86_64) AppleWebKit/537.36 (KHTML, like Gecko) Chrome/83.0.4103.116 Safari/537.36"
::1 - - [30/Jun/2020:10:20:05 +0000] "POST /isfriend HTTP/1.1" 200 51 "http://localhost:8000/users/profile/5efa22193fc78c5e33a65a2b" "Mozilla/5.0 (X11; Linux x86_64) AppleWebKit/537.36 (KHTML, like Gecko) Chrome/83.0.4103.116 Safari/537.36"
::1 - - [30/Jun/2020:10:20:07 +0000] "POST /isfriend HTTP/1.1" 200 49 "http://localhost:8000/users/profile/5efa22193fc78c5e33a65a2b" "Mozilla/5.0 (X11; Linux x86_64) AppleWebKit/537.36 (KHTML, like Gecko) Chrome/83.0.4103.116 Safari/537.36"
::1 - - [30/Jun/2020:10:20:08 +0000] "POST /isfriend HTTP/1.1" 200 51 "http://localhost:8000/users/profile/5efa22193fc78c5e33a65a2b" "Mozilla/5.0 (X11; Linux x86_64) AppleWebKit/537.36 (KHTML, like Gecko) Chrome/83.0.4103.116 Safari/537.36"
::1 - - [30/Jun/2020:10:20:09 +0000] "POST /isfriend HTTP/1.1" 200 49 "http://localhost:8000/users/profile/5efa22193fc78c5e33a65a2b" "Mozilla/5.0 (X11; Linux x86_64) AppleWebKit/537.36 (KHTML, like Gecko) Chrome/83.0.4103.116 Safari/537.36"
::1 - - [30/Jun/2020:10:20:11 +0000] "POST /isfriend HTTP/1.1" 200 51 "http://localhost:8000/users/profile/5efa22193fc78c5e33a65a2b" "Mozilla/5.0 (X11; Linux x86_64) AppleWebKit/537.36 (KHTML, like Gecko) Chrome/83.0.4103.116 Safari/537.36"
::1 - - [30/Jun/2020:10:20:15 +0000] "POST /isfriend HTTP/1.1" 200 49 "http://localhost:8000/users/profile/5efa22193fc78c5e33a65a2b" "Mozilla/5.0 (X11; Linux x86_64) AppleWebKit/537.36 (KHTML, like Gecko) Chrome/83.0.4103.116 Safari/537.36"
::1 - - [30/Jun/2020:10:20:25 +0000] "GET /users/profile/5efa22193fc78c5e33a65a2b HTTP/1.1" 304 - "http://localhost:8000/" "Mozilla/5.0 (X11; Linux x86_64) AppleWebKit/537.36 (KHTML, like Gecko) Chrome/83.0.4103.116 Safari/537.36"
::1 - - [30/Jun/2020:10:20:29 +0000] "POST /isfriend HTTP/1.1" 200 51 "http://localhost:8000/users/profile/5efa22193fc78c5e33a65a2b" "Mozilla/5.0 (X11; Linux x86_64) AppleWebKit/537.36 (KHTML, like Gecko) Chrome/83.0.4103.116 Safari/537.36"
::1 - - [30/Jun/2020:10:20:32 +0000] "POST /isfriend HTTP/1.1" 200 49 "http://localhost:8000/users/profile/5efa22193fc78c5e33a65a2b" "Mozilla/5.0 (X11; Linux x86_64) AppleWebKit/537.36 (KHTML, like Gecko) Chrome/83.0.4103.116 Safari/537.36"
::1 - - [30/Jun/2020:10:20:34 +0000] "POST /isfriend HTTP/1.1" 200 51 "http://localhost:8000/users/profile/5efa22193fc78c5e33a65a2b" "Mozilla/5.0 (X11; Linux x86_64) AppleWebKit/537.36 (KHTML, like Gecko) Chrome/83.0.4103.116 Safari/537.36"
::1 - - [30/Jun/2020:10:20:35 +0000] "POST /isfriend HTTP/1.1" 200 49 "http://localhost:8000/users/profile/5efa22193fc78c5e33a65a2b" "Mozilla/5.0 (X11; Linux x86_64) AppleWebKit/537.36 (KHTML, like Gecko) Chrome/83.0.4103.116 Safari/537.36"
::1 - - [30/Jun/2020:10:20:43 +0000] "POST /isfriend HTTP/1.1" 200 51 "http://localhost:8000/users/profile/5efa22193fc78c5e33a65a2b" "Mozilla/5.0 (X11; Linux x86_64) AppleWebKit/537.36 (KHTML, like Gecko) Chrome/83.0.4103.116 Safari/537.36"
::1 - - [30/Jun/2020:10:20:43 +0000] "POST /isfriend HTTP/1.1" 200 49 "http://localhost:8000/users/profile/5efa22193fc78c5e33a65a2b" "Mozilla/5.0 (X11; Linux x86_64) AppleWebKit/537.36 (KHTML, like Gecko) Chrome/83.0.4103.116 Safari/537.36"
::1 - - [30/Jun/2020:10:20:44 +0000] "POST /isfriend HTTP/1.1" 200 51 "http://localhost:8000/users/profile/5efa22193fc78c5e33a65a2b" "Mozilla/5.0 (X11; Linux x86_64) AppleWebKit/537.36 (KHTML, like Gecko) Chrome/83.0.4103.116 Safari/537.36"
::1 - - [30/Jun/2020:10:20:44 +0000] "POST /isfriend HTTP/1.1" 200 49 "http://localhost:8000/users/profile/5efa22193fc78c5e33a65a2b" "Mozilla/5.0 (X11; Linux x86_64) AppleWebKit/537.36 (KHTML, like Gecko) Chrome/83.0.4103.116 Safari/537.36"
::1 - - [30/Jun/2020:10:20:45 +0000] "POST /isfriend HTTP/1.1" 200 51 "http://localhost:8000/users/profile/5efa22193fc78c5e33a65a2b" "Mozilla/5.0 (X11; Linux x86_64) AppleWebKit/537.36 (KHTML, like Gecko) Chrome/83.0.4103.116 Safari/537.36"
::1 - - [30/Jun/2020:10:20:45 +0000] "POST /isfriend HTTP/1.1" 200 49 "http://localhost:8000/users/profile/5efa22193fc78c5e33a65a2b" "Mozilla/5.0 (X11; Linux x86_64) AppleWebKit/537.36 (KHTML, like Gecko) Chrome/83.0.4103.116 Safari/537.36"
::1 - - [30/Jun/2020:10:20:45 +0000] "POST /isfriend HTTP/1.1" 200 51 "http://localhost:8000/users/profile/5efa22193fc78c5e33a65a2b" "Mozilla/5.0 (X11; Linux x86_64) AppleWebKit/537.36 (KHTML, like Gecko) Chrome/83.0.4103.116 Safari/537.36"
::1 - - [30/Jun/2020:10:22:20 +0000] "GET /users/profile/5efa22193fc78c5e33a65a2b HTTP/1.1" 200 2623 "http://localhost:8000/" "Mozilla/5.0 (X11; Linux x86_64) AppleWebKit/537.36 (KHTML, like Gecko) Chrome/83.0.4103.116 Safari/537.36"
::1 - - [30/Jun/2020:10:22:24 +0000] "GET /users/profile/5efa22193fc78c5e33a65a2b HTTP/1.1" 304 - "http://localhost:8000/" "Mozilla/5.0 (X11; Linux x86_64) AppleWebKit/537.36 (KHTML, like Gecko) Chrome/83.0.4103.116 Safari/537.36"
::1 - - [30/Jun/2020:10:22:54 +0000] "GET /users/profile/5efa22193fc78c5e33a65a2b HTTP/1.1" 304 - "http://localhost:8000/" "Mozilla/5.0 (X11; Linux x86_64) AppleWebKit/537.36 (KHTML, like Gecko) Chrome/83.0.4103.116 Safari/537.36"
::1 - - [30/Jun/2020:10:22:59 +0000] "POST /isfriend HTTP/1.1" 200 49 "http://localhost:8000/users/profile/5efa22193fc78c5e33a65a2b" "Mozilla/5.0 (X11; Linux x86_64) AppleWebKit/537.36 (KHTML, like Gecko) Chrome/83.0.4103.116 Safari/537.36"
::1 - - [30/Jun/2020:10:23:00 +0000] "POST /isfriend HTTP/1.1" 200 51 "http://localhost:8000/users/profile/5efa22193fc78c5e33a65a2b" "Mozilla/5.0 (X11; Linux x86_64) AppleWebKit/537.36 (KHTML, like Gecko) Chrome/83.0.4103.116 Safari/537.36"
::1 - - [30/Jun/2020:10:23:01 +0000] "POST /isfriend HTTP/1.1" 200 49 "http://localhost:8000/users/profile/5efa22193fc78c5e33a65a2b" "Mozilla/5.0 (X11; Linux x86_64) AppleWebKit/537.36 (KHTML, like Gecko) Chrome/83.0.4103.116 Safari/537.36"
::1 - - [30/Jun/2020:10:34:34 +0000] "GET /users/profile/5efa22193fc78c5e33a65a2b HTTP/1.1" 302 70 "http://localhost:8000/" "Mozilla/5.0 (X11; Linux x86_64) AppleWebKit/537.36 (KHTML, like Gecko) Chrome/83.0.4103.116 Safari/537.36"
::1 - - [30/Jun/2020:10:34:34 +0000] "GET /users/profile/users/sign-in HTTP/1.1" 404 166 "http://localhost:8000/" "Mozilla/5.0 (X11; Linux x86_64) AppleWebKit/537.36 (KHTML, like Gecko) Chrome/83.0.4103.116 Safari/537.36"
::1 - - [30/Jun/2020:10:34:39 +0000] "POST /search HTTP/1.1" 200 285 "http://localhost:8000/" "Mozilla/5.0 (X11; Linux x86_64) AppleWebKit/537.36 (KHTML, like Gecko) Chrome/83.0.4103.116 Safari/537.36"
::1 - - [30/Jun/2020:10:34:42 +0000] "GET /users/profile/5eedc07fd4853c1dc6eab379 HTTP/1.1" 302 70 "http://localhost:8000/" "Mozilla/5.0 (X11; Linux x86_64) AppleWebKit/537.36 (KHTML, like Gecko) Chrome/83.0.4103.116 Safari/537.36"
::1 - - [30/Jun/2020:10:34:42 +0000] "GET /users/profile/users/sign-in HTTP/1.1" 404 166 "http://localhost:8000/" "Mozilla/5.0 (X11; Linux x86_64) AppleWebKit/537.36 (KHTML, like Gecko) Chrome/83.0.4103.116 Safari/537.36"
::1 - - [30/Jun/2020:10:34:47 +0000] "GET /users/profile/5ee8fe3a41b0b4311b91da5b HTTP/1.1" 302 70 "http://localhost:8000/" "Mozilla/5.0 (X11; Linux x86_64) AppleWebKit/537.36 (KHTML, like Gecko) Chrome/83.0.4103.116 Safari/537.36"
::1 - - [30/Jun/2020:10:34:47 +0000] "GET /users/profile/users/sign-in HTTP/1.1" 404 166 "http://localhost:8000/" "Mozilla/5.0 (X11; Linux x86_64) AppleWebKit/537.36 (KHTML, like Gecko) Chrome/83.0.4103.116 Safari/537.36"
::1 - - [30/Jun/2020:10:34:55 +0000] "GET / HTTP/1.1" 200 16644 "http://localhost:8000/users/sign-in" "Mozilla/5.0 (X11; Linux x86_64) AppleWebKit/537.36 (KHTML, like Gecko) Chrome/83.0.4103.116 Safari/537.36"
::1 - - [30/Jun/2020:10:35:02 +0000] "GET /users/sign-in HTTP/1.1" 304 - "http://localhost:8000/" "Mozilla/5.0 (X11; Linux x86_64) AppleWebKit/537.36 (KHTML, like Gecko) Chrome/83.0.4103.116 Safari/537.36"
::1 - - [30/Jun/2020:10:35:08 +0000] "POST /users/create-session HTTP/1.1" 302 46 "http://localhost:8000/users/sign-in" "Mozilla/5.0 (X11; Linux x86_64) AppleWebKit/537.36 (KHTML, like Gecko) Chrome/83.0.4103.116 Safari/537.36"
::1 - - [30/Jun/2020:10:35:08 +0000] "GET / HTTP/1.1" 200 28858 "http://localhost:8000/users/sign-in" "Mozilla/5.0 (X11; Linux x86_64) AppleWebKit/537.36 (KHTML, like Gecko) Chrome/83.0.4103.116 Safari/537.36"
::1 - - [30/Jun/2020:10:35:13 +0000] "GET /users/profile/5ee8fe3a41b0b4311b91da5b HTTP/1.1" 200 2698 "http://localhost:8000/" "Mozilla/5.0 (X11; Linux x86_64) AppleWebKit/537.36 (KHTML, like Gecko) Chrome/83.0.4103.116 Safari/537.36"
::1 - - [30/Jun/2020:10:35:19 +0000] "POST /isfriend HTTP/1.1" 200 46 "http://localhost:8000/users/profile/5ee8fe3a41b0b4311b91da5b" "Mozilla/5.0 (X11; Linux x86_64) AppleWebKit/537.36 (KHTML, like Gecko) Chrome/83.0.4103.116 Safari/537.36"
::1 - - [30/Jun/2020:10:35:20 +0000] "POST /isfriend HTTP/1.1" 200 46 "http://localhost:8000/users/profile/5ee8fe3a41b0b4311b91da5b" "Mozilla/5.0 (X11; Linux x86_64) AppleWebKit/537.36 (KHTML, like Gecko) Chrome/83.0.4103.116 Safari/537.36"
::1 - - [30/Jun/2020:10:35:22 +0000] "POST /isfriend HTTP/1.1" 200 46 "http://localhost:8000/users/profile/5ee8fe3a41b0b4311b91da5b" "Mozilla/5.0 (X11; Linux x86_64) AppleWebKit/537.36 (KHTML, like Gecko) Chrome/83.0.4103.116 Safari/537.36"
::1 - - [30/Jun/2020:10:43:21 +0000] "GET /users/profile/5ee8fe3a41b0b4311b91da5b HTTP/1.1" 304 - "http://localhost:8000/" "Mozilla/5.0 (X11; Linux x86_64) AppleWebKit/537.36 (KHTML, like Gecko) Chrome/83.0.4103.116 Safari/537.36"
::1 - - [30/Jun/2020:10:47:12 +0000] "GET / HTTP/1.1" 200 28458 "-" "Mozilla/5.0 (X11; Linux x86_64) AppleWebKit/537.36 (KHTML, like Gecko) Chrome/83.0.4103.116 Safari/537.36"
::1 - - [30/Jun/2020:10:47:18 +0000] "GET /users/profile/5ee8fe3a41b0b4311b91da5b HTTP/1.1" 200 2698 "http://localhost:8000/" "Mozilla/5.0 (X11; Linux x86_64) AppleWebKit/537.36 (KHTML, like Gecko) Chrome/83.0.4103.116 Safari/537.36"
::1 - - [30/Jun/2020:10:47:20 +0000] "POST /isfriend HTTP/1.1" 200 88 "http://localhost:8000/users/profile/5ee8fe3a41b0b4311b91da5b" "Mozilla/5.0 (X11; Linux x86_64) AppleWebKit/537.36 (KHTML, like Gecko) Chrome/83.0.4103.116 Safari/537.36"
::1 - - [30/Jun/2020:10:47:20 +0000] "POST /isfriend HTTP/1.1" 200 88 "http://localhost:8000/users/profile/5ee8fe3a41b0b4311b91da5b" "Mozilla/5.0 (X11; Linux x86_64) AppleWebKit/537.36 (KHTML, like Gecko) Chrome/83.0.4103.116 Safari/537.36"
::1 - - [30/Jun/2020:10:47:22 +0000] "POST /isfriend HTTP/1.1" 302 164 "http://localhost:8000/users/profile/5ee8fe3a41b0b4311b91da5b" "Mozilla/5.0 (X11; Linux x86_64) AppleWebKit/537.36 (KHTML, like Gecko) Chrome/83.0.4103.116 Safari/537.36"
::1 - - [30/Jun/2020:10:47:22 +0000] "GET /users/profile/5ee8fe3a41b0b4311b91da5b HTTP/1.1" 304 - "http://localhost:8000/users/profile/5ee8fe3a41b0b4311b91da5b" "Mozilla/5.0 (X11; Linux x86_64) AppleWebKit/537.36 (KHTML, like Gecko) Chrome/83.0.4103.116 Safari/537.36"
::1 - - [30/Jun/2020:10:47:22 +0000] "GET /users/profile/undefined HTTP/1.1" - - "http://localhost:8000/users/profile/5ee8fe3a41b0b4311b91da5b" "Mozilla/5.0 (X11; Linux x86_64) AppleWebKit/537.36 (KHTML, like Gecko) Chrome/83.0.4103.116 Safari/537.36"
::1 - - [30/Jun/2020:10:47:24 +0000] "POST /isfriend HTTP/1.1" 200 88 "http://localhost:8000/users/profile/5ee8fe3a41b0b4311b91da5b" "Mozilla/5.0 (X11; Linux x86_64) AppleWebKit/537.36 (KHTML, like Gecko) Chrome/83.0.4103.116 Safari/537.36"
::1 - - [30/Jun/2020:10:47:24 +0000] "POST /isfriend HTTP/1.1" 200 88 "http://localhost:8000/users/profile/5ee8fe3a41b0b4311b91da5b" "Mozilla/5.0 (X11; Linux x86_64) AppleWebKit/537.36 (KHTML, like Gecko) Chrome/83.0.4103.116 Safari/537.36"
::1 - - [30/Jun/2020:10:47:26 +0000] "POST /isfriend HTTP/1.1" 302 164 "http://localhost:8000/users/profile/5ee8fe3a41b0b4311b91da5b" "Mozilla/5.0 (X11; Linux x86_64) AppleWebKit/537.36 (KHTML, like Gecko) Chrome/83.0.4103.116 Safari/537.36"
::1 - - [30/Jun/2020:10:47:26 +0000] "GET /users/profile/5ee8fe3a41b0b4311b91da5b HTTP/1.1" 304 - "http://localhost:8000/users/profile/5ee8fe3a41b0b4311b91da5b" "Mozilla/5.0 (X11; Linux x86_64) AppleWebKit/537.36 (KHTML, like Gecko) Chrome/83.0.4103.116 Safari/537.36"
::1 - - [30/Jun/2020:10:47:26 +0000] "GET /users/profile/undefined HTTP/1.1" - - "http://localhost:8000/users/profile/5ee8fe3a41b0b4311b91da5b" "Mozilla/5.0 (X11; Linux x86_64) AppleWebKit/537.36 (KHTML, like Gecko) Chrome/83.0.4103.116 Safari/537.36"
::1 - - [30/Jun/2020:10:49:01 +0000] "GET / HTTP/1.1" 304 - "-" "Mozilla/5.0 (X11; Linux x86_64) AppleWebKit/537.36 (KHTML, like Gecko) Chrome/83.0.4103.116 Safari/537.36"
::1 - - [30/Jun/2020:10:49:07 +0000] "POST /search HTTP/1.1" 200 285 "http://localhost:8000/" "Mozilla/5.0 (X11; Linux x86_64) AppleWebKit/537.36 (KHTML, like Gecko) Chrome/83.0.4103.116 Safari/537.36"
::1 - - [30/Jun/2020:10:49:09 +0000] "GET /users/profile/5efa22193fc78c5e33a65a2b HTTP/1.1" 200 2623 "http://localhost:8000/" "Mozilla/5.0 (X11; Linux x86_64) AppleWebKit/537.36 (KHTML, like Gecko) Chrome/83.0.4103.116 Safari/537.36"
::1 - - [30/Jun/2020:10:49:12 +0000] "POST /isfriend HTTP/1.1" 200 51 "http://localhost:8000/users/profile/5efa22193fc78c5e33a65a2b" "Mozilla/5.0 (X11; Linux x86_64) AppleWebKit/537.36 (KHTML, like Gecko) Chrome/83.0.4103.116 Safari/537.36"
::1 - - [30/Jun/2020:10:49:12 +0000] "POST /isfriend HTTP/1.1" 200 51 "http://localhost:8000/users/profile/5efa22193fc78c5e33a65a2b" "Mozilla/5.0 (X11; Linux x86_64) AppleWebKit/537.36 (KHTML, like Gecko) Chrome/83.0.4103.116 Safari/537.36"
::1 - - [30/Jun/2020:10:49:14 +0000] "POST /isfriend HTTP/1.1" 200 49 "http://localhost:8000/users/profile/5efa22193fc78c5e33a65a2b" "Mozilla/5.0 (X11; Linux x86_64) AppleWebKit/537.36 (KHTML, like Gecko) Chrome/83.0.4103.116 Safari/537.36"
::1 - - [30/Jun/2020:10:49:14 +0000] "POST /isfriend HTTP/1.1" 200 49 "http://localhost:8000/users/profile/5efa22193fc78c5e33a65a2b" "Mozilla/5.0 (X11; Linux x86_64) AppleWebKit/537.36 (KHTML, like Gecko) Chrome/83.0.4103.116 Safari/537.36"
::1 - - [30/Jun/2020:10:49:25 +0000] "GET /users/profile/5efa22193fc78c5e33a65a2b HTTP/1.1" 304 - "http://localhost:8000/" "Mozilla/5.0 (X11; Linux x86_64) AppleWebKit/537.36 (KHTML, like Gecko) Chrome/83.0.4103.116 Safari/537.36"
::1 - - [30/Jun/2020:10:49:27 +0000] "POST /isfriend HTTP/1.1" 200 51 "http://localhost:8000/users/profile/5efa22193fc78c5e33a65a2b" "Mozilla/5.0 (X11; Linux x86_64) AppleWebKit/537.36 (KHTML, like Gecko) Chrome/83.0.4103.116 Safari/537.36"
::1 - - [30/Jun/2020:10:49:27 +0000] "POST /isfriend HTTP/1.1" 200 51 "http://localhost:8000/users/profile/5efa22193fc78c5e33a65a2b" "Mozilla/5.0 (X11; Linux x86_64) AppleWebKit/537.36 (KHTML, like Gecko) Chrome/83.0.4103.116 Safari/537.36"
::1 - - [30/Jun/2020:10:49:30 +0000] "POST /isfriend HTTP/1.1" 200 49 "http://localhost:8000/users/profile/5efa22193fc78c5e33a65a2b" "Mozilla/5.0 (X11; Linux x86_64) AppleWebKit/537.36 (KHTML, like Gecko) Chrome/83.0.4103.116 Safari/537.36"
::1 - - [30/Jun/2020:10:49:30 +0000] "POST /isfriend HTTP/1.1" 200 49 "http://localhost:8000/users/profile/5efa22193fc78c5e33a65a2b" "Mozilla/5.0 (X11; Linux x86_64) AppleWebKit/537.36 (KHTML, like Gecko) Chrome/83.0.4103.116 Safari/537.36"
::1 - - [30/Jun/2020:10:49:32 +0000] "GET / HTTP/1.1" 304 - "http://localhost:8000/users/profile/5efa22193fc78c5e33a65a2b" "Mozilla/5.0 (X11; Linux x86_64) AppleWebKit/537.36 (KHTML, like Gecko) Chrome/83.0.4103.116 Safari/537.36"
::1 - - [30/Jun/2020:10:49:35 +0000] "GET /users/profile/5ee233349c48830765cb7464 HTTP/1.1" 200 4110 "http://localhost:8000/" "Mozilla/5.0 (X11; Linux x86_64) AppleWebKit/537.36 (KHTML, like Gecko) Chrome/83.0.4103.116 Safari/537.36"
::1 - - [30/Jun/2020:10:49:38 +0000] "GET / HTTP/1.1" 304 - "http://localhost:8000/users/profile/5ee233349c48830765cb7464" "Mozilla/5.0 (X11; Linux x86_64) AppleWebKit/537.36 (KHTML, like Gecko) Chrome/83.0.4103.116 Safari/537.36"
::1 - - [30/Jun/2020:10:49:43 +0000] "POST /search HTTP/1.1" 200 313 "http://localhost:8000/" "Mozilla/5.0 (X11; Linux x86_64) AppleWebKit/537.36 (KHTML, like Gecko) Chrome/83.0.4103.116 Safari/537.36"
::1 - - [30/Jun/2020:10:49:44 +0000] "GET /users/profile/5efa22193fc78c5e33a65a2b HTTP/1.1" 304 - "http://localhost:8000/" "Mozilla/5.0 (X11; Linux x86_64) AppleWebKit/537.36 (KHTML, like Gecko) Chrome/83.0.4103.116 Safari/537.36"
::1 - - [30/Jun/2020:10:49:47 +0000] "POST /isfriend HTTP/1.1" 200 51 "http://localhost:8000/users/profile/5efa22193fc78c5e33a65a2b" "Mozilla/5.0 (X11; Linux x86_64) AppleWebKit/537.36 (KHTML, like Gecko) Chrome/83.0.4103.116 Safari/537.36"
::1 - - [30/Jun/2020:10:49:47 +0000] "POST /isfriend HTTP/1.1" 200 51 "http://localhost:8000/users/profile/5efa22193fc78c5e33a65a2b" "Mozilla/5.0 (X11; Linux x86_64) AppleWebKit/537.36 (KHTML, like Gecko) Chrome/83.0.4103.116 Safari/537.36"
::1 - - [30/Jun/2020:10:54:55 +0000] "GET /users/profile/5efa22193fc78c5e33a65a2b HTTP/1.1" 200 2623 "http://localhost:8000/" "Mozilla/5.0 (X11; Linux x86_64) AppleWebKit/537.36 (KHTML, like Gecko) Chrome/83.0.4103.116 Safari/537.36"
::1 - - [30/Jun/2020:10:54:58 +0000] "POST /isfriend HTTP/1.1" 302 164 "http://localhost:8000/users/profile/5efa22193fc78c5e33a65a2b" "Mozilla/5.0 (X11; Linux x86_64) AppleWebKit/537.36 (KHTML, like Gecko) Chrome/83.0.4103.116 Safari/537.36"
::1 - - [30/Jun/2020:10:54:58 +0000] "GET /users/profile/5efa22193fc78c5e33a65a2b HTTP/1.1" 200 3017 "http://localhost:8000/users/profile/5efa22193fc78c5e33a65a2b" "Mozilla/5.0 (X11; Linux x86_64) AppleWebKit/537.36 (KHTML, like Gecko) Chrome/83.0.4103.116 Safari/537.36"
::1 - - [30/Jun/2020:10:55:01 +0000] "POST /isfriend HTTP/1.1" 302 164 "http://localhost:8000/users/profile/5efa22193fc78c5e33a65a2b" "Mozilla/5.0 (X11; Linux x86_64) AppleWebKit/537.36 (KHTML, like Gecko) Chrome/83.0.4103.116 Safari/537.36"
::1 - - [30/Jun/2020:10:55:01 +0000] "GET /users/profile/5efa22193fc78c5e33a65a2b HTTP/1.1" 200 2939 "http://localhost:8000/users/profile/5efa22193fc78c5e33a65a2b" "Mozilla/5.0 (X11; Linux x86_64) AppleWebKit/537.36 (KHTML, like Gecko) Chrome/83.0.4103.116 Safari/537.36"
::1 - - [30/Jun/2020:10:55:03 +0000] "POST /isfriend HTTP/1.1" 302 164 "http://localhost:8000/users/profile/5efa22193fc78c5e33a65a2b" "Mozilla/5.0 (X11; Linux x86_64) AppleWebKit/537.36 (KHTML, like Gecko) Chrome/83.0.4103.116 Safari/537.36"
::1 - - [30/Jun/2020:10:55:03 +0000] "GET /users/profile/5efa22193fc78c5e33a65a2b HTTP/1.1" 200 3017 "http://localhost:8000/users/profile/5efa22193fc78c5e33a65a2b" "Mozilla/5.0 (X11; Linux x86_64) AppleWebKit/537.36 (KHTML, like Gecko) Chrome/83.0.4103.116 Safari/537.36"
::1 - - [30/Jun/2020:10:55:06 +0000] "POST /isfriend HTTP/1.1" 302 164 "http://localhost:8000/users/profile/5efa22193fc78c5e33a65a2b" "Mozilla/5.0 (X11; Linux x86_64) AppleWebKit/537.36 (KHTML, like Gecko) Chrome/83.0.4103.116 Safari/537.36"
::1 - - [30/Jun/2020:10:55:06 +0000] "GET /users/profile/5efa22193fc78c5e33a65a2b HTTP/1.1" 200 2939 "http://localhost:8000/users/profile/5efa22193fc78c5e33a65a2b" "Mozilla/5.0 (X11; Linux x86_64) AppleWebKit/537.36 (KHTML, like Gecko) Chrome/83.0.4103.116 Safari/537.36"
::1 - - [30/Jun/2020:10:56:56 +0000] "GET /users/profile/5efa22193fc78c5e33a65a2b HTTP/1.1" 200 2623 "http://localhost:8000/users/profile/5efa22193fc78c5e33a65a2b" "Mozilla/5.0 (X11; Linux x86_64) AppleWebKit/537.36 (KHTML, like Gecko) Chrome/83.0.4103.116 Safari/537.36"
::1 - - [30/Jun/2020:10:57:16 +0000] "POST /isfriend HTTP/1.1" 302 164 "http://localhost:8000/users/profile/5efa22193fc78c5e33a65a2b" "Mozilla/5.0 (X11; Linux x86_64) AppleWebKit/537.36 (KHTML, like Gecko) Chrome/83.0.4103.116 Safari/537.36"
::1 - - [30/Jun/2020:10:57:16 +0000] "GET /users/profile/5efa22193fc78c5e33a65a2b HTTP/1.1" 200 3017 "http://localhost:8000/users/profile/5efa22193fc78c5e33a65a2b" "Mozilla/5.0 (X11; Linux x86_64) AppleWebKit/537.36 (KHTML, like Gecko) Chrome/83.0.4103.116 Safari/537.36"
::1 - - [30/Jun/2020:10:58:06 +0000] "GET / HTTP/1.1" 304 - "-" "Mozilla/5.0 (X11; Linux x86_64) AppleWebKit/537.36 (KHTML, like Gecko) Chrome/83.0.4103.116 Safari/537.36"
::1 - - [30/Jun/2020:10:58:10 +0000] "GET /users/profile/5ee8fe3a41b0b4311b91da5b HTTP/1.1" 200 2698 "http://localhost:8000/" "Mozilla/5.0 (X11; Linux x86_64) AppleWebKit/537.36 (KHTML, like Gecko) Chrome/83.0.4103.116 Safari/537.36"
::1 - - [30/Jun/2020:10:58:15 +0000] "POST /isfriend HTTP/1.1" 302 164 "http://localhost:8000/users/profile/5ee8fe3a41b0b4311b91da5b" "Mozilla/5.0 (X11; Linux x86_64) AppleWebKit/537.36 (KHTML, like Gecko) Chrome/83.0.4103.116 Safari/537.36"
::1 - - [30/Jun/2020:10:58:15 +0000] "GET /users/profile/5ee8fe3a41b0b4311b91da5b HTTP/1.1" 200 3009 "http://localhost:8000/users/profile/5ee8fe3a41b0b4311b91da5b" "Mozilla/5.0 (X11; Linux x86_64) AppleWebKit/537.36 (KHTML, like Gecko) Chrome/83.0.4103.116 Safari/537.36"
::1 - - [30/Jun/2020:10:58:16 +0000] "POST /isfriend HTTP/1.1" 302 164 "http://localhost:8000/users/profile/5ee8fe3a41b0b4311b91da5b" "Mozilla/5.0 (X11; Linux x86_64) AppleWebKit/537.36 (KHTML, like Gecko) Chrome/83.0.4103.116 Safari/537.36"
::1 - - [30/Jun/2020:10:58:16 +0000] "GET /users/profile/5ee8fe3a41b0b4311b91da5b HTTP/1.1" 304 - "http://localhost:8000/users/profile/5ee8fe3a41b0b4311b91da5b" "Mozilla/5.0 (X11; Linux x86_64) AppleWebKit/537.36 (KHTML, like Gecko) Chrome/83.0.4103.116 Safari/537.36"
::1 - - [30/Jun/2020:10:59:07 +0000] "GET /users/profile/5ee8fe3a41b0b4311b91da5b HTTP/1.1" 200 2698 "http://localhost:8000/users/profile/5ee8fe3a41b0b4311b91da5b" "Mozilla/5.0 (X11; Linux x86_64) AppleWebKit/537.36 (KHTML, like Gecko) Chrome/83.0.4103.116 Safari/537.36"
::1 - - [30/Jun/2020:11:01:43 +0000] "GET /users/profile/5ee8fe3a41b0b4311b91da5b HTTP/1.1" 200 2698 "http://localhost:8000/users/profile/5ee8fe3a41b0b4311b91da5b" "Mozilla/5.0 (X11; Linux x86_64) AppleWebKit/537.36 (KHTML, like Gecko) Chrome/83.0.4103.116 Safari/537.36"
::1 - - [30/Jun/2020:11:01:51 +0000] "GET /users/profile/5ee8fe3a41b0b4311b91da5b HTTP/1.1" 304 - "http://localhost:8000/users/profile/5ee8fe3a41b0b4311b91da5b" "Mozilla/5.0 (X11; Linux x86_64) AppleWebKit/537.36 (KHTML, like Gecko) Chrome/83.0.4103.116 Safari/537.36"
::1 - - [30/Jun/2020:11:02:32 +0000] "GET / HTTP/1.1" 200 28458 "-" "Mozilla/5.0 (X11; Linux x86_64) AppleWebKit/537.36 (KHTML, like Gecko) Chrome/83.0.4103.116 Safari/537.36"
::1 - - [30/Jun/2020:11:02:50 +0000] "GET / HTTP/1.1" 304 - "-" "Mozilla/5.0 (X11; Linux x86_64) AppleWebKit/537.36 (KHTML, like Gecko) Chrome/83.0.4103.116 Safari/537.36"
::1 - - [30/Jun/2020:11:03:59 +0000] "GET / HTTP/1.1" 200 28458 "-" "Mozilla/5.0 (X11; Linux x86_64) AppleWebKit/537.36 (KHTML, like Gecko) Chrome/83.0.4103.116 Safari/537.36"
::1 - - [30/Jun/2020:11:04:11 +0000] "GET /users/profile/5ee8fe3a41b0b4311b91da5b HTTP/1.1" 200 2698 "http://localhost:8000/" "Mozilla/5.0 (X11; Linux x86_64) AppleWebKit/537.36 (KHTML, like Gecko) Chrome/83.0.4103.116 Safari/537.36"
::1 - - [30/Jun/2020:11:04:12 +0000] "POST /isfriend HTTP/1.1" 200 46 "http://localhost:8000/users/profile/5ee8fe3a41b0b4311b91da5b" "Mozilla/5.0 (X11; Linux x86_64) AppleWebKit/537.36 (KHTML, like Gecko) Chrome/83.0.4103.116 Safari/537.36"
::1 - - [30/Jun/2020:11:04:17 +0000] "POST /isfriend HTTP/1.1" 200 46 "http://localhost:8000/users/profile/5ee8fe3a41b0b4311b91da5b" "Mozilla/5.0 (X11; Linux x86_64) AppleWebKit/537.36 (KHTML, like Gecko) Chrome/83.0.4103.116 Safari/537.36"
::1 - - [30/Jun/2020:11:04:24 +0000] "GET / HTTP/1.1" 304 - "http://localhost:8000/users/profile/5ee8fe3a41b0b4311b91da5b" "Mozilla/5.0 (X11; Linux x86_64) AppleWebKit/537.36 (KHTML, like Gecko) Chrome/83.0.4103.116 Safari/537.36"
::1 - - [30/Jun/2020:11:04:28 +0000] "POST /search HTTP/1.1" 200 286 "http://localhost:8000/" "Mozilla/5.0 (X11; Linux x86_64) AppleWebKit/537.36 (KHTML, like Gecko) Chrome/83.0.4103.116 Safari/537.36"
::1 - - [30/Jun/2020:11:04:29 +0000] "GET /users/profile/5efa22193fc78c5e33a65a2b HTTP/1.1" 200 2623 "http://localhost:8000/" "Mozilla/5.0 (X11; Linux x86_64) AppleWebKit/537.36 (KHTML, like Gecko) Chrome/83.0.4103.116 Safari/537.36"
::1 - - [30/Jun/2020:11:04:32 +0000] "POST /isfriend HTTP/1.1" 200 51 "http://localhost:8000/users/profile/5efa22193fc78c5e33a65a2b" "Mozilla/5.0 (X11; Linux x86_64) AppleWebKit/537.36 (KHTML, like Gecko) Chrome/83.0.4103.116 Safari/537.36"
::1 - - [30/Jun/2020:11:04:34 +0000] "POST /isfriend HTTP/1.1" 200 49 "http://localhost:8000/users/profile/5efa22193fc78c5e33a65a2b" "Mozilla/5.0 (X11; Linux x86_64) AppleWebKit/537.36 (KHTML, like Gecko) Chrome/83.0.4103.116 Safari/537.36"
::1 - - [30/Jun/2020:11:05:51 +0000] "GET /users/profile/5efa22193fc78c5e33a65a2b HTTP/1.1" 200 2623 "http://localhost:8000/" "Mozilla/5.0 (X11; Linux x86_64) AppleWebKit/537.36 (KHTML, like Gecko) Chrome/83.0.4103.116 Safari/537.36"
::1 - - [30/Jun/2020:11:05:54 +0000] "POST /isfriend HTTP/1.1" 200 51 "http://localhost:8000/users/profile/5efa22193fc78c5e33a65a2b" "Mozilla/5.0 (X11; Linux x86_64) AppleWebKit/537.36 (KHTML, like Gecko) Chrome/83.0.4103.116 Safari/537.36"
::1 - - [30/Jun/2020:11:05:57 +0000] "POST /isfriend HTTP/1.1" 200 49 "http://localhost:8000/users/profile/5efa22193fc78c5e33a65a2b" "Mozilla/5.0 (X11; Linux x86_64) AppleWebKit/537.36 (KHTML, like Gecko) Chrome/83.0.4103.116 Safari/537.36"
::1 - - [30/Jun/2020:11:11:31 +0000] "GET / HTTP/1.1" 304 - "-" "Mozilla/5.0 (X11; Linux x86_64) AppleWebKit/537.36 (KHTML, like Gecko) Chrome/83.0.4103.116 Safari/537.36"
::1 - - [30/Jun/2020:11:11:35 +0000] "GET /users/profile/5ee8fe3a41b0b4311b91da5b HTTP/1.1" 200 2698 "http://localhost:8000/" "Mozilla/5.0 (X11; Linux x86_64) AppleWebKit/537.36 (KHTML, like Gecko) Chrome/83.0.4103.116 Safari/537.36"
::1 - - [30/Jun/2020:11:11:36 +0000] "POST /isfriend HTTP/1.1" 200 46 "http://localhost:8000/users/profile/5ee8fe3a41b0b4311b91da5b" "Mozilla/5.0 (X11; Linux x86_64) AppleWebKit/537.36 (KHTML, like Gecko) Chrome/83.0.4103.116 Safari/537.36"
::1 - - [30/Jun/2020:11:11:40 +0000] "GET / HTTP/1.1" 304 - "http://localhost:8000/users/profile/5ee8fe3a41b0b4311b91da5b" "Mozilla/5.0 (X11; Linux x86_64) AppleWebKit/537.36 (KHTML, like Gecko) Chrome/83.0.4103.116 Safari/537.36"
::1 - - [30/Jun/2020:11:11:43 +0000] "POST /search HTTP/1.1" 200 286 "http://localhost:8000/" "Mozilla/5.0 (X11; Linux x86_64) AppleWebKit/537.36 (KHTML, like Gecko) Chrome/83.0.4103.116 Safari/537.36"
::1 - - [30/Jun/2020:11:11:46 +0000] "GET /users/profile/5efa22193fc78c5e33a65a2b HTTP/1.1" 200 2623 "http://localhost:8000/" "Mozilla/5.0 (X11; Linux x86_64) AppleWebKit/537.36 (KHTML, like Gecko) Chrome/83.0.4103.116 Safari/537.36"
::1 - - [30/Jun/2020:11:11:47 +0000] "POST /isfriend HTTP/1.1" 200 51 "http://localhost:8000/users/profile/5efa22193fc78c5e33a65a2b" "Mozilla/5.0 (X11; Linux x86_64) AppleWebKit/537.36 (KHTML, like Gecko) Chrome/83.0.4103.116 Safari/537.36"
::1 - - [30/Jun/2020:11:11:49 +0000] "POST /isfriend HTTP/1.1" 200 49 "http://localhost:8000/users/profile/5efa22193fc78c5e33a65a2b" "Mozilla/5.0 (X11; Linux x86_64) AppleWebKit/537.36 (KHTML, like Gecko) Chrome/83.0.4103.116 Safari/537.36"
::1 - - [30/Jun/2020:11:11:50 +0000] "POST /isfriend HTTP/1.1" 200 51 "http://localhost:8000/users/profile/5efa22193fc78c5e33a65a2b" "Mozilla/5.0 (X11; Linux x86_64) AppleWebKit/537.36 (KHTML, like Gecko) Chrome/83.0.4103.116 Safari/537.36"
::1 - - [30/Jun/2020:11:18:18 +0000] "GET / HTTP/1.1" 304 - "-" "Mozilla/5.0 (X11; Linux x86_64) AppleWebKit/537.36 (KHTML, like Gecko) Chrome/83.0.4103.116 Safari/537.36"
::1 - - [30/Jun/2020:11:18:21 +0000] "GET /users/profile/5ee8fe3a41b0b4311b91da5b HTTP/1.1" 200 2698 "http://localhost:8000/" "Mozilla/5.0 (X11; Linux x86_64) AppleWebKit/537.36 (KHTML, like Gecko) Chrome/83.0.4103.116 Safari/537.36"
::1 - - [30/Jun/2020:11:18:23 +0000] "POST /isfriend HTTP/1.1" 200 46 "http://localhost:8000/users/profile/5ee8fe3a41b0b4311b91da5b" "Mozilla/5.0 (X11; Linux x86_64) AppleWebKit/537.36 (KHTML, like Gecko) Chrome/83.0.4103.116 Safari/537.36"
::1 - - [30/Jun/2020:11:18:38 +0000] "POST /isfriend HTTP/1.1" 200 46 "http://localhost:8000/users/profile/5ee8fe3a41b0b4311b91da5b" "Mozilla/5.0 (X11; Linux x86_64) AppleWebKit/537.36 (KHTML, like Gecko) Chrome/83.0.4103.116 Safari/537.36"
::1 - - [30/Jun/2020:11:18:41 +0000] "GET / HTTP/1.1" 304 - "http://localhost:8000/users/profile/5ee8fe3a41b0b4311b91da5b" "Mozilla/5.0 (X11; Linux x86_64) AppleWebKit/537.36 (KHTML, like Gecko) Chrome/83.0.4103.116 Safari/537.36"
::1 - - [30/Jun/2020:11:18:47 +0000] "POST /search HTTP/1.1" 200 260 "http://localhost:8000/" "Mozilla/5.0 (X11; Linux x86_64) AppleWebKit/537.36 (KHTML, like Gecko) Chrome/83.0.4103.116 Safari/537.36"
::1 - - [30/Jun/2020:11:18:49 +0000] "GET /users/profile/5efa22193fc78c5e33a65a2b HTTP/1.1" 200 2623 "http://localhost:8000/" "Mozilla/5.0 (X11; Linux x86_64) AppleWebKit/537.36 (KHTML, like Gecko) Chrome/83.0.4103.116 Safari/537.36"
::1 - - [30/Jun/2020:11:18:51 +0000] "POST /isfriend HTTP/1.1" 200 49 "http://localhost:8000/users/profile/5efa22193fc78c5e33a65a2b" "Mozilla/5.0 (X11; Linux x86_64) AppleWebKit/537.36 (KHTML, like Gecko) Chrome/83.0.4103.116 Safari/537.36"
::1 - - [30/Jun/2020:11:18:53 +0000] "POST /isfriend HTTP/1.1" 200 51 "http://localhost:8000/users/profile/5efa22193fc78c5e33a65a2b" "Mozilla/5.0 (X11; Linux x86_64) AppleWebKit/537.36 (KHTML, like Gecko) Chrome/83.0.4103.116 Safari/537.36"
::1 - - [30/Jun/2020:11:21:38 +0000] "GET /users/profile/5efa22193fc78c5e33a65a2b HTTP/1.1" 200 2623 "http://localhost:8000/" "Mozilla/5.0 (X11; Linux x86_64) AppleWebKit/537.36 (KHTML, like Gecko) Chrome/83.0.4103.116 Safari/537.36"
::1 - - [30/Jun/2020:11:21:42 +0000] "POST /isfriend HTTP/1.1" 200 49 "http://localhost:8000/users/profile/5efa22193fc78c5e33a65a2b" "Mozilla/5.0 (X11; Linux x86_64) AppleWebKit/537.36 (KHTML, like Gecko) Chrome/83.0.4103.116 Safari/537.36"
::1 - - [30/Jun/2020:11:21:45 +0000] "POST /isfriend HTTP/1.1" 200 51 "http://localhost:8000/users/profile/5efa22193fc78c5e33a65a2b" "Mozilla/5.0 (X11; Linux x86_64) AppleWebKit/537.36 (KHTML, like Gecko) Chrome/83.0.4103.116 Safari/537.36"
::1 - - [30/Jun/2020:11:22:07 +0000] "POST /isfriend HTTP/1.1" 200 49 "http://localhost:8000/users/profile/5efa22193fc78c5e33a65a2b" "Mozilla/5.0 (X11; Linux x86_64) AppleWebKit/537.36 (KHTML, like Gecko) Chrome/83.0.4103.116 Safari/537.36"
::1 - - [30/Jun/2020:11:29:04 +0000] "GET /users/profile/5efa22193fc78c5e33a65a2b HTTP/1.1" 200 2623 "http://localhost:8000/" "Mozilla/5.0 (X11; Linux x86_64) AppleWebKit/537.36 (KHTML, like Gecko) Chrome/83.0.4103.116 Safari/537.36"
::1 - - [30/Jun/2020:11:29:08 +0000] "POST /isfriend HTTP/1.1" 200 51 "http://localhost:8000/users/profile/5efa22193fc78c5e33a65a2b" "Mozilla/5.0 (X11; Linux x86_64) AppleWebKit/537.36 (KHTML, like Gecko) Chrome/83.0.4103.116 Safari/537.36"
::1 - - [30/Jun/2020:11:29:11 +0000] "POST /isfriend HTTP/1.1" 200 49 "http://localhost:8000/users/profile/5efa22193fc78c5e33a65a2b" "Mozilla/5.0 (X11; Linux x86_64) AppleWebKit/537.36 (KHTML, like Gecko) Chrome/83.0.4103.116 Safari/537.36"
::1 - - [30/Jun/2020:11:29:14 +0000] "POST /isfriend HTTP/1.1" 200 51 "http://localhost:8000/users/profile/5efa22193fc78c5e33a65a2b" "Mozilla/5.0 (X11; Linux x86_64) AppleWebKit/537.36 (KHTML, like Gecko) Chrome/83.0.4103.116 Safari/537.36"
::1 - - [30/Jun/2020:11:31:01 +0000] "GET /users/profile/5efa22193fc78c5e33a65a2b HTTP/1.1" 200 2623 "http://localhost:8000/" "Mozilla/5.0 (X11; Linux x86_64) AppleWebKit/537.36 (KHTML, like Gecko) Chrome/83.0.4103.116 Safari/537.36"
::1 - - [30/Jun/2020:11:31:10 +0000] "POST /isfriend HTTP/1.1" 200 49 "http://localhost:8000/users/profile/5efa22193fc78c5e33a65a2b" "Mozilla/5.0 (X11; Linux x86_64) AppleWebKit/537.36 (KHTML, like Gecko) Chrome/83.0.4103.116 Safari/537.36"
::1 - - [30/Jun/2020:11:31:13 +0000] "POST /isfriend HTTP/1.1" 200 51 "http://localhost:8000/users/profile/5efa22193fc78c5e33a65a2b" "Mozilla/5.0 (X11; Linux x86_64) AppleWebKit/537.36 (KHTML, like Gecko) Chrome/83.0.4103.116 Safari/537.36"
::1 - - [30/Jun/2020:11:32:58 +0000] "GET /users/profile/5efa22193fc78c5e33a65a2b HTTP/1.1" 200 2623 "http://localhost:8000/" "Mozilla/5.0 (X11; Linux x86_64) AppleWebKit/537.36 (KHTML, like Gecko) Chrome/83.0.4103.116 Safari/537.36"
::1 - - [30/Jun/2020:11:33:02 +0000] "POST /isfriend HTTP/1.1" 200 49 "http://localhost:8000/users/profile/5efa22193fc78c5e33a65a2b" "Mozilla/5.0 (X11; Linux x86_64) AppleWebKit/537.36 (KHTML, like Gecko) Chrome/83.0.4103.116 Safari/537.36"
::1 - - [30/Jun/2020:11:33:04 +0000] "POST /isfriend HTTP/1.1" 200 51 "http://localhost:8000/users/profile/5efa22193fc78c5e33a65a2b" "Mozilla/5.0 (X11; Linux x86_64) AppleWebKit/537.36 (KHTML, like Gecko) Chrome/83.0.4103.116 Safari/537.36"
::1 - - [30/Jun/2020:11:33:12 +0000] "POST /isfriend HTTP/1.1" 200 49 "http://localhost:8000/users/profile/5efa22193fc78c5e33a65a2b" "Mozilla/5.0 (X11; Linux x86_64) AppleWebKit/537.36 (KHTML, like Gecko) Chrome/83.0.4103.116 Safari/537.36"
::1 - - [30/Jun/2020:11:33:15 +0000] "POST /isfriend HTTP/1.1" 200 51 "http://localhost:8000/users/profile/5efa22193fc78c5e33a65a2b" "Mozilla/5.0 (X11; Linux x86_64) AppleWebKit/537.36 (KHTML, like Gecko) Chrome/83.0.4103.116 Safari/537.36"
::1 - - [30/Jun/2020:11:33:21 +0000] "POST /isfriend HTTP/1.1" 200 49 "http://localhost:8000/users/profile/5efa22193fc78c5e33a65a2b" "Mozilla/5.0 (X11; Linux x86_64) AppleWebKit/537.36 (KHTML, like Gecko) Chrome/83.0.4103.116 Safari/537.36"
::1 - - [30/Jun/2020:11:33:23 +0000] "POST /isfriend HTTP/1.1" 200 51 "http://localhost:8000/users/profile/5efa22193fc78c5e33a65a2b" "Mozilla/5.0 (X11; Linux x86_64) AppleWebKit/537.36 (KHTML, like Gecko) Chrome/83.0.4103.116 Safari/537.36"
::1 - - [30/Jun/2020:11:33:27 +0000] "POST /isfriend HTTP/1.1" 200 49 "http://localhost:8000/users/profile/5efa22193fc78c5e33a65a2b" "Mozilla/5.0 (X11; Linux x86_64) AppleWebKit/537.36 (KHTML, like Gecko) Chrome/83.0.4103.116 Safari/537.36"
::1 - - [30/Jun/2020:11:33:35 +0000] "POST /isfriend HTTP/1.1" 200 51 "http://localhost:8000/users/profile/5efa22193fc78c5e33a65a2b" "Mozilla/5.0 (X11; Linux x86_64) AppleWebKit/537.36 (KHTML, like Gecko) Chrome/83.0.4103.116 Safari/537.36"
::1 - - [30/Jun/2020:11:34:45 +0000] "GET /users/profile/5efa22193fc78c5e33a65a2b HTTP/1.1" 304 - "http://localhost:8000/" "Mozilla/5.0 (X11; Linux x86_64) AppleWebKit/537.36 (KHTML, like Gecko) Chrome/83.0.4103.116 Safari/537.36"
::1 - - [30/Jun/2020:11:34:48 +0000] "GET / HTTP/1.1" 200 28458 "http://localhost:8000/users/profile/5efa22193fc78c5e33a65a2b" "Mozilla/5.0 (X11; Linux x86_64) AppleWebKit/537.36 (KHTML, like Gecko) Chrome/83.0.4103.116 Safari/537.36"
::1 - - [30/Jun/2020:11:34:51 +0000] "GET / HTTP/1.1" 304 - "http://localhost:8000/" "Mozilla/5.0 (X11; Linux x86_64) AppleWebKit/537.36 (KHTML, like Gecko) Chrome/83.0.4103.116 Safari/537.36"
::1 - - [30/Jun/2020:11:35:47 +0000] "GET / HTTP/1.1" 200 28458 "http://localhost:8000/" "Mozilla/5.0 (X11; Linux x86_64) AppleWebKit/537.36 (KHTML, like Gecko) Chrome/83.0.4103.116 Safari/537.36"
::1 - - [30/Jun/2020:11:35:56 +0000] "POST /search HTTP/1.1" 200 260 "http://localhost:8000/" "Mozilla/5.0 (X11; Linux x86_64) AppleWebKit/537.36 (KHTML, like Gecko) Chrome/83.0.4103.116 Safari/537.36"
::1 - - [30/Jun/2020:11:35:58 +0000] "GET /users/profile/5efa22193fc78c5e33a65a2b HTTP/1.1" 304 - "http://localhost:8000/" "Mozilla/5.0 (X11; Linux x86_64) AppleWebKit/537.36 (KHTML, like Gecko) Chrome/83.0.4103.116 Safari/537.36"
::1 - - [30/Jun/2020:11:35:59 +0000] "POST /isfriend HTTP/1.1" 200 49 "http://localhost:8000/users/profile/5efa22193fc78c5e33a65a2b" "Mozilla/5.0 (X11; Linux x86_64) AppleWebKit/537.36 (KHTML, like Gecko) Chrome/83.0.4103.116 Safari/537.36"
::1 - - [30/Jun/2020:11:36:02 +0000] "POST /isfriend HTTP/1.1" 200 51 "http://localhost:8000/users/profile/5efa22193fc78c5e33a65a2b" "Mozilla/5.0 (X11; Linux x86_64) AppleWebKit/537.36 (KHTML, like Gecko) Chrome/83.0.4103.116 Safari/537.36"
::1 - - [30/Jun/2020:11:36:04 +0000] "GET / HTTP/1.1" 304 - "http://localhost:8000/users/profile/5efa22193fc78c5e33a65a2b" "Mozilla/5.0 (X11; Linux x86_64) AppleWebKit/537.36 (KHTML, like Gecko) Chrome/83.0.4103.116 Safari/537.36"
::1 - - [30/Jun/2020:11:36:07 +0000] "GET /users/profile/5ee8fe3a41b0b4311b91da5b HTTP/1.1" 200 2698 "http://localhost:8000/" "Mozilla/5.0 (X11; Linux x86_64) AppleWebKit/537.36 (KHTML, like Gecko) Chrome/83.0.4103.116 Safari/537.36"
::1 - - [30/Jun/2020:11:36:08 +0000] "POST /isfriend HTTP/1.1" 200 46 "http://localhost:8000/users/profile/5ee8fe3a41b0b4311b91da5b" "Mozilla/5.0 (X11; Linux x86_64) AppleWebKit/537.36 (KHTML, like Gecko) Chrome/83.0.4103.116 Safari/537.36"
::1 - - [30/Jun/2020:11:36:47 +0000] "GET /users/profile/5ee8fe3a41b0b4311b91da5b HTTP/1.1" 200 2698 "http://localhost:8000/" "Mozilla/5.0 (X11; Linux x86_64) AppleWebKit/537.36 (KHTML, like Gecko) Chrome/83.0.4103.116 Safari/537.36"
::1 - - [30/Jun/2020:11:36:49 +0000] "POST /isfriend HTTP/1.1" 200 46 "http://localhost:8000/users/profile/5ee8fe3a41b0b4311b91da5b" "Mozilla/5.0 (X11; Linux x86_64) AppleWebKit/537.36 (KHTML, like Gecko) Chrome/83.0.4103.116 Safari/537.36"
::1 - - [30/Jun/2020:11:36:55 +0000] "GET / HTTP/1.1" 304 - "http://localhost:8000/users/profile/5ee8fe3a41b0b4311b91da5b" "Mozilla/5.0 (X11; Linux x86_64) AppleWebKit/537.36 (KHTML, like Gecko) Chrome/83.0.4103.116 Safari/537.36"
::1 - - [30/Jun/2020:11:37:00 +0000] "GET /users/profile/5ee8fe3a41b0b4311b91da5b HTTP/1.1" 304 - "http://localhost:8000/" "Mozilla/5.0 (X11; Linux x86_64) AppleWebKit/537.36 (KHTML, like Gecko) Chrome/83.0.4103.116 Safari/537.36"
::1 - - [30/Jun/2020:11:37:02 +0000] "POST /isfriend HTTP/1.1" 200 46 "http://localhost:8000/users/profile/5ee8fe3a41b0b4311b91da5b" "Mozilla/5.0 (X11; Linux x86_64) AppleWebKit/537.36 (KHTML, like Gecko) Chrome/83.0.4103.116 Safari/537.36"
::1 - - [30/Jun/2020:11:37:06 +0000] "GET / HTTP/1.1" 304 - "http://localhost:8000/users/profile/5ee8fe3a41b0b4311b91da5b" "Mozilla/5.0 (X11; Linux x86_64) AppleWebKit/537.36 (KHTML, like Gecko) Chrome/83.0.4103.116 Safari/537.36"
::1 - - [30/Jun/2020:11:37:08 +0000] "GET /users/profile/5eedc07fd4853c1dc6eab379 HTTP/1.1" 200 2639 "http://localhost:8000/" "Mozilla/5.0 (X11; Linux x86_64) AppleWebKit/537.36 (KHTML, like Gecko) Chrome/83.0.4103.116 Safari/537.36"
::1 - - [30/Jun/2020:11:37:09 +0000] "POST /isfriend HTTP/1.1" 200 46 "http://localhost:8000/users/profile/5eedc07fd4853c1dc6eab379" "Mozilla/5.0 (X11; Linux x86_64) AppleWebKit/537.36 (KHTML, like Gecko) Chrome/83.0.4103.116 Safari/537.36"
::1 - - [30/Jun/2020:11:37:12 +0000] "GET / HTTP/1.1" 304 - "http://localhost:8000/users/profile/5eedc07fd4853c1dc6eab379" "Mozilla/5.0 (X11; Linux x86_64) AppleWebKit/537.36 (KHTML, like Gecko) Chrome/83.0.4103.116 Safari/537.36"
::1 - - [30/Jun/2020:11:37:17 +0000] "POST /search HTTP/1.1" 200 260 "http://localhost:8000/" "Mozilla/5.0 (X11; Linux x86_64) AppleWebKit/537.36 (KHTML, like Gecko) Chrome/83.0.4103.116 Safari/537.36"
::1 - - [30/Jun/2020:11:37:18 +0000] "GET /users/profile/5efa22193fc78c5e33a65a2b HTTP/1.1" 200 2623 "http://localhost:8000/" "Mozilla/5.0 (X11; Linux x86_64) AppleWebKit/537.36 (KHTML, like Gecko) Chrome/83.0.4103.116 Safari/537.36"
::1 - - [30/Jun/2020:11:37:19 +0000] "POST /isfriend HTTP/1.1" 200 49 "http://localhost:8000/users/profile/5efa22193fc78c5e33a65a2b" "Mozilla/5.0 (X11; Linux x86_64) AppleWebKit/537.36 (KHTML, like Gecko) Chrome/83.0.4103.116 Safari/537.36"
::1 - - [30/Jun/2020:11:37:21 +0000] "POST /isfriend HTTP/1.1" 200 51 "http://localhost:8000/users/profile/5efa22193fc78c5e33a65a2b" "Mozilla/5.0 (X11; Linux x86_64) AppleWebKit/537.36 (KHTML, like Gecko) Chrome/83.0.4103.116 Safari/537.36"
::1 - - [30/Jun/2020:11:37:33 +0000] "GET / HTTP/1.1" 304 - "http://localhost:8000/users/profile/5efa22193fc78c5e33a65a2b" "Mozilla/5.0 (X11; Linux x86_64) AppleWebKit/537.36 (KHTML, like Gecko) Chrome/83.0.4103.116 Safari/537.36"
::1 - - [30/Jun/2020:11:40:15 +0000] "GET /users/profile/5ee233349c48830765cb7464 HTTP/1.1" 200 4110 "http://localhost:8000/" "Mozilla/5.0 (X11; Linux x86_64) AppleWebKit/537.36 (KHTML, like Gecko) Chrome/83.0.4103.116 Safari/537.36"
::1 - - [30/Jun/2020:11:40:17 +0000] "GET / HTTP/1.1" 304 - "http://localhost:8000/users/profile/5ee233349c48830765cb7464" "Mozilla/5.0 (X11; Linux x86_64) AppleWebKit/537.36 (KHTML, like Gecko) Chrome/83.0.4103.116 Safari/537.36"
::1 - - [30/Jun/2020:11:40:21 +0000] "GET /users/profile/5ee8fe3a41b0b4311b91da5b HTTP/1.1" 304 - "http://localhost:8000/" "Mozilla/5.0 (X11; Linux x86_64) AppleWebKit/537.36 (KHTML, like Gecko) Chrome/83.0.4103.116 Safari/537.36"
::1 - - [30/Jun/2020:11:41:01 +0000] "GET /users/profile/5ee8fe3a41b0b4311b91da5b HTTP/1.1" 304 - "http://localhost:8000/" "Mozilla/5.0 (X11; Linux x86_64) AppleWebKit/537.36 (KHTML, like Gecko) Chrome/83.0.4103.116 Safari/537.36"
::1 - - [30/Jun/2020:11:41:04 +0000] "POST /isfriend HTTP/1.1" 200 46 "http://localhost:8000/users/profile/5ee8fe3a41b0b4311b91da5b" "Mozilla/5.0 (X11; Linux x86_64) AppleWebKit/537.36 (KHTML, like Gecko) Chrome/83.0.4103.116 Safari/537.36"
::1 - - [30/Jun/2020:11:41:05 +0000] "POST /isfriend HTTP/1.1" 200 46 "http://localhost:8000/users/profile/5ee8fe3a41b0b4311b91da5b" "Mozilla/5.0 (X11; Linux x86_64) AppleWebKit/537.36 (KHTML, like Gecko) Chrome/83.0.4103.116 Safari/537.36"
::1 - - [30/Jun/2020:11:41:13 +0000] "GET / HTTP/1.1" 304 - "http://localhost:8000/users/profile/5ee8fe3a41b0b4311b91da5b" "Mozilla/5.0 (X11; Linux x86_64) AppleWebKit/537.36 (KHTML, like Gecko) Chrome/83.0.4103.116 Safari/537.36"
::1 - - [30/Jun/2020:11:41:16 +0000] "GET /users/profile/5eedc07fd4853c1dc6eab379 HTTP/1.1" 304 - "http://localhost:8000/" "Mozilla/5.0 (X11; Linux x86_64) AppleWebKit/537.36 (KHTML, like Gecko) Chrome/83.0.4103.116 Safari/537.36"
::1 - - [30/Jun/2020:11:41:18 +0000] "POST /isfriend HTTP/1.1" 200 46 "http://localhost:8000/users/profile/5eedc07fd4853c1dc6eab379" "Mozilla/5.0 (X11; Linux x86_64) AppleWebKit/537.36 (KHTML, like Gecko) Chrome/83.0.4103.116 Safari/537.36"
::1 - - [30/Jun/2020:11:41:22 +0000] "GET / HTTP/1.1" 304 - "http://localhost:8000/users/profile/5eedc07fd4853c1dc6eab379" "Mozilla/5.0 (X11; Linux x86_64) AppleWebKit/537.36 (KHTML, like Gecko) Chrome/83.0.4103.116 Safari/537.36"
::1 - - [30/Jun/2020:11:41:28 +0000] "POST /search HTTP/1.1" 200 260 "http://localhost:8000/" "Mozilla/5.0 (X11; Linux x86_64) AppleWebKit/537.36 (KHTML, like Gecko) Chrome/83.0.4103.116 Safari/537.36"
::1 - - [30/Jun/2020:11:41:32 +0000] "GET /users/profile/5efa22193fc78c5e33a65a2b HTTP/1.1" 304 - "http://localhost:8000/" "Mozilla/5.0 (X11; Linux x86_64) AppleWebKit/537.36 (KHTML, like Gecko) Chrome/83.0.4103.116 Safari/537.36"
::1 - - [30/Jun/2020:11:41:34 +0000] "POST /isfriend HTTP/1.1" 200 49 "http://localhost:8000/users/profile/5efa22193fc78c5e33a65a2b" "Mozilla/5.0 (X11; Linux x86_64) AppleWebKit/537.36 (KHTML, like Gecko) Chrome/83.0.4103.116 Safari/537.36"
::1 - - [30/Jun/2020:11:41:37 +0000] "POST /isfriend HTTP/1.1" 200 51 "http://localhost:8000/users/profile/5efa22193fc78c5e33a65a2b" "Mozilla/5.0 (X11; Linux x86_64) AppleWebKit/537.36 (KHTML, like Gecko) Chrome/83.0.4103.116 Safari/537.36"
::1 - - [30/Jun/2020:11:49:41 +0000] "GET / HTTP/1.1" 304 - "-" "Mozilla/5.0 (X11; Linux x86_64) AppleWebKit/537.36 (KHTML, like Gecko) Chrome/83.0.4103.116 Safari/537.36"
::1 - - [30/Jun/2020:11:49:44 +0000] "GET /users/profile/5ee233349c48830765cb7464 HTTP/1.1" 304 - "http://localhost:8000/" "Mozilla/5.0 (X11; Linux x86_64) AppleWebKit/537.36 (KHTML, like Gecko) Chrome/83.0.4103.116 Safari/537.36"
::1 - - [30/Jun/2020:11:49:46 +0000] "GET / HTTP/1.1" 304 - "http://localhost:8000/users/profile/5ee233349c48830765cb7464" "Mozilla/5.0 (X11; Linux x86_64) AppleWebKit/537.36 (KHTML, like Gecko) Chrome/83.0.4103.116 Safari/537.36"
::1 - - [30/Jun/2020:11:49:48 +0000] "GET /users/profile/5eedc07fd4853c1dc6eab379 HTTP/1.1" 304 - "http://localhost:8000/" "Mozilla/5.0 (X11; Linux x86_64) AppleWebKit/537.36 (KHTML, like Gecko) Chrome/83.0.4103.116 Safari/537.36"
::1 - - [30/Jun/2020:11:49:50 +0000] "POST /isfriend HTTP/1.1" 200 46 "http://localhost:8000/users/profile/5eedc07fd4853c1dc6eab379" "Mozilla/5.0 (X11; Linux x86_64) AppleWebKit/537.36 (KHTML, like Gecko) Chrome/83.0.4103.116 Safari/537.36"
::1 - - [30/Jun/2020:11:49:54 +0000] "GET / HTTP/1.1" 304 - "http://localhost:8000/users/profile/5eedc07fd4853c1dc6eab379" "Mozilla/5.0 (X11; Linux x86_64) AppleWebKit/537.36 (KHTML, like Gecko) Chrome/83.0.4103.116 Safari/537.36"
::1 - - [30/Jun/2020:11:51:26 +0000] "GET / HTTP/1.1" 304 - "-" "Mozilla/5.0 (X11; Linux x86_64) AppleWebKit/537.36 (KHTML, like Gecko) Chrome/83.0.4103.116 Safari/537.36"
::1 - - [30/Jun/2020:18:09:58 +0000] "GET /users/profile/5ee233349c48830765cb7464 HTTP/1.1" 302 70 "http://localhost:8000/" "Mozilla/5.0 (X11; Linux x86_64) AppleWebKit/537.36 (KHTML, like Gecko) Chrome/83.0.4103.116 Safari/537.36"
::1 - - [30/Jun/2020:18:09:58 +0000] "GET /users/profile/users/sign-in HTTP/1.1" 404 166 "http://localhost:8000/" "Mozilla/5.0 (X11; Linux x86_64) AppleWebKit/537.36 (KHTML, like Gecko) Chrome/83.0.4103.116 Safari/537.36"
::1 - - [30/Jun/2020:18:10:03 +0000] "GET /users/profile/5eedc07fd4853c1dc6eab379 HTTP/1.1" 302 70 "http://localhost:8000/" "Mozilla/5.0 (X11; Linux x86_64) AppleWebKit/537.36 (KHTML, like Gecko) Chrome/83.0.4103.116 Safari/537.36"
::1 - - [30/Jun/2020:18:10:03 +0000] "GET /users/profile/users/sign-in HTTP/1.1" 404 166 "http://localhost:8000/" "Mozilla/5.0 (X11; Linux x86_64) AppleWebKit/537.36 (KHTML, like Gecko) Chrome/83.0.4103.116 Safari/537.36"
::1 - - [30/Jun/2020:18:10:07 +0000] "GET /users/sign-out HTTP/1.1" 302 46 "http://localhost:8000/" "Mozilla/5.0 (X11; Linux x86_64) AppleWebKit/537.36 (KHTML, like Gecko) Chrome/83.0.4103.116 Safari/537.36"
::1 - - [30/Jun/2020:18:10:07 +0000] "GET / HTTP/1.1" 200 17038 "http://localhost:8000/" "Mozilla/5.0 (X11; Linux x86_64) AppleWebKit/537.36 (KHTML, like Gecko) Chrome/83.0.4103.116 Safari/537.36"
::1 - - [30/Jun/2020:18:10:28 +0000] "GET /users/sign-in HTTP/1.1" 304 - "http://localhost:8000/" "Mozilla/5.0 (X11; Linux x86_64) AppleWebKit/537.36 (KHTML, like Gecko) Chrome/83.0.4103.116 Safari/537.36"
::1 - - [30/Jun/2020:18:10:34 +0000] "POST /users/create-session HTTP/1.1" 302 46 "http://localhost:8000/users/sign-in" "Mozilla/5.0 (X11; Linux x86_64) AppleWebKit/537.36 (KHTML, like Gecko) Chrome/83.0.4103.116 Safari/537.36"
::1 - - [30/Jun/2020:18:10:34 +0000] "GET / HTTP/1.1" 200 28858 "http://localhost:8000/users/sign-in" "Mozilla/5.0 (X11; Linux x86_64) AppleWebKit/537.36 (KHTML, like Gecko) Chrome/83.0.4103.116 Safari/537.36"
::1 - - [30/Jun/2020:18:10:39 +0000] "GET /users/profile/5ee8fe3a41b0b4311b91da5b HTTP/1.1" 304 - "http://localhost:8000/" "Mozilla/5.0 (X11; Linux x86_64) AppleWebKit/537.36 (KHTML, like Gecko) Chrome/83.0.4103.116 Safari/537.36"
::1 - - [30/Jun/2020:18:10:41 +0000] "POST /isfriend HTTP/1.1" 200 46 "http://localhost:8000/users/profile/5ee8fe3a41b0b4311b91da5b" "Mozilla/5.0 (X11; Linux x86_64) AppleWebKit/537.36 (KHTML, like Gecko) Chrome/83.0.4103.116 Safari/537.36"
::1 - - [30/Jun/2020:18:10:49 +0000] "GET / HTTP/1.1" 200 28458 "http://localhost:8000/users/profile/5ee8fe3a41b0b4311b91da5b" "Mozilla/5.0 (X11; Linux x86_64) AppleWebKit/537.36 (KHTML, like Gecko) Chrome/83.0.4103.116 Safari/537.36"
::1 - - [30/Jun/2020:18:10:55 +0000] "POST /search HTTP/1.1" 200 260 "http://localhost:8000/" "Mozilla/5.0 (X11; Linux x86_64) AppleWebKit/537.36 (KHTML, like Gecko) Chrome/83.0.4103.116 Safari/537.36"
::1 - - [30/Jun/2020:18:10:57 +0000] "GET /users/profile/5efa22193fc78c5e33a65a2b HTTP/1.1" 304 - "http://localhost:8000/" "Mozilla/5.0 (X11; Linux x86_64) AppleWebKit/537.36 (KHTML, like Gecko) Chrome/83.0.4103.116 Safari/537.36"
::1 - - [30/Jun/2020:18:10:59 +0000] "POST /isfriend HTTP/1.1" 200 49 "http://localhost:8000/users/profile/5efa22193fc78c5e33a65a2b" "Mozilla/5.0 (X11; Linux x86_64) AppleWebKit/537.36 (KHTML, like Gecko) Chrome/83.0.4103.116 Safari/537.36"
::1 - - [30/Jun/2020:18:11:01 +0000] "POST /isfriend HTTP/1.1" 200 51 "http://localhost:8000/users/profile/5efa22193fc78c5e33a65a2b" "Mozilla/5.0 (X11; Linux x86_64) AppleWebKit/537.36 (KHTML, like Gecko) Chrome/83.0.4103.116 Safari/537.36"
::1 - - [30/Jun/2020:18:11:06 +0000] "POST /isfriend HTTP/1.1" 200 49 "http://localhost:8000/users/profile/5efa22193fc78c5e33a65a2b" "Mozilla/5.0 (X11; Linux x86_64) AppleWebKit/537.36 (KHTML, like Gecko) Chrome/83.0.4103.116 Safari/537.36"
::1 - - [30/Jun/2020:18:11:07 +0000] "POST /isfriend HTTP/1.1" 200 51 "http://localhost:8000/users/profile/5efa22193fc78c5e33a65a2b" "Mozilla/5.0 (X11; Linux x86_64) AppleWebKit/537.36 (KHTML, like Gecko) Chrome/83.0.4103.116 Safari/537.36"
::1 - - [30/Jun/2020:18:11:08 +0000] "POST /isfriend HTTP/1.1" 200 49 "http://localhost:8000/users/profile/5efa22193fc78c5e33a65a2b" "Mozilla/5.0 (X11; Linux x86_64) AppleWebKit/537.36 (KHTML, like Gecko) Chrome/83.0.4103.116 Safari/537.36"
::1 - - [30/Jun/2020:18:11:09 +0000] "POST /isfriend HTTP/1.1" 200 51 "http://localhost:8000/users/profile/5efa22193fc78c5e33a65a2b" "Mozilla/5.0 (X11; Linux x86_64) AppleWebKit/537.36 (KHTML, like Gecko) Chrome/83.0.4103.116 Safari/537.36"
::1 - - [30/Jun/2020:18:11:09 +0000] "POST /isfriend HTTP/1.1" 200 49 "http://localhost:8000/users/profile/5efa22193fc78c5e33a65a2b" "Mozilla/5.0 (X11; Linux x86_64) AppleWebKit/537.36 (KHTML, like Gecko) Chrome/83.0.4103.116 Safari/537.36"
::1 - - [30/Jun/2020:18:11:10 +0000] "POST /isfriend HTTP/1.1" 200 51 "http://localhost:8000/users/profile/5efa22193fc78c5e33a65a2b" "Mozilla/5.0 (X11; Linux x86_64) AppleWebKit/537.36 (KHTML, like Gecko) Chrome/83.0.4103.116 Safari/537.36"
::1 - - [30/Jun/2020:18:11:12 +0000] "GET / HTTP/1.1" 304 - "http://localhost:8000/users/profile/5efa22193fc78c5e33a65a2b" "Mozilla/5.0 (X11; Linux x86_64) AppleWebKit/537.36 (KHTML, like Gecko) Chrome/83.0.4103.116 Safari/537.36"
::1 - - [30/Jun/2020:18:11:16 +0000] "GET /users/profile/5ee8fe3a41b0b4311b91da5b HTTP/1.1" 304 - "http://localhost:8000/" "Mozilla/5.0 (X11; Linux x86_64) AppleWebKit/537.36 (KHTML, like Gecko) Chrome/83.0.4103.116 Safari/537.36"
::1 - - [30/Jun/2020:18:11:18 +0000] "POST /isfriend HTTP/1.1" 200 46 "http://localhost:8000/users/profile/5ee8fe3a41b0b4311b91da5b" "Mozilla/5.0 (X11; Linux x86_64) AppleWebKit/537.36 (KHTML, like Gecko) Chrome/83.0.4103.116 Safari/537.36"
::1 - - [30/Jun/2020:18:11:22 +0000] "GET / HTTP/1.1" 304 - "http://localhost:8000/users/profile/5ee8fe3a41b0b4311b91da5b" "Mozilla/5.0 (X11; Linux x86_64) AppleWebKit/537.36 (KHTML, like Gecko) Chrome/83.0.4103.116 Safari/537.36"
::1 - - [30/Jun/2020:18:11:27 +0000] "POST /search HTTP/1.1" 200 260 "http://localhost:8000/" "Mozilla/5.0 (X11; Linux x86_64) AppleWebKit/537.36 (KHTML, like Gecko) Chrome/83.0.4103.116 Safari/537.36"
::1 - - [30/Jun/2020:18:11:28 +0000] "GET /users/profile/5efa22193fc78c5e33a65a2b HTTP/1.1" 304 - "http://localhost:8000/" "Mozilla/5.0 (X11; Linux x86_64) AppleWebKit/537.36 (KHTML, like Gecko) Chrome/83.0.4103.116 Safari/537.36"
::1 - - [30/Jun/2020:18:11:30 +0000] "POST /isfriend HTTP/1.1" 200 49 "http://localhost:8000/users/profile/5efa22193fc78c5e33a65a2b" "Mozilla/5.0 (X11; Linux x86_64) AppleWebKit/537.36 (KHTML, like Gecko) Chrome/83.0.4103.116 Safari/537.36"
::1 - - [30/Jun/2020:18:11:35 +0000] "POST /isfriend HTTP/1.1" 200 51 "http://localhost:8000/users/profile/5efa22193fc78c5e33a65a2b" "Mozilla/5.0 (X11; Linux x86_64) AppleWebKit/537.36 (KHTML, like Gecko) Chrome/83.0.4103.116 Safari/537.36"
::1 - - [30/Jun/2020:18:15:30 +0000] "GET /users/profile/5efa22193fc78c5e33a65a2b HTTP/1.1" 304 - "http://localhost:8000/" "Mozilla/5.0 (X11; Linux x86_64) AppleWebKit/537.36 (KHTML, like Gecko) Chrome/83.0.4103.116 Safari/537.36"
::1 - - [30/Jun/2020:18:15:32 +0000] "POST /isfriend HTTP/1.1" 200 49 "http://localhost:8000/users/profile/5efa22193fc78c5e33a65a2b" "Mozilla/5.0 (X11; Linux x86_64) AppleWebKit/537.36 (KHTML, like Gecko) Chrome/83.0.4103.116 Safari/537.36"
::1 - - [30/Jun/2020:18:15:34 +0000] "POST /isfriend HTTP/1.1" 200 51 "http://localhost:8000/users/profile/5efa22193fc78c5e33a65a2b" "Mozilla/5.0 (X11; Linux x86_64) AppleWebKit/537.36 (KHTML, like Gecko) Chrome/83.0.4103.116 Safari/537.36"
::1 - - [30/Jun/2020:18:15:34 +0000] "POST /isfriend HTTP/1.1" 200 49 "http://localhost:8000/users/profile/5efa22193fc78c5e33a65a2b" "Mozilla/5.0 (X11; Linux x86_64) AppleWebKit/537.36 (KHTML, like Gecko) Chrome/83.0.4103.116 Safari/537.36"
::1 - - [30/Jun/2020:18:15:35 +0000] "POST /isfriend HTTP/1.1" 200 51 "http://localhost:8000/users/profile/5efa22193fc78c5e33a65a2b" "Mozilla/5.0 (X11; Linux x86_64) AppleWebKit/537.36 (KHTML, like Gecko) Chrome/83.0.4103.116 Safari/537.36"
::1 - - [30/Jun/2020:18:15:36 +0000] "POST /isfriend HTTP/1.1" 200 49 "http://localhost:8000/users/profile/5efa22193fc78c5e33a65a2b" "Mozilla/5.0 (X11; Linux x86_64) AppleWebKit/537.36 (KHTML, like Gecko) Chrome/83.0.4103.116 Safari/537.36"
::1 - - [30/Jun/2020:18:16:15 +0000] "GET /users/profile/5efa22193fc78c5e33a65a2b HTTP/1.1" 200 2623 "http://localhost:8000/" "Mozilla/5.0 (X11; Linux x86_64) AppleWebKit/537.36 (KHTML, like Gecko) Chrome/83.0.4103.116 Safari/537.36"
::1 - - [30/Jun/2020:18:16:18 +0000] "POST /isfriend HTTP/1.1" 200 51 "http://localhost:8000/users/profile/5efa22193fc78c5e33a65a2b" "Mozilla/5.0 (X11; Linux x86_64) AppleWebKit/537.36 (KHTML, like Gecko) Chrome/83.0.4103.116 Safari/537.36"
::1 - - [30/Jun/2020:18:16:20 +0000] "POST /isfriend HTTP/1.1" 200 49 "http://localhost:8000/users/profile/5efa22193fc78c5e33a65a2b" "Mozilla/5.0 (X11; Linux x86_64) AppleWebKit/537.36 (KHTML, like Gecko) Chrome/83.0.4103.116 Safari/537.36"
::1 - - [30/Jun/2020:18:16:24 +0000] "GET / HTTP/1.1" 304 - "http://localhost:8000/users/profile/5efa22193fc78c5e33a65a2b" "Mozilla/5.0 (X11; Linux x86_64) AppleWebKit/537.36 (KHTML, like Gecko) Chrome/83.0.4103.116 Safari/537.36"
::1 - - [30/Jun/2020:18:16:27 +0000] "GET /users/profile/5ee8fe3a41b0b4311b91da5b HTTP/1.1" 200 2698 "http://localhost:8000/" "Mozilla/5.0 (X11; Linux x86_64) AppleWebKit/537.36 (KHTML, like Gecko) Chrome/83.0.4103.116 Safari/537.36"
::1 - - [30/Jun/2020:18:16:29 +0000] "POST /isfriend HTTP/1.1" 200 46 "http://localhost:8000/users/profile/5ee8fe3a41b0b4311b91da5b" "Mozilla/5.0 (X11; Linux x86_64) AppleWebKit/537.36 (KHTML, like Gecko) Chrome/83.0.4103.116 Safari/537.36"
::1 - - [30/Jun/2020:18:16:48 +0000] "GET / HTTP/1.1" 304 - "http://localhost:8000/users/profile/5ee8fe3a41b0b4311b91da5b" "Mozilla/5.0 (X11; Linux x86_64) AppleWebKit/537.36 (KHTML, like Gecko) Chrome/83.0.4103.116 Safari/537.36"
::1 - - [30/Jun/2020:18:16:52 +0000] "POST /search HTTP/1.1" 200 286 "http://localhost:8000/" "Mozilla/5.0 (X11; Linux x86_64) AppleWebKit/537.36 (KHTML, like Gecko) Chrome/83.0.4103.116 Safari/537.36"
::1 - - [30/Jun/2020:18:16:53 +0000] "GET /users/profile/5efa22193fc78c5e33a65a2b HTTP/1.1" 304 - "http://localhost:8000/" "Mozilla/5.0 (X11; Linux x86_64) AppleWebKit/537.36 (KHTML, like Gecko) Chrome/83.0.4103.116 Safari/537.36"
::1 - - [30/Jun/2020:18:16:55 +0000] "POST /isfriend HTTP/1.1" 200 51 "http://localhost:8000/users/profile/5efa22193fc78c5e33a65a2b" "Mozilla/5.0 (X11; Linux x86_64) AppleWebKit/537.36 (KHTML, like Gecko) Chrome/83.0.4103.116 Safari/537.36"
::1 - - [30/Jun/2020:18:16:58 +0000] "POST /isfriend HTTP/1.1" 200 49 "http://localhost:8000/users/profile/5efa22193fc78c5e33a65a2b" "Mozilla/5.0 (X11; Linux x86_64) AppleWebKit/537.36 (KHTML, like Gecko) Chrome/83.0.4103.116 Safari/537.36"
::1 - - [30/Jun/2020:18:27:23 +0000] "POST /isfriend HTTP/1.1" 200 51 "http://localhost:8000/users/profile/5efa22193fc78c5e33a65a2b" "Mozilla/5.0 (X11; Linux x86_64) AppleWebKit/537.36 (KHTML, like Gecko) Chrome/83.0.4103.116 Safari/537.36"
::1 - - [30/Jun/2020:18:27:34 +0000] "POST /isfriend HTTP/1.1" 200 49 "http://localhost:8000/users/profile/5efa22193fc78c5e33a65a2b" "Mozilla/5.0 (X11; Linux x86_64) AppleWebKit/537.36 (KHTML, like Gecko) Chrome/83.0.4103.116 Safari/537.36"
::1 - - [30/Jun/2020:18:28:38 +0000] "GET /users/profile/5efa22193fc78c5e33a65a2b HTTP/1.1" 200 2623 "http://localhost:8000/" "Mozilla/5.0 (X11; Linux x86_64) AppleWebKit/537.36 (KHTML, like Gecko) Chrome/83.0.4103.116 Safari/537.36"
::1 - - [30/Jun/2020:18:28:40 +0000] "POST /isfriend HTTP/1.1" 200 51 "http://localhost:8000/users/profile/5efa22193fc78c5e33a65a2b" "Mozilla/5.0 (X11; Linux x86_64) AppleWebKit/537.36 (KHTML, like Gecko) Chrome/83.0.4103.116 Safari/537.36"
::1 - - [30/Jun/2020:18:28:43 +0000] "POST /isfriend HTTP/1.1" 200 49 "http://localhost:8000/users/profile/5efa22193fc78c5e33a65a2b" "Mozilla/5.0 (X11; Linux x86_64) AppleWebKit/537.36 (KHTML, like Gecko) Chrome/83.0.4103.116 Safari/537.36"
