[0mGET / [36m302[0m 298.121 ms - 72[0m
[0mGET /users/sign-in [32m200[0m 23.505 ms - 2573[0m
[0mGET /favicon.ico [33m404[0m 4.566 ms - 150[0m
[0mPOST /users/create-session [36m302[0m 463.854 ms - 46[0m
[0mGET / [32m200[0m 50.755 ms - 14197[0m
[0mGET / [32m200[0m 61.932 ms - 13878[0m
[0mGET / [36m304[0m 47.033 ms - -[0m
[0mGET / [36m304[0m 41.129 ms - -[0m
[0mGET / [32m200[0m 42.790 ms - 13940[0m
[0mGET /users/profile/5f2bf8fb21066970e70ca06f [32m200[0m 138.772 ms - 3515[0m
[0mGET / [36m304[0m 54.020 ms - -[0m
[0mGET /users/profile/5f2bf8fb21066970e70ca06f [36m304[0m 25.305 ms - -[0m
[0mGET / [36m304[0m 44.864 ms - -[0m
[0mGET /users/profile/5f2bf8fb21066970e70ca06f [36m304[0m 26.215 ms - -[0m
[0mGET / [36m304[0m 52.928 ms - -[0m
[0mPOST /search [32m200[0m 27.155 ms - 551[0m
[0mGET /users/profile/5f2bf8fb21066970e70ca06f [36m304[0m 15.475 ms - -[0m
[0mGET / [36m304[0m 31.726 ms - -[0m
[0mGET /users/profile/5f2bf8fb21066970e70ca06f [36m304[0m 24.629 ms - -[0m
[0mGET / [36m304[0m 34.803 ms - -[0m
[0mGET / [32m200[0m 40.940 ms - 13937[0m
[0mGET / [36m304[0m 88.622 ms - -[0m
[0mGET / [36m304[0m 57.026 ms - -[0m
[0mGET /users/chat/5f2bf8fb21066970e70ca06f [0m-[0m - ms - -[0m
[0mGET / [36m304[0m 106.726 ms - -[0m
[0mGET / [36m304[0m 102.080 ms - -[0m
[0mGET / [36m304[0m 129.262 ms - -[0m
[0mGET /users/chat/5f2bf8fb21066970e70ca06f [0m-[0m - ms - -[0m
[0mGET / [36m304[0m 92.445 ms - -[0m
[0mGET /users/chat/5f2bf8fb21066970e70ca06f [0m-[0m - ms - -[0m
[0mGET /users/chat/5f2bf8fb21066970e70ca06f [0m-[0m - ms - -[0m
[0mGET / [36m304[0m 62.609 ms - -[0m
[0mGET /users/chat/5f2bf8fb21066970e70ca06f [0m-[0m - ms - -[0m
[0mGET / [36m304[0m 65.514 ms - -[0m
[0mGET /users/chat/5f2bf8fb21066970e70ca06f [0m-[0m - ms - -[0m
[0mGET / [36m302[0m 22.597 ms - 72[0m
[0mGET /users/sign-in [32m200[0m 4.499 ms - 2573[0m
[0mGET /favicon.ico [33m404[0m 6.707 ms - 150[0m
[0mPOST /users/create-session [36m302[0m 18.551 ms - 46[0m
[0mGET / [32m200[0m 40.142 ms - 14256[0m
[0mGET /users/chat/5f2bf8fb21066970e70ca06f [0m-[0m - ms - -[0m
[0mGET / [32m200[0m 49.594 ms - 13805[0m
[0mGET / [36m304[0m 81.138 ms - -[0m
[0mGET / [32m200[0m 52.157 ms - 13840[0m
[0mGET /users/chat/5f2bf8fb21066970e70ca06f [0m-[0m - ms - -[0m
[0mGET / [32m200[0m 49.138 ms - 13827[0m
[0mGET /users/chat/5f2bf8fb21066970e70ca06f [32m200[0m 34.632 ms - 760[0m
[0mGET / [36m304[0m 37.884 ms - -[0m
[0mGET /users/chat/5f2bf8fb21066970e70ca06f [36m304[0m 36.310 ms - -[0m
[0mGET / [36m304[0m 92.984 ms - -[0m
[0mGET /users/chat/5f2bf8fb21066970e70ca06f [36m304[0m 47.531 ms - -[0m
[0mGET / [36m304[0m 53.659 ms - -[0m
[0mGET /users/chat/5f2bf8fb21066970e70ca06f [36m304[0m 69.010 ms - -[0m
[0mGET / [36m304[0m 52.497 ms - -[0m
[0mGET /users/chat/5f2bf8fb21066970e70ca06f [36m304[0m 24.720 ms - -[0m
[0mGET / [36m304[0m 51.470 ms - -[0m
[0mGET / [36m302[0m 15.920 ms - 72[0m
[0mGET /users/sign-in [32m200[0m 3.737 ms - 2573[0m
[0mPOST /users/create-session [36m302[0m 6.620 ms - 46[0m
[0mGET / [32m200[0m 41.849 ms - 14146[0m
[0mGET /users/chat/5f2bf8ed21066970e70ca06e [32m200[0m 33.301 ms - 759[0m
[0mGET /users/chat/5f2bf8fb21066970e70ca06f [36m304[0m 33.253 ms - -[0m
[0mGET /audio/swiftly.mp3 [33m404[0m 15.413 ms - 156[0m
[0mGET /audio/swiftly.mp3 [33m404[0m 6.613 ms - 156[0m
[0mGET /audio/swiftly.mp3 [33m404[0m 11.153 ms - 156[0m
[0mGET /audio/swiftly.mp3 [33m404[0m 9.885 ms - 156[0m
[0mGET / [36m304[0m 103.104 ms - -[0m
[0mGET /users/chat/5f2bf8fb21066970e70ca06f [36m304[0m 36.469 ms - -[0m
[0mGET / [36m304[0m 77.981 ms - -[0m
[0mGET /users/chat/5f2bf8fb21066970e70ca06f [36m304[0m 43.272 ms - -[0m
[0mGET / [32m200[0m 65.538 ms - 13827[0m
[0mGET /users/chat/5f2bf8ed21066970e70ca06e [36m304[0m 36.144 ms - -[0m
[0mGET / [36m304[0m 77.130 ms - -[0m
[0mGET /users/chat/5f2bf8ed21066970e70ca06e [36m304[0m 88.823 ms - -[0m
[0mGET / [36m304[0m 44.256 ms - -[0m
[0mGET /users/chat/5f2bf8ed21066970e70ca06e [36m304[0m 38.428 ms - -[0m
[0mGET / [36m304[0m 62.989 ms - -[0m
[0mGET /users/chat/5f2bf8ed21066970e70ca06e [36m304[0m 26.210 ms - -[0m
[0mGET / [36m304[0m 40.184 ms - -[0m
[0mGET /users/chat/5f2bf8ed21066970e70ca06e [36m304[0m 33.404 ms - -[0m
[0mGET / [36m304[0m 40.853 ms - -[0m
[0mGET /users/chat/5f2bf8ed21066970e70ca06e [36m304[0m 26.795 ms - -[0m
[0mGET /users/chat/5f2bf8fb21066970e70ca06f [36m304[0m 29.352 ms - -[0m
[0mGET /users/chat/5f2bf8fb21066970e70ca06f [36m304[0m 34.745 ms - -[0m
[0mGET / [36m304[0m 40.208 ms - -[0m
[0mGET /users/chat/5f2bf8fb21066970e70ca06f [36m304[0m 33.751 ms - -[0m
[0mGET / [36m304[0m 68.409 ms - -[0m
[0mGET /users/chat/5f2bf8fb21066970e70ca06f [36m304[0m 13.236 ms - -[0m
[0mGET / [36m304[0m 88.203 ms - -[0m
[0mGET /users/chat/5f2bf8fb21066970e70ca06f [36m304[0m 22.535 ms - -[0m
[0mGET / [36m302[0m 23.409 ms - 72[0m
[0mGET /users/sign-in [36m304[0m 5.864 ms - -[0m
[0mGET / [36m302[0m 14.961 ms - 72[0m
[0mGET /users/sign-in [36m304[0m 4.705 ms - -[0m
[0mGET /favicon.ico [33m404[0m 3.259 ms - 150[0m
[0mPOST /users/create-session [36m302[0m 8.301 ms - 46[0m
[0mGET / [32m200[0m 21.600 ms - 14146[0m
[0mGET /users/chat/5f2bf8fb21066970e70ca06f [36m304[0m 6.929 ms - -[0m
[0mGET / [32m200[0m 40.741 ms - 13827[0m
[0mGET /users/chat/5f2bf8fb21066970e70ca06f [36m304[0m 28.301 ms - -[0m
[0mGET / [36m304[0m 26.841 ms - -[0m
