::1 - - [25/Jun/2020:18:48:29 +0000] "GET / HTTP/1.1" 304 - "-" "Mozilla/5.0 (X11; Linux x86_64) AppleWebKit/537.36 (KHTML, like Gecko) Chrome/83.0.4103.106 Safari/537.36"
::1 - - [26/Jun/2020:07:10:22 +0000] "GET / HTTP/1.1" 200 19331 "-" "Mozilla/5.0 (X11; Linux x86_64) AppleWebKit/537.36 (KHTML, like Gecko) Chrome/83.0.4103.106 Safari/537.36"
::1 - - [26/Jun/2020:07:10:24 +0000] "GET /favicon.ico HTTP/1.1" 404 150 "http://localhost:8000/" "Mozilla/5.0 (X11; Linux x86_64) AppleWebKit/537.36 (KHTML, like Gecko) Chrome/83.0.4103.106 Safari/537.36"
::1 - - [26/Jun/2020:07:10:48 +0000] "GET /users/sign-in HTTP/1.1" 304 - "http://localhost:8000/" "Mozilla/5.0 (X11; Linux x86_64) AppleWebKit/537.36 (KHTML, like Gecko) Chrome/83.0.4103.106 Safari/537.36"
::1 - - [26/Jun/2020:07:10:54 +0000] "POST /users/create-session HTTP/1.1" 302 46 "http://localhost:8000/users/sign-in" "Mozilla/5.0 (X11; Linux x86_64) AppleWebKit/537.36 (KHTML, like Gecko) Chrome/83.0.4103.106 Safari/537.36"
::1 - - [26/Jun/2020:07:10:54 +0000] "GET / HTTP/1.1" 200 32553 "http://localhost:8000/users/sign-in" "Mozilla/5.0 (X11; Linux x86_64) AppleWebKit/537.36 (KHTML, like Gecko) Chrome/83.0.4103.106 Safari/537.36"
::1 - - [26/Jun/2020:07:11:25 +0000] "GET / HTTP/1.1" 200 32153 "http://localhost:8000/users/sign-in" "Mozilla/5.0 (X11; Linux x86_64) AppleWebKit/537.36 (KHTML, like Gecko) Chrome/83.0.4103.106 Safari/537.36"
::1 - - [26/Jun/2020:07:12:37 +0000] "GET / HTTP/1.1" 304 - "http://localhost:8000/users/sign-in" "Mozilla/5.0 (X11; Linux x86_64) AppleWebKit/537.36 (KHTML, like Gecko) Chrome/83.0.4103.106 Safari/537.36"
::1 - - [26/Jun/2020:07:14:17 +0000] "GET / HTTP/1.1" 200 31836 "http://localhost:8000/users/sign-in" "Mozilla/5.0 (X11; Linux x86_64) AppleWebKit/537.36 (KHTML, like Gecko) Chrome/83.0.4103.106 Safari/537.36"
::1 - - [26/Jun/2020:07:15:01 +0000] "GET / HTTP/1.1" 200 31719 "http://localhost:8000/users/sign-in" "Mozilla/5.0 (X11; Linux x86_64) AppleWebKit/537.36 (KHTML, like Gecko) Chrome/83.0.4103.106 Safari/537.36"
::1 - - [26/Jun/2020:07:16:00 +0000] "GET / HTTP/1.1" 200 31901 "http://localhost:8000/users/sign-in" "Mozilla/5.0 (X11; Linux x86_64) AppleWebKit/537.36 (KHTML, like Gecko) Chrome/83.0.4103.106 Safari/537.36"
::1 - - [26/Jun/2020:07:17:30 +0000] "GET / HTTP/1.1" 200 32044 "http://localhost:8000/users/sign-in" "Mozilla/5.0 (X11; Linux x86_64) AppleWebKit/537.36 (KHTML, like Gecko) Chrome/83.0.4103.106 Safari/537.36"
::1 - - [26/Jun/2020:07:17:58 +0000] "GET / HTTP/1.1" 200 31745 "http://localhost:8000/users/sign-in" "Mozilla/5.0 (X11; Linux x86_64) AppleWebKit/537.36 (KHTML, like Gecko) Chrome/83.0.4103.106 Safari/537.36"
::1 - - [26/Jun/2020:07:20:19 +0000] "GET / HTTP/1.1" 304 - "http://localhost:8000/users/sign-in" "Mozilla/5.0 (X11; Linux x86_64) AppleWebKit/537.36 (KHTML, like Gecko) Chrome/83.0.4103.106 Safari/537.36"
::1 - - [26/Jun/2020:07:26:43 +0000] "GET / HTTP/1.1" 304 - "http://localhost:8000/users/sign-in" "Mozilla/5.0 (X11; Linux x86_64) AppleWebKit/537.36 (KHTML, like Gecko) Chrome/83.0.4103.106 Safari/537.36"
::1 - - [26/Jun/2020:07:35:26 +0000] "GET / HTTP/1.1" 304 - "http://localhost:8000/users/sign-in" "Mozilla/5.0 (X11; Linux x86_64) AppleWebKit/537.36 (KHTML, like Gecko) Chrome/83.0.4103.106 Safari/537.36"
::1 - - [26/Jun/2020:07:38:45 +0000] "POST /users/create-session HTTP/1.1" 302 46 "http://localhost:8000/users/sign-in" "Mozilla/5.0 (X11; Linux x86_64) AppleWebKit/537.36 (KHTML, like Gecko) Chrome/83.0.4103.106 Safari/537.36"
::1 - - [26/Jun/2020:07:38:45 +0000] "GET / HTTP/1.1" 200 32145 "http://localhost:8000/users/sign-in" "Mozilla/5.0 (X11; Linux x86_64) AppleWebKit/537.36 (KHTML, like Gecko) Chrome/83.0.4103.106 Safari/537.36"
::1 - - [26/Jun/2020:07:40:49 +0000] "GET / HTTP/1.1" 200 31745 "http://localhost:8000/" "Mozilla/5.0 (X11; Linux x86_64) AppleWebKit/537.36 (KHTML, like Gecko) Chrome/83.0.4103.106 Safari/537.36"
::1 - - [26/Jun/2020:07:41:17 +0000] "GET / HTTP/1.1" 304 - "http://localhost:8000/" "Mozilla/5.0 (X11; Linux x86_64) AppleWebKit/537.36 (KHTML, like Gecko) Chrome/83.0.4103.106 Safari/537.36"
::1 - - [26/Jun/2020:07:41:20 +0000] "GET /users/profile/5ee233349c48830765cb7464 HTTP/1.1" 304 - "http://localhost:8000/" "Mozilla/5.0 (X11; Linux x86_64) AppleWebKit/537.36 (KHTML, like Gecko) Chrome/83.0.4103.106 Safari/537.36"
::1 - - [26/Jun/2020:07:41:20 +0000] "GET /css/user_profile.css HTTP/1.1" 404 159 "http://localhost:8000/users/profile/5ee233349c48830765cb7464" "Mozilla/5.0 (X11; Linux x86_64) AppleWebKit/537.36 (KHTML, like Gecko) Chrome/83.0.4103.106 Safari/537.36"
::1 - - [26/Jun/2020:07:41:30 +0000] "GET / HTTP/1.1" 304 - "http://localhost:8000/users/profile/5ee233349c48830765cb7464" "Mozilla/5.0 (X11; Linux x86_64) AppleWebKit/537.36 (KHTML, like Gecko) Chrome/83.0.4103.106 Safari/537.36"
::1 - - [26/Jun/2020:07:43:03 +0000] "GET / HTTP/1.1" 304 - "http://localhost:8000/" "Mozilla/5.0 (X11; Linux x86_64) AppleWebKit/537.36 (KHTML, like Gecko) Chrome/83.0.4103.106 Safari/537.36"
::1 - - [26/Jun/2020:07:43:05 +0000] "GET /users/profile/5ee233349c48830765cb7464 HTTP/1.1" 304 - "http://localhost:8000/" "Mozilla/5.0 (X11; Linux x86_64) AppleWebKit/537.36 (KHTML, like Gecko) Chrome/83.0.4103.106 Safari/537.36"
::1 - - [26/Jun/2020:07:43:05 +0000] "GET /css/user_profile.css HTTP/1.1" 404 159 "http://localhost:8000/users/profile/5ee233349c48830765cb7464" "Mozilla/5.0 (X11; Linux x86_64) AppleWebKit/537.36 (KHTML, like Gecko) Chrome/83.0.4103.106 Safari/537.36"
::1 - - [26/Jun/2020:07:44:26 +0000] "GET /css/user_profile.css HTTP/1.1" 404 159 "http://localhost:8000/users/profile/5ee233349c48830765cb7464" "Mozilla/5.0 (X11; Linux x86_64) AppleWebKit/537.36 (KHTML, like Gecko) Chrome/83.0.4103.106 Safari/537.36"
::1 - - [26/Jun/2020:08:36:08 +0000] "GET / HTTP/1.1" 200 19201 "-" "Mozilla/5.0 (X11; Linux x86_64) AppleWebKit/537.36 (KHTML, like Gecko) Chrome/83.0.4103.106 Safari/537.36"
::1 - - [26/Jun/2020:08:37:09 +0000] "GET / HTTP/1.1" 304 - "-" "Mozilla/5.0 (X11; Linux x86_64) AppleWebKit/537.36 (KHTML, like Gecko) Chrome/83.0.4103.106 Safari/537.36"
::1 - - [26/Jun/2020:08:37:17 +0000] "GET /users/sign-in HTTP/1.1" 200 2436 "http://localhost:8000/" "Mozilla/5.0 (X11; Linux x86_64) AppleWebKit/537.36 (KHTML, like Gecko) Chrome/83.0.4103.106 Safari/537.36"
::1 - - [26/Jun/2020:08:37:24 +0000] "POST /users/create-session HTTP/1.1" 302 46 "http://localhost:8000/users/sign-in" "Mozilla/5.0 (X11; Linux x86_64) AppleWebKit/537.36 (KHTML, like Gecko) Chrome/83.0.4103.106 Safari/537.36"
::1 - - [26/Jun/2020:08:37:24 +0000] "GET / HTTP/1.1" 200 32145 "http://localhost:8000/users/sign-in" "Mozilla/5.0 (X11; Linux x86_64) AppleWebKit/537.36 (KHTML, like Gecko) Chrome/83.0.4103.106 Safari/537.36"
::1 - - [26/Jun/2020:08:37:28 +0000] "GET /users/profile/5ee233349c48830765cb7464 HTTP/1.1" 200 3687 "http://localhost:8000/" "Mozilla/5.0 (X11; Linux x86_64) AppleWebKit/537.36 (KHTML, like Gecko) Chrome/83.0.4103.106 Safari/537.36"
::1 - - [26/Jun/2020:08:37:28 +0000] "GET /css/user_profile.css HTTP/1.1" 404 159 "http://localhost:8000/users/profile/5ee233349c48830765cb7464" "Mozilla/5.0 (X11; Linux x86_64) AppleWebKit/537.36 (KHTML, like Gecko) Chrome/83.0.4103.106 Safari/537.36"
::1 - - [26/Jun/2020:08:37:39 +0000] "GET /css/user_profile.css HTTP/1.1" 404 159 "http://localhost:8000/users/profile/5ee233349c48830765cb7464" "Mozilla/5.0 (X11; Linux x86_64) AppleWebKit/537.36 (KHTML, like Gecko) Chrome/83.0.4103.106 Safari/537.36"
::1 - - [26/Jun/2020:08:41:02 +0000] "GET /users/profile/5ee233349c48830765cb7464 HTTP/1.1" 304 - "http://localhost:8000/" "Mozilla/5.0 (X11; Linux x86_64) AppleWebKit/537.36 (KHTML, like Gecko) Chrome/83.0.4103.106 Safari/537.36"
::1 - - [26/Jun/2020:08:41:02 +0000] "GET /css/user_profile.css HTTP/1.1" 404 159 "http://localhost:8000/users/profile/5ee233349c48830765cb7464" "Mozilla/5.0 (X11; Linux x86_64) AppleWebKit/537.36 (KHTML, like Gecko) Chrome/83.0.4103.106 Safari/537.36"
::1 - - [26/Jun/2020:08:41:06 +0000] "GET /css/user_profile.css HTTP/1.1" 404 159 "http://localhost:8000/users/profile/5ee233349c48830765cb7464" "Mozilla/5.0 (X11; Linux x86_64) AppleWebKit/537.36 (KHTML, like Gecko) Chrome/83.0.4103.106 Safari/537.36"
::1 - - [26/Jun/2020:08:41:19 +0000] "GET / HTTP/1.1" 200 31745 "http://localhost:8000/users/profile/5ee233349c48830765cb7464" "Mozilla/5.0 (Linux; Android 5.0; SM-G900P Build/LRX21T) AppleWebKit/537.36 (KHTML, like Gecko) Chrome/83.0.4103.106 Mobile Safari/537.36"
::1 - - [26/Jun/2020:08:41:28 +0000] "GET /users/features/todo/5ee233349c48830765cb7464 HTTP/1.1" 200 4035 "http://localhost:8000/" "Mozilla/5.0 (Linux; Android 5.0; SM-G900P Build/LRX21T) AppleWebKit/537.36 (KHTML, like Gecko) Chrome/83.0.4103.106 Mobile Safari/537.36"
::1 - - [26/Jun/2020:08:41:28 +0000] "GET /js/home.js HTTP/1.1" 404 149 "http://localhost:8000/users/features/todo/5ee233349c48830765cb7464" "Mozilla/5.0 (Linux; Android 5.0; SM-G900P Build/LRX21T) AppleWebKit/537.36 (KHTML, like Gecko) Chrome/83.0.4103.106 Mobile Safari/537.36"
::1 - - [26/Jun/2020:08:41:28 +0000] "GET /js/home.js HTTP/1.1" 404 149 "http://localhost:8000/users/features/todo/5ee233349c48830765cb7464" "Mozilla/5.0 (Linux; Android 5.0; SM-G900P Build/LRX21T) AppleWebKit/537.36 (KHTML, like Gecko) Chrome/83.0.4103.106 Mobile Safari/537.36"
::1 - - [26/Jun/2020:08:41:37 +0000] "GET / HTTP/1.1" 304 - "http://localhost:8000/users/features/todo/5ee233349c48830765cb7464" "Mozilla/5.0 (Linux; Android 5.0; SM-G900P Build/LRX21T) AppleWebKit/537.36 (KHTML, like Gecko) Chrome/83.0.4103.106 Mobile Safari/537.36"
::1 - - [26/Jun/2020:08:41:40 +0000] "GET /users/features/calculator HTTP/1.1" 200 3831 "http://localhost:8000/" "Mozilla/5.0 (Linux; Android 5.0; SM-G900P Build/LRX21T) AppleWebKit/537.36 (KHTML, like Gecko) Chrome/83.0.4103.106 Mobile Safari/537.36"
::1 - - [26/Jun/2020:08:41:40 +0000] "GET /js/calculator.js HTTP/1.1" 404 155 "http://localhost:8000/users/features/calculator" "Mozilla/5.0 (Linux; Android 5.0; SM-G900P Build/LRX21T) AppleWebKit/537.36 (KHTML, like Gecko) Chrome/83.0.4103.106 Mobile Safari/537.36"
::1 - - [26/Jun/2020:08:41:40 +0000] "GET /js/calculator.js HTTP/1.1" 404 155 "http://localhost:8000/users/features/calculator" "Mozilla/5.0 (Linux; Android 5.0; SM-G900P Build/LRX21T) AppleWebKit/537.36 (KHTML, like Gecko) Chrome/83.0.4103.106 Mobile Safari/537.36"
::1 - - [26/Jun/2020:08:41:42 +0000] "GET / HTTP/1.1" 304 - "http://localhost:8000/users/features/calculator" "Mozilla/5.0 (Linux; Android 5.0; SM-G900P Build/LRX21T) AppleWebKit/537.36 (KHTML, like Gecko) Chrome/83.0.4103.106 Mobile Safari/537.36"
::1 - - [27/Jun/2020:19:37:10 +0000] "GET / HTTP/1.1" 200 19201 "-" "Mozilla/5.0 (X11; Linux x86_64) AppleWebKit/537.36 (KHTML, like Gecko) Chrome/83.0.4103.116 Safari/537.36"
::1 - - [27/Jun/2020:19:37:13 +0000] "GET /favicon.ico HTTP/1.1" 404 150 "http://localhost:8000/" "Mozilla/5.0 (X11; Linux x86_64) AppleWebKit/537.36 (KHTML, like Gecko) Chrome/83.0.4103.116 Safari/537.36"
::1 - - [27/Jun/2020:20:47:51 +0000] "GET /users/sign-in HTTP/1.1" 304 - "http://localhost:8000/" "Mozilla/5.0 (X11; Linux x86_64) AppleWebKit/537.36 (KHTML, like Gecko) Chrome/83.0.4103.116 Safari/537.36"
::1 - - [27/Jun/2020:20:47:58 +0000] "POST /users/create-session HTTP/1.1" 302 46 "http://localhost:8000/users/sign-in" "Mozilla/5.0 (X11; Linux x86_64) AppleWebKit/537.36 (KHTML, like Gecko) Chrome/83.0.4103.116 Safari/537.36"
::1 - - [27/Jun/2020:20:47:58 +0000] "GET / HTTP/1.1" 200 32145 "http://localhost:8000/users/sign-in" "Mozilla/5.0 (X11; Linux x86_64) AppleWebKit/537.36 (KHTML, like Gecko) Chrome/83.0.4103.116 Safari/537.36"
::1 - - [27/Jun/2020:20:54:30 +0000] "GET / HTTP/1.1" 200 31745 "http://localhost:8000/users/sign-in" "Mozilla/5.0 (X11; Linux x86_64) AppleWebKit/537.36 (KHTML, like Gecko) Chrome/83.0.4103.116 Safari/537.36"
::1 - - [27/Jun/2020:20:55:05 +0000] "GET /users/profile/5ee233349c48830765cb7464 HTTP/1.1" 304 - "http://localhost:8000/" "Mozilla/5.0 (X11; Linux x86_64) AppleWebKit/537.36 (KHTML, like Gecko) Chrome/83.0.4103.116 Safari/537.36"
::1 - - [27/Jun/2020:20:55:05 +0000] "GET /css/user_profile.css HTTP/1.1" 404 159 "http://localhost:8000/users/profile/5ee233349c48830765cb7464" "Mozilla/5.0 (X11; Linux x86_64) AppleWebKit/537.36 (KHTML, like Gecko) Chrome/83.0.4103.116 Safari/537.36"
::1 - - [27/Jun/2020:20:55:10 +0000] "GET /users/profile/5ee233349c48830765cb7464 HTTP/1.1" 304 - "http://localhost:8000/users/profile/5ee233349c48830765cb7464" "Mozilla/5.0 (X11; Linux x86_64) AppleWebKit/537.36 (KHTML, like Gecko) Chrome/83.0.4103.116 Safari/537.36"
::1 - - [27/Jun/2020:20:55:10 +0000] "GET /css/user_profile.css HTTP/1.1" 404 159 "http://localhost:8000/users/profile/5ee233349c48830765cb7464" "Mozilla/5.0 (X11; Linux x86_64) AppleWebKit/537.36 (KHTML, like Gecko) Chrome/83.0.4103.116 Safari/537.36"
::1 - - [27/Jun/2020:20:55:12 +0000] "GET / HTTP/1.1" 304 - "http://localhost:8000/users/profile/5ee233349c48830765cb7464" "Mozilla/5.0 (X11; Linux x86_64) AppleWebKit/537.36 (KHTML, like Gecko) Chrome/83.0.4103.116 Safari/537.36"
::1 - - [27/Jun/2020:20:55:15 +0000] "GET /users/profile/5eedc07fd4853c1dc6eab379 HTTP/1.1" 200 2619 "http://localhost:8000/" "Mozilla/5.0 (X11; Linux x86_64) AppleWebKit/537.36 (KHTML, like Gecko) Chrome/83.0.4103.116 Safari/537.36"
::1 - - [27/Jun/2020:20:55:15 +0000] "GET /css/user_profile.css HTTP/1.1" 404 159 "http://localhost:8000/users/profile/5eedc07fd4853c1dc6eab379" "Mozilla/5.0 (X11; Linux x86_64) AppleWebKit/537.36 (KHTML, like Gecko) Chrome/83.0.4103.116 Safari/537.36"
::1 - - [27/Jun/2020:20:55:17 +0000] "POST /isfriend/5ee233349c48830765cb7464 HTTP/1.1" 302 164 "http://localhost:8000/users/profile/5eedc07fd4853c1dc6eab379" "Mozilla/5.0 (X11; Linux x86_64) AppleWebKit/537.36 (KHTML, like Gecko) Chrome/83.0.4103.116 Safari/537.36"
::1 - - [27/Jun/2020:20:55:17 +0000] "GET /users/profile/5eedc07fd4853c1dc6eab379 HTTP/1.1" 200 3013 "http://localhost:8000/users/profile/5eedc07fd4853c1dc6eab379" "Mozilla/5.0 (X11; Linux x86_64) AppleWebKit/537.36 (KHTML, like Gecko) Chrome/83.0.4103.116 Safari/537.36"
::1 - - [27/Jun/2020:20:55:17 +0000] "GET /css/user_profile.css HTTP/1.1" 404 159 "http://localhost:8000/users/profile/5eedc07fd4853c1dc6eab379" "Mozilla/5.0 (X11; Linux x86_64) AppleWebKit/537.36 (KHTML, like Gecko) Chrome/83.0.4103.116 Safari/537.36"
::1 - - [27/Jun/2020:21:06:04 +0000] "GET /users/profile/5eedc07fd4853c1dc6eab379 HTTP/1.1" 200 2619 "http://localhost:8000/users/profile/5eedc07fd4853c1dc6eab379" "Mozilla/5.0 (X11; Linux x86_64) AppleWebKit/537.36 (KHTML, like Gecko) Chrome/83.0.4103.116 Safari/537.36"
::1 - - [27/Jun/2020:21:06:04 +0000] "GET /css/user_profile.css HTTP/1.1" 404 159 "http://localhost:8000/users/profile/5eedc07fd4853c1dc6eab379" "Mozilla/5.0 (X11; Linux x86_64) AppleWebKit/537.36 (KHTML, like Gecko) Chrome/83.0.4103.116 Safari/537.36"
::1 - - [27/Jun/2020:21:06:11 +0000] "GET / HTTP/1.1" 200 31802 "http://localhost:8000/users/profile/5eedc07fd4853c1dc6eab379" "Mozilla/5.0 (X11; Linux x86_64) AppleWebKit/537.36 (KHTML, like Gecko) Chrome/83.0.4103.116 Safari/537.36"
::1 - - [27/Jun/2020:21:06:36 +0000] "POST /posts/create HTTP/1.1" 200 273 "http://localhost:8000/" "Mozilla/5.0 (X11; Linux x86_64) AppleWebKit/537.36 (KHTML, like Gecko) Chrome/83.0.4103.116 Safari/537.36"
::1 - - [27/Jun/2020:21:06:38 +0000] "POST /posts/create HTTP/1.1" 200 273 "http://localhost:8000/" "Mozilla/5.0 (X11; Linux x86_64) AppleWebKit/537.36 (KHTML, like Gecko) Chrome/83.0.4103.116 Safari/537.36"
::1 - - [27/Jun/2020:21:06:46 +0000] "POST /comments/create HTTP/1.1" 302 46 "http://localhost:8000/" "Mozilla/5.0 (X11; Linux x86_64) AppleWebKit/537.36 (KHTML, like Gecko) Chrome/83.0.4103.116 Safari/537.36"
::1 - - [27/Jun/2020:21:06:46 +0000] "GET / HTTP/1.1" 200 36144 "http://localhost:8000/" "Mozilla/5.0 (X11; Linux x86_64) AppleWebKit/537.36 (KHTML, like Gecko) Chrome/83.0.4103.116 Safari/537.36"
::1 - - [28/Jun/2020:08:06:34 +0000] "GET /users/profile/5ee8fe3a41b0b4311b91da5b HTTP/1.1" 302 70 "http://localhost:8000/" "Mozilla/5.0 (X11; Linux x86_64) AppleWebKit/537.36 (KHTML, like Gecko) Chrome/83.0.4103.116 Safari/537.36"
::1 - - [28/Jun/2020:08:06:34 +0000] "GET /users/profile/users/sign-in HTTP/1.1" 404 166 "http://localhost:8000/" "Mozilla/5.0 (X11; Linux x86_64) AppleWebKit/537.36 (KHTML, like Gecko) Chrome/83.0.4103.116 Safari/537.36"
::1 - - [28/Jun/2020:09:49:48 +0000] "GET / HTTP/1.1" 200 21396 "-" "Mozilla/5.0 (X11; Linux x86_64) AppleWebKit/537.36 (KHTML, like Gecko) Chrome/83.0.4103.116 Safari/537.36"
::1 - - [28/Jun/2020:09:49:55 +0000] "GET /users/sign-in HTTP/1.1" 304 - "http://localhost:8000/" "Mozilla/5.0 (X11; Linux x86_64) AppleWebKit/537.36 (KHTML, like Gecko) Chrome/83.0.4103.116 Safari/537.36"
::1 - - [28/Jun/2020:09:50:03 +0000] "POST /users/create-session HTTP/1.1" 302 46 "http://localhost:8000/users/sign-in" "Mozilla/5.0 (X11; Linux x86_64) AppleWebKit/537.36 (KHTML, like Gecko) Chrome/83.0.4103.116 Safari/537.36"
::1 - - [28/Jun/2020:09:50:03 +0000] "GET / HTTP/1.1" 200 36156 "http://localhost:8000/users/sign-in" "Mozilla/5.0 (X11; Linux x86_64) AppleWebKit/537.36 (KHTML, like Gecko) Chrome/83.0.4103.116 Safari/537.36"
::1 - - [28/Jun/2020:09:50:09 +0000] "POST /posts/create HTTP/1.1" 200 272 "http://localhost:8000/" "Mozilla/5.0 (X11; Linux x86_64) AppleWebKit/537.36 (KHTML, like Gecko) Chrome/83.0.4103.116 Safari/537.36"
::1 - - [28/Jun/2020:09:50:44 +0000] "GET / HTTP/1.1" 200 37384 "http://localhost:8000/users/sign-in" "Mozilla/5.0 (X11; Linux x86_64) AppleWebKit/537.36 (KHTML, like Gecko) Chrome/83.0.4103.116 Safari/537.36"
::1 - - [28/Jun/2020:09:50:50 +0000] "POST /posts/create HTTP/1.1" 200 273 "http://localhost:8000/" "Mozilla/5.0 (X11; Linux x86_64) AppleWebKit/537.36 (KHTML, like Gecko) Chrome/83.0.4103.116 Safari/537.36"
::1 - - [28/Jun/2020:09:51:45 +0000] "GET / HTTP/1.1" 200 39013 "http://localhost:8000/users/sign-in" "Mozilla/5.0 (X11; Linux x86_64) AppleWebKit/537.36 (KHTML, like Gecko) Chrome/83.0.4103.116 Safari/537.36"
::1 - - [28/Jun/2020:15:39:00 +0000] "GET / HTTP/1.1" 200 23181 "http://localhost:8000/users/sign-in" "Mozilla/5.0 (X11; Linux x86_64) AppleWebKit/537.36 (KHTML, like Gecko) Chrome/83.0.4103.116 Safari/537.36"
::1 - - [28/Jun/2020:15:45:20 +0000] "GET /users/profile/5eedc07fd4853c1dc6eab379 HTTP/1.1" 302 70 "http://localhost:8000/" "Mozilla/5.0 (X11; Linux x86_64) AppleWebKit/537.36 (KHTML, like Gecko) Chrome/83.0.4103.116 Safari/537.36"
::1 - - [28/Jun/2020:15:45:20 +0000] "GET /users/profile/users/sign-in HTTP/1.1" 404 166 "http://localhost:8000/" "Mozilla/5.0 (X11; Linux x86_64) AppleWebKit/537.36 (KHTML, like Gecko) Chrome/83.0.4103.116 Safari/537.36"
::1 - - [28/Jun/2020:15:45:29 +0000] "GET /users/profile/users/sign-in HTTP/1.1" 404 166 "http://localhost:8000/" "Mozilla/5.0 (X11; Linux x86_64) AppleWebKit/537.36 (KHTML, like Gecko) Chrome/83.0.4103.116 Safari/537.36"
::1 - - [28/Jun/2020:15:45:34 +0000] "GET /users/sign-in HTTP/1.1" 304 - "http://localhost:8000/" "Mozilla/5.0 (X11; Linux x86_64) AppleWebKit/537.36 (KHTML, like Gecko) Chrome/83.0.4103.116 Safari/537.36"
::1 - - [28/Jun/2020:15:45:39 +0000] "POST /users/create-session HTTP/1.1" 302 72 "http://localhost:8000/users/sign-in" "Mozilla/5.0 (X11; Linux x86_64) AppleWebKit/537.36 (KHTML, like Gecko) Chrome/83.0.4103.116 Safari/537.36"
::1 - - [28/Jun/2020:15:45:39 +0000] "GET /users/sign-in HTTP/1.1" 200 2756 "http://localhost:8000/users/sign-in" "Mozilla/5.0 (X11; Linux x86_64) AppleWebKit/537.36 (KHTML, like Gecko) Chrome/83.0.4103.116 Safari/537.36"
::1 - - [28/Jun/2020:15:45:45 +0000] "POST /users/create-session HTTP/1.1" 302 46 "http://localhost:8000/users/sign-in" "Mozilla/5.0 (X11; Linux x86_64) AppleWebKit/537.36 (KHTML, like Gecko) Chrome/83.0.4103.116 Safari/537.36"
::1 - - [28/Jun/2020:15:45:45 +0000] "GET / HTTP/1.1" 200 39413 "http://localhost:8000/users/sign-in" "Mozilla/5.0 (X11; Linux x86_64) AppleWebKit/537.36 (KHTML, like Gecko) Chrome/83.0.4103.116 Safari/537.36"
::1 - - [28/Jun/2020:15:45:49 +0000] "GET /users/profile/5eedc07fd4853c1dc6eab379 HTTP/1.1" 200 2619 "http://localhost:8000/" "Mozilla/5.0 (X11; Linux x86_64) AppleWebKit/537.36 (KHTML, like Gecko) Chrome/83.0.4103.116 Safari/537.36"
::1 - - [28/Jun/2020:15:45:49 +0000] "GET /css/user_profile.css HTTP/1.1" 404 159 "http://localhost:8000/users/profile/5eedc07fd4853c1dc6eab379" "Mozilla/5.0 (X11; Linux x86_64) AppleWebKit/537.36 (KHTML, like Gecko) Chrome/83.0.4103.116 Safari/537.36"
::1 - - [28/Jun/2020:15:58:35 +0000] "GET / HTTP/1.1" 200 39013 "-" "Mozilla/5.0 (X11; Linux x86_64) AppleWebKit/537.36 (KHTML, like Gecko) Chrome/83.0.4103.116 Safari/537.36"
::1 - - [28/Jun/2020:15:58:40 +0000] "GET / HTTP/1.1" 304 - "-" "Mozilla/5.0 (X11; Linux x86_64) AppleWebKit/537.36 (KHTML, like Gecko) Chrome/83.0.4103.116 Safari/537.36"
::1 - - [28/Jun/2020:15:59:25 +0000] "GET / HTTP/1.1" 304 - "-" "Mozilla/5.0 (X11; Linux x86_64) AppleWebKit/537.36 (KHTML, like Gecko) Chrome/83.0.4103.116 Safari/537.36"
::1 - - [28/Jun/2020:15:59:29 +0000] "GET /users/sign-out HTTP/1.1" 302 46 "http://localhost:8000/" "Mozilla/5.0 (X11; Linux x86_64) AppleWebKit/537.36 (KHTML, like Gecko) Chrome/83.0.4103.116 Safari/537.36"
::1 - - [28/Jun/2020:15:59:29 +0000] "GET / HTTP/1.1" 200 23575 "http://localhost:8000/" "Mozilla/5.0 (X11; Linux x86_64) AppleWebKit/537.36 (KHTML, like Gecko) Chrome/83.0.4103.116 Safari/537.36"
::1 - - [28/Jun/2020:16:15:03 +0000] "GET / HTTP/1.1" - - "http://localhost:8000/" "Mozilla/5.0 (X11; Linux x86_64) AppleWebKit/537.36 (KHTML, like Gecko) Chrome/83.0.4103.116 Safari/537.36"
::1 - - [28/Jun/2020:16:15:03 +0000] "GET /users/sign-in HTTP/1.1" 200 2436 "http://localhost:8000/" "Mozilla/5.0 (X11; Linux x86_64) AppleWebKit/537.36 (KHTML, like Gecko) Chrome/83.0.4103.116 Safari/537.36"
::1 - - [28/Jun/2020:16:15:08 +0000] "POST /users/create-session HTTP/1.1" 302 46 "http://localhost:8000/users/sign-in" "Mozilla/5.0 (X11; Linux x86_64) AppleWebKit/537.36 (KHTML, like Gecko) Chrome/83.0.4103.116 Safari/537.36"
::1 - - [28/Jun/2020:16:15:08 +0000] "GET / HTTP/1.1" 200 39413 "http://localhost:8000/users/sign-in" "Mozilla/5.0 (X11; Linux x86_64) AppleWebKit/537.36 (KHTML, like Gecko) Chrome/83.0.4103.116 Safari/537.36"
::1 - - [28/Jun/2020:16:16:58 +0000] "GET / HTTP/1.1" 200 39013 "http://localhost:8000/users/sign-in" "Mozilla/5.0 (X11; Linux x86_64) AppleWebKit/537.36 (KHTML, like Gecko) Chrome/83.0.4103.116 Safari/537.36"
::1 - - [28/Jun/2020:16:17:13 +0000] "GET / HTTP/1.1" 304 - "http://localhost:8000/" "Mozilla/5.0 (X11; Linux x86_64) AppleWebKit/537.36 (KHTML, like Gecko) Chrome/83.0.4103.116 Safari/537.36"
::1 - - [28/Jun/2020:16:45:06 +0000] "GET / HTTP/1.1" 304 - "http://localhost:8000/" "Mozilla/5.0 (X11; Linux x86_64) AppleWebKit/537.36 (KHTML, like Gecko) Chrome/83.0.4103.116 Safari/537.36"
::1 - - [28/Jun/2020:16:46:15 +0000] "GET / HTTP/1.1" 200 38545 "http://localhost:8000/" "Mozilla/5.0 (X11; Linux x86_64) AppleWebKit/537.36 (KHTML, like Gecko) Chrome/83.0.4103.116 Safari/537.36"
::1 - - [28/Jun/2020:16:46:20 +0000] "GET /users/sign-out HTTP/1.1" 302 46 "http://localhost:8000/" "Mozilla/5.0 (X11; Linux x86_64) AppleWebKit/537.36 (KHTML, like Gecko) Chrome/83.0.4103.116 Safari/537.36"
::1 - - [28/Jun/2020:16:46:21 +0000] "GET / HTTP/1.1" 200 23107 "http://localhost:8000/" "Mozilla/5.0 (X11; Linux x86_64) AppleWebKit/537.36 (KHTML, like Gecko) Chrome/83.0.4103.116 Safari/537.36"
::1 - - [28/Jun/2020:16:47:46 +0000] "GET / HTTP/1.1" 200 22302 "http://localhost:8000/" "Mozilla/5.0 (X11; Linux x86_64) AppleWebKit/537.36 (KHTML, like Gecko) Chrome/83.0.4103.116 Safari/537.36"
::1 - - [28/Jun/2020:16:47:53 +0000] "GET /users/sign-in HTTP/1.1" 304 - "http://localhost:8000/" "Mozilla/5.0 (X11; Linux x86_64) AppleWebKit/537.36 (KHTML, like Gecko) Chrome/83.0.4103.116 Safari/537.36"
::1 - - [28/Jun/2020:16:47:58 +0000] "POST /users/create-session HTTP/1.1" 302 46 "http://localhost:8000/users/sign-in" "Mozilla/5.0 (X11; Linux x86_64) AppleWebKit/537.36 (KHTML, like Gecko) Chrome/83.0.4103.116 Safari/537.36"
::1 - - [28/Jun/2020:16:47:58 +0000] "GET / HTTP/1.1" 200 38953 "http://localhost:8000/users/sign-in" "Mozilla/5.0 (X11; Linux x86_64) AppleWebKit/537.36 (KHTML, like Gecko) Chrome/83.0.4103.116 Safari/537.36"
::1 - - [28/Jun/2020:16:48:21 +0000] "POST /search HTTP/1.1" 200 49 "http://localhost:8000/" "Mozilla/5.0 (X11; Linux x86_64) AppleWebKit/537.36 (KHTML, like Gecko) Chrome/83.0.4103.116 Safari/537.36"
::1 - - [28/Jun/2020:16:48:26 +0000] "POST /search HTTP/1.1" 200 706 "http://localhost:8000/" "Mozilla/5.0 (X11; Linux x86_64) AppleWebKit/537.36 (KHTML, like Gecko) Chrome/83.0.4103.116 Safari/537.36"
::1 - - [28/Jun/2020:16:50:01 +0000] "GET / HTTP/1.1" 200 38568 "http://localhost:8000/users/sign-in" "Mozilla/5.0 (X11; Linux x86_64) AppleWebKit/537.36 (KHTML, like Gecko) Chrome/83.0.4103.116 Safari/537.36"
::1 - - [28/Jun/2020:16:50:06 +0000] "GET /users/sign-out HTTP/1.1" 302 46 "http://localhost:8000/" "Mozilla/5.0 (X11; Linux x86_64) AppleWebKit/537.36 (KHTML, like Gecko) Chrome/83.0.4103.116 Safari/537.36"
::1 - - [28/Jun/2020:16:50:06 +0000] "GET / HTTP/1.1" 200 22709 "http://localhost:8000/" "Mozilla/5.0 (X11; Linux x86_64) AppleWebKit/537.36 (KHTML, like Gecko) Chrome/83.0.4103.116 Safari/537.36"
::1 - - [28/Jun/2020:16:50:10 +0000] "GET /users/sign-in HTTP/1.1" 304 - "http://localhost:8000/" "Mozilla/5.0 (X11; Linux x86_64) AppleWebKit/537.36 (KHTML, like Gecko) Chrome/83.0.4103.116 Safari/537.36"
::1 - - [28/Jun/2020:16:50:17 +0000] "POST /users/create-session HTTP/1.1" 302 72 "http://localhost:8000/users/sign-in" "Mozilla/5.0 (X11; Linux x86_64) AppleWebKit/537.36 (KHTML, like Gecko) Chrome/83.0.4103.116 Safari/537.36"
::1 - - [28/Jun/2020:16:50:17 +0000] "GET /users/sign-in HTTP/1.1" 200 2756 "http://localhost:8000/users/sign-in" "Mozilla/5.0 (X11; Linux x86_64) AppleWebKit/537.36 (KHTML, like Gecko) Chrome/83.0.4103.116 Safari/537.36"
::1 - - [28/Jun/2020:16:50:24 +0000] "POST /users/create-session HTTP/1.1" 302 46 "http://localhost:8000/users/sign-in" "Mozilla/5.0 (X11; Linux x86_64) AppleWebKit/537.36 (KHTML, like Gecko) Chrome/83.0.4103.116 Safari/537.36"
::1 - - [28/Jun/2020:16:50:24 +0000] "GET / HTTP/1.1" 200 35746 "http://localhost:8000/users/sign-in" "Mozilla/5.0 (X11; Linux x86_64) AppleWebKit/537.36 (KHTML, like Gecko) Chrome/83.0.4103.116 Safari/537.36"
::1 - - [28/Jun/2020:16:50:32 +0000] "GET /users/profile/5ee8fe3a41b0b4311b91da5b HTTP/1.1" 200 3363 "http://localhost:8000/" "Mozilla/5.0 (X11; Linux x86_64) AppleWebKit/537.36 (KHTML, like Gecko) Chrome/83.0.4103.116 Safari/537.36"
::1 - - [28/Jun/2020:16:50:32 +0000] "GET /css/user_profile.css HTTP/1.1" 404 159 "http://localhost:8000/users/profile/5ee8fe3a41b0b4311b91da5b" "Mozilla/5.0 (X11; Linux x86_64) AppleWebKit/537.36 (KHTML, like Gecko) Chrome/83.0.4103.116 Safari/537.36"
::1 - - [28/Jun/2020:16:50:34 +0000] "POST /users/update/5ee8fe3a41b0b4311b91da5b HTTP/1.1" 302 164 "http://localhost:8000/users/profile/5ee8fe3a41b0b4311b91da5b" "Mozilla/5.0 (X11; Linux x86_64) AppleWebKit/537.36 (KHTML, like Gecko) Chrome/83.0.4103.116 Safari/537.36"
::1 - - [28/Jun/2020:16:50:34 +0000] "GET /users/profile/5ee8fe3a41b0b4311b91da5b HTTP/1.1" 304 - "http://localhost:8000/users/profile/5ee8fe3a41b0b4311b91da5b" "Mozilla/5.0 (X11; Linux x86_64) AppleWebKit/537.36 (KHTML, like Gecko) Chrome/83.0.4103.116 Safari/537.36"
::1 - - [28/Jun/2020:16:50:34 +0000] "GET /css/user_profile.css HTTP/1.1" 404 159 "http://localhost:8000/users/profile/5ee8fe3a41b0b4311b91da5b" "Mozilla/5.0 (X11; Linux x86_64) AppleWebKit/537.36 (KHTML, like Gecko) Chrome/83.0.4103.116 Safari/537.36"
::1 - - [28/Jun/2020:16:50:41 +0000] "GET /users/sign-out HTTP/1.1" 302 46 "http://localhost:8000/users/profile/5ee8fe3a41b0b4311b91da5b" "Mozilla/5.0 (X11; Linux x86_64) AppleWebKit/537.36 (KHTML, like Gecko) Chrome/83.0.4103.116 Safari/537.36"
::1 - - [28/Jun/2020:16:50:41 +0000] "GET / HTTP/1.1" 200 22709 "http://localhost:8000/users/profile/5ee8fe3a41b0b4311b91da5b" "Mozilla/5.0 (X11; Linux x86_64) AppleWebKit/537.36 (KHTML, like Gecko) Chrome/83.0.4103.116 Safari/537.36"
::1 - - [28/Jun/2020:16:50:45 +0000] "GET /users/sign-in HTTP/1.1" 200 2436 "http://localhost:8000/" "Mozilla/5.0 (X11; Linux x86_64) AppleWebKit/537.36 (KHTML, like Gecko) Chrome/83.0.4103.116 Safari/537.36"
::1 - - [28/Jun/2020:16:50:50 +0000] "POST /users/create-session HTTP/1.1" 302 46 "http://localhost:8000/users/sign-in" "Mozilla/5.0 (X11; Linux x86_64) AppleWebKit/537.36 (KHTML, like Gecko) Chrome/83.0.4103.116 Safari/537.36"
::1 - - [28/Jun/2020:16:50:50 +0000] "GET / HTTP/1.1" 200 38968 "http://localhost:8000/users/sign-in" "Mozilla/5.0 (X11; Linux x86_64) AppleWebKit/537.36 (KHTML, like Gecko) Chrome/83.0.4103.116 Safari/537.36"
::1 - - [28/Jun/2020:16:50:52 +0000] "GET /users/profile/5ee8fe3a41b0b4311b91da5b HTTP/1.1" 200 2678 "http://localhost:8000/" "Mozilla/5.0 (X11; Linux x86_64) AppleWebKit/537.36 (KHTML, like Gecko) Chrome/83.0.4103.116 Safari/537.36"
::1 - - [28/Jun/2020:16:50:52 +0000] "GET /css/user_profile.css HTTP/1.1" 404 159 "http://localhost:8000/users/profile/5ee8fe3a41b0b4311b91da5b" "Mozilla/5.0 (X11; Linux x86_64) AppleWebKit/537.36 (KHTML, like Gecko) Chrome/83.0.4103.116 Safari/537.36"
::1 - - [28/Jun/2020:16:50:57 +0000] "GET / HTTP/1.1" 200 38568 "http://localhost:8000/users/profile/5ee8fe3a41b0b4311b91da5b" "Mozilla/5.0 (X11; Linux x86_64) AppleWebKit/537.36 (KHTML, like Gecko) Chrome/83.0.4103.116 Safari/537.36"
::1 - - [28/Jun/2020:16:56:17 +0000] "GET / HTTP/1.1" 200 38103 "http://localhost:8000/users/profile/5ee8fe3a41b0b4311b91da5b" "Mozilla/5.0 (X11; Linux x86_64) AppleWebKit/537.36 (KHTML, like Gecko) Chrome/83.0.4103.116 Safari/537.36"
::1 - - [28/Jun/2020:16:56:50 +0000] "GET / HTTP/1.1" 304 - "http://localhost:8000/users/profile/5ee8fe3a41b0b4311b91da5b" "Mozilla/5.0 (X11; Linux x86_64) AppleWebKit/537.36 (KHTML, like Gecko) Chrome/83.0.4103.116 Safari/537.36"
::1 - - [28/Jun/2020:16:56:55 +0000] "GET /users/profile/5ee233349c48830765cb7464 HTTP/1.1" 304 - "http://localhost:8000/" "Mozilla/5.0 (X11; Linux x86_64) AppleWebKit/537.36 (KHTML, like Gecko) Chrome/83.0.4103.116 Safari/537.36"
::1 - - [28/Jun/2020:16:56:55 +0000] "GET /css/user_profile.css HTTP/1.1" 404 159 "http://localhost:8000/users/profile/5ee233349c48830765cb7464" "Mozilla/5.0 (X11; Linux x86_64) AppleWebKit/537.36 (KHTML, like Gecko) Chrome/83.0.4103.116 Safari/537.36"
::1 - - [28/Jun/2020:16:56:57 +0000] "GET / HTTP/1.1" 304 - "http://localhost:8000/users/profile/5ee233349c48830765cb7464" "Mozilla/5.0 (X11; Linux x86_64) AppleWebKit/537.36 (KHTML, like Gecko) Chrome/83.0.4103.116 Safari/537.36"
::1 - - [28/Jun/2020:16:57:23 +0000] "GET / HTTP/1.1" 200 38527 "http://localhost:8000/users/profile/5ee233349c48830765cb7464" "Mozilla/5.0 (X11; Linux x86_64) AppleWebKit/537.36 (KHTML, like Gecko) Chrome/83.0.4103.116 Safari/537.36"
::1 - - [28/Jun/2020:16:57:51 +0000] "GET / HTTP/1.1" 200 38553 "http://localhost:8000/users/profile/5ee233349c48830765cb7464" "Mozilla/5.0 (X11; Linux x86_64) AppleWebKit/537.36 (KHTML, like Gecko) Chrome/83.0.4103.116 Safari/537.36"
::1 - - [28/Jun/2020:16:58:45 +0000] "GET / HTTP/1.1" 304 - "http://localhost:8000/users/profile/5ee233349c48830765cb7464" "Mozilla/5.0 (X11; Linux x86_64) AppleWebKit/537.36 (KHTML, like Gecko) Chrome/83.0.4103.116 Safari/537.36"
::1 - - [28/Jun/2020:16:58:49 +0000] "GET /users/profile/5ee8fe3a41b0b4311b91da5b HTTP/1.1" 304 - "http://localhost:8000/" "Mozilla/5.0 (X11; Linux x86_64) AppleWebKit/537.36 (KHTML, like Gecko) Chrome/83.0.4103.116 Safari/537.36"
::1 - - [28/Jun/2020:16:58:49 +0000] "GET /css/user_profile.css HTTP/1.1" 404 159 "http://localhost:8000/users/profile/5ee8fe3a41b0b4311b91da5b" "Mozilla/5.0 (X11; Linux x86_64) AppleWebKit/537.36 (KHTML, like Gecko) Chrome/83.0.4103.116 Safari/537.36"
::1 - - [28/Jun/2020:17:00:03 +0000] "GET /users/profile/5ee8fe3a41b0b4311b91da5b HTTP/1.1" 304 - "http://localhost:8000/" "Mozilla/5.0 (X11; Linux x86_64) AppleWebKit/537.36 (KHTML, like Gecko) Chrome/83.0.4103.116 Safari/537.36"
::1 - - [28/Jun/2020:17:00:03 +0000] "GET /css/user_profile.css HTTP/1.1" 404 159 "http://localhost:8000/users/profile/5ee8fe3a41b0b4311b91da5b" "Mozilla/5.0 (X11; Linux x86_64) AppleWebKit/537.36 (KHTML, like Gecko) Chrome/83.0.4103.116 Safari/537.36"
::1 - - [28/Jun/2020:17:00:05 +0000] "GET / HTTP/1.1" 500 1981 "http://localhost:8000/users/profile/5ee8fe3a41b0b4311b91da5b" "Mozilla/5.0 (X11; Linux x86_64) AppleWebKit/537.36 (KHTML, like Gecko) Chrome/83.0.4103.116 Safari/537.36"
::1 - - [28/Jun/2020:17:00:41 +0000] "GET /css/user_profile.css HTTP/1.1" 404 159 "http://localhost:8000/users/profile/5ee8fe3a41b0b4311b91da5b" "Mozilla/5.0 (X11; Linux x86_64) AppleWebKit/537.36 (KHTML, like Gecko) Chrome/83.0.4103.116 Safari/537.36"
::1 - - [28/Jun/2020:17:00:42 +0000] "GET /users/profile/5ee8fe3a41b0b4311b91da5b HTTP/1.1" 304 - "http://localhost:8000/" "Mozilla/5.0 (X11; Linux x86_64) AppleWebKit/537.36 (KHTML, like Gecko) Chrome/83.0.4103.116 Safari/537.36"
::1 - - [28/Jun/2020:17:00:42 +0000] "GET /css/user_profile.css HTTP/1.1" 404 159 "http://localhost:8000/users/profile/5ee8fe3a41b0b4311b91da5b" "Mozilla/5.0 (X11; Linux x86_64) AppleWebKit/537.36 (KHTML, like Gecko) Chrome/83.0.4103.116 Safari/537.36"
::1 - - [28/Jun/2020:17:00:43 +0000] "GET / HTTP/1.1" 200 38607 "http://localhost:8000/users/profile/5ee8fe3a41b0b4311b91da5b" "Mozilla/5.0 (X11; Linux x86_64) AppleWebKit/537.36 (KHTML, like Gecko) Chrome/83.0.4103.116 Safari/537.36"
::1 - - [28/Jun/2020:17:00:48 +0000] "GET /users/profile/5ee8fe3a41b0b4311b91da5b HTTP/1.1" 304 - "http://localhost:8000/" "Mozilla/5.0 (X11; Linux x86_64) AppleWebKit/537.36 (KHTML, like Gecko) Chrome/83.0.4103.116 Safari/537.36"
::1 - - [28/Jun/2020:17:00:48 +0000] "GET /css/user_profile.css HTTP/1.1" 404 159 "http://localhost:8000/users/profile/5ee8fe3a41b0b4311b91da5b" "Mozilla/5.0 (X11; Linux x86_64) AppleWebKit/537.36 (KHTML, like Gecko) Chrome/83.0.4103.116 Safari/537.36"
::1 - - [28/Jun/2020:17:00:51 +0000] "GET / HTTP/1.1" 304 - "http://localhost:8000/users/profile/5ee8fe3a41b0b4311b91da5b" "Mozilla/5.0 (X11; Linux x86_64) AppleWebKit/537.36 (KHTML, like Gecko) Chrome/83.0.4103.116 Safari/537.36"
::1 - - [28/Jun/2020:17:02:11 +0000] "GET / HTTP/1.1" 200 38667 "http://localhost:8000/users/profile/5ee8fe3a41b0b4311b91da5b" "Mozilla/5.0 (X11; Linux x86_64) AppleWebKit/537.36 (KHTML, like Gecko) Chrome/83.0.4103.116 Safari/537.36"
::1 - - [28/Jun/2020:17:02:46 +0000] "GET / HTTP/1.1" 200 38559 "http://localhost:8000/users/profile/5ee8fe3a41b0b4311b91da5b" "Mozilla/5.0 (X11; Linux x86_64) AppleWebKit/537.36 (KHTML, like Gecko) Chrome/83.0.4103.116 Safari/537.36"
::1 - - [28/Jun/2020:17:02:49 +0000] "GET /users/sign-out HTTP/1.1" 302 46 "http://localhost:8000/" "Mozilla/5.0 (X11; Linux x86_64) AppleWebKit/537.36 (KHTML, like Gecko) Chrome/83.0.4103.116 Safari/537.36"
::1 - - [28/Jun/2020:17:02:50 +0000] "GET / HTTP/1.1" 200 22665 "http://localhost:8000/" "Mozilla/5.0 (X11; Linux x86_64) AppleWebKit/537.36 (KHTML, like Gecko) Chrome/83.0.4103.116 Safari/537.36"
::1 - - [28/Jun/2020:17:02:56 +0000] "GET /users/sign-in HTTP/1.1" 304 - "http://localhost:8000/" "Mozilla/5.0 (X11; Linux x86_64) AppleWebKit/537.36 (KHTML, like Gecko) Chrome/83.0.4103.116 Safari/537.36"
::1 - - [28/Jun/2020:17:03:00 +0000] "POST /users/create-session HTTP/1.1" 302 46 "http://localhost:8000/users/sign-in" "Mozilla/5.0 (X11; Linux x86_64) AppleWebKit/537.36 (KHTML, like Gecko) Chrome/83.0.4103.116 Safari/537.36"
::1 - - [28/Jun/2020:17:03:00 +0000] "GET / HTTP/1.1" 200 38959 "http://localhost:8000/users/sign-in" "Mozilla/5.0 (X11; Linux x86_64) AppleWebKit/537.36 (KHTML, like Gecko) Chrome/83.0.4103.116 Safari/537.36"
::1 - - [28/Jun/2020:17:11:51 +0000] "GET / HTTP/1.1" 200 38653 "http://localhost:8000/users/sign-in" "Mozilla/5.0 (X11; Linux x86_64) AppleWebKit/537.36 (KHTML, like Gecko) Chrome/83.0.4103.116 Safari/537.36"
::1 - - [28/Jun/2020:17:24:58 +0000] "GET / HTTP/1.1" 304 - "http://localhost:8000/users/sign-in" "Mozilla/5.0 (X11; Linux x86_64) AppleWebKit/537.36 (KHTML, like Gecko) Chrome/83.0.4103.116 Safari/537.36"
::1 - - [28/Jun/2020:17:25:05 +0000] "GET / HTTP/1.1" 304 - "http://localhost:8000/" "Mozilla/5.0 (X11; Linux x86_64) AppleWebKit/537.36 (KHTML, like Gecko) Chrome/83.0.4103.116 Safari/537.36"
::1 - - [28/Jun/2020:17:25:07 +0000] "GET /users/sign-out HTTP/1.1" 302 46 "http://localhost:8000/" "Mozilla/5.0 (X11; Linux x86_64) AppleWebKit/537.36 (KHTML, like Gecko) Chrome/83.0.4103.116 Safari/537.36"
::1 - - [28/Jun/2020:17:25:07 +0000] "GET / HTTP/1.1" 200 22692 "http://localhost:8000/" "Mozilla/5.0 (X11; Linux x86_64) AppleWebKit/537.36 (KHTML, like Gecko) Chrome/83.0.4103.116 Safari/537.36"
::1 - - [28/Jun/2020:17:25:11 +0000] "GET /users/sign-in HTTP/1.1" 304 - "http://localhost:8000/" "Mozilla/5.0 (X11; Linux x86_64) AppleWebKit/537.36 (KHTML, like Gecko) Chrome/83.0.4103.116 Safari/537.36"
::1 - - [28/Jun/2020:17:25:18 +0000] "GET /reset_password/verify-email HTTP/1.1" 200 1755 "http://localhost:8000/users/sign-in" "Mozilla/5.0 (X11; Linux x86_64) AppleWebKit/537.36 (KHTML, like Gecko) Chrome/83.0.4103.116 Safari/537.36"
::1 - - [28/Jun/2020:18:15:50 +0000] "GET /users/sign-in HTTP/1.1" 304 - "http://localhost:8000/reset_password/verify-email" "Mozilla/5.0 (X11; Linux x86_64) AppleWebKit/537.36 (KHTML, like Gecko) Chrome/83.0.4103.116 Safari/537.36"
::1 - - [28/Jun/2020:18:15:57 +0000] "GET /users/sign-up HTTP/1.1" 200 2421 "http://localhost:8000/users/sign-in" "Mozilla/5.0 (X11; Linux x86_64) AppleWebKit/537.36 (KHTML, like Gecko) Chrome/83.0.4103.116 Safari/537.36"
::1 - - [28/Jun/2020:18:16:07 +0000] "GET /users/sign-in HTTP/1.1" 304 - "http://localhost:8000/users/sign-up" "Mozilla/5.0 (X11; Linux x86_64) AppleWebKit/537.36 (KHTML, like Gecko) Chrome/83.0.4103.116 Safari/537.36"
::1 - - [28/Jun/2020:18:16:58 +0000] "GET /users/sign-in HTTP/1.1" 304 - "http://localhost:8000/users/sign-up" "Mozilla/5.0 (X11; Linux x86_64) AppleWebKit/537.36 (KHTML, like Gecko) Chrome/83.0.4103.116 Safari/537.36"
::1 - - [28/Jun/2020:18:17:50 +0000] "POST /users/create-session HTTP/1.1" 302 46 "http://localhost:8000/users/sign-in" "Mozilla/5.0 (X11; Linux x86_64) AppleWebKit/537.36 (KHTML, like Gecko) Chrome/83.0.4103.116 Safari/537.36"
::1 - - [28/Jun/2020:18:17:50 +0000] "GET / HTTP/1.1" 200 39053 "http://localhost:8000/users/sign-in" "Mozilla/5.0 (X11; Linux x86_64) AppleWebKit/537.36 (KHTML, like Gecko) Chrome/83.0.4103.116 Safari/537.36"
