::1 - - [30/Jun/2020:19:12:40 +0000] "POST /isfriend HTTP/1.1" 200 51 "http://localhost:8000/users/profile/5efa22193fc78c5e33a65a2b" "Mozilla/5.0 (X11; Linux x86_64) AppleWebKit/537.36 (KHTML, like Gecko) Chrome/83.0.4103.116 Safari/537.36"
::1 - - [30/Jun/2020:19:12:47 +0000] "POST /isfriend HTTP/1.1" 200 49 "http://localhost:8000/users/profile/5efa22193fc78c5e33a65a2b" "Mozilla/5.0 (X11; Linux x86_64) AppleWebKit/537.36 (KHTML, like Gecko) Chrome/83.0.4103.116 Safari/537.36"
::1 - - [30/Jun/2020:19:12:49 +0000] "POST /isfriend HTTP/1.1" 200 51 "http://localhost:8000/users/profile/5efa22193fc78c5e33a65a2b" "Mozilla/5.0 (X11; Linux x86_64) AppleWebKit/537.36 (KHTML, like Gecko) Chrome/83.0.4103.116 Safari/537.36"
::1 - - [30/Jun/2020:19:13:00 +0000] "POST /isfriend HTTP/1.1" 200 49 "http://localhost:8000/users/profile/5efa22193fc78c5e33a65a2b" "Mozilla/5.0 (X11; Linux x86_64) AppleWebKit/537.36 (KHTML, like Gecko) Chrome/83.0.4103.116 Safari/537.36"
::1 - - [30/Jun/2020:19:13:06 +0000] "GET / HTTP/1.1" 304 - "http://localhost:8000/users/profile/5efa22193fc78c5e33a65a2b" "Mozilla/5.0 (X11; Linux x86_64) AppleWebKit/537.36 (KHTML, like Gecko) Chrome/83.0.4103.116 Safari/537.36"
::1 - - [30/Jun/2020:19:16:51 +0000] "GET / HTTP/1.1" 304 - "http://localhost:8000/" "Mozilla/5.0 (X11; Linux x86_64) AppleWebKit/537.36 (KHTML, like Gecko) Chrome/83.0.4103.116 Safari/537.36"
::1 - - [30/Jun/2020:19:16:53 +0000] "GET /users/profile/5ee233349c48830765cb7464 HTTP/1.1" 200 4110 "http://localhost:8000/" "Mozilla/5.0 (X11; Linux x86_64) AppleWebKit/537.36 (KHTML, like Gecko) Chrome/83.0.4103.116 Safari/537.36"
::1 - - [30/Jun/2020:19:16:55 +0000] "GET / HTTP/1.1" 304 - "http://localhost:8000/users/profile/5ee233349c48830765cb7464" "Mozilla/5.0 (X11; Linux x86_64) AppleWebKit/537.36 (KHTML, like Gecko) Chrome/83.0.4103.116 Safari/537.36"
::1 - - [30/Jun/2020:19:16:57 +0000] "GET /users/profile/5ee8fe3a41b0b4311b91da5b HTTP/1.1" 200 2698 "http://localhost:8000/" "Mozilla/5.0 (X11; Linux x86_64) AppleWebKit/537.36 (KHTML, like Gecko) Chrome/83.0.4103.116 Safari/537.36"
::1 - - [30/Jun/2020:19:17:00 +0000] "POST /isfriend HTTP/1.1" 200 46 "http://localhost:8000/users/profile/5ee8fe3a41b0b4311b91da5b" "Mozilla/5.0 (X11; Linux x86_64) AppleWebKit/537.36 (KHTML, like Gecko) Chrome/83.0.4103.116 Safari/537.36"
::1 - - [30/Jun/2020:19:17:03 +0000] "POST /isfriend HTTP/1.1" 200 46 "http://localhost:8000/users/profile/5ee8fe3a41b0b4311b91da5b" "Mozilla/5.0 (X11; Linux x86_64) AppleWebKit/537.36 (KHTML, like Gecko) Chrome/83.0.4103.116 Safari/537.36"
::1 - - [30/Jun/2020:19:50:33 +0000] "GET /users/profile/5ee8fe3a41b0b4311b91da5b HTTP/1.1" 500 1997 "http://localhost:8000/" "Mozilla/5.0 (X11; Linux x86_64) AppleWebKit/537.36 (KHTML, like Gecko) Chrome/83.0.4103.116 Safari/537.36"
::1 - - [30/Jun/2020:19:52:10 +0000] "GET / HTTP/1.1" 200 16644 "http://localhost:8000/users/profile/5ee233349c48830765cb7464" "Mozilla/5.0 (X11; Linux x86_64) AppleWebKit/537.36 (KHTML, like Gecko) Chrome/83.0.4103.116 Safari/537.36"
::1 - - [30/Jun/2020:19:52:15 +0000] "GET / HTTP/1.1" 304 - "-" "Mozilla/5.0 (X11; Linux x86_64) AppleWebKit/537.36 (KHTML, like Gecko) Chrome/83.0.4103.116 Safari/537.36"
::1 - - [30/Jun/2020:19:52:18 +0000] "GET /users/sign-in HTTP/1.1" 304 - "http://localhost:8000/" "Mozilla/5.0 (X11; Linux x86_64) AppleWebKit/537.36 (KHTML, like Gecko) Chrome/83.0.4103.116 Safari/537.36"
::1 - - [30/Jun/2020:19:52:27 +0000] "POST /users/create-session HTTP/1.1" 302 46 "http://localhost:8000/users/sign-in" "Mozilla/5.0 (X11; Linux x86_64) AppleWebKit/537.36 (KHTML, like Gecko) Chrome/83.0.4103.116 Safari/537.36"
::1 - - [30/Jun/2020:19:52:27 +0000] "GET / HTTP/1.1" 200 28858 "http://localhost:8000/users/sign-in" "Mozilla/5.0 (X11; Linux x86_64) AppleWebKit/537.36 (KHTML, like Gecko) Chrome/83.0.4103.116 Safari/537.36"
::1 - - [30/Jun/2020:19:52:30 +0000] "GET /users/profile/5ee8fe3a41b0b4311b91da5b HTTP/1.1" 500 1997 "http://localhost:8000/" "Mozilla/5.0 (X11; Linux x86_64) AppleWebKit/537.36 (KHTML, like Gecko) Chrome/83.0.4103.116 Safari/537.36"
::1 - - [30/Jun/2020:19:59:49 +0000] "GET / HTTP/1.1" 200 28458 "http://localhost:8000/users/sign-in" "Mozilla/5.0 (X11; Linux x86_64) AppleWebKit/537.36 (KHTML, like Gecko) Chrome/83.0.4103.116 Safari/537.36"
::1 - - [30/Jun/2020:19:59:52 +0000] "GET /users/profile/5ee8fe3a41b0b4311b91da5b HTTP/1.1" 200 2856 "http://localhost:8000/" "Mozilla/5.0 (X11; Linux x86_64) AppleWebKit/537.36 (KHTML, like Gecko) Chrome/83.0.4103.116 Safari/537.36"
::1 - - [30/Jun/2020:19:59:53 +0000] "POST /isfriend HTTP/1.1" 200 46 "http://localhost:8000/users/profile/5ee8fe3a41b0b4311b91da5b" "Mozilla/5.0 (X11; Linux x86_64) AppleWebKit/537.36 (KHTML, like Gecko) Chrome/83.0.4103.116 Safari/537.36"
::1 - - [30/Jun/2020:19:59:54 +0000] "POST /isfriend HTTP/1.1" 200 46 "http://localhost:8000/users/profile/5ee8fe3a41b0b4311b91da5b" "Mozilla/5.0 (X11; Linux x86_64) AppleWebKit/537.36 (KHTML, like Gecko) Chrome/83.0.4103.116 Safari/537.36"
::1 - - [30/Jun/2020:19:59:56 +0000] "POST /isfriend HTTP/1.1" 200 46 "http://localhost:8000/users/profile/5ee8fe3a41b0b4311b91da5b" "Mozilla/5.0 (X11; Linux x86_64) AppleWebKit/537.36 (KHTML, like Gecko) Chrome/83.0.4103.116 Safari/537.36"
::1 - - [30/Jun/2020:20:00:09 +0000] "GET /users/profile/5ee8fe3a41b0b4311b91da5b HTTP/1.1" 304 - "http://localhost:8000/" "Mozilla/5.0 (X11; Linux x86_64) AppleWebKit/537.36 (KHTML, like Gecko) Chrome/83.0.4103.116 Safari/537.36"
::1 - - [30/Jun/2020:20:00:14 +0000] "POST /isfriend HTTP/1.1" 200 46 "http://localhost:8000/users/profile/5ee8fe3a41b0b4311b91da5b" "Mozilla/5.0 (X11; Linux x86_64) AppleWebKit/537.36 (KHTML, like Gecko) Chrome/83.0.4103.116 Safari/537.36"
::1 - - [30/Jun/2020:20:00:15 +0000] "POST /isfriend HTTP/1.1" 200 46 "http://localhost:8000/users/profile/5ee8fe3a41b0b4311b91da5b" "Mozilla/5.0 (X11; Linux x86_64) AppleWebKit/537.36 (KHTML, like Gecko) Chrome/83.0.4103.116 Safari/537.36"
::1 - - [30/Jun/2020:20:00:17 +0000] "GET /users/profile/5ee8fe3a41b0b4311b91da5b HTTP/1.1" 304 - "http://localhost:8000/" "Mozilla/5.0 (X11; Linux x86_64) AppleWebKit/537.36 (KHTML, like Gecko) Chrome/83.0.4103.116 Safari/537.36"
::1 - - [30/Jun/2020:20:00:30 +0000] "POST /isfriend HTTP/1.1" 200 46 "http://localhost:8000/users/profile/5ee8fe3a41b0b4311b91da5b" "Mozilla/5.0 (X11; Linux x86_64) AppleWebKit/537.36 (KHTML, like Gecko) Chrome/83.0.4103.116 Safari/537.36"
::1 - - [30/Jun/2020:20:01:36 +0000] "POST /isfriend HTTP/1.1" 200 46 "http://localhost:8000/users/profile/5ee8fe3a41b0b4311b91da5b" "Mozilla/5.0 (X11; Linux x86_64) AppleWebKit/537.36 (KHTML, like Gecko) Chrome/83.0.4103.116 Safari/537.36"
::1 - - [30/Jun/2020:20:01:39 +0000] "GET / HTTP/1.1" 304 - "http://localhost:8000/users/profile/5ee8fe3a41b0b4311b91da5b" "Mozilla/5.0 (X11; Linux x86_64) AppleWebKit/537.36 (KHTML, like Gecko) Chrome/83.0.4103.116 Safari/537.36"
::1 - - [30/Jun/2020:20:01:41 +0000] "GET /users/profile/5eedc07fd4853c1dc6eab379 HTTP/1.1" 200 2797 "http://localhost:8000/" "Mozilla/5.0 (X11; Linux x86_64) AppleWebKit/537.36 (KHTML, like Gecko) Chrome/83.0.4103.116 Safari/537.36"
::1 - - [30/Jun/2020:20:02:27 +0000] "GET /users/profile/5eedc07fd4853c1dc6eab379 HTTP/1.1" 304 - "http://localhost:8000/" "Mozilla/5.0 (X11; Linux x86_64) AppleWebKit/537.36 (KHTML, like Gecko) Chrome/83.0.4103.116 Safari/537.36"
::1 - - [30/Jun/2020:20:02:29 +0000] "POST /isfriend HTTP/1.1" 200 46 "http://localhost:8000/users/profile/5eedc07fd4853c1dc6eab379" "Mozilla/5.0 (X11; Linux x86_64) AppleWebKit/537.36 (KHTML, like Gecko) Chrome/83.0.4103.116 Safari/537.36"
::1 - - [30/Jun/2020:20:02:47 +0000] "GET /users/profile/5eedc07fd4853c1dc6eab379 HTTP/1.1" 304 - "http://localhost:8000/" "Mozilla/5.0 (X11; Linux x86_64) AppleWebKit/537.36 (KHTML, like Gecko) Chrome/83.0.4103.116 Safari/537.36"
::1 - - [30/Jun/2020:20:02:50 +0000] "GET /users/profile/5eedc07fd4853c1dc6eab379 HTTP/1.1" 304 - "http://localhost:8000/" "Mozilla/5.0 (X11; Linux x86_64) AppleWebKit/537.36 (KHTML, like Gecko) Chrome/83.0.4103.116 Safari/537.36"
::1 - - [30/Jun/2020:20:02:51 +0000] "GET /users/profile/5eedc07fd4853c1dc6eab379 HTTP/1.1" 304 - "http://localhost:8000/" "Mozilla/5.0 (X11; Linux x86_64) AppleWebKit/537.36 (KHTML, like Gecko) Chrome/83.0.4103.116 Safari/537.36"
::1 - - [30/Jun/2020:20:02:54 +0000] "GET /users/profile/5eedc07fd4853c1dc6eab379 HTTP/1.1" 304 - "http://localhost:8000/" "Mozilla/5.0 (X11; Linux x86_64) AppleWebKit/537.36 (KHTML, like Gecko) Chrome/83.0.4103.116 Safari/537.36"
::1 - - [30/Jun/2020:20:03:03 +0000] "POST /isfriend HTTP/1.1" 200 46 "http://localhost:8000/users/profile/5eedc07fd4853c1dc6eab379" "Mozilla/5.0 (X11; Linux x86_64) AppleWebKit/537.36 (KHTML, like Gecko) Chrome/83.0.4103.116 Safari/537.36"
::1 - - [30/Jun/2020:20:03:45 +0000] "GET /users/profile/5eedc07fd4853c1dc6eab379 HTTP/1.1" 304 - "http://localhost:8000/" "Mozilla/5.0 (X11; Linux x86_64) AppleWebKit/537.36 (KHTML, like Gecko) Chrome/83.0.4103.116 Safari/537.36"
::1 - - [30/Jun/2020:20:03:47 +0000] "GET /users/profile/5eedc07fd4853c1dc6eab379 HTTP/1.1" 304 - "http://localhost:8000/" "Mozilla/5.0 (X11; Linux x86_64) AppleWebKit/537.36 (KHTML, like Gecko) Chrome/83.0.4103.116 Safari/537.36"
::1 - - [30/Jun/2020:20:03:49 +0000] "POST /isfriend HTTP/1.1" 200 46 "http://localhost:8000/users/profile/5eedc07fd4853c1dc6eab379" "Mozilla/5.0 (X11; Linux x86_64) AppleWebKit/537.36 (KHTML, like Gecko) Chrome/83.0.4103.116 Safari/537.36"
::1 - - [30/Jun/2020:20:03:53 +0000] "GET /users/profile/5eedc07fd4853c1dc6eab379 HTTP/1.1" 304 - "http://localhost:8000/" "Mozilla/5.0 (X11; Linux x86_64) AppleWebKit/537.36 (KHTML, like Gecko) Chrome/83.0.4103.116 Safari/537.36"
::1 - - [30/Jun/2020:20:03:54 +0000] "GET /users/profile/5eedc07fd4853c1dc6eab379 HTTP/1.1" 304 - "http://localhost:8000/" "Mozilla/5.0 (X11; Linux x86_64) AppleWebKit/537.36 (KHTML, like Gecko) Chrome/83.0.4103.116 Safari/537.36"
::1 - - [30/Jun/2020:20:03:55 +0000] "GET /users/profile/5eedc07fd4853c1dc6eab379 HTTP/1.1" 304 - "http://localhost:8000/" "Mozilla/5.0 (X11; Linux x86_64) AppleWebKit/537.36 (KHTML, like Gecko) Chrome/83.0.4103.116 Safari/537.36"
::1 - - [30/Jun/2020:20:06:54 +0000] "GET /users/profile/5eedc07fd4853c1dc6eab379 HTTP/1.1" 304 - "http://localhost:8000/" "Mozilla/5.0 (X11; Linux x86_64) AppleWebKit/537.36 (KHTML, like Gecko) Chrome/83.0.4103.116 Safari/537.36"
::1 - - [30/Jun/2020:20:06:58 +0000] "POST /isfriend HTTP/1.1" 200 46 "http://localhost:8000/users/profile/5eedc07fd4853c1dc6eab379" "Mozilla/5.0 (X11; Linux x86_64) AppleWebKit/537.36 (KHTML, like Gecko) Chrome/83.0.4103.116 Safari/537.36"
::1 - - [30/Jun/2020:20:07:03 +0000] "GET /users/sign-out HTTP/1.1" 302 46 "http://localhost:8000/users/profile/5eedc07fd4853c1dc6eab379" "Mozilla/5.0 (X11; Linux x86_64) AppleWebKit/537.36 (KHTML, like Gecko) Chrome/83.0.4103.116 Safari/537.36"
::1 - - [30/Jun/2020:20:07:03 +0000] "GET / HTTP/1.1" 200 17038 "http://localhost:8000/users/profile/5eedc07fd4853c1dc6eab379" "Mozilla/5.0 (X11; Linux x86_64) AppleWebKit/537.36 (KHTML, like Gecko) Chrome/83.0.4103.116 Safari/537.36"
::1 - - [30/Jun/2020:20:07:05 +0000] "GET /users/sign-in HTTP/1.1" 304 - "http://localhost:8000/" "Mozilla/5.0 (X11; Linux x86_64) AppleWebKit/537.36 (KHTML, like Gecko) Chrome/83.0.4103.116 Safari/537.36"
::1 - - [30/Jun/2020:20:07:12 +0000] "POST /users/create-session HTTP/1.1" 302 46 "http://localhost:8000/users/sign-in" "Mozilla/5.0 (X11; Linux x86_64) AppleWebKit/537.36 (KHTML, like Gecko) Chrome/83.0.4103.116 Safari/537.36"
::1 - - [30/Jun/2020:20:07:12 +0000] "GET / HTTP/1.1" 200 28858 "http://localhost:8000/users/sign-in" "Mozilla/5.0 (X11; Linux x86_64) AppleWebKit/537.36 (KHTML, like Gecko) Chrome/83.0.4103.116 Safari/537.36"
::1 - - [30/Jun/2020:20:07:16 +0000] "GET /users/profile/5ee8fe3a41b0b4311b91da5b HTTP/1.1" 304 - "http://localhost:8000/" "Mozilla/5.0 (X11; Linux x86_64) AppleWebKit/537.36 (KHTML, like Gecko) Chrome/83.0.4103.116 Safari/537.36"
::1 - - [30/Jun/2020:20:07:20 +0000] "POST /isfriend HTTP/1.1" 200 46 "http://localhost:8000/users/profile/5ee8fe3a41b0b4311b91da5b" "Mozilla/5.0 (X11; Linux x86_64) AppleWebKit/537.36 (KHTML, like Gecko) Chrome/83.0.4103.116 Safari/537.36"
::1 - - [30/Jun/2020:20:07:21 +0000] "POST /isfriend HTTP/1.1" 200 46 "http://localhost:8000/users/profile/5ee8fe3a41b0b4311b91da5b" "Mozilla/5.0 (X11; Linux x86_64) AppleWebKit/537.36 (KHTML, like Gecko) Chrome/83.0.4103.116 Safari/537.36"
::1 - - [30/Jun/2020:20:07:24 +0000] "GET / HTTP/1.1" 200 28458 "http://localhost:8000/users/profile/5ee8fe3a41b0b4311b91da5b" "Mozilla/5.0 (X11; Linux x86_64) AppleWebKit/537.36 (KHTML, like Gecko) Chrome/83.0.4103.116 Safari/537.36"
::1 - - [30/Jun/2020:20:09:21 +0000] "GET / HTTP/1.1" 304 - "http://localhost:8000/users/profile/5ee8fe3a41b0b4311b91da5b" "Mozilla/5.0 (X11; Linux x86_64) AppleWebKit/537.36 (KHTML, like Gecko) Chrome/83.0.4103.116 Safari/537.36"
::1 - - [30/Jun/2020:20:09:24 +0000] "GET /users/profile/5ee8fe3a41b0b4311b91da5b HTTP/1.1" 200 2855 "http://localhost:8000/" "Mozilla/5.0 (X11; Linux x86_64) AppleWebKit/537.36 (KHTML, like Gecko) Chrome/83.0.4103.116 Safari/537.36"
::1 - - [30/Jun/2020:20:09:28 +0000] "POST /isfriend HTTP/1.1" 200 46 "http://localhost:8000/users/profile/5ee8fe3a41b0b4311b91da5b" "Mozilla/5.0 (X11; Linux x86_64) AppleWebKit/537.36 (KHTML, like Gecko) Chrome/83.0.4103.116 Safari/537.36"
::1 - - [30/Jun/2020:20:09:31 +0000] "GET / HTTP/1.1" 304 - "http://localhost:8000/users/profile/5ee8fe3a41b0b4311b91da5b" "Mozilla/5.0 (X11; Linux x86_64) AppleWebKit/537.36 (KHTML, like Gecko) Chrome/83.0.4103.116 Safari/537.36"
::1 - - [30/Jun/2020:20:09:37 +0000] "POST /search HTTP/1.1" 200 49 "http://localhost:8000/" "Mozilla/5.0 (X11; Linux x86_64) AppleWebKit/537.36 (KHTML, like Gecko) Chrome/83.0.4103.116 Safari/537.36"
::1 - - [30/Jun/2020:20:09:38 +0000] "POST /search HTTP/1.1" 200 49 "http://localhost:8000/" "Mozilla/5.0 (X11; Linux x86_64) AppleWebKit/537.36 (KHTML, like Gecko) Chrome/83.0.4103.116 Safari/537.36"
::1 - - [30/Jun/2020:20:09:39 +0000] "POST /search HTTP/1.1" 200 49 "http://localhost:8000/" "Mozilla/5.0 (X11; Linux x86_64) AppleWebKit/537.36 (KHTML, like Gecko) Chrome/83.0.4103.116 Safari/537.36"
::1 - - [30/Jun/2020:20:09:43 +0000] "POST /search HTTP/1.1" 200 286 "http://localhost:8000/" "Mozilla/5.0 (X11; Linux x86_64) AppleWebKit/537.36 (KHTML, like Gecko) Chrome/83.0.4103.116 Safari/537.36"
::1 - - [30/Jun/2020:20:09:45 +0000] "GET /users/profile/5efa22193fc78c5e33a65a2b HTTP/1.1" 200 2778 "http://localhost:8000/" "Mozilla/5.0 (X11; Linux x86_64) AppleWebKit/537.36 (KHTML, like Gecko) Chrome/83.0.4103.116 Safari/537.36"
::1 - - [30/Jun/2020:20:09:47 +0000] "POST /isfriend HTTP/1.1" 200 51 "http://localhost:8000/users/profile/5efa22193fc78c5e33a65a2b" "Mozilla/5.0 (X11; Linux x86_64) AppleWebKit/537.36 (KHTML, like Gecko) Chrome/83.0.4103.116 Safari/537.36"
::1 - - [30/Jun/2020:20:09:51 +0000] "POST /isfriend HTTP/1.1" 200 49 "http://localhost:8000/users/profile/5efa22193fc78c5e33a65a2b" "Mozilla/5.0 (X11; Linux x86_64) AppleWebKit/537.36 (KHTML, like Gecko) Chrome/83.0.4103.116 Safari/537.36"
::1 - - [30/Jun/2020:20:09:54 +0000] "POST /isfriend HTTP/1.1" 200 51 "http://localhost:8000/users/profile/5efa22193fc78c5e33a65a2b" "Mozilla/5.0 (X11; Linux x86_64) AppleWebKit/537.36 (KHTML, like Gecko) Chrome/83.0.4103.116 Safari/537.36"
::1 - - [30/Jun/2020:20:09:59 +0000] "POST /isfriend HTTP/1.1" 200 49 "http://localhost:8000/users/profile/5efa22193fc78c5e33a65a2b" "Mozilla/5.0 (X11; Linux x86_64) AppleWebKit/537.36 (KHTML, like Gecko) Chrome/83.0.4103.116 Safari/537.36"
::1 - - [30/Jun/2020:20:10:34 +0000] "POST /isfriend HTTP/1.1" 200 51 "http://localhost:8000/users/profile/5efa22193fc78c5e33a65a2b" "Mozilla/5.0 (X11; Linux x86_64) AppleWebKit/537.36 (KHTML, like Gecko) Chrome/83.0.4103.116 Safari/537.36"
::1 - - [30/Jun/2020:20:10:38 +0000] "POST /isfriend HTTP/1.1" 200 49 "http://localhost:8000/users/profile/5efa22193fc78c5e33a65a2b" "Mozilla/5.0 (X11; Linux x86_64) AppleWebKit/537.36 (KHTML, like Gecko) Chrome/83.0.4103.116 Safari/537.36"
::1 - - [30/Jun/2020:20:10:47 +0000] "POST /isfriend HTTP/1.1" 200 51 "http://localhost:8000/users/profile/5efa22193fc78c5e33a65a2b" "Mozilla/5.0 (X11; Linux x86_64) AppleWebKit/537.36 (KHTML, like Gecko) Chrome/83.0.4103.116 Safari/537.36"
::1 - - [30/Jun/2020:20:10:51 +0000] "POST /isfriend HTTP/1.1" 200 49 "http://localhost:8000/users/profile/5efa22193fc78c5e33a65a2b" "Mozilla/5.0 (X11; Linux x86_64) AppleWebKit/537.36 (KHTML, like Gecko) Chrome/83.0.4103.116 Safari/537.36"
::1 - - [30/Jun/2020:20:10:55 +0000] "POST /isfriend HTTP/1.1" 200 51 "http://localhost:8000/users/profile/5efa22193fc78c5e33a65a2b" "Mozilla/5.0 (X11; Linux x86_64) AppleWebKit/537.36 (KHTML, like Gecko) Chrome/83.0.4103.116 Safari/537.36"
::1 - - [30/Jun/2020:20:10:58 +0000] "POST /isfriend HTTP/1.1" 200 49 "http://localhost:8000/users/profile/5efa22193fc78c5e33a65a2b" "Mozilla/5.0 (X11; Linux x86_64) AppleWebKit/537.36 (KHTML, like Gecko) Chrome/83.0.4103.116 Safari/537.36"
::1 - - [30/Jun/2020:20:11:02 +0000] "GET /users/profile/5efa22193fc78c5e33a65a2b HTTP/1.1" 304 - "http://localhost:8000/" "Mozilla/5.0 (X11; Linux x86_64) AppleWebKit/537.36 (KHTML, like Gecko) Chrome/83.0.4103.116 Safari/537.36"
::1 - - [30/Jun/2020:20:11:06 +0000] "POST /isfriend HTTP/1.1" 200 51 "http://localhost:8000/users/profile/5efa22193fc78c5e33a65a2b" "Mozilla/5.0 (X11; Linux x86_64) AppleWebKit/537.36 (KHTML, like Gecko) Chrome/83.0.4103.116 Safari/537.36"
::1 - - [30/Jun/2020:20:11:09 +0000] "GET /users/profile/5efa22193fc78c5e33a65a2b HTTP/1.1" 200 2781 "http://localhost:8000/" "Mozilla/5.0 (X11; Linux x86_64) AppleWebKit/537.36 (KHTML, like Gecko) Chrome/83.0.4103.116 Safari/537.36"
::1 - - [30/Jun/2020:20:11:13 +0000] "POST /isfriend HTTP/1.1" 200 49 "http://localhost:8000/users/profile/5efa22193fc78c5e33a65a2b" "Mozilla/5.0 (X11; Linux x86_64) AppleWebKit/537.36 (KHTML, like Gecko) Chrome/83.0.4103.116 Safari/537.36"
::1 - - [30/Jun/2020:20:11:17 +0000] "GET /users/profile/5efa22193fc78c5e33a65a2b HTTP/1.1" 200 2778 "http://localhost:8000/" "Mozilla/5.0 (X11; Linux x86_64) AppleWebKit/537.36 (KHTML, like Gecko) Chrome/83.0.4103.116 Safari/537.36"
::1 - - [30/Jun/2020:20:11:20 +0000] "GET /users/profile/5efa22193fc78c5e33a65a2b HTTP/1.1" 304 - "http://localhost:8000/" "Mozilla/5.0 (X11; Linux x86_64) AppleWebKit/537.36 (KHTML, like Gecko) Chrome/83.0.4103.116 Safari/537.36"
::1 - - [30/Jun/2020:20:11:40 +0000] "POST /isfriend HTTP/1.1" 200 51 "http://localhost:8000/users/profile/5efa22193fc78c5e33a65a2b" "Mozilla/5.0 (X11; Linux x86_64) AppleWebKit/537.36 (KHTML, like Gecko) Chrome/83.0.4103.116 Safari/537.36"
::1 - - [30/Jun/2020:20:11:45 +0000] "POST /isfriend HTTP/1.1" 200 49 "http://localhost:8000/users/profile/5efa22193fc78c5e33a65a2b" "Mozilla/5.0 (X11; Linux x86_64) AppleWebKit/537.36 (KHTML, like Gecko) Chrome/83.0.4103.116 Safari/537.36"
::1 - - [30/Jun/2020:20:12:27 +0000] "POST /isfriend HTTP/1.1" 200 51 "http://localhost:8000/users/profile/5efa22193fc78c5e33a65a2b" "Mozilla/5.0 (X11; Linux x86_64) AppleWebKit/537.36 (KHTML, like Gecko) Chrome/83.0.4103.116 Safari/537.36"
::1 - - [30/Jun/2020:20:12:35 +0000] "POST /isfriend HTTP/1.1" 200 49 "http://localhost:8000/users/profile/5efa22193fc78c5e33a65a2b" "Mozilla/5.0 (X11; Linux x86_64) AppleWebKit/537.36 (KHTML, like Gecko) Chrome/83.0.4103.116 Safari/537.36"
::1 - - [30/Jun/2020:20:13:43 +0000] "POST /isfriend HTTP/1.1" 200 51 "http://localhost:8000/users/profile/5efa22193fc78c5e33a65a2b" "Mozilla/5.0 (X11; Linux x86_64) AppleWebKit/537.36 (KHTML, like Gecko) Chrome/83.0.4103.116 Safari/537.36"
::1 - - [30/Jun/2020:20:13:49 +0000] "POST /isfriend HTTP/1.1" 200 49 "http://localhost:8000/users/profile/5efa22193fc78c5e33a65a2b" "Mozilla/5.0 (X11; Linux x86_64) AppleWebKit/537.36 (KHTML, like Gecko) Chrome/83.0.4103.116 Safari/537.36"
::1 - - [30/Jun/2020:20:13:54 +0000] "POST /isfriend HTTP/1.1" 200 51 "http://localhost:8000/users/profile/5efa22193fc78c5e33a65a2b" "Mozilla/5.0 (X11; Linux x86_64) AppleWebKit/537.36 (KHTML, like Gecko) Chrome/83.0.4103.116 Safari/537.36"
::1 - - [30/Jun/2020:20:13:58 +0000] "POST /isfriend HTTP/1.1" 200 49 "http://localhost:8000/users/profile/5efa22193fc78c5e33a65a2b" "Mozilla/5.0 (X11; Linux x86_64) AppleWebKit/537.36 (KHTML, like Gecko) Chrome/83.0.4103.116 Safari/537.36"
::1 - - [30/Jun/2020:20:14:06 +0000] "POST /isfriend HTTP/1.1" 200 51 "http://localhost:8000/users/profile/5efa22193fc78c5e33a65a2b" "Mozilla/5.0 (X11; Linux x86_64) AppleWebKit/537.36 (KHTML, like Gecko) Chrome/83.0.4103.116 Safari/537.36"
::1 - - [30/Jun/2020:20:14:10 +0000] "GET /users/sign-out HTTP/1.1" 302 46 "http://localhost:8000/users/profile/5efa22193fc78c5e33a65a2b" "Mozilla/5.0 (X11; Linux x86_64) AppleWebKit/537.36 (KHTML, like Gecko) Chrome/83.0.4103.116 Safari/537.36"
::1 - - [30/Jun/2020:20:14:11 +0000] "GET / HTTP/1.1" 200 17038 "http://localhost:8000/users/profile/5efa22193fc78c5e33a65a2b" "Mozilla/5.0 (X11; Linux x86_64) AppleWebKit/537.36 (KHTML, like Gecko) Chrome/83.0.4103.116 Safari/537.36"
::1 - - [30/Jun/2020:20:14:15 +0000] "GET /users/sign-in HTTP/1.1" 304 - "http://localhost:8000/" "Mozilla/5.0 (X11; Linux x86_64) AppleWebKit/537.36 (KHTML, like Gecko) Chrome/83.0.4103.116 Safari/537.36"
::1 - - [30/Jun/2020:20:14:22 +0000] "POST /users/create-session HTTP/1.1" 302 46 "http://localhost:8000/users/sign-in" "Mozilla/5.0 (X11; Linux x86_64) AppleWebKit/537.36 (KHTML, like Gecko) Chrome/83.0.4103.116 Safari/537.36"
::1 - - [30/Jun/2020:20:14:22 +0000] "GET / HTTP/1.1" 200 28858 "http://localhost:8000/users/sign-in" "Mozilla/5.0 (X11; Linux x86_64) AppleWebKit/537.36 (KHTML, like Gecko) Chrome/83.0.4103.116 Safari/537.36"
::1 - - [30/Jun/2020:20:14:27 +0000] "GET /users/profile/5ee233349c48830765cb7464 HTTP/1.1" 304 - "http://localhost:8000/" "Mozilla/5.0 (X11; Linux x86_64) AppleWebKit/537.36 (KHTML, like Gecko) Chrome/83.0.4103.116 Safari/537.36"
::1 - - [30/Jun/2020:20:14:29 +0000] "GET / HTTP/1.1" 200 28458 "http://localhost:8000/users/profile/5ee233349c48830765cb7464" "Mozilla/5.0 (X11; Linux x86_64) AppleWebKit/537.36 (KHTML, like Gecko) Chrome/83.0.4103.116 Safari/537.36"
::1 - - [30/Jun/2020:20:14:32 +0000] "GET /users/profile/5ee8fe3a41b0b4311b91da5b HTTP/1.1" 304 - "http://localhost:8000/" "Mozilla/5.0 (X11; Linux x86_64) AppleWebKit/537.36 (KHTML, like Gecko) Chrome/83.0.4103.116 Safari/537.36"
::1 - - [30/Jun/2020:20:14:35 +0000] "GET / HTTP/1.1" 304 - "http://localhost:8000/users/profile/5ee8fe3a41b0b4311b91da5b" "Mozilla/5.0 (X11; Linux x86_64) AppleWebKit/537.36 (KHTML, like Gecko) Chrome/83.0.4103.116 Safari/537.36"
::1 - - [30/Jun/2020:20:14:40 +0000] "POST /search HTTP/1.1" 200 260 "http://localhost:8000/" "Mozilla/5.0 (X11; Linux x86_64) AppleWebKit/537.36 (KHTML, like Gecko) Chrome/83.0.4103.116 Safari/537.36"
::1 - - [30/Jun/2020:20:16:21 +0000] "GET /users/profile/5efa22193fc78c5e33a65a2b HTTP/1.1" 200 2781 "http://localhost:8000/" "Mozilla/5.0 (X11; Linux x86_64) AppleWebKit/537.36 (KHTML, like Gecko) Chrome/83.0.4103.116 Safari/537.36"
::1 - - [30/Jun/2020:20:16:24 +0000] "GET /users/profile/5efa22193fc78c5e33a65a2b HTTP/1.1" 304 - "http://localhost:8000/" "Mozilla/5.0 (X11; Linux x86_64) AppleWebKit/537.36 (KHTML, like Gecko) Chrome/83.0.4103.116 Safari/537.36"
::1 - - [30/Jun/2020:20:17:09 +0000] "POST /isfriend HTTP/1.1" 200 49 "http://localhost:8000/users/profile/5efa22193fc78c5e33a65a2b" "Mozilla/5.0 (X11; Linux x86_64) AppleWebKit/537.36 (KHTML, like Gecko) Chrome/83.0.4103.116 Safari/537.36"
::1 - - [30/Jun/2020:20:17:12 +0000] "POST /isfriend HTTP/1.1" 200 51 "http://localhost:8000/users/profile/5efa22193fc78c5e33a65a2b" "Mozilla/5.0 (X11; Linux x86_64) AppleWebKit/537.36 (KHTML, like Gecko) Chrome/83.0.4103.116 Safari/537.36"
::1 - - [30/Jun/2020:20:17:18 +0000] "POST /isfriend HTTP/1.1" 200 49 "http://localhost:8000/users/profile/5efa22193fc78c5e33a65a2b" "Mozilla/5.0 (X11; Linux x86_64) AppleWebKit/537.36 (KHTML, like Gecko) Chrome/83.0.4103.116 Safari/537.36"
::1 - - [30/Jun/2020:20:17:23 +0000] "POST /isfriend HTTP/1.1" 200 51 "http://localhost:8000/users/profile/5efa22193fc78c5e33a65a2b" "Mozilla/5.0 (X11; Linux x86_64) AppleWebKit/537.36 (KHTML, like Gecko) Chrome/83.0.4103.116 Safari/537.36"
::1 - - [30/Jun/2020:20:17:34 +0000] "GET /users/profile/5efa22193fc78c5e33a65a2b HTTP/1.1" 304 - "http://localhost:8000/" "Mozilla/5.0 (X11; Linux x86_64) AppleWebKit/537.36 (KHTML, like Gecko) Chrome/83.0.4103.116 Safari/537.36"
::1 - - [30/Jun/2020:20:17:38 +0000] "POST /isfriend HTTP/1.1" 200 49 "http://localhost:8000/users/profile/5efa22193fc78c5e33a65a2b" "Mozilla/5.0 (X11; Linux x86_64) AppleWebKit/537.36 (KHTML, like Gecko) Chrome/83.0.4103.116 Safari/537.36"
::1 - - [30/Jun/2020:20:17:41 +0000] "POST /isfriend HTTP/1.1" 200 51 "http://localhost:8000/users/profile/5efa22193fc78c5e33a65a2b" "Mozilla/5.0 (X11; Linux x86_64) AppleWebKit/537.36 (KHTML, like Gecko) Chrome/83.0.4103.116 Safari/537.36"
::1 - - [30/Jun/2020:20:17:43 +0000] "POST /isfriend HTTP/1.1" 200 49 "http://localhost:8000/users/profile/5efa22193fc78c5e33a65a2b" "Mozilla/5.0 (X11; Linux x86_64) AppleWebKit/537.36 (KHTML, like Gecko) Chrome/83.0.4103.116 Safari/537.36"
::1 - - [30/Jun/2020:20:17:48 +0000] "GET /users/profile/5efa22193fc78c5e33a65a2b HTTP/1.1" 200 2778 "http://localhost:8000/" "Mozilla/5.0 (X11; Linux x86_64) AppleWebKit/537.36 (KHTML, like Gecko) Chrome/83.0.4103.116 Safari/537.36"
::1 - - [30/Jun/2020:20:23:14 +0000] "GET /users/profile/5efa22193fc78c5e33a65a2b HTTP/1.1" 304 - "http://localhost:8000/" "Mozilla/5.0 (X11; Linux x86_64) AppleWebKit/537.36 (KHTML, like Gecko) Chrome/83.0.4103.116 Safari/537.36"
::1 - - [30/Jun/2020:20:23:18 +0000] "POST /isfriend HTTP/1.1" 200 51 "http://localhost:8000/users/profile/5efa22193fc78c5e33a65a2b" "Mozilla/5.0 (X11; Linux x86_64) AppleWebKit/537.36 (KHTML, like Gecko) Chrome/83.0.4103.116 Safari/537.36"
::1 - - [30/Jun/2020:20:23:20 +0000] "POST /isfriend HTTP/1.1" 200 49 "http://localhost:8000/users/profile/5efa22193fc78c5e33a65a2b" "Mozilla/5.0 (X11; Linux x86_64) AppleWebKit/537.36 (KHTML, like Gecko) Chrome/83.0.4103.116 Safari/537.36"
::1 - - [30/Jun/2020:20:23:27 +0000] "GET /users/profile/5efa22193fc78c5e33a65a2b HTTP/1.1" 304 - "http://localhost:8000/" "Mozilla/5.0 (X11; Linux x86_64) AppleWebKit/537.36 (KHTML, like Gecko) Chrome/83.0.4103.116 Safari/537.36"
::1 - - [30/Jun/2020:20:23:37 +0000] "POST /isfriend HTTP/1.1" 200 51 "http://localhost:8000/users/profile/5efa22193fc78c5e33a65a2b" "Mozilla/5.0 (X11; Linux x86_64) AppleWebKit/537.36 (KHTML, like Gecko) Chrome/83.0.4103.116 Safari/537.36"
::1 - - [30/Jun/2020:20:23:38 +0000] "POST /isfriend HTTP/1.1" 200 49 "http://localhost:8000/users/profile/5efa22193fc78c5e33a65a2b" "Mozilla/5.0 (X11; Linux x86_64) AppleWebKit/537.36 (KHTML, like Gecko) Chrome/83.0.4103.116 Safari/537.36"
::1 - - [30/Jun/2020:20:23:45 +0000] "POST /isfriend HTTP/1.1" 200 51 "http://localhost:8000/users/profile/5efa22193fc78c5e33a65a2b" "Mozilla/5.0 (X11; Linux x86_64) AppleWebKit/537.36 (KHTML, like Gecko) Chrome/83.0.4103.116 Safari/537.36"
::1 - - [30/Jun/2020:20:24:07 +0000] "POST /isfriend HTTP/1.1" 200 49 "http://localhost:8000/users/profile/5efa22193fc78c5e33a65a2b" "Mozilla/5.0 (X11; Linux x86_64) AppleWebKit/537.36 (KHTML, like Gecko) Chrome/83.0.4103.116 Safari/537.36"
::1 - - [30/Jun/2020:20:24:08 +0000] "POST /isfriend HTTP/1.1" 200 51 "http://localhost:8000/users/profile/5efa22193fc78c5e33a65a2b" "Mozilla/5.0 (X11; Linux x86_64) AppleWebKit/537.36 (KHTML, like Gecko) Chrome/83.0.4103.116 Safari/537.36"
::1 - - [30/Jun/2020:20:24:09 +0000] "POST /isfriend HTTP/1.1" 200 49 "http://localhost:8000/users/profile/5efa22193fc78c5e33a65a2b" "Mozilla/5.0 (X11; Linux x86_64) AppleWebKit/537.36 (KHTML, like Gecko) Chrome/83.0.4103.116 Safari/537.36"
::1 - - [30/Jun/2020:20:24:20 +0000] "GET /users/profile/5efa22193fc78c5e33a65a2b HTTP/1.1" 304 - "http://localhost:8000/" "Mozilla/5.0 (X11; Linux x86_64) AppleWebKit/537.36 (KHTML, like Gecko) Chrome/83.0.4103.116 Safari/537.36"
::1 - - [30/Jun/2020:20:25:08 +0000] "POST /isfriend HTTP/1.1" 200 51 "http://localhost:8000/users/profile/5efa22193fc78c5e33a65a2b" "Mozilla/5.0 (X11; Linux x86_64) AppleWebKit/537.36 (KHTML, like Gecko) Chrome/83.0.4103.116 Safari/537.36"
::1 - - [30/Jun/2020:20:25:14 +0000] "GET /users/profile/5efa22193fc78c5e33a65a2b HTTP/1.1" 200 2781 "http://localhost:8000/" "Mozilla/5.0 (X11; Linux x86_64) AppleWebKit/537.36 (KHTML, like Gecko) Chrome/83.0.4103.116 Safari/537.36"
::1 - - [30/Jun/2020:20:25:28 +0000] "GET /users/profile/5efa22193fc78c5e33a65a2b HTTP/1.1" 304 - "http://localhost:8000/" "Mozilla/5.0 (X11; Linux x86_64) AppleWebKit/537.36 (KHTML, like Gecko) Chrome/83.0.4103.116 Safari/537.36"
::1 - - [30/Jun/2020:20:25:30 +0000] "POST /isfriend HTTP/1.1" 200 49 "http://localhost:8000/users/profile/5efa22193fc78c5e33a65a2b" "Mozilla/5.0 (X11; Linux x86_64) AppleWebKit/537.36 (KHTML, like Gecko) Chrome/83.0.4103.116 Safari/537.36"
::1 - - [30/Jun/2020:20:27:03 +0000] "POST /isfriend HTTP/1.1" 200 51 "http://localhost:8000/users/profile/5efa22193fc78c5e33a65a2b" "Mozilla/5.0 (X11; Linux x86_64) AppleWebKit/537.36 (KHTML, like Gecko) Chrome/83.0.4103.116 Safari/537.36"
::1 - - [30/Jun/2020:20:27:13 +0000] "GET /users/sign-out HTTP/1.1" 302 46 "http://localhost:8000/users/profile/5efa22193fc78c5e33a65a2b" "Mozilla/5.0 (X11; Linux x86_64) AppleWebKit/537.36 (KHTML, like Gecko) Chrome/83.0.4103.116 Safari/537.36"
::1 - - [30/Jun/2020:20:27:13 +0000] "GET / HTTP/1.1" 200 17038 "http://localhost:8000/users/profile/5efa22193fc78c5e33a65a2b" "Mozilla/5.0 (X11; Linux x86_64) AppleWebKit/537.36 (KHTML, like Gecko) Chrome/83.0.4103.116 Safari/537.36"
::1 - - [30/Jun/2020:20:27:18 +0000] "GET /users/sign-in HTTP/1.1" 304 - "http://localhost:8000/" "Mozilla/5.0 (X11; Linux x86_64) AppleWebKit/537.36 (KHTML, like Gecko) Chrome/83.0.4103.116 Safari/537.36"
::1 - - [30/Jun/2020:20:27:25 +0000] "POST /users/create-session HTTP/1.1" 302 46 "http://localhost:8000/users/sign-in" "Mozilla/5.0 (X11; Linux x86_64) AppleWebKit/537.36 (KHTML, like Gecko) Chrome/83.0.4103.116 Safari/537.36"
::1 - - [30/Jun/2020:20:27:25 +0000] "GET / HTTP/1.1" 200 25499 "http://localhost:8000/users/sign-in" "Mozilla/5.0 (X11; Linux x86_64) AppleWebKit/537.36 (KHTML, like Gecko) Chrome/83.0.4103.116 Safari/537.36"
::1 - - [30/Jun/2020:20:27:30 +0000] "GET /users/profile/5efa22193fc78c5e33a65a2b HTTP/1.1" 200 3049 "http://localhost:8000/" "Mozilla/5.0 (X11; Linux x86_64) AppleWebKit/537.36 (KHTML, like Gecko) Chrome/83.0.4103.116 Safari/537.36"
::1 - - [30/Jun/2020:20:27:34 +0000] "GET /users/sign-out HTTP/1.1" 302 46 "http://localhost:8000/users/profile/5efa22193fc78c5e33a65a2b" "Mozilla/5.0 (X11; Linux x86_64) AppleWebKit/537.36 (KHTML, like Gecko) Chrome/83.0.4103.116 Safari/537.36"
::1 - - [30/Jun/2020:20:27:34 +0000] "GET / HTTP/1.1" 200 17038 "http://localhost:8000/users/profile/5efa22193fc78c5e33a65a2b" "Mozilla/5.0 (X11; Linux x86_64) AppleWebKit/537.36 (KHTML, like Gecko) Chrome/83.0.4103.116 Safari/537.36"
::1 - - [30/Jun/2020:20:27:37 +0000] "GET /users/sign-in HTTP/1.1" 304 - "http://localhost:8000/" "Mozilla/5.0 (X11; Linux x86_64) AppleWebKit/537.36 (KHTML, like Gecko) Chrome/83.0.4103.116 Safari/537.36"
::1 - - [30/Jun/2020:20:27:42 +0000] "POST /users/create-session HTTP/1.1" 302 46 "http://localhost:8000/users/sign-in" "Mozilla/5.0 (X11; Linux x86_64) AppleWebKit/537.36 (KHTML, like Gecko) Chrome/83.0.4103.116 Safari/537.36"
::1 - - [30/Jun/2020:20:27:42 +0000] "GET / HTTP/1.1" 200 28858 "http://localhost:8000/users/sign-in" "Mozilla/5.0 (X11; Linux x86_64) AppleWebKit/537.36 (KHTML, like Gecko) Chrome/83.0.4103.116 Safari/537.36"
::1 - - [30/Jun/2020:20:27:46 +0000] "GET /users/profile/5ee233349c48830765cb7464 HTTP/1.1" 304 - "http://localhost:8000/" "Mozilla/5.0 (X11; Linux x86_64) AppleWebKit/537.36 (KHTML, like Gecko) Chrome/83.0.4103.116 Safari/537.36"
::1 - - [30/Jun/2020:20:27:51 +0000] "GET / HTTP/1.1" 200 28458 "http://localhost:8000/users/profile/5ee233349c48830765cb7464" "Mozilla/5.0 (X11; Linux x86_64) AppleWebKit/537.36 (KHTML, like Gecko) Chrome/83.0.4103.116 Safari/537.36"
::1 - - [30/Jun/2020:20:27:56 +0000] "POST /search HTTP/1.1" 200 260 "http://localhost:8000/" "Mozilla/5.0 (X11; Linux x86_64) AppleWebKit/537.36 (KHTML, like Gecko) Chrome/83.0.4103.116 Safari/537.36"
::1 - - [30/Jun/2020:20:27:58 +0000] "GET /users/profile/5efa22193fc78c5e33a65a2b HTTP/1.1" 200 2781 "http://localhost:8000/" "Mozilla/5.0 (X11; Linux x86_64) AppleWebKit/537.36 (KHTML, like Gecko) Chrome/83.0.4103.116 Safari/537.36"
::1 - - [30/Jun/2020:20:28:00 +0000] "POST /isfriend HTTP/1.1" 200 49 "http://localhost:8000/users/profile/5efa22193fc78c5e33a65a2b" "Mozilla/5.0 (X11; Linux x86_64) AppleWebKit/537.36 (KHTML, like Gecko) Chrome/83.0.4103.116 Safari/537.36"
::1 - - [30/Jun/2020:20:35:26 +0000] "GET /users/profile/5efa22193fc78c5e33a65a2b HTTP/1.1" 304 - "http://localhost:8000/" "Mozilla/5.0 (X11; Linux x86_64) AppleWebKit/537.36 (KHTML, like Gecko) Chrome/83.0.4103.116 Safari/537.36"
::1 - - [30/Jun/2020:20:35:31 +0000] "POST /isfriend HTTP/1.1" 200 51 "http://localhost:8000/users/profile/5efa22193fc78c5e33a65a2b" "Mozilla/5.0 (X11; Linux x86_64) AppleWebKit/537.36 (KHTML, like Gecko) Chrome/83.0.4103.116 Safari/537.36"
::1 - - [30/Jun/2020:20:35:33 +0000] "POST /isfriend HTTP/1.1" 200 49 "http://localhost:8000/users/profile/5efa22193fc78c5e33a65a2b" "Mozilla/5.0 (X11; Linux x86_64) AppleWebKit/537.36 (KHTML, like Gecko) Chrome/83.0.4103.116 Safari/537.36"
::1 - - [30/Jun/2020:20:35:35 +0000] "POST /isfriend HTTP/1.1" 200 51 "http://localhost:8000/users/profile/5efa22193fc78c5e33a65a2b" "Mozilla/5.0 (X11; Linux x86_64) AppleWebKit/537.36 (KHTML, like Gecko) Chrome/83.0.4103.116 Safari/537.36"
::1 - - [30/Jun/2020:20:36:24 +0000] "GET /users/profile/5efa22193fc78c5e33a65a2b HTTP/1.1" 304 - "http://localhost:8000/" "Mozilla/5.0 (X11; Linux x86_64) AppleWebKit/537.36 (KHTML, like Gecko) Chrome/83.0.4103.116 Safari/537.36"
::1 - - [30/Jun/2020:20:36:26 +0000] "POST /isfriend HTTP/1.1" 200 49 "http://localhost:8000/users/profile/5efa22193fc78c5e33a65a2b" "Mozilla/5.0 (X11; Linux x86_64) AppleWebKit/537.36 (KHTML, like Gecko) Chrome/83.0.4103.116 Safari/537.36"
::1 - - [30/Jun/2020:20:36:29 +0000] "POST /isfriend HTTP/1.1" 200 51 "http://localhost:8000/users/profile/5efa22193fc78c5e33a65a2b" "Mozilla/5.0 (X11; Linux x86_64) AppleWebKit/537.36 (KHTML, like Gecko) Chrome/83.0.4103.116 Safari/537.36"
::1 - - [30/Jun/2020:20:36:32 +0000] "POST /isfriend HTTP/1.1" 200 49 "http://localhost:8000/users/profile/5efa22193fc78c5e33a65a2b" "Mozilla/5.0 (X11; Linux x86_64) AppleWebKit/537.36 (KHTML, like Gecko) Chrome/83.0.4103.116 Safari/537.36"
::1 - - [30/Jun/2020:20:36:45 +0000] "POST /isfriend HTTP/1.1" 200 51 "http://localhost:8000/users/profile/5efa22193fc78c5e33a65a2b" "Mozilla/5.0 (X11; Linux x86_64) AppleWebKit/537.36 (KHTML, like Gecko) Chrome/83.0.4103.116 Safari/537.36"
::1 - - [30/Jun/2020:20:36:48 +0000] "POST /isfriend HTTP/1.1" 200 49 "http://localhost:8000/users/profile/5efa22193fc78c5e33a65a2b" "Mozilla/5.0 (X11; Linux x86_64) AppleWebKit/537.36 (KHTML, like Gecko) Chrome/83.0.4103.116 Safari/537.36"
::1 - - [30/Jun/2020:20:36:52 +0000] "POST /isfriend HTTP/1.1" 200 51 "http://localhost:8000/users/profile/5efa22193fc78c5e33a65a2b" "Mozilla/5.0 (X11; Linux x86_64) AppleWebKit/537.36 (KHTML, like Gecko) Chrome/83.0.4103.116 Safari/537.36"
::1 - - [30/Jun/2020:20:36:55 +0000] "POST /isfriend HTTP/1.1" 200 49 "http://localhost:8000/users/profile/5efa22193fc78c5e33a65a2b" "Mozilla/5.0 (X11; Linux x86_64) AppleWebKit/537.36 (KHTML, like Gecko) Chrome/83.0.4103.116 Safari/537.36"
::1 - - [30/Jun/2020:20:36:57 +0000] "GET /users/profile/5efa22193fc78c5e33a65a2b HTTP/1.1" 200 2778 "http://localhost:8000/" "Mozilla/5.0 (X11; Linux x86_64) AppleWebKit/537.36 (KHTML, like Gecko) Chrome/83.0.4103.116 Safari/537.36"
::1 - - [30/Jun/2020:20:37:00 +0000] "POST /isfriend HTTP/1.1" 200 51 "http://localhost:8000/users/profile/5efa22193fc78c5e33a65a2b" "Mozilla/5.0 (X11; Linux x86_64) AppleWebKit/537.36 (KHTML, like Gecko) Chrome/83.0.4103.116 Safari/537.36"
::1 - - [30/Jun/2020:20:37:04 +0000] "POST /isfriend HTTP/1.1" 200 49 "http://localhost:8000/users/profile/5efa22193fc78c5e33a65a2b" "Mozilla/5.0 (X11; Linux x86_64) AppleWebKit/537.36 (KHTML, like Gecko) Chrome/83.0.4103.116 Safari/537.36"
::1 - - [30/Jun/2020:20:37:08 +0000] "POST /isfriend HTTP/1.1" 200 51 "http://localhost:8000/users/profile/5efa22193fc78c5e33a65a2b" "Mozilla/5.0 (X11; Linux x86_64) AppleWebKit/537.36 (KHTML, like Gecko) Chrome/83.0.4103.116 Safari/537.36"
::1 - - [30/Jun/2020:20:38:01 +0000] "POST /isfriend HTTP/1.1" 200 49 "http://localhost:8000/users/profile/5efa22193fc78c5e33a65a2b" "Mozilla/5.0 (X11; Linux x86_64) AppleWebKit/537.36 (KHTML, like Gecko) Chrome/83.0.4103.116 Safari/537.36"
::1 - - [30/Jun/2020:20:38:04 +0000] "POST /isfriend HTTP/1.1" 200 51 "http://localhost:8000/users/profile/5efa22193fc78c5e33a65a2b" "Mozilla/5.0 (X11; Linux x86_64) AppleWebKit/537.36 (KHTML, like Gecko) Chrome/83.0.4103.116 Safari/537.36"
::1 - - [30/Jun/2020:20:38:07 +0000] "POST /isfriend HTTP/1.1" 200 49 "http://localhost:8000/users/profile/5efa22193fc78c5e33a65a2b" "Mozilla/5.0 (X11; Linux x86_64) AppleWebKit/537.36 (KHTML, like Gecko) Chrome/83.0.4103.116 Safari/537.36"
::1 - - [30/Jun/2020:20:42:09 +0000] "GET /users/profile/5efa22193fc78c5e33a65a2b HTTP/1.1" 304 - "http://localhost:8000/" "Mozilla/5.0 (X11; Linux x86_64) AppleWebKit/537.36 (KHTML, like Gecko) Chrome/83.0.4103.116 Safari/537.36"
::1 - - [30/Jun/2020:20:42:12 +0000] "POST /isfriend HTTP/1.1" 200 51 "http://localhost:8000/users/profile/5efa22193fc78c5e33a65a2b" "Mozilla/5.0 (X11; Linux x86_64) AppleWebKit/537.36 (KHTML, like Gecko) Chrome/83.0.4103.116 Safari/537.36"
::1 - - [30/Jun/2020:20:42:20 +0000] "POST /isfriend HTTP/1.1" 200 49 "http://localhost:8000/users/profile/5efa22193fc78c5e33a65a2b" "Mozilla/5.0 (X11; Linux x86_64) AppleWebKit/537.36 (KHTML, like Gecko) Chrome/83.0.4103.116 Safari/537.36"
::1 - - [30/Jun/2020:20:42:25 +0000] "POST /isfriend HTTP/1.1" 200 51 "http://localhost:8000/users/profile/5efa22193fc78c5e33a65a2b" "Mozilla/5.0 (X11; Linux x86_64) AppleWebKit/537.36 (KHTML, like Gecko) Chrome/83.0.4103.116 Safari/537.36"
::1 - - [30/Jun/2020:20:42:34 +0000] "GET /users/profile/5efa22193fc78c5e33a65a2b HTTP/1.1" 200 2781 "http://localhost:8000/" "Mozilla/5.0 (X11; Linux x86_64) AppleWebKit/537.36 (KHTML, like Gecko) Chrome/83.0.4103.116 Safari/537.36"
::1 - - [30/Jun/2020:20:42:39 +0000] "POST /isfriend HTTP/1.1" 200 49 "http://localhost:8000/users/profile/5efa22193fc78c5e33a65a2b" "Mozilla/5.0 (X11; Linux x86_64) AppleWebKit/537.36 (KHTML, like Gecko) Chrome/83.0.4103.116 Safari/537.36"
::1 - - [30/Jun/2020:20:42:40 +0000] "POST /isfriend HTTP/1.1" 200 51 "http://localhost:8000/users/profile/5efa22193fc78c5e33a65a2b" "Mozilla/5.0 (X11; Linux x86_64) AppleWebKit/537.36 (KHTML, like Gecko) Chrome/83.0.4103.116 Safari/537.36"
::1 - - [30/Jun/2020:20:42:41 +0000] "POST /isfriend HTTP/1.1" 200 49 "http://localhost:8000/users/profile/5efa22193fc78c5e33a65a2b" "Mozilla/5.0 (X11; Linux x86_64) AppleWebKit/537.36 (KHTML, like Gecko) Chrome/83.0.4103.116 Safari/537.36"
::1 - - [30/Jun/2020:20:42:49 +0000] "GET /users/profile/5efa22193fc78c5e33a65a2b HTTP/1.1" 200 2778 "http://localhost:8000/" "Mozilla/5.0 (X11; Linux x86_64) AppleWebKit/537.36 (KHTML, like Gecko) Chrome/83.0.4103.116 Safari/537.36"
::1 - - [30/Jun/2020:20:43:07 +0000] "GET /users/profile/5efa22193fc78c5e33a65a2b HTTP/1.1" 200 2781 "http://localhost:8000/" "Mozilla/5.0 (X11; Linux x86_64) AppleWebKit/537.36 (KHTML, like Gecko) Chrome/83.0.4103.116 Safari/537.36"
::1 - - [30/Jun/2020:20:43:14 +0000] "POST /isfriend HTTP/1.1" 200 51 "http://localhost:8000/users/profile/5efa22193fc78c5e33a65a2b" "Mozilla/5.0 (X11; Linux x86_64) AppleWebKit/537.36 (KHTML, like Gecko) Chrome/83.0.4103.116 Safari/537.36"
::1 - - [30/Jun/2020:20:43:16 +0000] "POST /isfriend HTTP/1.1" 200 49 "http://localhost:8000/users/profile/5efa22193fc78c5e33a65a2b" "Mozilla/5.0 (X11; Linux x86_64) AppleWebKit/537.36 (KHTML, like Gecko) Chrome/83.0.4103.116 Safari/537.36"
::1 - - [30/Jun/2020:20:43:32 +0000] "POST /isfriend HTTP/1.1" 200 51 "http://localhost:8000/users/profile/5efa22193fc78c5e33a65a2b" "Mozilla/5.0 (X11; Linux x86_64) AppleWebKit/537.36 (KHTML, like Gecko) Chrome/83.0.4103.116 Safari/537.36"
::1 - - [30/Jun/2020:20:43:34 +0000] "POST /isfriend HTTP/1.1" 200 49 "http://localhost:8000/users/profile/5efa22193fc78c5e33a65a2b" "Mozilla/5.0 (X11; Linux x86_64) AppleWebKit/537.36 (KHTML, like Gecko) Chrome/83.0.4103.116 Safari/537.36"
::1 - - [30/Jun/2020:20:43:36 +0000] "POST /isfriend HTTP/1.1" 200 51 "http://localhost:8000/users/profile/5efa22193fc78c5e33a65a2b" "Mozilla/5.0 (X11; Linux x86_64) AppleWebKit/537.36 (KHTML, like Gecko) Chrome/83.0.4103.116 Safari/537.36"
::1 - - [30/Jun/2020:20:44:23 +0000] "GET /users/profile/5efa22193fc78c5e33a65a2b HTTP/1.1" 200 2778 "http://localhost:8000/" "Mozilla/5.0 (X11; Linux x86_64) AppleWebKit/537.36 (KHTML, like Gecko) Chrome/83.0.4103.116 Safari/537.36"
::1 - - [30/Jun/2020:20:44:28 +0000] "POST /isfriend HTTP/1.1" 200 49 "http://localhost:8000/users/profile/5efa22193fc78c5e33a65a2b" "Mozilla/5.0 (X11; Linux x86_64) AppleWebKit/537.36 (KHTML, like Gecko) Chrome/83.0.4103.116 Safari/537.36"
::1 - - [30/Jun/2020:20:44:30 +0000] "POST /isfriend HTTP/1.1" 200 51 "http://localhost:8000/users/profile/5efa22193fc78c5e33a65a2b" "Mozilla/5.0 (X11; Linux x86_64) AppleWebKit/537.36 (KHTML, like Gecko) Chrome/83.0.4103.116 Safari/537.36"
::1 - - [30/Jun/2020:20:44:31 +0000] "POST /isfriend HTTP/1.1" 200 49 "http://localhost:8000/users/profile/5efa22193fc78c5e33a65a2b" "Mozilla/5.0 (X11; Linux x86_64) AppleWebKit/537.36 (KHTML, like Gecko) Chrome/83.0.4103.116 Safari/537.36"
::1 - - [30/Jun/2020:20:44:33 +0000] "POST /isfriend HTTP/1.1" 200 51 "http://localhost:8000/users/profile/5efa22193fc78c5e33a65a2b" "Mozilla/5.0 (X11; Linux x86_64) AppleWebKit/537.36 (KHTML, like Gecko) Chrome/83.0.4103.116 Safari/537.36"
::1 - - [30/Jun/2020:20:44:34 +0000] "POST /isfriend HTTP/1.1" 200 49 "http://localhost:8000/users/profile/5efa22193fc78c5e33a65a2b" "Mozilla/5.0 (X11; Linux x86_64) AppleWebKit/537.36 (KHTML, like Gecko) Chrome/83.0.4103.116 Safari/537.36"
::1 - - [30/Jun/2020:20:45:39 +0000] "GET /users/profile/5efa22193fc78c5e33a65a2b HTTP/1.1" 304 - "http://localhost:8000/" "Mozilla/5.0 (X11; Linux x86_64) AppleWebKit/537.36 (KHTML, like Gecko) Chrome/83.0.4103.116 Safari/537.36"
::1 - - [30/Jun/2020:20:45:41 +0000] "POST /isfriend HTTP/1.1" 200 51 "http://localhost:8000/users/profile/5efa22193fc78c5e33a65a2b" "Mozilla/5.0 (X11; Linux x86_64) AppleWebKit/537.36 (KHTML, like Gecko) Chrome/83.0.4103.116 Safari/537.36"
::1 - - [30/Jun/2020:20:45:43 +0000] "POST /isfriend HTTP/1.1" 200 49 "http://localhost:8000/users/profile/5efa22193fc78c5e33a65a2b" "Mozilla/5.0 (X11; Linux x86_64) AppleWebKit/537.36 (KHTML, like Gecko) Chrome/83.0.4103.116 Safari/537.36"
::1 - - [30/Jun/2020:20:45:44 +0000] "POST /isfriend HTTP/1.1" 200 51 "http://localhost:8000/users/profile/5efa22193fc78c5e33a65a2b" "Mozilla/5.0 (X11; Linux x86_64) AppleWebKit/537.36 (KHTML, like Gecko) Chrome/83.0.4103.116 Safari/537.36"
::1 - - [30/Jun/2020:20:45:46 +0000] "POST /isfriend HTTP/1.1" 200 49 "http://localhost:8000/users/profile/5efa22193fc78c5e33a65a2b" "Mozilla/5.0 (X11; Linux x86_64) AppleWebKit/537.36 (KHTML, like Gecko) Chrome/83.0.4103.116 Safari/537.36"
::1 - - [30/Jun/2020:20:47:55 +0000] "GET /users/profile/5efa22193fc78c5e33a65a2b HTTP/1.1" 200 2781 "http://localhost:8000/" "Mozilla/5.0 (X11; Linux x86_64) AppleWebKit/537.36 (KHTML, like Gecko) Chrome/83.0.4103.116 Safari/537.36"
::1 - - [30/Jun/2020:20:48:13 +0000] "POST /isfriend HTTP/1.1" 200 51 "http://localhost:8000/users/profile/5efa22193fc78c5e33a65a2b" "Mozilla/5.0 (X11; Linux x86_64) AppleWebKit/537.36 (KHTML, like Gecko) Chrome/83.0.4103.116 Safari/537.36"
::1 - - [30/Jun/2020:20:48:18 +0000] "POST /isfriend HTTP/1.1" 200 49 "http://localhost:8000/users/profile/5efa22193fc78c5e33a65a2b" "Mozilla/5.0 (X11; Linux x86_64) AppleWebKit/537.36 (KHTML, like Gecko) Chrome/83.0.4103.116 Safari/537.36"
::1 - - [30/Jun/2020:20:48:21 +0000] "POST /isfriend HTTP/1.1" 200 51 "http://localhost:8000/users/profile/5efa22193fc78c5e33a65a2b" "Mozilla/5.0 (X11; Linux x86_64) AppleWebKit/537.36 (KHTML, like Gecko) Chrome/83.0.4103.116 Safari/537.36"
::1 - - [30/Jun/2020:20:48:22 +0000] "POST /isfriend HTTP/1.1" 200 49 "http://localhost:8000/users/profile/5efa22193fc78c5e33a65a2b" "Mozilla/5.0 (X11; Linux x86_64) AppleWebKit/537.36 (KHTML, like Gecko) Chrome/83.0.4103.116 Safari/537.36"
::1 - - [30/Jun/2020:20:48:24 +0000] "POST /isfriend HTTP/1.1" 200 51 "http://localhost:8000/users/profile/5efa22193fc78c5e33a65a2b" "Mozilla/5.0 (X11; Linux x86_64) AppleWebKit/537.36 (KHTML, like Gecko) Chrome/83.0.4103.116 Safari/537.36"
::1 - - [30/Jun/2020:20:48:49 +0000] "GET /users/profile/5efa22193fc78c5e33a65a2b HTTP/1.1" 304 - "http://localhost:8000/" "Mozilla/5.0 (X11; Linux x86_64) AppleWebKit/537.36 (KHTML, like Gecko) Chrome/83.0.4103.116 Safari/537.36"
::1 - - [30/Jun/2020:20:48:52 +0000] "POST /isfriend HTTP/1.1" 200 49 "http://localhost:8000/users/profile/5efa22193fc78c5e33a65a2b" "Mozilla/5.0 (X11; Linux x86_64) AppleWebKit/537.36 (KHTML, like Gecko) Chrome/83.0.4103.116 Safari/537.36"
::1 - - [30/Jun/2020:20:50:45 +0000] "GET /users/profile/5efa22193fc78c5e33a65a2b HTTP/1.1" 304 - "http://localhost:8000/" "Mozilla/5.0 (X11; Linux x86_64) AppleWebKit/537.36 (KHTML, like Gecko) Chrome/83.0.4103.116 Safari/537.36"
::1 - - [30/Jun/2020:20:50:48 +0000] "POST /isfriend HTTP/1.1" 200 51 "http://localhost:8000/users/profile/5efa22193fc78c5e33a65a2b" "Mozilla/5.0 (X11; Linux x86_64) AppleWebKit/537.36 (KHTML, like Gecko) Chrome/83.0.4103.116 Safari/537.36"
::1 - - [30/Jun/2020:20:50:50 +0000] "POST /isfriend HTTP/1.1" 200 49 "http://localhost:8000/users/profile/5efa22193fc78c5e33a65a2b" "Mozilla/5.0 (X11; Linux x86_64) AppleWebKit/537.36 (KHTML, like Gecko) Chrome/83.0.4103.116 Safari/537.36"
::1 - - [30/Jun/2020:20:51:28 +0000] "GET /users/profile/5efa22193fc78c5e33a65a2b HTTP/1.1" 200 2778 "http://localhost:8000/" "Mozilla/5.0 (X11; Linux x86_64) AppleWebKit/537.36 (KHTML, like Gecko) Chrome/83.0.4103.116 Safari/537.36"
::1 - - [30/Jun/2020:20:51:30 +0000] "GET /users/profile/5efa22193fc78c5e33a65a2b HTTP/1.1" 304 - "http://localhost:8000/" "Mozilla/5.0 (X11; Linux x86_64) AppleWebKit/537.36 (KHTML, like Gecko) Chrome/83.0.4103.116 Safari/537.36"
::1 - - [30/Jun/2020:20:51:33 +0000] "POST /isfriend HTTP/1.1" 200 51 "http://localhost:8000/users/profile/5efa22193fc78c5e33a65a2b" "Mozilla/5.0 (X11; Linux x86_64) AppleWebKit/537.36 (KHTML, like Gecko) Chrome/83.0.4103.116 Safari/537.36"
::1 - - [30/Jun/2020:20:51:35 +0000] "POST /isfriend HTTP/1.1" 200 49 "http://localhost:8000/users/profile/5efa22193fc78c5e33a65a2b" "Mozilla/5.0 (X11; Linux x86_64) AppleWebKit/537.36 (KHTML, like Gecko) Chrome/83.0.4103.116 Safari/537.36"
::1 - - [30/Jun/2020:20:51:37 +0000] "POST /isfriend HTTP/1.1" 200 51 "http://localhost:8000/users/profile/5efa22193fc78c5e33a65a2b" "Mozilla/5.0 (X11; Linux x86_64) AppleWebKit/537.36 (KHTML, like Gecko) Chrome/83.0.4103.116 Safari/537.36"
::1 - - [30/Jun/2020:20:51:39 +0000] "POST /isfriend HTTP/1.1" 200 49 "http://localhost:8000/users/profile/5efa22193fc78c5e33a65a2b" "Mozilla/5.0 (X11; Linux x86_64) AppleWebKit/537.36 (KHTML, like Gecko) Chrome/83.0.4103.116 Safari/537.36"
::1 - - [30/Jun/2020:20:51:42 +0000] "POST /isfriend HTTP/1.1" 200 51 "http://localhost:8000/users/profile/5efa22193fc78c5e33a65a2b" "Mozilla/5.0 (X11; Linux x86_64) AppleWebKit/537.36 (KHTML, like Gecko) Chrome/83.0.4103.116 Safari/537.36"
::1 - - [30/Jun/2020:21:15:14 +0000] "GET /users/profile/5efa22193fc78c5e33a65a2b HTTP/1.1" 500 2303 "http://localhost:8000/" "Mozilla/5.0 (X11; Linux x86_64) AppleWebKit/537.36 (KHTML, like Gecko) Chrome/83.0.4103.116 Safari/537.36"
::1 - - [30/Jun/2020:21:15:40 +0000] "GET / HTTP/1.1" 200 28458 "http://localhost:8000/users/profile/5ee233349c48830765cb7464" "Mozilla/5.0 (X11; Linux x86_64) AppleWebKit/537.36 (KHTML, like Gecko) Chrome/83.0.4103.116 Safari/537.36"
::1 - - [30/Jun/2020:21:16:13 +0000] "GET / HTTP/1.1" 200 28458 "http://localhost:8000/users/profile/5ee233349c48830765cb7464" "Mozilla/5.0 (X11; Linux x86_64) AppleWebKit/537.36 (KHTML, like Gecko) Chrome/83.0.4103.116 Safari/537.36"
::1 - - [30/Jun/2020:21:16:18 +0000] "GET /users/profile/5ee8fe3a41b0b4311b91da5b HTTP/1.1" 200 2730 "http://localhost:8000/" "Mozilla/5.0 (X11; Linux x86_64) AppleWebKit/537.36 (KHTML, like Gecko) Chrome/83.0.4103.116 Safari/537.36"
::1 - - [30/Jun/2020:21:16:19 +0000] "POST /isfriend HTTP/1.1" 200 46 "http://localhost:8000/users/profile/5ee8fe3a41b0b4311b91da5b" "Mozilla/5.0 (X11; Linux x86_64) AppleWebKit/537.36 (KHTML, like Gecko) Chrome/83.0.4103.116 Safari/537.36"
::1 - - [30/Jun/2020:21:16:23 +0000] "POST /isfriend HTTP/1.1" 200 46 "http://localhost:8000/users/profile/5ee8fe3a41b0b4311b91da5b" "Mozilla/5.0 (X11; Linux x86_64) AppleWebKit/537.36 (KHTML, like Gecko) Chrome/83.0.4103.116 Safari/537.36"
::1 - - [30/Jun/2020:21:16:25 +0000] "POST /isfriend HTTP/1.1" 200 46 "http://localhost:8000/users/profile/5ee8fe3a41b0b4311b91da5b" "Mozilla/5.0 (X11; Linux x86_64) AppleWebKit/537.36 (KHTML, like Gecko) Chrome/83.0.4103.116 Safari/537.36"
::1 - - [30/Jun/2020:21:16:28 +0000] "GET / HTTP/1.1" 304 - "http://localhost:8000/users/profile/5ee8fe3a41b0b4311b91da5b" "Mozilla/5.0 (X11; Linux x86_64) AppleWebKit/537.36 (KHTML, like Gecko) Chrome/83.0.4103.116 Safari/537.36"
::1 - - [30/Jun/2020:21:16:32 +0000] "POST /search HTTP/1.1" 200 260 "http://localhost:8000/" "Mozilla/5.0 (X11; Linux x86_64) AppleWebKit/537.36 (KHTML, like Gecko) Chrome/83.0.4103.116 Safari/537.36"
::1 - - [30/Jun/2020:21:16:34 +0000] "GET /users/profile/5efa22193fc78c5e33a65a2b HTTP/1.1" 200 2655 "http://localhost:8000/" "Mozilla/5.0 (X11; Linux x86_64) AppleWebKit/537.36 (KHTML, like Gecko) Chrome/83.0.4103.116 Safari/537.36"
::1 - - [30/Jun/2020:21:16:36 +0000] "POST /isfriend HTTP/1.1" 200 49 "http://localhost:8000/users/profile/5efa22193fc78c5e33a65a2b" "Mozilla/5.0 (X11; Linux x86_64) AppleWebKit/537.36 (KHTML, like Gecko) Chrome/83.0.4103.116 Safari/537.36"
::1 - - [30/Jun/2020:21:16:40 +0000] "POST /isfriend HTTP/1.1" 200 51 "http://localhost:8000/users/profile/5efa22193fc78c5e33a65a2b" "Mozilla/5.0 (X11; Linux x86_64) AppleWebKit/537.36 (KHTML, like Gecko) Chrome/83.0.4103.116 Safari/537.36"
::1 - - [30/Jun/2020:21:16:45 +0000] "POST /isfriend HTTP/1.1" 200 49 "http://localhost:8000/users/profile/5efa22193fc78c5e33a65a2b" "Mozilla/5.0 (X11; Linux x86_64) AppleWebKit/537.36 (KHTML, like Gecko) Chrome/83.0.4103.116 Safari/537.36"
::1 - - [30/Jun/2020:21:16:51 +0000] "POST /isfriend HTTP/1.1" 200 51 "http://localhost:8000/users/profile/5efa22193fc78c5e33a65a2b" "Mozilla/5.0 (X11; Linux x86_64) AppleWebKit/537.36 (KHTML, like Gecko) Chrome/83.0.4103.116 Safari/537.36"
::1 - - [30/Jun/2020:21:17:04 +0000] "GET /users/sign-out HTTP/1.1" 302 46 "http://localhost:8000/users/profile/5efa22193fc78c5e33a65a2b" "Mozilla/5.0 (X11; Linux x86_64) AppleWebKit/537.36 (KHTML, like Gecko) Chrome/83.0.4103.116 Safari/537.36"
::1 - - [30/Jun/2020:21:17:04 +0000] "GET / HTTP/1.1" 200 17038 "http://localhost:8000/users/profile/5efa22193fc78c5e33a65a2b" "Mozilla/5.0 (X11; Linux x86_64) AppleWebKit/537.36 (KHTML, like Gecko) Chrome/83.0.4103.116 Safari/537.36"
::1 - - [30/Jun/2020:21:17:08 +0000] "GET /users/sign-in HTTP/1.1" 304 - "http://localhost:8000/" "Mozilla/5.0 (X11; Linux x86_64) AppleWebKit/537.36 (KHTML, like Gecko) Chrome/83.0.4103.116 Safari/537.36"
::1 - - [30/Jun/2020:21:17:21 +0000] "POST /users/create-session HTTP/1.1" 302 46 "http://localhost:8000/users/sign-in" "Mozilla/5.0 (X11; Linux x86_64) AppleWebKit/537.36 (KHTML, like Gecko) Chrome/83.0.4103.116 Safari/537.36"
::1 - - [30/Jun/2020:21:17:21 +0000] "GET / HTTP/1.1" 200 25499 "http://localhost:8000/users/sign-in" "Mozilla/5.0 (X11; Linux x86_64) AppleWebKit/537.36 (KHTML, like Gecko) Chrome/83.0.4103.116 Safari/537.36"
::1 - - [30/Jun/2020:21:17:24 +0000] "GET /users/profile/5efa22193fc78c5e33a65a2b HTTP/1.1" 200 3049 "http://localhost:8000/" "Mozilla/5.0 (X11; Linux x86_64) AppleWebKit/537.36 (KHTML, like Gecko) Chrome/83.0.4103.116 Safari/537.36"
::1 - - [30/Jun/2020:21:17:26 +0000] "GET /users/sign-out HTTP/1.1" 302 46 "http://localhost:8000/users/profile/5efa22193fc78c5e33a65a2b" "Mozilla/5.0 (X11; Linux x86_64) AppleWebKit/537.36 (KHTML, like Gecko) Chrome/83.0.4103.116 Safari/537.36"
::1 - - [30/Jun/2020:21:17:26 +0000] "GET / HTTP/1.1" 200 17038 "http://localhost:8000/users/profile/5efa22193fc78c5e33a65a2b" "Mozilla/5.0 (X11; Linux x86_64) AppleWebKit/537.36 (KHTML, like Gecko) Chrome/83.0.4103.116 Safari/537.36"
::1 - - [30/Jun/2020:21:17:30 +0000] "GET /users/sign-in HTTP/1.1" 304 - "http://localhost:8000/" "Mozilla/5.0 (X11; Linux x86_64) AppleWebKit/537.36 (KHTML, like Gecko) Chrome/83.0.4103.116 Safari/537.36"
::1 - - [30/Jun/2020:21:17:36 +0000] "POST /users/create-session HTTP/1.1" 302 46 "http://localhost:8000/users/sign-in" "Mozilla/5.0 (X11; Linux x86_64) AppleWebKit/537.36 (KHTML, like Gecko) Chrome/83.0.4103.116 Safari/537.36"
::1 - - [30/Jun/2020:21:17:36 +0000] "GET / HTTP/1.1" 200 28858 "http://localhost:8000/users/sign-in" "Mozilla/5.0 (X11; Linux x86_64) AppleWebKit/537.36 (KHTML, like Gecko) Chrome/83.0.4103.116 Safari/537.36"
::1 - - [30/Jun/2020:21:17:41 +0000] "GET /users/profile/5ee233349c48830765cb7464 HTTP/1.1" 200 4110 "http://localhost:8000/" "Mozilla/5.0 (X11; Linux x86_64) AppleWebKit/537.36 (KHTML, like Gecko) Chrome/83.0.4103.116 Safari/537.36"
::1 - - [30/Jun/2020:21:17:44 +0000] "GET / HTTP/1.1" 200 28458 "http://localhost:8000/users/profile/5ee233349c48830765cb7464" "Mozilla/5.0 (X11; Linux x86_64) AppleWebKit/537.36 (KHTML, like Gecko) Chrome/83.0.4103.116 Safari/537.36"
::1 - - [30/Jun/2020:21:17:48 +0000] "POST /search HTTP/1.1" 200 260 "http://localhost:8000/" "Mozilla/5.0 (X11; Linux x86_64) AppleWebKit/537.36 (KHTML, like Gecko) Chrome/83.0.4103.116 Safari/537.36"
::1 - - [30/Jun/2020:21:17:49 +0000] "GET /users/profile/5efa22193fc78c5e33a65a2b HTTP/1.1" 200 2655 "http://localhost:8000/" "Mozilla/5.0 (X11; Linux x86_64) AppleWebKit/537.36 (KHTML, like Gecko) Chrome/83.0.4103.116 Safari/537.36"
::1 - - [30/Jun/2020:21:17:51 +0000] "POST /isfriend HTTP/1.1" 200 49 "http://localhost:8000/users/profile/5efa22193fc78c5e33a65a2b" "Mozilla/5.0 (X11; Linux x86_64) AppleWebKit/537.36 (KHTML, like Gecko) Chrome/83.0.4103.116 Safari/537.36"
::1 - - [30/Jun/2020:21:17:58 +0000] "POST /isfriend HTTP/1.1" 200 51 "http://localhost:8000/users/profile/5efa22193fc78c5e33a65a2b" "Mozilla/5.0 (X11; Linux x86_64) AppleWebKit/537.36 (KHTML, like Gecko) Chrome/83.0.4103.116 Safari/537.36"
::1 - - [30/Jun/2020:21:18:00 +0000] "POST /isfriend HTTP/1.1" 200 49 "http://localhost:8000/users/profile/5efa22193fc78c5e33a65a2b" "Mozilla/5.0 (X11; Linux x86_64) AppleWebKit/537.36 (KHTML, like Gecko) Chrome/83.0.4103.116 Safari/537.36"
::1 - - [30/Jun/2020:21:18:03 +0000] "POST /isfriend HTTP/1.1" 200 51 "http://localhost:8000/users/profile/5efa22193fc78c5e33a65a2b" "Mozilla/5.0 (X11; Linux x86_64) AppleWebKit/537.36 (KHTML, like Gecko) Chrome/83.0.4103.116 Safari/537.36"
::1 - - [30/Jun/2020:21:18:05 +0000] "POST /isfriend HTTP/1.1" 200 49 "http://localhost:8000/users/profile/5efa22193fc78c5e33a65a2b" "Mozilla/5.0 (X11; Linux x86_64) AppleWebKit/537.36 (KHTML, like Gecko) Chrome/83.0.4103.116 Safari/537.36"
::1 - - [30/Jun/2020:21:18:08 +0000] "POST /isfriend HTTP/1.1" 200 51 "http://localhost:8000/users/profile/5efa22193fc78c5e33a65a2b" "Mozilla/5.0 (X11; Linux x86_64) AppleWebKit/537.36 (KHTML, like Gecko) Chrome/83.0.4103.116 Safari/537.36"
::1 - - [30/Jun/2020:21:18:10 +0000] "POST /isfriend HTTP/1.1" 200 49 "http://localhost:8000/users/profile/5efa22193fc78c5e33a65a2b" "Mozilla/5.0 (X11; Linux x86_64) AppleWebKit/537.36 (KHTML, like Gecko) Chrome/83.0.4103.116 Safari/537.36"
::1 - - [30/Jun/2020:21:18:13 +0000] "GET /users/sign-out HTTP/1.1" 302 46 "http://localhost:8000/users/profile/5efa22193fc78c5e33a65a2b" "Mozilla/5.0 (X11; Linux x86_64) AppleWebKit/537.36 (KHTML, like Gecko) Chrome/83.0.4103.116 Safari/537.36"
::1 - - [30/Jun/2020:21:18:13 +0000] "GET / HTTP/1.1" 200 17038 "http://localhost:8000/users/profile/5efa22193fc78c5e33a65a2b" "Mozilla/5.0 (X11; Linux x86_64) AppleWebKit/537.36 (KHTML, like Gecko) Chrome/83.0.4103.116 Safari/537.36"
::1 - - [30/Jun/2020:21:18:16 +0000] "GET /users/sign-in HTTP/1.1" 304 - "http://localhost:8000/" "Mozilla/5.0 (X11; Linux x86_64) AppleWebKit/537.36 (KHTML, like Gecko) Chrome/83.0.4103.116 Safari/537.36"
::1 - - [30/Jun/2020:21:18:25 +0000] "POST /users/create-session HTTP/1.1" 302 46 "http://localhost:8000/users/sign-in" "Mozilla/5.0 (X11; Linux x86_64) AppleWebKit/537.36 (KHTML, like Gecko) Chrome/83.0.4103.116 Safari/537.36"
::1 - - [30/Jun/2020:21:18:25 +0000] "GET / HTTP/1.1" 200 25499 "http://localhost:8000/users/sign-in" "Mozilla/5.0 (X11; Linux x86_64) AppleWebKit/537.36 (KHTML, like Gecko) Chrome/83.0.4103.116 Safari/537.36"
::1 - - [30/Jun/2020:21:18:30 +0000] "GET /users/profile/5efa22193fc78c5e33a65a2b HTTP/1.1" 200 3505 "http://localhost:8000/" "Mozilla/5.0 (X11; Linux x86_64) AppleWebKit/537.36 (KHTML, like Gecko) Chrome/83.0.4103.116 Safari/537.36"
::1 - - [30/Jun/2020:21:22:22 +0000] "GET / HTTP/1.1" 200 25099 "http://localhost:8000/users/profile/5ee233349c48830765cb7464" "Mozilla/5.0 (X11; Linux x86_64) AppleWebKit/537.36 (KHTML, like Gecko) Chrome/83.0.4103.116 Safari/537.36"
::1 - - [30/Jun/2020:21:22:39 +0000] "GET /users/sign-out HTTP/1.1" 302 46 "http://localhost:8000/" "Mozilla/5.0 (X11; Linux x86_64) AppleWebKit/537.36 (KHTML, like Gecko) Chrome/83.0.4103.116 Safari/537.36"
::1 - - [30/Jun/2020:21:22:39 +0000] "GET / HTTP/1.1" 200 17038 "http://localhost:8000/" "Mozilla/5.0 (X11; Linux x86_64) AppleWebKit/537.36 (KHTML, like Gecko) Chrome/83.0.4103.116 Safari/537.36"
::1 - - [30/Jun/2020:21:22:43 +0000] "GET /users/sign-in HTTP/1.1" 304 - "http://localhost:8000/" "Mozilla/5.0 (X11; Linux x86_64) AppleWebKit/537.36 (KHTML, like Gecko) Chrome/83.0.4103.116 Safari/537.36"
::1 - - [30/Jun/2020:21:22:48 +0000] "POST /users/create-session HTTP/1.1" 302 46 "http://localhost:8000/users/sign-in" "Mozilla/5.0 (X11; Linux x86_64) AppleWebKit/537.36 (KHTML, like Gecko) Chrome/83.0.4103.116 Safari/537.36"
::1 - - [30/Jun/2020:21:22:48 +0000] "GET / HTTP/1.1" 200 28858 "http://localhost:8000/users/sign-in" "Mozilla/5.0 (X11; Linux x86_64) AppleWebKit/537.36 (KHTML, like Gecko) Chrome/83.0.4103.116 Safari/537.36"
::1 - - [30/Jun/2020:21:24:45 +0000] "GET /users/profile/5ee8fe3a41b0b4311b91da5b HTTP/1.1" 304 - "http://localhost:8000/" "Mozilla/5.0 (X11; Linux x86_64) AppleWebKit/537.36 (KHTML, like Gecko) Chrome/83.0.4103.116 Safari/537.36"
::1 - - [30/Jun/2020:21:24:47 +0000] "POST /isfriend HTTP/1.1" 200 46 "http://localhost:8000/users/profile/5ee8fe3a41b0b4311b91da5b" "Mozilla/5.0 (X11; Linux x86_64) AppleWebKit/537.36 (KHTML, like Gecko) Chrome/83.0.4103.116 Safari/537.36"
::1 - - [30/Jun/2020:21:24:50 +0000] "GET / HTTP/1.1" 200 28458 "http://localhost:8000/users/profile/5ee8fe3a41b0b4311b91da5b" "Mozilla/5.0 (X11; Linux x86_64) AppleWebKit/537.36 (KHTML, like Gecko) Chrome/83.0.4103.116 Safari/537.36"
::1 - - [30/Jun/2020:21:24:55 +0000] "POST /search HTTP/1.1" 200 286 "http://localhost:8000/" "Mozilla/5.0 (X11; Linux x86_64) AppleWebKit/537.36 (KHTML, like Gecko) Chrome/83.0.4103.116 Safari/537.36"
::1 - - [30/Jun/2020:21:24:56 +0000] "GET /users/profile/5efa22193fc78c5e33a65a2b HTTP/1.1" 200 2655 "http://localhost:8000/" "Mozilla/5.0 (X11; Linux x86_64) AppleWebKit/537.36 (KHTML, like Gecko) Chrome/83.0.4103.116 Safari/537.36"
::1 - - [30/Jun/2020:21:24:57 +0000] "POST /isfriend HTTP/1.1" 200 51 "http://localhost:8000/users/profile/5efa22193fc78c5e33a65a2b" "Mozilla/5.0 (X11; Linux x86_64) AppleWebKit/537.36 (KHTML, like Gecko) Chrome/83.0.4103.116 Safari/537.36"
::1 - - [30/Jun/2020:21:25:01 +0000] "POST /isfriend HTTP/1.1" 200 49 "http://localhost:8000/users/profile/5efa22193fc78c5e33a65a2b" "Mozilla/5.0 (X11; Linux x86_64) AppleWebKit/537.36 (KHTML, like Gecko) Chrome/83.0.4103.116 Safari/537.36"
::1 - - [30/Jun/2020:21:25:07 +0000] "POST /isfriend HTTP/1.1" 200 51 "http://localhost:8000/users/profile/5efa22193fc78c5e33a65a2b" "Mozilla/5.0 (X11; Linux x86_64) AppleWebKit/537.36 (KHTML, like Gecko) Chrome/83.0.4103.116 Safari/537.36"
::1 - - [30/Jun/2020:21:25:14 +0000] "POST /isfriend HTTP/1.1" 200 49 "http://localhost:8000/users/profile/5efa22193fc78c5e33a65a2b" "Mozilla/5.0 (X11; Linux x86_64) AppleWebKit/537.36 (KHTML, like Gecko) Chrome/83.0.4103.116 Safari/537.36"
::1 - - [30/Jun/2020:21:25:18 +0000] "POST /isfriend HTTP/1.1" 200 51 "http://localhost:8000/users/profile/5efa22193fc78c5e33a65a2b" "Mozilla/5.0 (X11; Linux x86_64) AppleWebKit/537.36 (KHTML, like Gecko) Chrome/83.0.4103.116 Safari/537.36"
::1 - - [30/Jun/2020:21:25:23 +0000] "POST /isfriend HTTP/1.1" 200 49 "http://localhost:8000/users/profile/5efa22193fc78c5e33a65a2b" "Mozilla/5.0 (X11; Linux x86_64) AppleWebKit/537.36 (KHTML, like Gecko) Chrome/83.0.4103.116 Safari/537.36"
::1 - - [30/Jun/2020:21:25:36 +0000] "POST /isfriend HTTP/1.1" 200 51 "http://localhost:8000/users/profile/5efa22193fc78c5e33a65a2b" "Mozilla/5.0 (X11; Linux x86_64) AppleWebKit/537.36 (KHTML, like Gecko) Chrome/83.0.4103.116 Safari/537.36"
::1 - - [30/Jun/2020:21:25:38 +0000] "POST /isfriend HTTP/1.1" 200 49 "http://localhost:8000/users/profile/5efa22193fc78c5e33a65a2b" "Mozilla/5.0 (X11; Linux x86_64) AppleWebKit/537.36 (KHTML, like Gecko) Chrome/83.0.4103.116 Safari/537.36"
::1 - - [30/Jun/2020:21:25:45 +0000] "GET /users/sign-out HTTP/1.1" 302 46 "http://localhost:8000/users/profile/5efa22193fc78c5e33a65a2b" "Mozilla/5.0 (X11; Linux x86_64) AppleWebKit/537.36 (KHTML, like Gecko) Chrome/83.0.4103.116 Safari/537.36"
::1 - - [30/Jun/2020:21:25:46 +0000] "GET / HTTP/1.1" 200 17038 "http://localhost:8000/users/profile/5efa22193fc78c5e33a65a2b" "Mozilla/5.0 (X11; Linux x86_64) AppleWebKit/537.36 (KHTML, like Gecko) Chrome/83.0.4103.116 Safari/537.36"
::1 - - [30/Jun/2020:21:25:49 +0000] "GET /users/sign-in HTTP/1.1" 304 - "http://localhost:8000/" "Mozilla/5.0 (X11; Linux x86_64) AppleWebKit/537.36 (KHTML, like Gecko) Chrome/83.0.4103.116 Safari/537.36"
::1 - - [30/Jun/2020:21:25:56 +0000] "POST /users/create-session HTTP/1.1" 302 46 "http://localhost:8000/users/sign-in" "Mozilla/5.0 (X11; Linux x86_64) AppleWebKit/537.36 (KHTML, like Gecko) Chrome/83.0.4103.116 Safari/537.36"
::1 - - [30/Jun/2020:21:25:56 +0000] "GET / HTTP/1.1" 200 25499 "http://localhost:8000/users/sign-in" "Mozilla/5.0 (X11; Linux x86_64) AppleWebKit/537.36 (KHTML, like Gecko) Chrome/83.0.4103.116 Safari/537.36"
::1 - - [30/Jun/2020:21:26:03 +0000] "GET /users/profile/5efa22193fc78c5e33a65a2b HTTP/1.1" 200 3505 "http://localhost:8000/" "Mozilla/5.0 (X11; Linux x86_64) AppleWebKit/537.36 (KHTML, like Gecko) Chrome/83.0.4103.116 Safari/537.36"
::1 - - [30/Jun/2020:21:26:10 +0000] "GET /users/sign-out HTTP/1.1" 302 46 "http://localhost:8000/users/profile/5efa22193fc78c5e33a65a2b" "Mozilla/5.0 (X11; Linux x86_64) AppleWebKit/537.36 (KHTML, like Gecko) Chrome/83.0.4103.116 Safari/537.36"
::1 - - [30/Jun/2020:21:26:10 +0000] "GET / HTTP/1.1" 200 17038 "http://localhost:8000/users/profile/5efa22193fc78c5e33a65a2b" "Mozilla/5.0 (X11; Linux x86_64) AppleWebKit/537.36 (KHTML, like Gecko) Chrome/83.0.4103.116 Safari/537.36"
::1 - - [30/Jun/2020:21:26:13 +0000] "GET /users/sign-in HTTP/1.1" 304 - "http://localhost:8000/" "Mozilla/5.0 (X11; Linux x86_64) AppleWebKit/537.36 (KHTML, like Gecko) Chrome/83.0.4103.116 Safari/537.36"
::1 - - [30/Jun/2020:21:26:18 +0000] "POST /users/create-session HTTP/1.1" 302 46 "http://localhost:8000/users/sign-in" "Mozilla/5.0 (X11; Linux x86_64) AppleWebKit/537.36 (KHTML, like Gecko) Chrome/83.0.4103.116 Safari/537.36"
::1 - - [30/Jun/2020:21:26:18 +0000] "GET / HTTP/1.1" 200 28858 "http://localhost:8000/users/sign-in" "Mozilla/5.0 (X11; Linux x86_64) AppleWebKit/537.36 (KHTML, like Gecko) Chrome/83.0.4103.116 Safari/537.36"
::1 - - [30/Jun/2020:21:26:21 +0000] "GET /users/profile/5ee233349c48830765cb7464 HTTP/1.1" 304 - "http://localhost:8000/" "Mozilla/5.0 (X11; Linux x86_64) AppleWebKit/537.36 (KHTML, like Gecko) Chrome/83.0.4103.116 Safari/537.36"
::1 - - [30/Jun/2020:21:26:23 +0000] "GET / HTTP/1.1" 200 28458 "http://localhost:8000/users/profile/5ee233349c48830765cb7464" "Mozilla/5.0 (X11; Linux x86_64) AppleWebKit/537.36 (KHTML, like Gecko) Chrome/83.0.4103.116 Safari/537.36"
::1 - - [30/Jun/2020:21:26:28 +0000] "POST /search HTTP/1.1" 200 286 "http://localhost:8000/" "Mozilla/5.0 (X11; Linux x86_64) AppleWebKit/537.36 (KHTML, like Gecko) Chrome/83.0.4103.116 Safari/537.36"
::1 - - [30/Jun/2020:21:26:30 +0000] "GET /users/profile/5efa22193fc78c5e33a65a2b HTTP/1.1" 200 2655 "http://localhost:8000/" "Mozilla/5.0 (X11; Linux x86_64) AppleWebKit/537.36 (KHTML, like Gecko) Chrome/83.0.4103.116 Safari/537.36"
::1 - - [30/Jun/2020:21:26:32 +0000] "POST /isfriend HTTP/1.1" 200 51 "http://localhost:8000/users/profile/5efa22193fc78c5e33a65a2b" "Mozilla/5.0 (X11; Linux x86_64) AppleWebKit/537.36 (KHTML, like Gecko) Chrome/83.0.4103.116 Safari/537.36"
::1 - - [30/Jun/2020:21:26:51 +0000] "POST /isfriend HTTP/1.1" 200 49 "http://localhost:8000/users/profile/5efa22193fc78c5e33a65a2b" "Mozilla/5.0 (X11; Linux x86_64) AppleWebKit/537.36 (KHTML, like Gecko) Chrome/83.0.4103.116 Safari/537.36"
::1 - - [30/Jun/2020:21:27:01 +0000] "POST /isfriend HTTP/1.1" 200 51 "http://localhost:8000/users/profile/5efa22193fc78c5e33a65a2b" "Mozilla/5.0 (X11; Linux x86_64) AppleWebKit/537.36 (KHTML, like Gecko) Chrome/83.0.4103.116 Safari/537.36"
::1 - - [30/Jun/2020:21:28:18 +0000] "GET /users/profile/5efa22193fc78c5e33a65a2b HTTP/1.1" 200 2655 "http://localhost:8000/" "Mozilla/5.0 (X11; Linux x86_64) AppleWebKit/537.36 (KHTML, like Gecko) Chrome/83.0.4103.116 Safari/537.36"
::1 - - [30/Jun/2020:21:28:21 +0000] "POST /isfriend HTTP/1.1" 200 49 "http://localhost:8000/users/profile/5efa22193fc78c5e33a65a2b" "Mozilla/5.0 (X11; Linux x86_64) AppleWebKit/537.36 (KHTML, like Gecko) Chrome/83.0.4103.116 Safari/537.36"
::1 - - [30/Jun/2020:21:28:25 +0000] "POST /isfriend HTTP/1.1" 200 51 "http://localhost:8000/users/profile/5efa22193fc78c5e33a65a2b" "Mozilla/5.0 (X11; Linux x86_64) AppleWebKit/537.36 (KHTML, like Gecko) Chrome/83.0.4103.116 Safari/537.36"
::1 - - [30/Jun/2020:21:28:32 +0000] "POST /isfriend HTTP/1.1" 200 49 "http://localhost:8000/users/profile/5efa22193fc78c5e33a65a2b" "Mozilla/5.0 (X11; Linux x86_64) AppleWebKit/537.36 (KHTML, like Gecko) Chrome/83.0.4103.116 Safari/537.36"
::1 - - [30/Jun/2020:21:29:15 +0000] "GET /users/profile/5efa22193fc78c5e33a65a2b HTTP/1.1" 200 2655 "http://localhost:8000/" "Mozilla/5.0 (X11; Linux x86_64) AppleWebKit/537.36 (KHTML, like Gecko) Chrome/83.0.4103.116 Safari/537.36"
::1 - - [30/Jun/2020:21:29:18 +0000] "POST /isfriend HTTP/1.1" 200 51 "http://localhost:8000/users/profile/5efa22193fc78c5e33a65a2b" "Mozilla/5.0 (X11; Linux x86_64) AppleWebKit/537.36 (KHTML, like Gecko) Chrome/83.0.4103.116 Safari/537.36"
::1 - - [30/Jun/2020:21:29:24 +0000] "POST /isfriend HTTP/1.1" 200 49 "http://localhost:8000/users/profile/5efa22193fc78c5e33a65a2b" "Mozilla/5.0 (X11; Linux x86_64) AppleWebKit/537.36 (KHTML, like Gecko) Chrome/83.0.4103.116 Safari/537.36"
::1 - - [30/Jun/2020:21:29:32 +0000] "POST /isfriend HTTP/1.1" 200 51 "http://localhost:8000/users/profile/5efa22193fc78c5e33a65a2b" "Mozilla/5.0 (X11; Linux x86_64) AppleWebKit/537.36 (KHTML, like Gecko) Chrome/83.0.4103.116 Safari/537.36"
::1 - - [30/Jun/2020:21:29:37 +0000] "POST /isfriend HTTP/1.1" 200 49 "http://localhost:8000/users/profile/5efa22193fc78c5e33a65a2b" "Mozilla/5.0 (X11; Linux x86_64) AppleWebKit/537.36 (KHTML, like Gecko) Chrome/83.0.4103.116 Safari/537.36"
::1 - - [30/Jun/2020:21:29:40 +0000] "POST /isfriend HTTP/1.1" 200 51 "http://localhost:8000/users/profile/5efa22193fc78c5e33a65a2b" "Mozilla/5.0 (X11; Linux x86_64) AppleWebKit/537.36 (KHTML, like Gecko) Chrome/83.0.4103.116 Safari/537.36"
::1 - - [30/Jun/2020:21:30:09 +0000] "GET /users/profile/5efa22193fc78c5e33a65a2b HTTP/1.1" 200 2655 "http://localhost:8000/" "Mozilla/5.0 (X11; Linux x86_64) AppleWebKit/537.36 (KHTML, like Gecko) Chrome/83.0.4103.116 Safari/537.36"
::1 - - [30/Jun/2020:21:30:11 +0000] "POST /isfriend HTTP/1.1" 200 49 "http://localhost:8000/users/profile/5efa22193fc78c5e33a65a2b" "Mozilla/5.0 (X11; Linux x86_64) AppleWebKit/537.36 (KHTML, like Gecko) Chrome/83.0.4103.116 Safari/537.36"
::1 - - [30/Jun/2020:21:30:17 +0000] "POST /isfriend HTTP/1.1" 200 51 "http://localhost:8000/users/profile/5efa22193fc78c5e33a65a2b" "Mozilla/5.0 (X11; Linux x86_64) AppleWebKit/537.36 (KHTML, like Gecko) Chrome/83.0.4103.116 Safari/537.36"
::1 - - [30/Jun/2020:21:30:20 +0000] "POST /isfriend HTTP/1.1" 200 49 "http://localhost:8000/users/profile/5efa22193fc78c5e33a65a2b" "Mozilla/5.0 (X11; Linux x86_64) AppleWebKit/537.36 (KHTML, like Gecko) Chrome/83.0.4103.116 Safari/537.36"
::1 - - [30/Jun/2020:21:30:23 +0000] "POST /isfriend HTTP/1.1" 200 51 "http://localhost:8000/users/profile/5efa22193fc78c5e33a65a2b" "Mozilla/5.0 (X11; Linux x86_64) AppleWebKit/537.36 (KHTML, like Gecko) Chrome/83.0.4103.116 Safari/537.36"
::1 - - [30/Jun/2020:21:30:27 +0000] "POST /isfriend HTTP/1.1" 200 49 "http://localhost:8000/users/profile/5efa22193fc78c5e33a65a2b" "Mozilla/5.0 (X11; Linux x86_64) AppleWebKit/537.36 (KHTML, like Gecko) Chrome/83.0.4103.116 Safari/537.36"
::1 - - [30/Jun/2020:21:30:31 +0000] "POST /isfriend HTTP/1.1" 200 51 "http://localhost:8000/users/profile/5efa22193fc78c5e33a65a2b" "Mozilla/5.0 (X11; Linux x86_64) AppleWebKit/537.36 (KHTML, like Gecko) Chrome/83.0.4103.116 Safari/537.36"
::1 - - [30/Jun/2020:21:30:33 +0000] "POST /isfriend HTTP/1.1" 200 49 "http://localhost:8000/users/profile/5efa22193fc78c5e33a65a2b" "Mozilla/5.0 (X11; Linux x86_64) AppleWebKit/537.36 (KHTML, like Gecko) Chrome/83.0.4103.116 Safari/537.36"
::1 - - [30/Jun/2020:21:30:35 +0000] "POST /isfriend HTTP/1.1" 200 51 "http://localhost:8000/users/profile/5efa22193fc78c5e33a65a2b" "Mozilla/5.0 (X11; Linux x86_64) AppleWebKit/537.36 (KHTML, like Gecko) Chrome/83.0.4103.116 Safari/537.36"
::1 - - [30/Jun/2020:21:30:38 +0000] "POST /isfriend HTTP/1.1" 200 49 "http://localhost:8000/users/profile/5efa22193fc78c5e33a65a2b" "Mozilla/5.0 (X11; Linux x86_64) AppleWebKit/537.36 (KHTML, like Gecko) Chrome/83.0.4103.116 Safari/537.36"
::1 - - [30/Jun/2020:21:30:40 +0000] "POST /isfriend HTTP/1.1" 200 51 "http://localhost:8000/users/profile/5efa22193fc78c5e33a65a2b" "Mozilla/5.0 (X11; Linux x86_64) AppleWebKit/537.36 (KHTML, like Gecko) Chrome/83.0.4103.116 Safari/537.36"
::1 - - [30/Jun/2020:21:32:41 +0000] "GET /users/profile/5efa22193fc78c5e33a65a2b HTTP/1.1" 200 2783 "http://localhost:8000/" "Mozilla/5.0 (X11; Linux x86_64) AppleWebKit/537.36 (KHTML, like Gecko) Chrome/83.0.4103.116 Safari/537.36"
::1 - - [30/Jun/2020:21:32:46 +0000] "POST /isfriend HTTP/1.1" 200 49 "http://localhost:8000/users/profile/5efa22193fc78c5e33a65a2b" "Mozilla/5.0 (X11; Linux x86_64) AppleWebKit/537.36 (KHTML, like Gecko) Chrome/83.0.4103.116 Safari/537.36"
::1 - - [30/Jun/2020:21:32:50 +0000] "GET /users/sign-out HTTP/1.1" 302 46 "http://localhost:8000/users/profile/5efa22193fc78c5e33a65a2b" "Mozilla/5.0 (X11; Linux x86_64) AppleWebKit/537.36 (KHTML, like Gecko) Chrome/83.0.4103.116 Safari/537.36"
::1 - - [30/Jun/2020:21:32:50 +0000] "GET / HTTP/1.1" 200 17038 "http://localhost:8000/users/profile/5efa22193fc78c5e33a65a2b" "Mozilla/5.0 (X11; Linux x86_64) AppleWebKit/537.36 (KHTML, like Gecko) Chrome/83.0.4103.116 Safari/537.36"
::1 - - [30/Jun/2020:21:32:53 +0000] "GET /users/sign-in HTTP/1.1" 304 - "http://localhost:8000/" "Mozilla/5.0 (X11; Linux x86_64) AppleWebKit/537.36 (KHTML, like Gecko) Chrome/83.0.4103.116 Safari/537.36"
::1 - - [30/Jun/2020:21:33:01 +0000] "POST /users/create-session HTTP/1.1" 302 46 "http://localhost:8000/users/sign-in" "Mozilla/5.0 (X11; Linux x86_64) AppleWebKit/537.36 (KHTML, like Gecko) Chrome/83.0.4103.116 Safari/537.36"
::1 - - [30/Jun/2020:21:33:01 +0000] "GET / HTTP/1.1" 200 25499 "http://localhost:8000/users/sign-in" "Mozilla/5.0 (X11; Linux x86_64) AppleWebKit/537.36 (KHTML, like Gecko) Chrome/83.0.4103.116 Safari/537.36"
::1 - - [30/Jun/2020:21:33:04 +0000] "GET /users/profile/5efa22193fc78c5e33a65a2b HTTP/1.1" 200 3505 "http://localhost:8000/" "Mozilla/5.0 (X11; Linux x86_64) AppleWebKit/537.36 (KHTML, like Gecko) Chrome/83.0.4103.116 Safari/537.36"
::1 - - [30/Jun/2020:21:33:10 +0000] "POST /isfriend/friend/5ee233349c48830765cb7464 HTTP/1.1" 302 164 "http://localhost:8000/users/profile/5efa22193fc78c5e33a65a2b" "Mozilla/5.0 (X11; Linux x86_64) AppleWebKit/537.36 (KHTML, like Gecko) Chrome/83.0.4103.116 Safari/537.36"
::1 - - [30/Jun/2020:21:33:10 +0000] "GET /users/profile/5efa22193fc78c5e33a65a2b HTTP/1.1" 200 3449 "http://localhost:8000/users/profile/5efa22193fc78c5e33a65a2b" "Mozilla/5.0 (X11; Linux x86_64) AppleWebKit/537.36 (KHTML, like Gecko) Chrome/83.0.4103.116 Safari/537.36"
::1 - - [30/Jun/2020:21:33:14 +0000] "GET /users/sign-out HTTP/1.1" 302 46 "http://localhost:8000/users/profile/5efa22193fc78c5e33a65a2b" "Mozilla/5.0 (X11; Linux x86_64) AppleWebKit/537.36 (KHTML, like Gecko) Chrome/83.0.4103.116 Safari/537.36"
::1 - - [30/Jun/2020:21:33:14 +0000] "GET / HTTP/1.1" 200 17038 "http://localhost:8000/users/profile/5efa22193fc78c5e33a65a2b" "Mozilla/5.0 (X11; Linux x86_64) AppleWebKit/537.36 (KHTML, like Gecko) Chrome/83.0.4103.116 Safari/537.36"
::1 - - [30/Jun/2020:21:33:18 +0000] "GET /users/sign-in HTTP/1.1" 304 - "http://localhost:8000/" "Mozilla/5.0 (X11; Linux x86_64) AppleWebKit/537.36 (KHTML, like Gecko) Chrome/83.0.4103.116 Safari/537.36"
::1 - - [30/Jun/2020:21:33:23 +0000] "POST /users/create-session HTTP/1.1" 302 46 "http://localhost:8000/users/sign-in" "Mozilla/5.0 (X11; Linux x86_64) AppleWebKit/537.36 (KHTML, like Gecko) Chrome/83.0.4103.116 Safari/537.36"
::1 - - [30/Jun/2020:21:33:23 +0000] "GET / HTTP/1.1" 200 28858 "http://localhost:8000/users/sign-in" "Mozilla/5.0 (X11; Linux x86_64) AppleWebKit/537.36 (KHTML, like Gecko) Chrome/83.0.4103.116 Safari/537.36"
::1 - - [30/Jun/2020:21:33:29 +0000] "POST /search HTTP/1.1" 200 260 "http://localhost:8000/" "Mozilla/5.0 (X11; Linux x86_64) AppleWebKit/537.36 (KHTML, like Gecko) Chrome/83.0.4103.116 Safari/537.36"
::1 - - [30/Jun/2020:21:33:30 +0000] "GET /users/profile/5efa22193fc78c5e33a65a2b HTTP/1.1" 200 2783 "http://localhost:8000/" "Mozilla/5.0 (X11; Linux x86_64) AppleWebKit/537.36 (KHTML, like Gecko) Chrome/83.0.4103.116 Safari/537.36"
::1 - - [30/Jun/2020:21:33:36 +0000] "POST /isfriend HTTP/1.1" 200 49 "http://localhost:8000/users/profile/5efa22193fc78c5e33a65a2b" "Mozilla/5.0 (X11; Linux x86_64) AppleWebKit/537.36 (KHTML, like Gecko) Chrome/83.0.4103.116 Safari/537.36"
::1 - - [30/Jun/2020:21:33:42 +0000] "POST /isfriend HTTP/1.1" 200 51 "http://localhost:8000/users/profile/5efa22193fc78c5e33a65a2b" "Mozilla/5.0 (X11; Linux x86_64) AppleWebKit/537.36 (KHTML, like Gecko) Chrome/83.0.4103.116 Safari/537.36"
::1 - - [30/Jun/2020:21:33:46 +0000] "GET /users/sign-out HTTP/1.1" 302 46 "http://localhost:8000/users/profile/5efa22193fc78c5e33a65a2b" "Mozilla/5.0 (X11; Linux x86_64) AppleWebKit/537.36 (KHTML, like Gecko) Chrome/83.0.4103.116 Safari/537.36"
::1 - - [30/Jun/2020:21:33:46 +0000] "GET / HTTP/1.1" 200 17038 "http://localhost:8000/users/profile/5efa22193fc78c5e33a65a2b" "Mozilla/5.0 (X11; Linux x86_64) AppleWebKit/537.36 (KHTML, like Gecko) Chrome/83.0.4103.116 Safari/537.36"
::1 - - [30/Jun/2020:21:33:49 +0000] "GET /users/sign-in HTTP/1.1" 304 - "http://localhost:8000/" "Mozilla/5.0 (X11; Linux x86_64) AppleWebKit/537.36 (KHTML, like Gecko) Chrome/83.0.4103.116 Safari/537.36"
::1 - - [30/Jun/2020:21:33:56 +0000] "POST /users/create-session HTTP/1.1" 302 46 "http://localhost:8000/users/sign-in" "Mozilla/5.0 (X11; Linux x86_64) AppleWebKit/537.36 (KHTML, like Gecko) Chrome/83.0.4103.116 Safari/537.36"
::1 - - [30/Jun/2020:21:33:56 +0000] "GET / HTTP/1.1" 200 25499 "http://localhost:8000/users/sign-in" "Mozilla/5.0 (X11; Linux x86_64) AppleWebKit/537.36 (KHTML, like Gecko) Chrome/83.0.4103.116 Safari/537.36"
::1 - - [30/Jun/2020:21:33:59 +0000] "GET /users/profile/5efa22193fc78c5e33a65a2b HTTP/1.1" 200 3049 "http://localhost:8000/" "Mozilla/5.0 (X11; Linux x86_64) AppleWebKit/537.36 (KHTML, like Gecko) Chrome/83.0.4103.116 Safari/537.36"
::1 - - [30/Jun/2020:21:34:01 +0000] "GET /users/sign-out HTTP/1.1" 302 46 "http://localhost:8000/users/profile/5efa22193fc78c5e33a65a2b" "Mozilla/5.0 (X11; Linux x86_64) AppleWebKit/537.36 (KHTML, like Gecko) Chrome/83.0.4103.116 Safari/537.36"
::1 - - [30/Jun/2020:21:34:01 +0000] "GET / HTTP/1.1" 200 17038 "http://localhost:8000/users/profile/5efa22193fc78c5e33a65a2b" "Mozilla/5.0 (X11; Linux x86_64) AppleWebKit/537.36 (KHTML, like Gecko) Chrome/83.0.4103.116 Safari/537.36"
::1 - - [30/Jun/2020:21:34:04 +0000] "GET /users/sign-in HTTP/1.1" 304 - "http://localhost:8000/" "Mozilla/5.0 (X11; Linux x86_64) AppleWebKit/537.36 (KHTML, like Gecko) Chrome/83.0.4103.116 Safari/537.36"
::1 - - [30/Jun/2020:21:34:09 +0000] "POST /users/create-session HTTP/1.1" 302 46 "http://localhost:8000/users/sign-in" "Mozilla/5.0 (X11; Linux x86_64) AppleWebKit/537.36 (KHTML, like Gecko) Chrome/83.0.4103.116 Safari/537.36"
::1 - - [30/Jun/2020:21:34:09 +0000] "GET / HTTP/1.1" 200 28858 "http://localhost:8000/users/sign-in" "Mozilla/5.0 (X11; Linux x86_64) AppleWebKit/537.36 (KHTML, like Gecko) Chrome/83.0.4103.116 Safari/537.36"
::1 - - [30/Jun/2020:21:34:15 +0000] "GET /users/profile/5eedc07fd4853c1dc6eab379 HTTP/1.1" 200 2798 "http://localhost:8000/" "Mozilla/5.0 (X11; Linux x86_64) AppleWebKit/537.36 (KHTML, like Gecko) Chrome/83.0.4103.116 Safari/537.36"
::1 - - [30/Jun/2020:21:34:17 +0000] "POST /isfriend HTTP/1.1" 200 46 "http://localhost:8000/users/profile/5eedc07fd4853c1dc6eab379" "Mozilla/5.0 (X11; Linux x86_64) AppleWebKit/537.36 (KHTML, like Gecko) Chrome/83.0.4103.116 Safari/537.36"
::1 - - [30/Jun/2020:21:34:21 +0000] "GET /users/sign-out HTTP/1.1" 302 46 "http://localhost:8000/users/profile/5eedc07fd4853c1dc6eab379" "Mozilla/5.0 (X11; Linux x86_64) AppleWebKit/537.36 (KHTML, like Gecko) Chrome/83.0.4103.116 Safari/537.36"
::1 - - [30/Jun/2020:21:34:21 +0000] "GET / HTTP/1.1" 200 17038 "http://localhost:8000/users/profile/5eedc07fd4853c1dc6eab379" "Mozilla/5.0 (X11; Linux x86_64) AppleWebKit/537.36 (KHTML, like Gecko) Chrome/83.0.4103.116 Safari/537.36"
::1 - - [01/Jul/2020:07:06:00 +0000] "GET /users/sign-in HTTP/1.1" 304 - "http://localhost:8000/" "Mozilla/5.0 (X11; Linux x86_64) AppleWebKit/537.36 (KHTML, like Gecko) Chrome/83.0.4103.116 Safari/537.36"
::1 - - [01/Jul/2020:07:06:07 +0000] "POST /users/create-session HTTP/1.1" 302 46 "http://localhost:8000/users/sign-in" "Mozilla/5.0 (X11; Linux x86_64) AppleWebKit/537.36 (KHTML, like Gecko) Chrome/83.0.4103.116 Safari/537.36"
::1 - - [01/Jul/2020:07:06:07 +0000] "GET / HTTP/1.1" 200 28858 "http://localhost:8000/users/sign-in" "Mozilla/5.0 (X11; Linux x86_64) AppleWebKit/537.36 (KHTML, like Gecko) Chrome/83.0.4103.116 Safari/537.36"
::1 - - [01/Jul/2020:09:45:29 +0000] "GET / HTTP/1.1" 200 16644 "http://localhost:8000/users/profile/5efa22193fc78c5e33a65a2b" "Mozilla/5.0 (X11; Linux x86_64) AppleWebKit/537.36 (KHTML, like Gecko) Chrome/83.0.4103.116 Safari/537.36"
::1 - - [01/Jul/2020:09:45:33 +0000] "GET /users/sign-in HTTP/1.1" 304 - "http://localhost:8000/" "Mozilla/5.0 (X11; Linux x86_64) AppleWebKit/537.36 (KHTML, like Gecko) Chrome/83.0.4103.116 Safari/537.36"
::1 - - [01/Jul/2020:09:45:38 +0000] "POST /users/create-session HTTP/1.1" 302 46 "http://localhost:8000/users/sign-in" "Mozilla/5.0 (X11; Linux x86_64) AppleWebKit/537.36 (KHTML, like Gecko) Chrome/83.0.4103.116 Safari/537.36"
::1 - - [01/Jul/2020:09:45:38 +0000] "GET / HTTP/1.1" 200 28858 "http://localhost:8000/users/sign-in" "Mozilla/5.0 (X11; Linux x86_64) AppleWebKit/537.36 (KHTML, like Gecko) Chrome/83.0.4103.116 Safari/537.36"
::1 - - [01/Jul/2020:09:45:53 +0000] "GET / HTTP/1.1" 200 28458 "http://localhost:8000/" "Mozilla/5.0 (X11; Linux x86_64) AppleWebKit/537.36 (KHTML, like Gecko) Chrome/83.0.4103.116 Safari/537.36"
::1 - - [01/Jul/2020:09:45:55 +0000] "GET /users/profile/5ee233349c48830765cb7464 HTTP/1.1" 200 4110 "http://localhost:8000/" "Mozilla/5.0 (X11; Linux x86_64) AppleWebKit/537.36 (KHTML, like Gecko) Chrome/83.0.4103.116 Safari/537.36"
::1 - - [01/Jul/2020:09:45:58 +0000] "GET / HTTP/1.1" 304 - "http://localhost:8000/users/profile/5ee233349c48830765cb7464" "Mozilla/5.0 (X11; Linux x86_64) AppleWebKit/537.36 (KHTML, like Gecko) Chrome/83.0.4103.116 Safari/537.36"
::1 - - [01/Jul/2020:09:45:59 +0000] "GET /users/profile/5ee8fe3a41b0b4311b91da5b HTTP/1.1" 200 2857 "http://localhost:8000/" "Mozilla/5.0 (X11; Linux x86_64) AppleWebKit/537.36 (KHTML, like Gecko) Chrome/83.0.4103.116 Safari/537.36"
::1 - - [01/Jul/2020:09:46:02 +0000] "GET / HTTP/1.1" 304 - "http://localhost:8000/users/profile/5ee8fe3a41b0b4311b91da5b" "Mozilla/5.0 (X11; Linux x86_64) AppleWebKit/537.36 (KHTML, like Gecko) Chrome/83.0.4103.116 Safari/537.36"
::1 - - [01/Jul/2020:09:46:04 +0000] "GET /users/profile/5eedc07fd4853c1dc6eab379 HTTP/1.1" 304 - "http://localhost:8000/" "Mozilla/5.0 (X11; Linux x86_64) AppleWebKit/537.36 (KHTML, like Gecko) Chrome/83.0.4103.116 Safari/537.36"
::1 - - [01/Jul/2020:09:46:07 +0000] "GET / HTTP/1.1" 304 - "http://localhost:8000/users/profile/5eedc07fd4853c1dc6eab379" "Mozilla/5.0 (X11; Linux x86_64) AppleWebKit/537.36 (KHTML, like Gecko) Chrome/83.0.4103.116 Safari/537.36"
::1 - - [01/Jul/2020:09:46:11 +0000] "POST /search HTTP/1.1" 200 260 "http://localhost:8000/" "Mozilla/5.0 (X11; Linux x86_64) AppleWebKit/537.36 (KHTML, like Gecko) Chrome/83.0.4103.116 Safari/537.36"
::1 - - [01/Jul/2020:09:46:12 +0000] "GET /users/profile/5efa22193fc78c5e33a65a2b HTTP/1.1" 200 2783 "http://localhost:8000/" "Mozilla/5.0 (X11; Linux x86_64) AppleWebKit/537.36 (KHTML, like Gecko) Chrome/83.0.4103.116 Safari/537.36"
::1 - - [01/Jul/2020:09:46:14 +0000] "POST /isfriend HTTP/1.1" 200 49 "http://localhost:8000/users/profile/5efa22193fc78c5e33a65a2b" "Mozilla/5.0 (X11; Linux x86_64) AppleWebKit/537.36 (KHTML, like Gecko) Chrome/83.0.4103.116 Safari/537.36"
::1 - - [01/Jul/2020:09:46:22 +0000] "GET / HTTP/1.1" 304 - "http://localhost:8000/users/profile/5efa22193fc78c5e33a65a2b" "Mozilla/5.0 (X11; Linux x86_64) AppleWebKit/537.36 (KHTML, like Gecko) Chrome/83.0.4103.116 Safari/537.36"
::1 - - [02/Jul/2020:11:13:10 +0000] "GET / HTTP/1.1" 200 16644 "-" "Mozilla/5.0 (X11; Linux x86_64) AppleWebKit/537.36 (KHTML, like Gecko) Chrome/83.0.4103.116 Safari/537.36"
::1 - - [02/Jul/2020:11:13:15 +0000] "GET /users/sign-in HTTP/1.1" 304 - "http://localhost:8000/" "Mozilla/5.0 (X11; Linux x86_64) AppleWebKit/537.36 (KHTML, like Gecko) Chrome/83.0.4103.116 Safari/537.36"
::1 - - [02/Jul/2020:11:13:21 +0000] "POST /users/create-session HTTP/1.1" 302 46 "http://localhost:8000/users/sign-in" "Mozilla/5.0 (X11; Linux x86_64) AppleWebKit/537.36 (KHTML, like Gecko) Chrome/83.0.4103.116 Safari/537.36"
::1 - - [02/Jul/2020:11:13:21 +0000] "GET / HTTP/1.1" 200 28858 "http://localhost:8000/users/sign-in" "Mozilla/5.0 (X11; Linux x86_64) AppleWebKit/537.36 (KHTML, like Gecko) Chrome/83.0.4103.116 Safari/537.36"
::1 - - [02/Jul/2020:11:13:32 +0000] "GET /users/profile/5ee8fe3a41b0b4311b91da5b HTTP/1.1" 304 - "http://localhost:8000/" "Mozilla/5.0 (X11; Linux x86_64) AppleWebKit/537.36 (KHTML, like Gecko) Chrome/83.0.4103.116 Safari/537.36"
::1 - - [02/Jul/2020:11:13:33 +0000] "POST /isfriend HTTP/1.1" 200 46 "http://localhost:8000/users/profile/5ee8fe3a41b0b4311b91da5b" "Mozilla/5.0 (X11; Linux x86_64) AppleWebKit/537.36 (KHTML, like Gecko) Chrome/83.0.4103.116 Safari/537.36"
::1 - - [02/Jul/2020:11:13:36 +0000] "GET / HTTP/1.1" 200 28458 "http://localhost:8000/users/profile/5ee8fe3a41b0b4311b91da5b" "Mozilla/5.0 (X11; Linux x86_64) AppleWebKit/537.36 (KHTML, like Gecko) Chrome/83.0.4103.116 Safari/537.36"
::1 - - [02/Jul/2020:11:13:39 +0000] "POST /search HTTP/1.1" 200 286 "http://localhost:8000/" "Mozilla/5.0 (X11; Linux x86_64) AppleWebKit/537.36 (KHTML, like Gecko) Chrome/83.0.4103.116 Safari/537.36"
::1 - - [02/Jul/2020:11:13:41 +0000] "GET /users/profile/5efa22193fc78c5e33a65a2b HTTP/1.1" 200 2780 "http://localhost:8000/" "Mozilla/5.0 (X11; Linux x86_64) AppleWebKit/537.36 (KHTML, like Gecko) Chrome/83.0.4103.116 Safari/537.36"
::1 - - [02/Jul/2020:11:13:43 +0000] "POST /isfriend HTTP/1.1" 200 51 "http://localhost:8000/users/profile/5efa22193fc78c5e33a65a2b" "Mozilla/5.0 (X11; Linux x86_64) AppleWebKit/537.36 (KHTML, like Gecko) Chrome/83.0.4103.116 Safari/537.36"
::1 - - [02/Jul/2020:11:13:45 +0000] "POST /isfriend HTTP/1.1" 200 49 "http://localhost:8000/users/profile/5efa22193fc78c5e33a65a2b" "Mozilla/5.0 (X11; Linux x86_64) AppleWebKit/537.36 (KHTML, like Gecko) Chrome/83.0.4103.116 Safari/537.36"
::1 - - [02/Jul/2020:11:13:48 +0000] "POST /isfriend HTTP/1.1" 200 51 "http://localhost:8000/users/profile/5efa22193fc78c5e33a65a2b" "Mozilla/5.0 (X11; Linux x86_64) AppleWebKit/537.36 (KHTML, like Gecko) Chrome/83.0.4103.116 Safari/537.36"
::1 - - [02/Jul/2020:11:13:57 +0000] "GET / HTTP/1.1" 304 - "http://localhost:8000/users/profile/5efa22193fc78c5e33a65a2b" "Mozilla/5.0 (X11; Linux x86_64) AppleWebKit/537.36 (KHTML, like Gecko) Chrome/83.0.4103.116 Safari/537.36"
::1 - - [02/Jul/2020:11:14:10 +0000] "GET /users/profile/5ee233349c48830765cb7464 HTTP/1.1" 304 - "http://localhost:8000/" "Mozilla/5.0 (X11; Linux x86_64) AppleWebKit/537.36 (KHTML, like Gecko) Chrome/83.0.4103.116 Safari/537.36"
::1 - - [02/Jul/2020:11:14:16 +0000] "GET / HTTP/1.1" 304 - "http://localhost:8000/users/profile/5ee233349c48830765cb7464" "Mozilla/5.0 (X11; Linux x86_64) AppleWebKit/537.36 (KHTML, like Gecko) Chrome/83.0.4103.116 Safari/537.36"
::1 - - [02/Jul/2020:11:14:19 +0000] "GET /users/features/todo/5ee233349c48830765cb7464 HTTP/1.1" 200 4134 "http://localhost:8000/" "Mozilla/5.0 (X11; Linux x86_64) AppleWebKit/537.36 (KHTML, like Gecko) Chrome/83.0.4103.116 Safari/537.36"
::1 - - [02/Jul/2020:11:14:20 +0000] "GET /js/home.js HTTP/1.1" 404 149 "http://localhost:8000/users/features/todo/5ee233349c48830765cb7464" "Mozilla/5.0 (X11; Linux x86_64) AppleWebKit/537.36 (KHTML, like Gecko) Chrome/83.0.4103.116 Safari/537.36"
::1 - - [02/Jul/2020:11:14:20 +0000] "GET /js/home.js HTTP/1.1" 404 149 "http://localhost:8000/users/features/todo/5ee233349c48830765cb7464" "Mozilla/5.0 (X11; Linux x86_64) AppleWebKit/537.36 (KHTML, like Gecko) Chrome/83.0.4103.116 Safari/537.36"
::1 - - [02/Jul/2020:11:14:25 +0000] "GET / HTTP/1.1" 304 - "http://localhost:8000/users/features/todo/5ee233349c48830765cb7464" "Mozilla/5.0 (X11; Linux x86_64) AppleWebKit/537.36 (KHTML, like Gecko) Chrome/83.0.4103.116 Safari/537.36"
::1 - - [02/Jul/2020:11:14:28 +0000] "GET /users/features/calculator HTTP/1.1" 200 3949 "http://localhost:8000/" "Mozilla/5.0 (X11; Linux x86_64) AppleWebKit/537.36 (KHTML, like Gecko) Chrome/83.0.4103.116 Safari/537.36"
::1 - - [02/Jul/2020:11:14:39 +0000] "GET / HTTP/1.1" 304 - "http://localhost:8000/users/features/calculator" "Mozilla/5.0 (X11; Linux x86_64) AppleWebKit/537.36 (KHTML, like Gecko) Chrome/83.0.4103.116 Safari/537.36"
::1 - - [02/Jul/2020:11:14:50 +0000] "GET /users/profile/5ee233349c48830765cb7464 HTTP/1.1" 304 - "http://localhost:8000/" "Mozilla/5.0 (X11; Linux x86_64) AppleWebKit/537.36 (KHTML, like Gecko) Chrome/83.0.4103.116 Safari/537.36"
::1 - - [02/Jul/2020:11:14:54 +0000] "GET / HTTP/1.1" 304 - "http://localhost:8000/users/profile/5ee233349c48830765cb7464" "Mozilla/5.0 (X11; Linux x86_64) AppleWebKit/537.36 (KHTML, like Gecko) Chrome/83.0.4103.116 Safari/537.36"
::1 - - [02/Jul/2020:11:14:56 +0000] "GET /users/profile/5ee233349c48830765cb7464 HTTP/1.1" 304 - "http://localhost:8000/" "Mozilla/5.0 (X11; Linux x86_64) AppleWebKit/537.36 (KHTML, like Gecko) Chrome/83.0.4103.116 Safari/537.36"
::1 - - [02/Jul/2020:11:14:59 +0000] "POST /users/update/5ee233349c48830765cb7464 HTTP/1.1" 302 164 "http://localhost:8000/users/profile/5ee233349c48830765cb7464" "Mozilla/5.0 (X11; Linux x86_64) AppleWebKit/537.36 (KHTML, like Gecko) Chrome/83.0.4103.116 Safari/537.36"
::1 - - [02/Jul/2020:11:14:59 +0000] "GET /users/profile/5ee233349c48830765cb7464 HTTP/1.1" 304 - "http://localhost:8000/users/profile/5ee233349c48830765cb7464" "Mozilla/5.0 (X11; Linux x86_64) AppleWebKit/537.36 (KHTML, like Gecko) Chrome/83.0.4103.116 Safari/537.36"
::1 - - [02/Jul/2020:11:15:02 +0000] "GET / HTTP/1.1" 304 - "http://localhost:8000/users/profile/5ee233349c48830765cb7464" "Mozilla/5.0 (X11; Linux x86_64) AppleWebKit/537.36 (KHTML, like Gecko) Chrome/83.0.4103.116 Safari/537.36"
::1 - - [02/Jul/2020:11:15:07 +0000] "GET /users/profile/5eedc07fd4853c1dc6eab379 HTTP/1.1" 304 - "http://localhost:8000/" "Mozilla/5.0 (X11; Linux x86_64) AppleWebKit/537.36 (KHTML, like Gecko) Chrome/83.0.4103.116 Safari/537.36"
::1 - - [02/Jul/2020:11:15:08 +0000] "POST /isfriend HTTP/1.1" 200 46 "http://localhost:8000/users/profile/5eedc07fd4853c1dc6eab379" "Mozilla/5.0 (X11; Linux x86_64) AppleWebKit/537.36 (KHTML, like Gecko) Chrome/83.0.4103.116 Safari/537.36"
::1 - - [02/Jul/2020:11:15:11 +0000] "GET / HTTP/1.1" 304 - "http://localhost:8000/users/profile/5eedc07fd4853c1dc6eab379" "Mozilla/5.0 (X11; Linux x86_64) AppleWebKit/537.36 (KHTML, like Gecko) Chrome/83.0.4103.116 Safari/537.36"
::1 - - [02/Jul/2020:11:15:17 +0000] "POST /likes/toggle/?id=5ef39a8983dab72ccbfe425a&type=Comment HTTP/1.1" 200 56 "http://localhost:8000/" "Mozilla/5.0 (X11; Linux x86_64) AppleWebKit/537.36 (KHTML, like Gecko) Chrome/83.0.4103.116 Safari/537.36"
::1 - - [02/Jul/2020:11:15:18 +0000] "POST /likes/toggle/?id=5ef39a8983dab72ccbfe425a&type=Comment HTTP/1.1" 200 57 "http://localhost:8000/" "Mozilla/5.0 (X11; Linux x86_64) AppleWebKit/537.36 (KHTML, like Gecko) Chrome/83.0.4103.116 Safari/537.36"
::1 - - [02/Jul/2020:11:15:21 +0000] "GET / HTTP/1.1" 304 - "http://localhost:8000/users/profile/5eedc07fd4853c1dc6eab379" "Mozilla/5.0 (X11; Linux x86_64) AppleWebKit/537.36 (KHTML, like Gecko) Chrome/83.0.4103.116 Safari/537.36"
