::1 - - [22/Jun/2020:19:05:07 +0000] "GET /likes/toggle/?id=5ef087e8c8497f12ecb23976&type=Post HTTP/1.1" 404 152 "http://localhost:8000/" "Mozilla/5.0 (X11; Linux x86_64) AppleWebKit/537.36 (KHTML, like Gecko) Chrome/83.0.4103.106 Safari/537.36"
::1 - - [22/Jun/2020:19:40:02 +0000] "GET / HTTP/1.1" 200 14632 "http://localhost:8000/users/profile/5ee8fe3a41b0b4311b91da5b" "Mozilla/5.0 (Linux; Android 6.0; Nexus 5 Build/MRA58N) AppleWebKit/537.36 (KHTML, like Gecko) Chrome/83.0.4103.106 Mobile Safari/537.36"
::1 - - [22/Jun/2020:19:40:02 +0000] "GET /js/chat_engine.js HTTP/1.1" 404 156 "http://localhost:8000/" "Mozilla/5.0 (Linux; Android 6.0; Nexus 5 Build/MRA58N) AppleWebKit/537.36 (KHTML, like Gecko) Chrome/83.0.4103.106 Mobile Safari/537.36"
::1 - - [22/Jun/2020:19:40:02 +0000] "GET /js/toggle_likes.js HTTP/1.1" 404 157 "http://localhost:8000/" "Mozilla/5.0 (Linux; Android 6.0; Nexus 5 Build/MRA58N) AppleWebKit/537.36 (KHTML, like Gecko) Chrome/83.0.4103.106 Mobile Safari/537.36"
::1 - - [22/Jun/2020:19:40:02 +0000] "GET /js/home_posts.js HTTP/1.1" 404 155 "http://localhost:8000/" "Mozilla/5.0 (Linux; Android 6.0; Nexus 5 Build/MRA58N) AppleWebKit/537.36 (KHTML, like Gecko) Chrome/83.0.4103.106 Mobile Safari/537.36"
::1 - - [22/Jun/2020:19:40:02 +0000] "GET /js/search.js HTTP/1.1" 404 151 "http://localhost:8000/" "Mozilla/5.0 (Linux; Android 6.0; Nexus 5 Build/MRA58N) AppleWebKit/537.36 (KHTML, like Gecko) Chrome/83.0.4103.106 Mobile Safari/537.36"
::1 - - [22/Jun/2020:19:40:03 +0000] "GET /js/home_posts.js HTTP/1.1" 404 155 "http://localhost:8000/" "Mozilla/5.0 (Linux; Android 6.0; Nexus 5 Build/MRA58N) AppleWebKit/537.36 (KHTML, like Gecko) Chrome/83.0.4103.106 Mobile Safari/537.36"
::1 - - [22/Jun/2020:19:40:03 +0000] "GET /js/toggle_likes.js HTTP/1.1" 404 157 "http://localhost:8000/" "Mozilla/5.0 (Linux; Android 6.0; Nexus 5 Build/MRA58N) AppleWebKit/537.36 (KHTML, like Gecko) Chrome/83.0.4103.106 Mobile Safari/537.36"
::1 - - [22/Jun/2020:19:40:03 +0000] "GET /js/search.js HTTP/1.1" 404 151 "http://localhost:8000/" "Mozilla/5.0 (Linux; Android 6.0; Nexus 5 Build/MRA58N) AppleWebKit/537.36 (KHTML, like Gecko) Chrome/83.0.4103.106 Mobile Safari/537.36"
::1 - - [22/Jun/2020:19:40:03 +0000] "GET /js/chat_engine.js HTTP/1.1" 404 156 "http://localhost:8000/" "Mozilla/5.0 (Linux; Android 6.0; Nexus 5 Build/MRA58N) AppleWebKit/537.36 (KHTML, like Gecko) Chrome/83.0.4103.106 Mobile Safari/537.36"
::1 - - [22/Jun/2020:19:41:05 +0000] "GET / HTTP/1.1" 304 - "http://localhost:8000/users/profile/5ee8fe3a41b0b4311b91da5b" "Mozilla/5.0 (Linux; Android 6.0; Nexus 5 Build/MRA58N) AppleWebKit/537.36 (KHTML, like Gecko) Chrome/83.0.4103.106 Mobile Safari/537.36"
::1 - - [22/Jun/2020:19:41:05 +0000] "GET /js/toggle_likes.js HTTP/1.1" 404 157 "http://localhost:8000/" "Mozilla/5.0 (Linux; Android 6.0; Nexus 5 Build/MRA58N) AppleWebKit/537.36 (KHTML, like Gecko) Chrome/83.0.4103.106 Mobile Safari/537.36"
::1 - - [22/Jun/2020:19:41:05 +0000] "GET /js/home_posts.js HTTP/1.1" 404 155 "http://localhost:8000/" "Mozilla/5.0 (Linux; Android 6.0; Nexus 5 Build/MRA58N) AppleWebKit/537.36 (KHTML, like Gecko) Chrome/83.0.4103.106 Mobile Safari/537.36"
::1 - - [22/Jun/2020:19:41:05 +0000] "GET /js/search.js HTTP/1.1" 404 151 "http://localhost:8000/" "Mozilla/5.0 (Linux; Android 6.0; Nexus 5 Build/MRA58N) AppleWebKit/537.36 (KHTML, like Gecko) Chrome/83.0.4103.106 Mobile Safari/537.36"
::1 - - [22/Jun/2020:19:41:05 +0000] "GET /js/chat_engine.js HTTP/1.1" 404 156 "http://localhost:8000/" "Mozilla/5.0 (Linux; Android 6.0; Nexus 5 Build/MRA58N) AppleWebKit/537.36 (KHTML, like Gecko) Chrome/83.0.4103.106 Mobile Safari/537.36"
::1 - - [22/Jun/2020:19:41:23 +0000] "GET /js/home_posts.js HTTP/1.1" 404 155 "http://localhost:8000/" "Mozilla/5.0 (X11; Linux x86_64) AppleWebKit/537.36 (KHTML, like Gecko) Chrome/83.0.4103.106 Safari/537.36"
::1 - - [22/Jun/2020:19:41:23 +0000] "GET /js/toggle_likes.js HTTP/1.1" 404 157 "http://localhost:8000/" "Mozilla/5.0 (X11; Linux x86_64) AppleWebKit/537.36 (KHTML, like Gecko) Chrome/83.0.4103.106 Safari/537.36"
::1 - - [22/Jun/2020:19:41:23 +0000] "GET /js/search.js HTTP/1.1" 404 151 "http://localhost:8000/" "Mozilla/5.0 (X11; Linux x86_64) AppleWebKit/537.36 (KHTML, like Gecko) Chrome/83.0.4103.106 Safari/537.36"
::1 - - [22/Jun/2020:19:41:23 +0000] "GET /js/chat_engine.js HTTP/1.1" 404 156 "http://localhost:8000/" "Mozilla/5.0 (X11; Linux x86_64) AppleWebKit/537.36 (KHTML, like Gecko) Chrome/83.0.4103.106 Safari/537.36"
[0mGET / [32m200[0m 84.189 ms - 14416[0m
[0mGET /users/sign-in [32m200[0m 32.974 ms - 2388[0m
[0mGET /users/css/layout.css [33m404[0m 10.485 ms - 159[0m
[0mGET /users/css/header.css [33m404[0m 15.760 ms - 159[0m
[0mGET /users/css/footer.css [33m404[0m 11.902 ms - 159[0m
[0mGET /users/css/user_sign_in.css [33m404[0m 17.449 ms - 165[0m
[0mPOST /users/create-session [36m302[0m 15.343 ms - 46[0m
[0mGET / [32m200[0m 38.227 ms - 23572[0m
[0mGET / [32m200[0m 51.376 ms - 23172[0m
[0mGET / [36m304[0m 46.680 ms - -[0m
[0mGET / [36m304[0m 46.637 ms - -[0m
[0mGET / [36m304[0m 55.824 ms - -[0m
[0mGET / [36m304[0m 69.378 ms - -[0m
[0mGET / [36m304[0m 50.379 ms - -[0m
[0mGET / [36m304[0m 45.857 ms - -[0m
[0mGET / [36m304[0m 34.251 ms - -[0m
[0mGET / [36m304[0m 34.360 ms - -[0m
[0mGET / [36m304[0m 42.006 ms - -[0m
::1 - - [23/Jun/2020:06:29:03 +0000] "GET / HTTP/1.1" 200 14632 "-" "Mozilla/5.0 (X11; Linux x86_64) AppleWebKit/537.36 (KHTML, like Gecko) Chrome/83.0.4103.106 Safari/537.36"
::1 - - [23/Jun/2020:06:29:03 +0000] "GET /js/home_posts.js HTTP/1.1" 404 155 "http://localhost:8000/" "Mozilla/5.0 (X11; Linux x86_64) AppleWebKit/537.36 (KHTML, like Gecko) Chrome/83.0.4103.106 Safari/537.36"
::1 - - [23/Jun/2020:06:29:03 +0000] "GET /js/search.js HTTP/1.1" 404 151 "http://localhost:8000/" "Mozilla/5.0 (X11; Linux x86_64) AppleWebKit/537.36 (KHTML, like Gecko) Chrome/83.0.4103.106 Safari/537.36"
::1 - - [23/Jun/2020:06:29:03 +0000] "GET /js/toggle_likes.js HTTP/1.1" 404 157 "http://localhost:8000/" "Mozilla/5.0 (X11; Linux x86_64) AppleWebKit/537.36 (KHTML, like Gecko) Chrome/83.0.4103.106 Safari/537.36"
::1 - - [23/Jun/2020:06:29:03 +0000] "GET /js/chat_engine.js HTTP/1.1" 404 156 "http://localhost:8000/" "Mozilla/5.0 (X11; Linux x86_64) AppleWebKit/537.36 (KHTML, like Gecko) Chrome/83.0.4103.106 Safari/537.36"
::1 - - [23/Jun/2020:06:29:04 +0000] "GET /js/home_posts.js HTTP/1.1" 404 155 "http://localhost:8000/" "Mozilla/5.0 (X11; Linux x86_64) AppleWebKit/537.36 (KHTML, like Gecko) Chrome/83.0.4103.106 Safari/537.36"
::1 - - [23/Jun/2020:06:29:04 +0000] "GET /js/toggle_likes.js HTTP/1.1" 404 157 "http://localhost:8000/" "Mozilla/5.0 (X11; Linux x86_64) AppleWebKit/537.36 (KHTML, like Gecko) Chrome/83.0.4103.106 Safari/537.36"
::1 - - [23/Jun/2020:06:29:04 +0000] "GET /js/search.js HTTP/1.1" 404 151 "http://localhost:8000/" "Mozilla/5.0 (X11; Linux x86_64) AppleWebKit/537.36 (KHTML, like Gecko) Chrome/83.0.4103.106 Safari/537.36"
::1 - - [23/Jun/2020:06:29:04 +0000] "GET /js/chat_engine.js HTTP/1.1" 404 156 "http://localhost:8000/" "Mozilla/5.0 (X11; Linux x86_64) AppleWebKit/537.36 (KHTML, like Gecko) Chrome/83.0.4103.106 Safari/537.36"
::1 - - [23/Jun/2020:06:29:13 +0000] "GET /users/sign-in HTTP/1.1" 200 2436 "http://localhost:8000/" "Mozilla/5.0 (X11; Linux x86_64) AppleWebKit/537.36 (KHTML, like Gecko) Chrome/83.0.4103.106 Safari/537.36"
::1 - - [23/Jun/2020:06:29:18 +0000] "POST /users/create-session HTTP/1.1" 302 46 "http://localhost:8000/users/sign-in" "Mozilla/5.0 (X11; Linux x86_64) AppleWebKit/537.36 (KHTML, like Gecko) Chrome/83.0.4103.106 Safari/537.36"
::1 - - [23/Jun/2020:06:29:18 +0000] "GET / HTTP/1.1" 200 23788 "http://localhost:8000/users/sign-in" "Mozilla/5.0 (X11; Linux x86_64) AppleWebKit/537.36 (KHTML, like Gecko) Chrome/83.0.4103.106 Safari/537.36"
::1 - - [23/Jun/2020:06:29:18 +0000] "GET /js/home_posts.js HTTP/1.1" 404 155 "http://localhost:8000/" "Mozilla/5.0 (X11; Linux x86_64) AppleWebKit/537.36 (KHTML, like Gecko) Chrome/83.0.4103.106 Safari/537.36"
::1 - - [23/Jun/2020:06:29:18 +0000] "GET /js/toggle_likes.js HTTP/1.1" 404 157 "http://localhost:8000/" "Mozilla/5.0 (X11; Linux x86_64) AppleWebKit/537.36 (KHTML, like Gecko) Chrome/83.0.4103.106 Safari/537.36"
::1 - - [23/Jun/2020:06:29:18 +0000] "GET /js/chat_engine.js HTTP/1.1" 404 156 "http://localhost:8000/" "Mozilla/5.0 (X11; Linux x86_64) AppleWebKit/537.36 (KHTML, like Gecko) Chrome/83.0.4103.106 Safari/537.36"
::1 - - [23/Jun/2020:06:29:18 +0000] "GET /js/search.js HTTP/1.1" 404 151 "http://localhost:8000/" "Mozilla/5.0 (X11; Linux x86_64) AppleWebKit/537.36 (KHTML, like Gecko) Chrome/83.0.4103.106 Safari/537.36"
::1 - - [23/Jun/2020:06:29:19 +0000] "GET /js/chat_engine.js HTTP/1.1" 404 156 "http://localhost:8000/" "Mozilla/5.0 (X11; Linux x86_64) AppleWebKit/537.36 (KHTML, like Gecko) Chrome/83.0.4103.106 Safari/537.36"
::1 - - [23/Jun/2020:06:29:27 +0000] "POST /posts/create HTTP/1.1" 302 88 "http://localhost:8000/" "Mozilla/5.0 (X11; Linux x86_64) AppleWebKit/537.36 (KHTML, like Gecko) Chrome/83.0.4103.106 Safari/537.36"
::1 - - [23/Jun/2020:06:29:27 +0000] "GET / HTTP/1.1" 200 25418 "http://localhost:8000/" "Mozilla/5.0 (X11; Linux x86_64) AppleWebKit/537.36 (KHTML, like Gecko) Chrome/83.0.4103.106 Safari/537.36"
::1 - - [23/Jun/2020:06:29:27 +0000] "GET /js/home_posts.js HTTP/1.1" 404 155 "http://localhost:8000/" "Mozilla/5.0 (X11; Linux x86_64) AppleWebKit/537.36 (KHTML, like Gecko) Chrome/83.0.4103.106 Safari/537.36"
::1 - - [23/Jun/2020:06:29:27 +0000] "GET /js/search.js HTTP/1.1" 404 151 "http://localhost:8000/" "Mozilla/5.0 (X11; Linux x86_64) AppleWebKit/537.36 (KHTML, like Gecko) Chrome/83.0.4103.106 Safari/537.36"
::1 - - [23/Jun/2020:06:29:27 +0000] "GET /js/toggle_likes.js HTTP/1.1" 404 157 "http://localhost:8000/" "Mozilla/5.0 (X11; Linux x86_64) AppleWebKit/537.36 (KHTML, like Gecko) Chrome/83.0.4103.106 Safari/537.36"
::1 - - [23/Jun/2020:06:29:27 +0000] "GET /js/chat_engine.js HTTP/1.1" 404 156 "http://localhost:8000/" "Mozilla/5.0 (X11; Linux x86_64) AppleWebKit/537.36 (KHTML, like Gecko) Chrome/83.0.4103.106 Safari/537.36"
::1 - - [23/Jun/2020:06:29:27 +0000] "GET /js/search.js HTTP/1.1" 404 151 "http://localhost:8000/" "Mozilla/5.0 (X11; Linux x86_64) AppleWebKit/537.36 (KHTML, like Gecko) Chrome/83.0.4103.106 Safari/537.36"
::1 - - [23/Jun/2020:06:29:27 +0000] "GET /js/chat_engine.js HTTP/1.1" 404 156 "http://localhost:8000/" "Mozilla/5.0 (X11; Linux x86_64) AppleWebKit/537.36 (KHTML, like Gecko) Chrome/83.0.4103.106 Safari/537.36"
::1 - - [23/Jun/2020:06:35:19 +0000] "GET / HTTP/1.1" 200 25032 "http://localhost:8000/" "Mozilla/5.0 (X11; Linux x86_64) AppleWebKit/537.36 (KHTML, like Gecko) Chrome/83.0.4103.106 Safari/537.36"
::1 - - [23/Jun/2020:06:35:19 +0000] "GET /js/home_posts.js HTTP/1.1" 404 155 "http://localhost:8000/" "Mozilla/5.0 (X11; Linux x86_64) AppleWebKit/537.36 (KHTML, like Gecko) Chrome/83.0.4103.106 Safari/537.36"
::1 - - [23/Jun/2020:06:35:19 +0000] "GET /js/toggle_likes.js HTTP/1.1" 404 157 "http://localhost:8000/" "Mozilla/5.0 (X11; Linux x86_64) AppleWebKit/537.36 (KHTML, like Gecko) Chrome/83.0.4103.106 Safari/537.36"
::1 - - [23/Jun/2020:06:35:19 +0000] "GET /js/search.js HTTP/1.1" 404 151 "http://localhost:8000/" "Mozilla/5.0 (X11; Linux x86_64) AppleWebKit/537.36 (KHTML, like Gecko) Chrome/83.0.4103.106 Safari/537.36"
::1 - - [23/Jun/2020:06:35:19 +0000] "GET /js/chat_engine.js HTTP/1.1" 404 156 "http://localhost:8000/" "Mozilla/5.0 (X11; Linux x86_64) AppleWebKit/537.36 (KHTML, like Gecko) Chrome/83.0.4103.106 Safari/537.36"
::1 - - [23/Jun/2020:06:35:20 +0000] "GET /js/home_posts.js HTTP/1.1" 404 155 "http://localhost:8000/" "Mozilla/5.0 (X11; Linux x86_64) AppleWebKit/537.36 (KHTML, like Gecko) Chrome/83.0.4103.106 Safari/537.36"
::1 - - [23/Jun/2020:06:35:20 +0000] "GET /js/toggle_likes.js HTTP/1.1" 404 157 "http://localhost:8000/" "Mozilla/5.0 (X11; Linux x86_64) AppleWebKit/537.36 (KHTML, like Gecko) Chrome/83.0.4103.106 Safari/537.36"
::1 - - [23/Jun/2020:06:35:20 +0000] "GET /js/search.js HTTP/1.1" 404 151 "http://localhost:8000/" "Mozilla/5.0 (X11; Linux x86_64) AppleWebKit/537.36 (KHTML, like Gecko) Chrome/83.0.4103.106 Safari/537.36"
::1 - - [23/Jun/2020:06:35:20 +0000] "GET /js/chat_engine.js HTTP/1.1" 404 156 "http://localhost:8000/" "Mozilla/5.0 (X11; Linux x86_64) AppleWebKit/537.36 (KHTML, like Gecko) Chrome/83.0.4103.106 Safari/537.36"
::1 - - [23/Jun/2020:06:35:31 +0000] "POST /posts/create HTTP/1.1" 302 88 "http://localhost:8000/" "Mozilla/5.0 (X11; Linux x86_64) AppleWebKit/537.36 (KHTML, like Gecko) Chrome/83.0.4103.106 Safari/537.36"
::1 - - [23/Jun/2020:06:35:31 +0000] "GET / HTTP/1.1" 200 27064 "http://localhost:8000/" "Mozilla/5.0 (X11; Linux x86_64) AppleWebKit/537.36 (KHTML, like Gecko) Chrome/83.0.4103.106 Safari/537.36"
::1 - - [23/Jun/2020:06:35:31 +0000] "GET /js/toggle_likes.js HTTP/1.1" 404 157 "http://localhost:8000/" "Mozilla/5.0 (X11; Linux x86_64) AppleWebKit/537.36 (KHTML, like Gecko) Chrome/83.0.4103.106 Safari/537.36"
::1 - - [23/Jun/2020:06:35:31 +0000] "GET /js/home_posts.js HTTP/1.1" 404 155 "http://localhost:8000/" "Mozilla/5.0 (X11; Linux x86_64) AppleWebKit/537.36 (KHTML, like Gecko) Chrome/83.0.4103.106 Safari/537.36"
::1 - - [23/Jun/2020:06:35:31 +0000] "GET /js/search.js HTTP/1.1" 404 151 "http://localhost:8000/" "Mozilla/5.0 (X11; Linux x86_64) AppleWebKit/537.36 (KHTML, like Gecko) Chrome/83.0.4103.106 Safari/537.36"
::1 - - [23/Jun/2020:06:35:31 +0000] "GET /js/chat_engine.js HTTP/1.1" 404 156 "http://localhost:8000/" "Mozilla/5.0 (X11; Linux x86_64) AppleWebKit/537.36 (KHTML, like Gecko) Chrome/83.0.4103.106 Safari/537.36"
::1 - - [23/Jun/2020:06:35:36 +0000] "GET /likes/toggle/?id=5ef1a2b38c16a35aafca7a77&type=Post HTTP/1.1" 404 152 "http://localhost:8000/" "Mozilla/5.0 (X11; Linux x86_64) AppleWebKit/537.36 (KHTML, like Gecko) Chrome/83.0.4103.106 Safari/537.36"
::1 - - [23/Jun/2020:06:35:41 +0000] "GET /likes/toggle/?id=5ef1a147c2d0bf594c0911ba&type=Post HTTP/1.1" 404 152 "http://localhost:8000/" "Mozilla/5.0 (X11; Linux x86_64) AppleWebKit/537.36 (KHTML, like Gecko) Chrome/83.0.4103.106 Safari/537.36"
::1 - - [23/Jun/2020:06:35:58 +0000] "POST /posts/create HTTP/1.1" 302 88 "http://localhost:8000/" "Mozilla/5.0 (X11; Linux x86_64) AppleWebKit/537.36 (KHTML, like Gecko) Chrome/83.0.4103.106 Safari/537.36"
::1 - - [23/Jun/2020:06:35:58 +0000] "GET / HTTP/1.1" 200 28710 "http://localhost:8000/" "Mozilla/5.0 (X11; Linux x86_64) AppleWebKit/537.36 (KHTML, like Gecko) Chrome/83.0.4103.106 Safari/537.36"
::1 - - [23/Jun/2020:06:35:58 +0000] "GET /js/home_posts.js HTTP/1.1" 404 155 "http://localhost:8000/" "Mozilla/5.0 (X11; Linux x86_64) AppleWebKit/537.36 (KHTML, like Gecko) Chrome/83.0.4103.106 Safari/537.36"
::1 - - [23/Jun/2020:06:35:58 +0000] "GET /js/toggle_likes.js HTTP/1.1" 404 157 "http://localhost:8000/" "Mozilla/5.0 (X11; Linux x86_64) AppleWebKit/537.36 (KHTML, like Gecko) Chrome/83.0.4103.106 Safari/537.36"
::1 - - [23/Jun/2020:06:35:58 +0000] "GET /js/chat_engine.js HTTP/1.1" 404 156 "http://localhost:8000/" "Mozilla/5.0 (X11; Linux x86_64) AppleWebKit/537.36 (KHTML, like Gecko) Chrome/83.0.4103.106 Safari/537.36"
::1 - - [23/Jun/2020:06:35:58 +0000] "GET /js/search.js HTTP/1.1" 404 151 "http://localhost:8000/" "Mozilla/5.0 (X11; Linux x86_64) AppleWebKit/537.36 (KHTML, like Gecko) Chrome/83.0.4103.106 Safari/537.36"
::1 - - [23/Jun/2020:06:35:58 +0000] "GET /js/chat_engine.js HTTP/1.1" 404 156 "http://localhost:8000/" "Mozilla/5.0 (X11; Linux x86_64) AppleWebKit/537.36 (KHTML, like Gecko) Chrome/83.0.4103.106 Safari/537.36"
::1 - - [23/Jun/2020:06:36:04 +0000] "POST /posts/create HTTP/1.1" 302 88 "http://localhost:8000/" "Mozilla/5.0 (X11; Linux x86_64) AppleWebKit/537.36 (KHTML, like Gecko) Chrome/83.0.4103.106 Safari/537.36"
::1 - - [23/Jun/2020:06:36:04 +0000] "GET / HTTP/1.1" 200 30353 "http://localhost:8000/" "Mozilla/5.0 (X11; Linux x86_64) AppleWebKit/537.36 (KHTML, like Gecko) Chrome/83.0.4103.106 Safari/537.36"
::1 - - [23/Jun/2020:06:36:04 +0000] "GET /js/home_posts.js HTTP/1.1" 404 155 "http://localhost:8000/" "Mozilla/5.0 (X11; Linux x86_64) AppleWebKit/537.36 (KHTML, like Gecko) Chrome/83.0.4103.106 Safari/537.36"
::1 - - [23/Jun/2020:06:36:04 +0000] "GET /js/toggle_likes.js HTTP/1.1" 404 157 "http://localhost:8000/" "Mozilla/5.0 (X11; Linux x86_64) AppleWebKit/537.36 (KHTML, like Gecko) Chrome/83.0.4103.106 Safari/537.36"
::1 - - [23/Jun/2020:06:36:04 +0000] "GET /js/search.js HTTP/1.1" 404 151 "http://localhost:8000/" "Mozilla/5.0 (X11; Linux x86_64) AppleWebKit/537.36 (KHTML, like Gecko) Chrome/83.0.4103.106 Safari/537.36"
::1 - - [23/Jun/2020:06:36:04 +0000] "GET /js/chat_engine.js HTTP/1.1" 404 156 "http://localhost:8000/" "Mozilla/5.0 (X11; Linux x86_64) AppleWebKit/537.36 (KHTML, like Gecko) Chrome/83.0.4103.106 Safari/537.36"
::1 - - [23/Jun/2020:06:36:31 +0000] "GET /likes/toggle/?id=5ef1a2d48c16a35aafca7a79&type=Post HTTP/1.1" 404 152 "http://localhost:8000/" "Mozilla/5.0 (X11; Linux x86_64) AppleWebKit/537.36 (KHTML, like Gecko) Chrome/83.0.4103.106 Safari/537.36"
::1 - - [23/Jun/2020:06:37:52 +0000] "GET / HTTP/1.1" 200 29967 "http://localhost:8000/" "Mozilla/5.0 (X11; Linux x86_64) AppleWebKit/537.36 (KHTML, like Gecko) Chrome/83.0.4103.106 Safari/537.36"
::1 - - [23/Jun/2020:06:37:52 +0000] "GET /js/home_posts.js HTTP/1.1" 404 155 "http://localhost:8000/" "Mozilla/5.0 (X11; Linux x86_64) AppleWebKit/537.36 (KHTML, like Gecko) Chrome/83.0.4103.106 Safari/537.36"
::1 - - [23/Jun/2020:06:37:52 +0000] "GET /js/search.js HTTP/1.1" 404 151 "http://localhost:8000/" "Mozilla/5.0 (X11; Linux x86_64) AppleWebKit/537.36 (KHTML, like Gecko) Chrome/83.0.4103.106 Safari/537.36"
::1 - - [23/Jun/2020:06:37:52 +0000] "GET /js/toggle_likes.js HTTP/1.1" 404 157 "http://localhost:8000/" "Mozilla/5.0 (X11; Linux x86_64) AppleWebKit/537.36 (KHTML, like Gecko) Chrome/83.0.4103.106 Safari/537.36"
::1 - - [23/Jun/2020:06:37:52 +0000] "GET /js/chat_engine.js HTTP/1.1" 404 156 "http://localhost:8000/" "Mozilla/5.0 (X11; Linux x86_64) AppleWebKit/537.36 (KHTML, like Gecko) Chrome/83.0.4103.106 Safari/537.36"
::1 - - [23/Jun/2020:06:37:53 +0000] "GET /js/home_posts.js HTTP/1.1" 404 155 "http://localhost:8000/" "Mozilla/5.0 (X11; Linux x86_64) AppleWebKit/537.36 (KHTML, like Gecko) Chrome/83.0.4103.106 Safari/537.36"
::1 - - [23/Jun/2020:06:37:53 +0000] "GET /js/toggle_likes.js HTTP/1.1" 404 157 "http://localhost:8000/" "Mozilla/5.0 (X11; Linux x86_64) AppleWebKit/537.36 (KHTML, like Gecko) Chrome/83.0.4103.106 Safari/537.36"
::1 - - [23/Jun/2020:06:37:53 +0000] "GET /js/search.js HTTP/1.1" 404 151 "http://localhost:8000/" "Mozilla/5.0 (X11; Linux x86_64) AppleWebKit/537.36 (KHTML, like Gecko) Chrome/83.0.4103.106 Safari/537.36"
::1 - - [23/Jun/2020:06:37:53 +0000] "GET /js/chat_engine.js HTTP/1.1" 404 156 "http://localhost:8000/" "Mozilla/5.0 (X11; Linux x86_64) AppleWebKit/537.36 (KHTML, like Gecko) Chrome/83.0.4103.106 Safari/537.36"
::1 - - [23/Jun/2020:06:50:40 +0000] "GET / HTTP/1.1" 200 30012 "http://localhost:8000/" "Mozilla/5.0 (X11; Linux x86_64) AppleWebKit/537.36 (KHTML, like Gecko) Chrome/83.0.4103.106 Safari/537.36"
::1 - - [23/Jun/2020:06:50:57 +0000] "POST /likes/toggle/?id=5ef1a2d48c16a35aafca7a79&type=Post HTTP/1.1" 200 57 "http://localhost:8000/" "Mozilla/5.0 (X11; Linux x86_64) AppleWebKit/537.36 (KHTML, like Gecko) Chrome/83.0.4103.106 Safari/537.36"
::1 - - [23/Jun/2020:06:50:59 +0000] "POST /likes/toggle/?id=5ef1a2ce8c16a35aafca7a78&type=Post HTTP/1.1" 200 57 "http://localhost:8000/" "Mozilla/5.0 (X11; Linux x86_64) AppleWebKit/537.36 (KHTML, like Gecko) Chrome/83.0.4103.106 Safari/537.36"
::1 - - [23/Jun/2020:06:51:01 +0000] "POST /likes/toggle/?id=5ef1a2b38c16a35aafca7a77&type=Post HTTP/1.1" 200 57 "http://localhost:8000/" "Mozilla/5.0 (X11; Linux x86_64) AppleWebKit/537.36 (KHTML, like Gecko) Chrome/83.0.4103.106 Safari/537.36"
::1 - - [23/Jun/2020:06:51:08 +0000] "GET / HTTP/1.1" 200 30012 "http://localhost:8000/" "Mozilla/5.0 (X11; Linux x86_64) AppleWebKit/537.36 (KHTML, like Gecko) Chrome/83.0.4103.106 Safari/537.36"
::1 - - [23/Jun/2020:06:51:12 +0000] "POST /likes/toggle/?id=5ef1a2d48c16a35aafca7a79&type=Post HTTP/1.1" 200 56 "http://localhost:8000/" "Mozilla/5.0 (X11; Linux x86_64) AppleWebKit/537.36 (KHTML, like Gecko) Chrome/83.0.4103.106 Safari/537.36"
::1 - - [23/Jun/2020:06:51:13 +0000] "POST /likes/toggle/?id=5ef1a2ce8c16a35aafca7a78&type=Post HTTP/1.1" 200 56 "http://localhost:8000/" "Mozilla/5.0 (X11; Linux x86_64) AppleWebKit/537.36 (KHTML, like Gecko) Chrome/83.0.4103.106 Safari/537.36"
::1 - - [23/Jun/2020:06:51:15 +0000] "POST /likes/toggle/?id=5ef1a2b38c16a35aafca7a77&type=Post HTTP/1.1" 200 56 "http://localhost:8000/" "Mozilla/5.0 (X11; Linux x86_64) AppleWebKit/537.36 (KHTML, like Gecko) Chrome/83.0.4103.106 Safari/537.36"
::1 - - [23/Jun/2020:06:51:22 +0000] "POST /posts/create HTTP/1.1" 200 273 "http://localhost:8000/" "Mozilla/5.0 (X11; Linux x86_64) AppleWebKit/537.36 (KHTML, like Gecko) Chrome/83.0.4103.106 Safari/537.36"
::1 - - [23/Jun/2020:06:51:23 +0000] "POST /posts/create HTTP/1.1" 200 273 "http://localhost:8000/" "Mozilla/5.0 (X11; Linux x86_64) AppleWebKit/537.36 (KHTML, like Gecko) Chrome/83.0.4103.106 Safari/537.36"
::1 - - [23/Jun/2020:06:51:26 +0000] "POST /posts/create HTTP/1.1" 200 273 "http://localhost:8000/" "Mozilla/5.0 (X11; Linux x86_64) AppleWebKit/537.36 (KHTML, like Gecko) Chrome/83.0.4103.106 Safari/537.36"
::1 - - [23/Jun/2020:06:51:27 +0000] "POST /posts/create HTTP/1.1" 200 273 "http://localhost:8000/" "Mozilla/5.0 (X11; Linux x86_64) AppleWebKit/537.36 (KHTML, like Gecko) Chrome/83.0.4103.106 Safari/537.36"
::1 - - [23/Jun/2020:06:51:32 +0000] "GET /posts/destroy/5ef1a2d48c16a35aafca7a79 HTTP/1.1" 200 74 "http://localhost:8000/" "Mozilla/5.0 (X11; Linux x86_64) AppleWebKit/537.36 (KHTML, like Gecko) Chrome/83.0.4103.106 Safari/537.36"
::1 - - [23/Jun/2020:06:51:35 +0000] "GET /posts/destroy/5ef1a2ce8c16a35aafca7a78 HTTP/1.1" 302 88 "http://localhost:8000/" "Mozilla/5.0 (X11; Linux x86_64) AppleWebKit/537.36 (KHTML, like Gecko) Chrome/83.0.4103.106 Safari/537.36"
::1 - - [23/Jun/2020:06:51:35 +0000] "GET / HTTP/1.1" 200 33727 "http://localhost:8000/" "Mozilla/5.0 (X11; Linux x86_64) AppleWebKit/537.36 (KHTML, like Gecko) Chrome/83.0.4103.106 Safari/537.36"
::1 - - [23/Jun/2020:06:51:41 +0000] "GET /posts/destroy/5ef1a66f28e72c5d114b612c HTTP/1.1" 200 74 "http://localhost:8000/" "Mozilla/5.0 (X11; Linux x86_64) AppleWebKit/537.36 (KHTML, like Gecko) Chrome/83.0.4103.106 Safari/537.36"
::1 - - [23/Jun/2020:06:51:44 +0000] "GET /posts/destroy/5ef1a66b28e72c5d114b612a HTTP/1.1" 302 88 "http://localhost:8000/" "Mozilla/5.0 (X11; Linux x86_64) AppleWebKit/537.36 (KHTML, like Gecko) Chrome/83.0.4103.106 Safari/537.36"
::1 - - [23/Jun/2020:06:51:44 +0000] "GET / HTTP/1.1" 200 30439 "http://localhost:8000/" "Mozilla/5.0 (X11; Linux x86_64) AppleWebKit/537.36 (KHTML, like Gecko) Chrome/83.0.4103.106 Safari/537.36"
::1 - - [23/Jun/2020:06:51:47 +0000] "GET /posts/destroy/5ef1a66e28e72c5d114b612b HTTP/1.1" 200 74 "http://localhost:8000/" "Mozilla/5.0 (X11; Linux x86_64) AppleWebKit/537.36 (KHTML, like Gecko) Chrome/83.0.4103.106 Safari/537.36"
::1 - - [23/Jun/2020:06:51:49 +0000] "GET /posts/destroy/5ef1a66a28e72c5d114b6129 HTTP/1.1" 302 88 "http://localhost:8000/" "Mozilla/5.0 (X11; Linux x86_64) AppleWebKit/537.36 (KHTML, like Gecko) Chrome/83.0.4103.106 Safari/537.36"
::1 - - [23/Jun/2020:06:51:49 +0000] "GET / HTTP/1.1" 200 27151 "http://localhost:8000/" "Mozilla/5.0 (X11; Linux x86_64) AppleWebKit/537.36 (KHTML, like Gecko) Chrome/83.0.4103.106 Safari/537.36"
::1 - - [24/Jun/2020:06:52:47 +0000] "GET / HTTP/1.1" 200 16467 "-" "Mozilla/5.0 (X11; Linux x86_64) AppleWebKit/537.36 (KHTML, like Gecko) Chrome/83.0.4103.106 Safari/537.36"
::1 - - [24/Jun/2020:06:52:48 +0000] "GET /favicon.ico HTTP/1.1" 404 150 "http://localhost:8000/" "Mozilla/5.0 (X11; Linux x86_64) AppleWebKit/537.36 (KHTML, like Gecko) Chrome/83.0.4103.106 Safari/537.36"
::1 - - [24/Jun/2020:06:53:06 +0000] "GET /users/sign-in HTTP/1.1" 200 2436 "http://localhost:8000/" "Mozilla/5.0 (X11; Linux x86_64) AppleWebKit/537.36 (KHTML, like Gecko) Chrome/83.0.4103.106 Safari/537.36"
::1 - - [24/Jun/2020:06:53:13 +0000] "POST /users/create-session HTTP/1.1" 302 46 "http://localhost:8000/users/sign-in" "Mozilla/5.0 (X11; Linux x86_64) AppleWebKit/537.36 (KHTML, like Gecko) Chrome/83.0.4103.106 Safari/537.36"
::1 - - [24/Jun/2020:06:53:13 +0000] "GET / HTTP/1.1" 200 27123 "http://localhost:8000/users/sign-in" "Mozilla/5.0 (X11; Linux x86_64) AppleWebKit/537.36 (KHTML, like Gecko) Chrome/83.0.4103.106 Safari/537.36"
::1 - - [24/Jun/2020:06:54:30 +0000] "GET /users/profile/5ee233349c48830765cb7464 HTTP/1.1" 200 3687 "http://localhost:8000/" "Mozilla/5.0 (X11; Linux x86_64) AppleWebKit/537.36 (KHTML, like Gecko) Chrome/83.0.4103.106 Safari/537.36"
::1 - - [24/Jun/2020:06:54:30 +0000] "GET /css/user_profile.css HTTP/1.1" 404 159 "http://localhost:8000/users/profile/5ee233349c48830765cb7464" "Mozilla/5.0 (X11; Linux x86_64) AppleWebKit/537.36 (KHTML, like Gecko) Chrome/83.0.4103.106 Safari/537.36"
::1 - - [24/Jun/2020:06:55:01 +0000] "GET /css/user_profile.css HTTP/1.1" 404 159 "http://localhost:8000/users/profile/5ee233349c48830765cb7464" "Mozilla/5.0 (X11; Linux x86_64) AppleWebKit/537.36 (KHTML, like Gecko) Chrome/83.0.4103.106 Safari/537.36"
::1 - - [24/Jun/2020:06:58:57 +0000] "GET /users/profile/5ee233349c48830765cb7464 HTTP/1.1" 304 - "http://localhost:8000/" "Mozilla/5.0 (X11; Linux x86_64) AppleWebKit/537.36 (KHTML, like Gecko) Chrome/83.0.4103.106 Safari/537.36"
::1 - - [24/Jun/2020:06:58:57 +0000] "GET /css/user_profile.css HTTP/1.1" 404 159 "http://localhost:8000/users/profile/5ee233349c48830765cb7464" "Mozilla/5.0 (X11; Linux x86_64) AppleWebKit/537.36 (KHTML, like Gecko) Chrome/83.0.4103.106 Safari/537.36"
::1 - - [24/Jun/2020:06:59:44 +0000] "GET / HTTP/1.1" 200 26723 "http://localhost:8000/users/profile/5ee233349c48830765cb7464" "Mozilla/5.0 (X11; Linux x86_64) AppleWebKit/537.36 (KHTML, like Gecko) Chrome/83.0.4103.106 Safari/537.36"
::1 - - [24/Jun/2020:07:13:06 +0000] "GET / HTTP/1.1" 304 - "-" "Mozilla/5.0 (X11; Linux x86_64) AppleWebKit/537.36 (KHTML, like Gecko) Chrome/83.0.4103.106 Safari/537.36"
::1 - - [24/Jun/2020:07:36:41 +0000] "POST /likes/toggle/?id=5ef1a2b38c16a35aafca7a77&type=Post HTTP/1.1" 200 57 "http://localhost:8000/" "Mozilla/5.0 (X11; Linux x86_64) AppleWebKit/537.36 (KHTML, like Gecko) Chrome/83.0.4103.106 Safari/537.36"
::1 - - [24/Jun/2020:07:36:44 +0000] "POST /likes/toggle/?id=5ef1a147c2d0bf594c0911ba&type=Post HTTP/1.1" 200 57 "http://localhost:8000/" "Mozilla/5.0 (X11; Linux x86_64) AppleWebKit/537.36 (KHTML, like Gecko) Chrome/83.0.4103.106 Safari/537.36"
::1 - - [24/Jun/2020:07:36:46 +0000] "POST /likes/toggle/?id=5ef0d24be2e88f1c9e9581ab&type=Post HTTP/1.1" 200 56 "http://localhost:8000/" "Mozilla/5.0 (X11; Linux x86_64) AppleWebKit/537.36 (KHTML, like Gecko) Chrome/83.0.4103.106 Safari/537.36"
::1 - - [24/Jun/2020:07:36:50 +0000] "GET / HTTP/1.1" 200 26723 "-" "Mozilla/5.0 (X11; Linux x86_64) AppleWebKit/537.36 (KHTML, like Gecko) Chrome/83.0.4103.106 Safari/537.36"
::1 - - [24/Jun/2020:17:35:24 +0000] "GET / HTTP/1.1" 200 16467 "-" "Mozilla/5.0 (X11; Linux x86_64) AppleWebKit/537.36 (KHTML, like Gecko) Chrome/83.0.4103.106 Safari/537.36"
::1 - - [24/Jun/2020:17:45:24 +0000] "GET /users/sign-in HTTP/1.1" 304 - "http://localhost:8000/" "Mozilla/5.0 (X11; Linux x86_64) AppleWebKit/537.36 (KHTML, like Gecko) Chrome/83.0.4103.106 Safari/537.36"
::1 - - [24/Jun/2020:17:45:35 +0000] "POST /users/create-session HTTP/1.1" 302 46 "http://localhost:8000/users/sign-in" "Mozilla/5.0 (X11; Linux x86_64) AppleWebKit/537.36 (KHTML, like Gecko) Chrome/83.0.4103.106 Safari/537.36"
::1 - - [24/Jun/2020:17:45:35 +0000] "GET / HTTP/1.1" 200 27123 "http://localhost:8000/users/sign-in" "Mozilla/5.0 (X11; Linux x86_64) AppleWebKit/537.36 (KHTML, like Gecko) Chrome/83.0.4103.106 Safari/537.36"
::1 - - [24/Jun/2020:17:45:37 +0000] "GET /users/profile/5ee233349c48830765cb7464 HTTP/1.1" 304 - "http://localhost:8000/" "Mozilla/5.0 (X11; Linux x86_64) AppleWebKit/537.36 (KHTML, like Gecko) Chrome/83.0.4103.106 Safari/537.36"
::1 - - [24/Jun/2020:17:45:37 +0000] "GET /css/user_profile.css HTTP/1.1" 404 159 "http://localhost:8000/users/profile/5ee233349c48830765cb7464" "Mozilla/5.0 (X11; Linux x86_64) AppleWebKit/537.36 (KHTML, like Gecko) Chrome/83.0.4103.106 Safari/537.36"
::1 - - [24/Jun/2020:17:45:56 +0000] "GET /css/user_profile.css HTTP/1.1" 404 159 "http://localhost:8000/users/profile/5ee233349c48830765cb7464" "Mozilla/5.0 (X11; Linux x86_64) AppleWebKit/537.36 (KHTML, like Gecko) Chrome/83.0.4103.106 Safari/537.36"
::1 - - [24/Jun/2020:18:23:51 +0000] "GET / HTTP/1.1" 200 26723 "-" "Mozilla/5.0 (X11; Linux x86_64) AppleWebKit/537.36 (KHTML, like Gecko) Chrome/83.0.4103.106 Safari/537.36"
::1 - - [24/Jun/2020:18:24:01 +0000] "GET /users/profile/5ee233349c48830765cb7464 HTTP/1.1" 304 - "http://localhost:8000/" "Mozilla/5.0 (X11; Linux x86_64) AppleWebKit/537.36 (KHTML, like Gecko) Chrome/83.0.4103.106 Safari/537.36"
::1 - - [24/Jun/2020:18:24:01 +0000] "GET /css/user_profile.css HTTP/1.1" 404 159 "http://localhost:8000/users/profile/5ee233349c48830765cb7464" "Mozilla/5.0 (X11; Linux x86_64) AppleWebKit/537.36 (KHTML, like Gecko) Chrome/83.0.4103.106 Safari/537.36"
::1 - - [24/Jun/2020:18:24:26 +0000] "GET / HTTP/1.1" 304 - "http://localhost:8000/users/profile/5ee233349c48830765cb7464" "Mozilla/5.0 (X11; Linux x86_64) AppleWebKit/537.36 (KHTML, like Gecko) Chrome/83.0.4103.106 Safari/537.36"
::1 - - [24/Jun/2020:18:25:13 +0000] "POST /comments/create HTTP/1.1" 302 46 "http://localhost:8000/" "Mozilla/5.0 (X11; Linux x86_64) AppleWebKit/537.36 (KHTML, like Gecko) Chrome/83.0.4103.106 Safari/537.36"
::1 - - [24/Jun/2020:18:25:13 +0000] "GET / HTTP/1.1" 200 27804 "http://localhost:8000/" "Mozilla/5.0 (X11; Linux x86_64) AppleWebKit/537.36 (KHTML, like Gecko) Chrome/83.0.4103.106 Safari/537.36"
::1 - - [24/Jun/2020:18:25:17 +0000] "POST /comments/create HTTP/1.1" 302 46 "http://localhost:8000/" "Mozilla/5.0 (X11; Linux x86_64) AppleWebKit/537.36 (KHTML, like Gecko) Chrome/83.0.4103.106 Safari/537.36"
::1 - - [24/Jun/2020:18:25:17 +0000] "GET / HTTP/1.1" 200 28495 "http://localhost:8000/" "Mozilla/5.0 (X11; Linux x86_64) AppleWebKit/537.36 (KHTML, like Gecko) Chrome/83.0.4103.106 Safari/537.36"
::1 - - [24/Jun/2020:18:25:26 +0000] "POST /comments/create HTTP/1.1" 302 46 "http://localhost:8000/" "Mozilla/5.0 (X11; Linux x86_64) AppleWebKit/537.36 (KHTML, like Gecko) Chrome/83.0.4103.106 Safari/537.36"
::1 - - [24/Jun/2020:18:25:26 +0000] "GET / HTTP/1.1" 200 29192 "http://localhost:8000/" "Mozilla/5.0 (X11; Linux x86_64) AppleWebKit/537.36 (KHTML, like Gecko) Chrome/83.0.4103.106 Safari/537.36"
::1 - - [24/Jun/2020:18:25:28 +0000] "POST /likes/toggle/?id=5ef39a8983dab72ccbfe425a&type=Comment HTTP/1.1" 200 57 "http://localhost:8000/" "Mozilla/5.0 (X11; Linux x86_64) AppleWebKit/537.36 (KHTML, like Gecko) Chrome/83.0.4103.106 Safari/537.36"
::1 - - [24/Jun/2020:18:25:35 +0000] "GET / HTTP/1.1" 200 28804 "http://localhost:8000/" "Mozilla/5.0 (X11; Linux x86_64) AppleWebKit/537.36 (KHTML, like Gecko) Chrome/83.0.4103.106 Safari/537.36"
::1 - - [24/Jun/2020:18:25:47 +0000] "POST /comments/create HTTP/1.1" 302 46 "http://localhost:8000/" "Mozilla/5.0 (X11; Linux x86_64) AppleWebKit/537.36 (KHTML, like Gecko) Chrome/83.0.4103.106 Safari/537.36"
::1 - - [24/Jun/2020:18:25:47 +0000] "GET / HTTP/1.1" 200 29883 "http://localhost:8000/" "Mozilla/5.0 (X11; Linux x86_64) AppleWebKit/537.36 (KHTML, like Gecko) Chrome/83.0.4103.106 Safari/537.36"
::1 - - [24/Jun/2020:18:25:56 +0000] "POST /comments/create HTTP/1.1" 302 46 "http://localhost:8000/" "Mozilla/5.0 (X11; Linux x86_64) AppleWebKit/537.36 (KHTML, like Gecko) Chrome/83.0.4103.106 Safari/537.36"
::1 - - [24/Jun/2020:18:25:56 +0000] "GET / HTTP/1.1" 200 30577 "http://localhost:8000/" "Mozilla/5.0 (X11; Linux x86_64) AppleWebKit/537.36 (KHTML, like Gecko) Chrome/83.0.4103.106 Safari/537.36"
::1 - - [24/Jun/2020:18:30:30 +0000] "GET /users/profile/5ee233349c48830765cb7464 HTTP/1.1" 304 - "http://localhost:8000/" "Mozilla/5.0 (X11; Linux x86_64) AppleWebKit/537.36 (KHTML, like Gecko) Chrome/83.0.4103.106 Safari/537.36"
::1 - - [24/Jun/2020:18:30:31 +0000] "GET /css/user_profile.css HTTP/1.1" 404 159 "http://localhost:8000/users/profile/5ee233349c48830765cb7464" "Mozilla/5.0 (X11; Linux x86_64) AppleWebKit/537.36 (KHTML, like Gecko) Chrome/83.0.4103.106 Safari/537.36"
::1 - - [24/Jun/2020:18:30:32 +0000] "GET / HTTP/1.1" 200 30189 "http://localhost:8000/users/profile/5ee233349c48830765cb7464" "Mozilla/5.0 (X11; Linux x86_64) AppleWebKit/537.36 (KHTML, like Gecko) Chrome/83.0.4103.106 Safari/537.36"
::1 - - [24/Jun/2020:18:30:51 +0000] "POST /posts/create HTTP/1.1" 200 380 "http://localhost:8000/" "Mozilla/5.0 (X11; Linux x86_64) AppleWebKit/537.36 (KHTML, like Gecko) Chrome/83.0.4103.106 Safari/537.36"
::1 - - [24/Jun/2020:18:30:54 +0000] "GET / HTTP/1.1" 200 31940 "http://localhost:8000/users/profile/5ee233349c48830765cb7464" "Mozilla/5.0 (X11; Linux x86_64) AppleWebKit/537.36 (KHTML, like Gecko) Chrome/83.0.4103.106 Safari/537.36"
::1 - - [24/Jun/2020:18:33:55 +0000] "GET / HTTP/1.1" 304 - "-" "Mozilla/5.0 (X11; Linux x86_64) AppleWebKit/537.36 (KHTML, like Gecko) Chrome/83.0.4103.106 Safari/537.36"
::1 - - [24/Jun/2020:18:36:06 +0000] "GET /users/profile/5ee233349c48830765cb7464 HTTP/1.1" 304 - "http://localhost:8000/" "Mozilla/5.0 (Linux; Android 5.0; SM-G900P Build/LRX21T) AppleWebKit/537.36 (KHTML, like Gecko) Chrome/83.0.4103.106 Mobile Safari/537.36"
::1 - - [24/Jun/2020:18:36:06 +0000] "GET /css/user_profile.css HTTP/1.1" 404 159 "http://localhost:8000/users/profile/5ee233349c48830765cb7464" "Mozilla/5.0 (Linux; Android 5.0; SM-G900P Build/LRX21T) AppleWebKit/537.36 (KHTML, like Gecko) Chrome/83.0.4103.106 Mobile Safari/537.36"
::1 - - [24/Jun/2020:18:38:23 +0000] "GET / HTTP/1.1" 304 - "http://localhost:8000/users/profile/5ee233349c48830765cb7464" "Mozilla/5.0 (Linux; Android 5.0; SM-G900P Build/LRX21T) AppleWebKit/537.36 (KHTML, like Gecko) Chrome/83.0.4103.106 Mobile Safari/537.36"
::1 - - [24/Jun/2020:18:45:46 +0000] "GET / HTTP/1.1" 304 - "http://localhost:8000/users/profile/5ee233349c48830765cb7464" "Mozilla/5.0 (X11; Linux x86_64) AppleWebKit/537.36 (KHTML, like Gecko) Chrome/83.0.4103.106 Safari/537.36"
