[0mGET / [36m302[0m 14.283 ms - 72[0m
[0mGET /users/sign-in [36m304[0m 6.408 ms - -[0m
[0mPOST /users/create-session [36m302[0m 9.655 ms - 46[0m
[0mGET / [32m200[0m 41.417 ms - 14146[0m
[0mPOST /likes/toggle/?id=5f2fffdbfc429c61b2c79743&type=Post [32m200[0m 105.419 ms - 57[0m
[0mPOST /likes/toggle/?id=5f2c078f1977ee774bdbe678&type=Post [32m200[0m 20.279 ms - 57[0m
[0mPOST /likes/toggle/?id=5f2c078f1977ee774bdbe678&type=Post [32m200[0m 29.041 ms - 56[0m
[0mPOST /likes/toggle/?id=5f2c078f1977ee774bdbe678&type=Post [32m200[0m 6.163 ms - 57[0m
[0mPOST /likes/toggle/?id=5f2c078f1977ee774bdbe678&type=Post [32m200[0m 21.983 ms - 56[0m
[0mPOST /likes/toggle/?id=5f2c078f1977ee774bdbe678&type=Post [32m200[0m 19.697 ms - 57[0m
[0mPOST /likes/toggle/?id=5f2c078f1977ee774bdbe678&type=Post [32m200[0m 9.720 ms - 56[0m
[0mPOST /likes/toggle/?id=5f2c078f1977ee774bdbe678&type=Post [32m200[0m 19.350 ms - 57[0m
[0mPOST /likes/toggle/?id=5f2c078f1977ee774bdbe678&type=Post [32m200[0m 20.664 ms - 56[0m
[0mGET / [32m200[0m 48.158 ms - 13827[0m
[0mPOST /search [32m200[0m 13.250 ms - 49[0m
[0mGET /users/chat/5f2bf8fb21066970e70ca06f [36m304[0m 30.090 ms - -[0m
[0mGET /users/chat/5f2bf8fb21066970e70ca06f [36m304[0m 31.924 ms - -[0m
[0mGET / [36m304[0m 36.630 ms - -[0m
[0mGET /users/features/calculator [32m200[0m 14.782 ms - 3976[0m
[0mGET / [36m304[0m 47.290 ms - -[0m
[0mGET /users/features/todo/5f2bf8ed21066970e70ca06e [32m200[0m 58.124 ms - 4172[0m
[0mGET /js/home.js [33m404[0m 13.469 ms - 149[0m
[0mGET /js/home.js [33m404[0m 5.752 ms - 149[0m
[0mGET / [36m304[0m 49.151 ms - -[0m
[0mGET /users/features/todo/5f2bf8ed21066970e70ca06e [36m304[0m 6.711 ms - -[0m
[0mGET /js/home.js [33m404[0m 5.997 ms - 149[0m
[0mGET /js/home.js [33m404[0m 2.939 ms - 149[0m
[0mGET / [36m304[0m 47.453 ms - -[0m
[0mGET /users/profile/5f2bf8ed21066970e70ca06e [32m200[0m 29.770 ms - 3854[0m
[0mPOST /users/update/5f2bf8ed21066970e70ca06e [36m302[0m 12.396 ms - 164[0m
[0mGET /users/profile/5f2bf8ed21066970e70ca06e [32m200[0m 11.072 ms - 3897[0m
[0mGET /users/profile/5f2bf8fb21066970e70ca06f [32m200[0m 23.835 ms - 3515[0m
[0mGET / [36m304[0m 44.956 ms - -[0m
[0mGET /posts/destroy/5f2fffdbfc429c61b2c79743 [32m200[0m 6.818 ms - 74[0m
[0mGET /posts/destroy/5f2ffad51977ee774bdbe67b [32m200[0m 16.644 ms - 74[0m
