::1 - - [07/Jun/2020:14:02:19 +0000] "GET / HTTP/1.1" 200 3117 "-" "Mozilla/5.0 (X11; Linux x86_64) AppleWebKit/537.36 (KHTML, like Gecko) Chrome/83.0.4103.61 Safari/537.36"
::1 - - [07/Jun/2020:14:02:21 +0000] "GET /favicon.ico HTTP/1.1" 404 150 "http://localhost:8000/" "Mozilla/5.0 (X11; Linux x86_64) AppleWebKit/537.36 (KHTML, like Gecko) Chrome/83.0.4103.61 Safari/537.36"
::1 - - [07/Jun/2020:14:02:27 +0000] "GET / HTTP/1.1" 304 - "-" "Mozilla/5.0 (X11; Linux x86_64) AppleWebKit/537.36 (KHTML, like Gecko) Chrome/83.0.4103.61 Safari/537.36"
::1 - - [07/Jun/2020:18:05:18 +0000] "GET / HTTP/1.1" 304 - "-" "Mozilla/5.0 (X11; Linux x86_64) AppleWebKit/537.36 (KHTML, like Gecko) Chrome/83.0.4103.61 Safari/537.36"
::1 - - [07/Jun/2020:18:05:19 +0000] "GET /favicon.ico HTTP/1.1" 404 150 "http://localhost:8000/" "Mozilla/5.0 (X11; Linux x86_64) AppleWebKit/537.36 (KHTML, like Gecko) Chrome/83.0.4103.61 Safari/537.36"
::1 - - [07/Jun/2020:18:05:20 +0000] "GET / HTTP/1.1" 304 - "-" "Mozilla/5.0 (X11; Linux x86_64) AppleWebKit/537.36 (KHTML, like Gecko) Chrome/83.0.4103.61 Safari/537.36"
::1 - - [07/Jun/2020:18:05:26 +0000] "GET /users/sign-in HTTP/1.1" 304 - "http://localhost:8000/" "Mozilla/5.0 (X11; Linux x86_64) AppleWebKit/537.36 (KHTML, like Gecko) Chrome/83.0.4103.61 Safari/537.36"
::1 - - [07/Jun/2020:18:05:35 +0000] "POST /users/create-session HTTP/1.1" 302 72 "http://localhost:8000/users/sign-in" "Mozilla/5.0 (X11; Linux x86_64) AppleWebKit/537.36 (KHTML, like Gecko) Chrome/83.0.4103.61 Safari/537.36"
::1 - - [07/Jun/2020:18:05:35 +0000] "GET /users/sign-in HTTP/1.1" 200 2697 "http://localhost:8000/users/sign-in" "Mozilla/5.0 (X11; Linux x86_64) AppleWebKit/537.36 (KHTML, like Gecko) Chrome/83.0.4103.61 Safari/537.36"
::1 - - [07/Jun/2020:18:05:43 +0000] "POST /users/create-session HTTP/1.1" 302 72 "http://localhost:8000/users/sign-in" "Mozilla/5.0 (X11; Linux x86_64) AppleWebKit/537.36 (KHTML, like Gecko) Chrome/83.0.4103.61 Safari/537.36"
::1 - - [07/Jun/2020:18:05:43 +0000] "GET /users/sign-in HTTP/1.1" 304 - "http://localhost:8000/users/sign-in" "Mozilla/5.0 (X11; Linux x86_64) AppleWebKit/537.36 (KHTML, like Gecko) Chrome/83.0.4103.61 Safari/537.36"
::1 - - [07/Jun/2020:18:05:50 +0000] "POST /users/create-session HTTP/1.1" 302 72 "http://localhost:8000/users/sign-in" "Mozilla/5.0 (X11; Linux x86_64) AppleWebKit/537.36 (KHTML, like Gecko) Chrome/83.0.4103.61 Safari/537.36"
::1 - - [07/Jun/2020:18:05:50 +0000] "GET /users/sign-in HTTP/1.1" 304 - "http://localhost:8000/users/sign-in" "Mozilla/5.0 (X11; Linux x86_64) AppleWebKit/537.36 (KHTML, like Gecko) Chrome/83.0.4103.61 Safari/537.36"
::1 - - [07/Jun/2020:18:05:57 +0000] "POST /users/create-session HTTP/1.1" 302 72 "http://localhost:8000/users/sign-in" "Mozilla/5.0 (X11; Linux x86_64) AppleWebKit/537.36 (KHTML, like Gecko) Chrome/83.0.4103.61 Safari/537.36"
::1 - - [07/Jun/2020:18:05:57 +0000] "GET /users/sign-in HTTP/1.1" 304 - "http://localhost:8000/users/sign-in" "Mozilla/5.0 (X11; Linux x86_64) AppleWebKit/537.36 (KHTML, like Gecko) Chrome/83.0.4103.61 Safari/537.36"
::1 - - [07/Jun/2020:18:06:01 +0000] "GET /users/sign-up HTTP/1.1" 304 - "http://localhost:8000/users/sign-in" "Mozilla/5.0 (X11; Linux x86_64) AppleWebKit/537.36 (KHTML, like Gecko) Chrome/83.0.4103.61 Safari/537.36"
::1 - - [07/Jun/2020:18:06:17 +0000] "POST /users/create HTTP/1.1" 302 72 "http://localhost:8000/users/sign-up" "Mozilla/5.0 (X11; Linux x86_64) AppleWebKit/537.36 (KHTML, like Gecko) Chrome/83.0.4103.61 Safari/537.36"
::1 - - [07/Jun/2020:18:06:17 +0000] "GET /users/sign-in HTTP/1.1" 200 2377 "http://localhost:8000/users/sign-up" "Mozilla/5.0 (X11; Linux x86_64) AppleWebKit/537.36 (KHTML, like Gecko) Chrome/83.0.4103.61 Safari/537.36"
::1 - - [07/Jun/2020:18:06:24 +0000] "POST /users/create-session HTTP/1.1" 302 46 "http://localhost:8000/users/sign-in" "Mozilla/5.0 (X11; Linux x86_64) AppleWebKit/537.36 (KHTML, like Gecko) Chrome/83.0.4103.61 Safari/537.36"
::1 - - [07/Jun/2020:18:06:24 +0000] "GET / HTTP/1.1" 200 4713 "http://localhost:8000/users/sign-in" "Mozilla/5.0 (X11; Linux x86_64) AppleWebKit/537.36 (KHTML, like Gecko) Chrome/83.0.4103.61 Safari/537.36"
::1 - - [07/Jun/2020:18:07:13 +0000] "GET / HTTP/1.1" 200 4313 "http://localhost:8000/" "Mozilla/5.0 (X11; Linux x86_64) AppleWebKit/537.36 (KHTML, like Gecko) Chrome/83.0.4103.61 Safari/537.36"
::1 - - [07/Jun/2020:18:07:16 +0000] "GET /users/profile/5edd2c99c3e85326d4cdb3c7 HTTP/1.1" 200 2623 "http://localhost:8000/" "Mozilla/5.0 (X11; Linux x86_64) AppleWebKit/537.36 (KHTML, like Gecko) Chrome/83.0.4103.61 Safari/537.36"
::1 - - [07/Jun/2020:18:07:18 +0000] "GET / HTTP/1.1" 304 - "http://localhost:8000/users/profile/5edd2c99c3e85326d4cdb3c7" "Mozilla/5.0 (X11; Linux x86_64) AppleWebKit/537.36 (KHTML, like Gecko) Chrome/83.0.4103.61 Safari/537.36"
::1 - - [07/Jun/2020:18:07:20 +0000] "GET /users/profile/5edd2c99c3e85326d4cdb3c7 HTTP/1.1" 304 - "http://localhost:8000/" "Mozilla/5.0 (X11; Linux x86_64) AppleWebKit/537.36 (KHTML, like Gecko) Chrome/83.0.4103.61 Safari/537.36"
::1 - - [07/Jun/2020:18:07:21 +0000] "GET / HTTP/1.1" 304 - "http://localhost:8000/users/profile/5edd2c99c3e85326d4cdb3c7" "Mozilla/5.0 (X11; Linux x86_64) AppleWebKit/537.36 (KHTML, like Gecko) Chrome/83.0.4103.61 Safari/537.36"
::1 - - [07/Jun/2020:18:07:22 +0000] "GET /users/features/todo/5edd2c99c3e85326d4cdb3c7 HTTP/1.1" 200 3970 "http://localhost:8000/" "Mozilla/5.0 (X11; Linux x86_64) AppleWebKit/537.36 (KHTML, like Gecko) Chrome/83.0.4103.61 Safari/537.36"
::1 - - [07/Jun/2020:18:07:22 +0000] "GET /js/home.js HTTP/1.1" 404 149 "http://localhost:8000/users/features/todo/5edd2c99c3e85326d4cdb3c7" "Mozilla/5.0 (X11; Linux x86_64) AppleWebKit/537.36 (KHTML, like Gecko) Chrome/83.0.4103.61 Safari/537.36"
::1 - - [07/Jun/2020:18:07:22 +0000] "GET /js/home.js HTTP/1.1" 404 149 "http://localhost:8000/users/features/todo/5edd2c99c3e85326d4cdb3c7" "Mozilla/5.0 (X11; Linux x86_64) AppleWebKit/537.36 (KHTML, like Gecko) Chrome/83.0.4103.61 Safari/537.36"
::1 - - [07/Jun/2020:18:07:24 +0000] "GET / HTTP/1.1" 304 - "http://localhost:8000/users/features/todo/5edd2c99c3e85326d4cdb3c7" "Mozilla/5.0 (X11; Linux x86_64) AppleWebKit/537.36 (KHTML, like Gecko) Chrome/83.0.4103.61 Safari/537.36"
::1 - - [07/Jun/2020:18:07:38 +0000] "GET / HTTP/1.1" 304 - "http://localhost:8000/users/features/todo/5edd2c99c3e85326d4cdb3c7" "Mozilla/5.0 (X11; Linux x86_64) AppleWebKit/537.36 (KHTML, like Gecko) Chrome/83.0.4103.61 Safari/537.36"
::1 - - [07/Jun/2020:18:07:39 +0000] "GET / HTTP/1.1" 304 - "http://localhost:8000/users/features/todo/5edd2c99c3e85326d4cdb3c7" "Mozilla/5.0 (X11; Linux x86_64) AppleWebKit/537.36 (KHTML, like Gecko) Chrome/83.0.4103.61 Safari/537.36"
::1 - - [07/Jun/2020:18:07:40 +0000] "GET / HTTP/1.1" 304 - "http://localhost:8000/users/features/todo/5edd2c99c3e85326d4cdb3c7" "Mozilla/5.0 (X11; Linux x86_64) AppleWebKit/537.36 (KHTML, like Gecko) Chrome/83.0.4103.61 Safari/537.36"
::1 - - [07/Jun/2020:18:07:40 +0000] "GET / HTTP/1.1" 304 - "http://localhost:8000/users/features/todo/5edd2c99c3e85326d4cdb3c7" "Mozilla/5.0 (X11; Linux x86_64) AppleWebKit/537.36 (KHTML, like Gecko) Chrome/83.0.4103.61 Safari/537.36"
::1 - - [07/Jun/2020:18:09:03 +0000] "GET / HTTP/1.1" 304 - "http://localhost:8000/users/features/todo/5edd2c99c3e85326d4cdb3c7" "Mozilla/5.0 (X11; Linux x86_64) AppleWebKit/537.36 (KHTML, like Gecko) Chrome/83.0.4103.61 Safari/537.36"
