::1 - - [07/Jun/2020:20:25:51 +0000] "GET / HTTP/1.1" 200 3230 "-" "Mozilla/5.0 (X11; Linux x86_64) AppleWebKit/537.36 (KHTML, like Gecko) Chrome/83.0.4103.61 Safari/537.36"
::1 - - [07/Jun/2020:20:25:51 +0000] "GET /favicon.ico HTTP/1.1" 404 150 "http://localhost:8000/" "Mozilla/5.0 (X11; Linux x86_64) AppleWebKit/537.36 (KHTML, like Gecko) Chrome/83.0.4103.61 Safari/537.36"
::1 - - [07/Jun/2020:20:25:54 +0000] "GET / HTTP/1.1" 304 - "-" "Mozilla/5.0 (X11; Linux x86_64) AppleWebKit/537.36 (KHTML, like Gecko) Chrome/83.0.4103.61 Safari/537.36"
::1 - - [07/Jun/2020:20:25:55 +0000] "GET / HTTP/1.1" 304 - "-" "Mozilla/5.0 (X11; Linux x86_64) AppleWebKit/537.36 (KHTML, like Gecko) Chrome/83.0.4103.61 Safari/537.36"
::1 - - [07/Jun/2020:20:25:56 +0000] "GET / HTTP/1.1" 304 - "-" "Mozilla/5.0 (X11; Linux x86_64) AppleWebKit/537.36 (KHTML, like Gecko) Chrome/83.0.4103.61 Safari/537.36"
::1 - - [07/Jun/2020:20:25:56 +0000] "GET / HTTP/1.1" 304 - "-" "Mozilla/5.0 (X11; Linux x86_64) AppleWebKit/537.36 (KHTML, like Gecko) Chrome/83.0.4103.61 Safari/537.36"
::1 - - [07/Jun/2020:20:25:56 +0000] "GET / HTTP/1.1" 304 - "-" "Mozilla/5.0 (X11; Linux x86_64) AppleWebKit/537.36 (KHTML, like Gecko) Chrome/83.0.4103.61 Safari/537.36"
::1 - - [07/Jun/2020:20:29:17 +0000] "GET / HTTP/1.1" 304 - "-" "Mozilla/5.0 (X11; Linux x86_64) AppleWebKit/537.36 (KHTML, like Gecko) Chrome/83.0.4103.61 Safari/537.36"
::1 - - [07/Jun/2020:20:29:19 +0000] "GET / HTTP/1.1" 304 - "-" "Mozilla/5.0 (X11; Linux x86_64) AppleWebKit/537.36 (KHTML, like Gecko) Chrome/83.0.4103.61 Safari/537.36"
::1 - - [07/Jun/2020:20:38:05 +0000] "GET / HTTP/1.1" 304 - "-" "Mozilla/5.0 (X11; Linux x86_64) AppleWebKit/537.36 (KHTML, like Gecko) Chrome/83.0.4103.61 Safari/537.36"
::1 - - [07/Jun/2020:20:38:08 +0000] "GET / HTTP/1.1" 304 - "-" "Mozilla/5.0 (X11; Linux x86_64) AppleWebKit/537.36 (KHTML, like Gecko) Chrome/83.0.4103.61 Safari/537.36"
::1 - - [08/Jun/2020:06:31:24 +0000] "GET / HTTP/1.1" 304 - "http://localhost:8000/" "Mozilla/5.0 (X11; Linux x86_64) AppleWebKit/537.36 (KHTML, like Gecko) Chrome/83.0.4103.61 Safari/537.36"
::1 - - [08/Jun/2020:06:31:27 +0000] "GET /users/sign-in HTTP/1.1" 304 - "http://localhost:8000/" "Mozilla/5.0 (X11; Linux x86_64) AppleWebKit/537.36 (KHTML, like Gecko) Chrome/83.0.4103.61 Safari/537.36"
::1 - - [08/Jun/2020:06:31:32 +0000] "GET /users/sign-up HTTP/1.1" 304 - "http://localhost:8000/users/sign-in" "Mozilla/5.0 (X11; Linux x86_64) AppleWebKit/537.36 (KHTML, like Gecko) Chrome/83.0.4103.61 Safari/537.36"
::1 - - [08/Jun/2020:06:31:54 +0000] "POST /users/create HTTP/1.1" 302 72 "http://localhost:8000/users/sign-up" "Mozilla/5.0 (X11; Linux x86_64) AppleWebKit/537.36 (KHTML, like Gecko) Chrome/83.0.4103.61 Safari/537.36"
::1 - - [08/Jun/2020:06:31:54 +0000] "GET /users/sign-in HTTP/1.1" 304 - "http://localhost:8000/users/sign-up" "Mozilla/5.0 (X11; Linux x86_64) AppleWebKit/537.36 (KHTML, like Gecko) Chrome/83.0.4103.61 Safari/537.36"
::1 - - [08/Jun/2020:06:31:59 +0000] "POST /users/create-session HTTP/1.1" 302 46 "http://localhost:8000/users/sign-in" "Mozilla/5.0 (X11; Linux x86_64) AppleWebKit/537.36 (KHTML, like Gecko) Chrome/83.0.4103.61 Safari/537.36"
::1 - - [08/Jun/2020:06:31:59 +0000] "GET / HTTP/1.1" 200 4827 "http://localhost:8000/users/sign-in" "Mozilla/5.0 (X11; Linux x86_64) AppleWebKit/537.36 (KHTML, like Gecko) Chrome/83.0.4103.61 Safari/537.36"
::1 - - [08/Jun/2020:06:32:03 +0000] "GET / HTTP/1.1" 200 4427 "http://localhost:8000/" "Mozilla/5.0 (X11; Linux x86_64) AppleWebKit/537.36 (KHTML, like Gecko) Chrome/83.0.4103.61 Safari/537.36"
::1 - - [08/Jun/2020:06:32:05 +0000] "GET /users/sign-out HTTP/1.1" 302 46 "http://localhost:8000/" "Mozilla/5.0 (X11; Linux x86_64) AppleWebKit/537.36 (KHTML, like Gecko) Chrome/83.0.4103.61 Safari/537.36"
::1 - - [08/Jun/2020:06:32:05 +0000] "GET / HTTP/1.1" 200 3736 "http://localhost:8000/" "Mozilla/5.0 (X11; Linux x86_64) AppleWebKit/537.36 (KHTML, like Gecko) Chrome/83.0.4103.61 Safari/537.36"
::1 - - [08/Jun/2020:06:32:09 +0000] "GET /users/sign-up HTTP/1.1" 304 - "http://localhost:8000/" "Mozilla/5.0 (X11; Linux x86_64) AppleWebKit/537.36 (KHTML, like Gecko) Chrome/83.0.4103.61 Safari/537.36"
::1 - - [08/Jun/2020:06:32:17 +0000] "POST /users/create HTTP/1.1" 302 72 "http://localhost:8000/users/sign-up" "Mozilla/5.0 (X11; Linux x86_64) AppleWebKit/537.36 (KHTML, like Gecko) Chrome/83.0.4103.61 Safari/537.36"
::1 - - [08/Jun/2020:06:32:17 +0000] "GET /users/sign-in HTTP/1.1" 304 - "http://localhost:8000/users/sign-up" "Mozilla/5.0 (X11; Linux x86_64) AppleWebKit/537.36 (KHTML, like Gecko) Chrome/83.0.4103.61 Safari/537.36"
::1 - - [08/Jun/2020:06:32:22 +0000] "POST /users/create-session HTTP/1.1" 302 46 "http://localhost:8000/users/sign-in" "Mozilla/5.0 (X11; Linux x86_64) AppleWebKit/537.36 (KHTML, like Gecko) Chrome/83.0.4103.61 Safari/537.36"
::1 - - [08/Jun/2020:06:32:22 +0000] "GET / HTTP/1.1" 200 4951 "http://localhost:8000/users/sign-in" "Mozilla/5.0 (X11; Linux x86_64) AppleWebKit/537.36 (KHTML, like Gecko) Chrome/83.0.4103.61 Safari/537.36"
::1 - - [08/Jun/2020:06:32:26 +0000] "GET /users/sign-out HTTP/1.1" 302 46 "http://localhost:8000/" "Mozilla/5.0 (X11; Linux x86_64) AppleWebKit/537.36 (KHTML, like Gecko) Chrome/83.0.4103.61 Safari/537.36"
::1 - - [08/Jun/2020:06:32:26 +0000] "GET / HTTP/1.1" 200 3848 "http://localhost:8000/" "Mozilla/5.0 (X11; Linux x86_64) AppleWebKit/537.36 (KHTML, like Gecko) Chrome/83.0.4103.61 Safari/537.36"
::1 - - [08/Jun/2020:06:32:29 +0000] "GET /users/sign-in HTTP/1.1" 304 - "http://localhost:8000/" "Mozilla/5.0 (X11; Linux x86_64) AppleWebKit/537.36 (KHTML, like Gecko) Chrome/83.0.4103.61 Safari/537.36"
::1 - - [08/Jun/2020:06:32:32 +0000] "GET /users/sign-up HTTP/1.1" 304 - "http://localhost:8000/users/sign-in" "Mozilla/5.0 (X11; Linux x86_64) AppleWebKit/537.36 (KHTML, like Gecko) Chrome/83.0.4103.61 Safari/537.36"
::1 - - [08/Jun/2020:06:32:49 +0000] "POST /users/create HTTP/1.1" 302 72 "http://localhost:8000/users/sign-up" "Mozilla/5.0 (X11; Linux x86_64) AppleWebKit/537.36 (KHTML, like Gecko) Chrome/83.0.4103.61 Safari/537.36"
::1 - - [08/Jun/2020:06:32:49 +0000] "GET /users/sign-in HTTP/1.1" 304 - "http://localhost:8000/users/sign-up" "Mozilla/5.0 (X11; Linux x86_64) AppleWebKit/537.36 (KHTML, like Gecko) Chrome/83.0.4103.61 Safari/537.36"
::1 - - [08/Jun/2020:06:32:56 +0000] "POST /users/create-session HTTP/1.1" 302 46 "http://localhost:8000/users/sign-in" "Mozilla/5.0 (X11; Linux x86_64) AppleWebKit/537.36 (KHTML, like Gecko) Chrome/83.0.4103.61 Safari/537.36"
::1 - - [08/Jun/2020:06:32:56 +0000] "GET / HTTP/1.1" 200 5054 "http://localhost:8000/users/sign-in" "Mozilla/5.0 (X11; Linux x86_64) AppleWebKit/537.36 (KHTML, like Gecko) Chrome/83.0.4103.61 Safari/537.36"
::1 - - [08/Jun/2020:06:33:00 +0000] "GET /users/sign-out HTTP/1.1" 302 46 "http://localhost:8000/" "Mozilla/5.0 (X11; Linux x86_64) AppleWebKit/537.36 (KHTML, like Gecko) Chrome/83.0.4103.61 Safari/537.36"
::1 - - [08/Jun/2020:06:33:00 +0000] "GET / HTTP/1.1" 200 3961 "http://localhost:8000/" "Mozilla/5.0 (X11; Linux x86_64) AppleWebKit/537.36 (KHTML, like Gecko) Chrome/83.0.4103.61 Safari/537.36"
::1 - - [08/Jun/2020:06:33:03 +0000] "GET /users/sign-in HTTP/1.1" 304 - "http://localhost:8000/" "Mozilla/5.0 (X11; Linux x86_64) AppleWebKit/537.36 (KHTML, like Gecko) Chrome/83.0.4103.61 Safari/537.36"
::1 - - [08/Jun/2020:06:33:10 +0000] "GET /users/sign-up HTTP/1.1" 304 - "http://localhost:8000/users/sign-in" "Mozilla/5.0 (X11; Linux x86_64) AppleWebKit/537.36 (KHTML, like Gecko) Chrome/83.0.4103.61 Safari/537.36"
::1 - - [08/Jun/2020:06:33:29 +0000] "POST /users/create HTTP/1.1" 302 72 "http://localhost:8000/users/sign-up" "Mozilla/5.0 (X11; Linux x86_64) AppleWebKit/537.36 (KHTML, like Gecko) Chrome/83.0.4103.61 Safari/537.36"
::1 - - [08/Jun/2020:06:33:29 +0000] "GET /users/sign-in HTTP/1.1" 304 - "http://localhost:8000/users/sign-up" "Mozilla/5.0 (X11; Linux x86_64) AppleWebKit/537.36 (KHTML, like Gecko) Chrome/83.0.4103.61 Safari/537.36"
::1 - - [08/Jun/2020:06:33:35 +0000] "POST /users/create-session HTTP/1.1" 302 46 "http://localhost:8000/users/sign-in" "Mozilla/5.0 (X11; Linux x86_64) AppleWebKit/537.36 (KHTML, like Gecko) Chrome/83.0.4103.61 Safari/537.36"
::1 - - [08/Jun/2020:06:33:35 +0000] "GET / HTTP/1.1" 200 5169 "http://localhost:8000/users/sign-in" "Mozilla/5.0 (X11; Linux x86_64) AppleWebKit/537.36 (KHTML, like Gecko) Chrome/83.0.4103.61 Safari/537.36"
::1 - - [08/Jun/2020:06:33:44 +0000] "GET / HTTP/1.1" 200 4769 "http://localhost:8000/" "Mozilla/5.0 (X11; Linux x86_64) AppleWebKit/537.36 (KHTML, like Gecko) Chrome/83.0.4103.61 Safari/537.36"
::1 - - [08/Jun/2020:06:33:47 +0000] "GET /users/profile/5edddbb9fc45db4389bc50a6 HTTP/1.1" 200 2629 "http://localhost:8000/" "Mozilla/5.0 (X11; Linux x86_64) AppleWebKit/537.36 (KHTML, like Gecko) Chrome/83.0.4103.61 Safari/537.36"
::1 - - [08/Jun/2020:06:33:51 +0000] "GET / HTTP/1.1" 304 - "http://localhost:8000/users/profile/5edddbb9fc45db4389bc50a6" "Mozilla/5.0 (X11; Linux x86_64) AppleWebKit/537.36 (KHTML, like Gecko) Chrome/83.0.4103.61 Safari/537.36"
::1 - - [08/Jun/2020:06:33:54 +0000] "GET /users/profile/5edddb71fc45db4389bc50a4 HTTP/1.1" 200 2453 "http://localhost:8000/" "Mozilla/5.0 (X11; Linux x86_64) AppleWebKit/537.36 (KHTML, like Gecko) Chrome/83.0.4103.61 Safari/537.36"
::1 - - [08/Jun/2020:06:45:05 +0000] "GET /users/profile/5edddb71fc45db4389bc50a4 HTTP/1.1" 304 - "http://localhost:8000/" "Mozilla/5.0 (X11; Linux x86_64) AppleWebKit/537.36 (KHTML, like Gecko) Chrome/83.0.4103.61 Safari/537.36"
::1 - - [08/Jun/2020:06:45:07 +0000] "GET /users/profile/5edddb71fc45db4389bc50a4 HTTP/1.1" 304 - "http://localhost:8000/" "Mozilla/5.0 (X11; Linux x86_64) AppleWebKit/537.36 (KHTML, like Gecko) Chrome/83.0.4103.61 Safari/537.36"
::1 - - [08/Jun/2020:06:45:15 +0000] "GET /users/profile/5edddb71fc45db4389bc50a4 HTTP/1.1" 304 - "http://localhost:8000/" "Mozilla/5.0 (X11; Linux x86_64) AppleWebKit/537.36 (KHTML, like Gecko) Chrome/83.0.4103.61 Safari/537.36"
::1 - - [08/Jun/2020:06:45:15 +0000] "GET /users/profile/5edddb71fc45db4389bc50a4 HTTP/1.1" 304 - "http://localhost:8000/" "Mozilla/5.0 (X11; Linux x86_64) AppleWebKit/537.36 (KHTML, like Gecko) Chrome/83.0.4103.61 Safari/537.36"
::1 - - [08/Jun/2020:06:45:16 +0000] "GET /users/profile/5edddb71fc45db4389bc50a4 HTTP/1.1" 304 - "http://localhost:8000/" "Mozilla/5.0 (X11; Linux x86_64) AppleWebKit/537.36 (KHTML, like Gecko) Chrome/83.0.4103.61 Safari/537.36"
::1 - - [08/Jun/2020:06:45:16 +0000] "GET /users/profile/5edddb71fc45db4389bc50a4 HTTP/1.1" 304 - "http://localhost:8000/" "Mozilla/5.0 (X11; Linux x86_64) AppleWebKit/537.36 (KHTML, like Gecko) Chrome/83.0.4103.61 Safari/537.36"
::1 - - [08/Jun/2020:06:45:16 +0000] "GET /users/profile/5edddb71fc45db4389bc50a4 HTTP/1.1" 304 - "http://localhost:8000/" "Mozilla/5.0 (X11; Linux x86_64) AppleWebKit/537.36 (KHTML, like Gecko) Chrome/83.0.4103.61 Safari/537.36"
::1 - - [08/Jun/2020:06:49:15 +0000] "GET /users/profile/5edddb71fc45db4389bc50a4 HTTP/1.1" 200 2472 "http://localhost:8000/" "Mozilla/5.0 (X11; Linux x86_64) AppleWebKit/537.36 (KHTML, like Gecko) Chrome/83.0.4103.61 Safari/537.36"
::1 - - [08/Jun/2020:06:49:20 +0000] "GET / HTTP/1.1" 304 - "-" "Mozilla/5.0 (X11; Linux x86_64) AppleWebKit/537.36 (KHTML, like Gecko) Chrome/83.0.4103.61 Safari/537.36"
::1 - - [08/Jun/2020:06:49:25 +0000] "GET /users/profile/5edddb5afc45db4389bc50a3 HTTP/1.1" 200 2460 "http://localhost:8000/" "Mozilla/5.0 (X11; Linux x86_64) AppleWebKit/537.36 (KHTML, like Gecko) Chrome/83.0.4103.61 Safari/537.36"
::1 - - [08/Jun/2020:06:49:28 +0000] "GET / HTTP/1.1" 304 - "http://localhost:8000/users/profile/5edddb5afc45db4389bc50a3" "Mozilla/5.0 (X11; Linux x86_64) AppleWebKit/537.36 (KHTML, like Gecko) Chrome/83.0.4103.61 Safari/537.36"
::1 - - [08/Jun/2020:06:49:30 +0000] "GET /users/profile/5edd2c99c3e85326d4cdb3c7 HTTP/1.1" 200 2459 "http://localhost:8000/" "Mozilla/5.0 (X11; Linux x86_64) AppleWebKit/537.36 (KHTML, like Gecko) Chrome/83.0.4103.61 Safari/537.36"
::1 - - [08/Jun/2020:06:49:32 +0000] "GET / HTTP/1.1" 304 - "http://localhost:8000/users/profile/5edd2c99c3e85326d4cdb3c7" "Mozilla/5.0 (X11; Linux x86_64) AppleWebKit/537.36 (KHTML, like Gecko) Chrome/83.0.4103.61 Safari/537.36"
::1 - - [08/Jun/2020:06:51:42 +0000] "GET /users/profile/5edddb71fc45db4389bc50a4 HTTP/1.1" 304 - "http://localhost:8000/" "Mozilla/5.0 (X11; Linux x86_64) AppleWebKit/537.36 (KHTML, like Gecko) Chrome/83.0.4103.61 Safari/537.36"
::1 - - [08/Jun/2020:06:51:43 +0000] "GET /users/profile/5edddb71fc45db4389bc50a4 HTTP/1.1" 304 - "http://localhost:8000/" "Mozilla/5.0 (X11; Linux x86_64) AppleWebKit/537.36 (KHTML, like Gecko) Chrome/83.0.4103.61 Safari/537.36"
::1 - - [08/Jun/2020:06:51:44 +0000] "GET /users/profile/5edddb71fc45db4389bc50a4 HTTP/1.1" 304 - "http://localhost:8000/" "Mozilla/5.0 (X11; Linux x86_64) AppleWebKit/537.36 (KHTML, like Gecko) Chrome/83.0.4103.61 Safari/537.36"
::1 - - [08/Jun/2020:06:51:44 +0000] "GET /users/profile/5edddb71fc45db4389bc50a4 HTTP/1.1" 304 - "http://localhost:8000/" "Mozilla/5.0 (X11; Linux x86_64) AppleWebKit/537.36 (KHTML, like Gecko) Chrome/83.0.4103.61 Safari/537.36"
::1 - - [08/Jun/2020:06:51:45 +0000] "GET /users/profile/5edddb71fc45db4389bc50a4 HTTP/1.1" 304 - "http://localhost:8000/" "Mozilla/5.0 (X11; Linux x86_64) AppleWebKit/537.36 (KHTML, like Gecko) Chrome/83.0.4103.61 Safari/537.36"
::1 - - [08/Jun/2020:06:51:49 +0000] "GET / HTTP/1.1" 304 - "-" "Mozilla/5.0 (X11; Linux x86_64) AppleWebKit/537.36 (KHTML, like Gecko) Chrome/83.0.4103.61 Safari/537.36"
::1 - - [08/Jun/2020:06:51:53 +0000] "GET / HTTP/1.1" 304 - "-" "Mozilla/5.0 (X11; Linux x86_64) AppleWebKit/537.36 (KHTML, like Gecko) Chrome/83.0.4103.61 Safari/537.36"
::1 - - [08/Jun/2020:06:51:53 +0000] "GET / HTTP/1.1" 304 - "-" "Mozilla/5.0 (X11; Linux x86_64) AppleWebKit/537.36 (KHTML, like Gecko) Chrome/83.0.4103.61 Safari/537.36"
::1 - - [08/Jun/2020:06:51:56 +0000] "GET /users/profile/5edddb5afc45db4389bc50a3 HTTP/1.1" 304 - "http://localhost:8000/" "Mozilla/5.0 (X11; Linux x86_64) AppleWebKit/537.36 (KHTML, like Gecko) Chrome/83.0.4103.61 Safari/537.36"
::1 - - [08/Jun/2020:06:51:57 +0000] "POST /isfriend/5edddbb9fc45db4389bc50a6 HTTP/1.1" 302 164 "http://localhost:8000/users/profile/5edddb5afc45db4389bc50a3" "Mozilla/5.0 (X11; Linux x86_64) AppleWebKit/537.36 (KHTML, like Gecko) Chrome/83.0.4103.61 Safari/537.36"
::1 - - [08/Jun/2020:06:51:57 +0000] "GET /users/profile/5edddb5afc45db4389bc50a3 HTTP/1.1" 200 2854 "http://localhost:8000/users/profile/5edddb5afc45db4389bc50a3" "Mozilla/5.0 (X11; Linux x86_64) AppleWebKit/537.36 (KHTML, like Gecko) Chrome/83.0.4103.61 Safari/537.36"
::1 - - [08/Jun/2020:06:59:30 +0000] "GET / HTTP/1.1" 304 - "-" "Mozilla/5.0 (X11; Linux x86_64) AppleWebKit/537.36 (KHTML, like Gecko) Chrome/83.0.4103.61 Safari/537.36"
::1 - - [08/Jun/2020:06:59:34 +0000] "GET /users/profile/5edddbb9fc45db4389bc50a6 HTTP/1.1" 304 - "http://localhost:8000/" "Mozilla/5.0 (X11; Linux x86_64) AppleWebKit/537.36 (KHTML, like Gecko) Chrome/83.0.4103.61 Safari/537.36"
::1 - - [08/Jun/2020:06:59:39 +0000] "GET / HTTP/1.1" 304 - "http://localhost:8000/users/profile/5edddbb9fc45db4389bc50a6" "Mozilla/5.0 (X11; Linux x86_64) AppleWebKit/537.36 (KHTML, like Gecko) Chrome/83.0.4103.61 Safari/537.36"
::1 - - [08/Jun/2020:07:31:54 +0000] "GET / HTTP/1.1" 304 - "-" "Mozilla/5.0 (X11; Linux x86_64) AppleWebKit/537.36 (KHTML, like Gecko) Chrome/83.0.4103.61 Safari/537.36"
::1 - - [08/Jun/2020:07:31:59 +0000] "GET /users/sign-out HTTP/1.1" 302 46 "http://localhost:8000/" "Mozilla/5.0 (X11; Linux x86_64) AppleWebKit/537.36 (KHTML, like Gecko) Chrome/83.0.4103.61 Safari/537.36"
::1 - - [08/Jun/2020:07:31:59 +0000] "GET / HTTP/1.1" 200 4074 "http://localhost:8000/" "Mozilla/5.0 (X11; Linux x86_64) AppleWebKit/537.36 (KHTML, like Gecko) Chrome/83.0.4103.61 Safari/537.36"
::1 - - [08/Jun/2020:07:32:03 +0000] "GET /users/sign-in HTTP/1.1" 304 - "http://localhost:8000/" "Mozilla/5.0 (X11; Linux x86_64) AppleWebKit/537.36 (KHTML, like Gecko) Chrome/83.0.4103.61 Safari/537.36"
::1 - - [08/Jun/2020:07:32:06 +0000] "GET /users/auth/google HTTP/1.1" 302 0 "http://localhost:8000/users/sign-in" "Mozilla/5.0 (X11; Linux x86_64) AppleWebKit/537.36 (KHTML, like Gecko) Chrome/83.0.4103.61 Safari/537.36"
::1 - - [08/Jun/2020:07:33:45 +0000] "GET /users/sign-in HTTP/1.1" 304 - "http://localhost:8000/" "Mozilla/5.0 (X11; Linux x86_64) AppleWebKit/537.36 (KHTML, like Gecko) Chrome/83.0.4103.61 Safari/537.36"
::1 - - [08/Jun/2020:07:33:48 +0000] "GET /users/sign-in HTTP/1.1" 304 - "http://localhost:8000/" "Mozilla/5.0 (X11; Linux x86_64) AppleWebKit/537.36 (KHTML, like Gecko) Chrome/83.0.4103.61 Safari/537.36"
::1 - - [08/Jun/2020:07:33:51 +0000] "GET /users/auth/google HTTP/1.1" 302 0 "http://localhost:8000/users/sign-in" "Mozilla/5.0 (X11; Linux x86_64) AppleWebKit/537.36 (KHTML, like Gecko) Chrome/83.0.4103.61 Safari/537.36"
::1 - - [08/Jun/2020:08:35:38 +0000] "GET /favicon.ico HTTP/1.1" 404 150 "http://localhost:8000/" "Mozilla/5.0 (X11; Linux x86_64) AppleWebKit/537.36 (KHTML, like Gecko) Chrome/83.0.4103.61 Safari/537.36"
[0mGET / [32m200[0m 86.757 ms - 8250[0m
[0mGET /users/sign-in [36m304[0m 27.786 ms - -[0m
[0mGET /users/auth/google [36m302[0m 16.895 ms - 0[0m
::1 - - [08/Jun/2020:10:16:57 +0000] "POST /users/create-session HTTP/1.1" 302 46 "http://localhost:8000/users/sign-in" "Mozilla/5.0 (X11; Linux x86_64) AppleWebKit/537.36 (KHTML, like Gecko) Chrome/83.0.4103.61 Safari/537.36"
::1 - - [08/Jun/2020:10:16:57 +0000] "GET / HTTP/1.1" 200 5177 "http://localhost:8000/users/sign-in" "Mozilla/5.0 (X11; Linux x86_64) AppleWebKit/537.36 (KHTML, like Gecko) Chrome/83.0.4103.61 Safari/537.36"
::1 - - [08/Jun/2020:10:17:01 +0000] "GET /users/profile/5edddb5afc45db4389bc50a3 HTTP/1.1" 200 2459 "http://localhost:8000/" "Mozilla/5.0 (X11; Linux x86_64) AppleWebKit/537.36 (KHTML, like Gecko) Chrome/83.0.4103.61 Safari/537.36"
::1 - - [08/Jun/2020:10:17:04 +0000] "GET /users/sign-out HTTP/1.1" 302 46 "http://localhost:8000/users/profile/5edddb5afc45db4389bc50a3" "Mozilla/5.0 (X11; Linux x86_64) AppleWebKit/537.36 (KHTML, like Gecko) Chrome/83.0.4103.61 Safari/537.36"
::1 - - [08/Jun/2020:10:17:04 +0000] "GET / HTTP/1.1" 200 4074 "http://localhost:8000/users/profile/5edddb5afc45db4389bc50a3" "Mozilla/5.0 (X11; Linux x86_64) AppleWebKit/537.36 (KHTML, like Gecko) Chrome/83.0.4103.61 Safari/537.36"
[0mGET / [32m200[0m 381.798 ms - 3117[0m
[0mGET /favicon.ico [33m404[0m 62.606 ms - 150[0m
[0mGET /users/sign-in [32m200[0m 45.904 ms - 2377[0m
[0mPOST /users/create-session [36m302[0m 9.128 ms - 72[0m
[0mGET /users/sign-in [32m200[0m 7.189 ms - 2697[0m
[0mGET /users/sign-up [32m200[0m 46.208 ms - 2362[0m
[0mPOST /users/create [36m302[0m 28.319 ms - 72[0m
[0mGET /users/sign-in [32m200[0m 5.358 ms - 2377[0m
[0mPOST /users/create-session [36m302[0m 14.069 ms - 46[0m
[0mGET / [32m200[0m 14.766 ms - 4727[0m
[0mGET / [32m200[0m 16.101 ms - 4327[0m
[0mGET / [36m304[0m 13.175 ms - -[0m
[0mGET / [36m304[0m 16.876 ms - -[0m
[0mGET / [36m304[0m 14.033 ms - -[0m
[0mGET / [36m304[0m 24.001 ms - -[0m
[0mGET / [36m304[0m 16.593 ms - -[0m
[0mGET / [36m304[0m 65.019 ms - -[0m
[0mGET /users/profile/5ee225735a828f7e777fd404 [32m200[0m 16.479 ms - 2644[0m
[0mGET /users/profile/5ee225735a828f7e777fd404 [36m304[0m 15.238 ms - -[0m
[0mGET /users/sign-out [36m302[0m 60.475 ms - 46[0m
[0mGET / [32m200[0m 12.748 ms - 3631[0m
[0mGET /users/sign-in [36m304[0m 12.111 ms - -[0m
[0mGET /users/sign-up [36m304[0m 12.054 ms - -[0m
[0mPOST /users/create [36m302[0m 18.016 ms - 72[0m
[0mGET /users/sign-in [36m304[0m 5.161 ms - -[0m
[0mPOST /users/create-session [36m302[0m 16.960 ms - 46[0m
[0mGET / [32m200[0m 16.262 ms - 4860[0m
[0mGET /users/profile/5ee233349c48830765cb7464 [32m200[0m 23.349 ms - 2656[0m
[0mGET / [32m200[0m 26.883 ms - 4460[0m
[0mGET /users/profile/5ee225735a828f7e777fd404 [32m200[0m 20.863 ms - 2479[0m
[0mGET /users/profile/5ee225735a828f7e777fd404 [36m304[0m 14.934 ms - -[0m
[0mGET /users/profile/5ee225735a828f7e777fd404 [36m304[0m 9.314 ms - -[0m
[0mGET /users/profile/5ee233349c48830765cb7464 [36m304[0m 19.014 ms - -[0m
[0mGET / [36m304[0m 22.394 ms - -[0m
[0mGET /users/profile/5ee225735a828f7e777fd404 [36m304[0m 20.802 ms - -[0m
[0mGET /users/profile/5ee225735a828f7e777fd404 [36m304[0m 17.307 ms - -[0m
[0mGET /users/profile/5ee225735a828f7e777fd404 [36m304[0m 7.873 ms - -[0m
[0mGET /users/profile/5ee225735a828f7e777fd404 [36m304[0m 12.109 ms - -[0m
[0mGET /users/profile/5ee225735a828f7e777fd404 [36m304[0m 10.767 ms - -[0m
[0mGET /users/profile/5ee233349c48830765cb7464 [36m304[0m 21.631 ms - -[0m
[0mGET / [36m304[0m 31.298 ms - -[0m
[0mGET /users/profile/5ee225735a828f7e777fd404 [36m304[0m 15.109 ms - -[0m
[0mGET /users/profile/5ee225735a828f7e777fd404 [36m304[0m 7.830 ms - -[0m
[0mGET /users/profile/5ee233349c48830765cb7464 [36m304[0m 17.464 ms - -[0m
[0mGET / [36m304[0m 21.431 ms - -[0m
[0mGET / [36m304[0m 14.048 ms - -[0m
[0mGET / [36m304[0m 8.893 ms - -[0m
[0mGET / [36m304[0m 16.402 ms - -[0m
[0mGET / [36m304[0m 14.193 ms - -[0m
[0mGET / [36m304[0m 14.033 ms - -[0m
[0mGET / [36m304[0m 14.423 ms - -[0m
[0mGET / [36m304[0m 8.117 ms - -[0m
[0mGET / [36m304[0m 14.711 ms - -[0m
[0mGET / [36m304[0m 10.502 ms - -[0m
[0mGET / [36m304[0m 9.975 ms - -[0m
[0mGET / [36m304[0m 9.930 ms - -[0m
[0mGET / [36m304[0m 18.681 ms - -[0m
[0mGET / [36m304[0m 7.439 ms - -[0m
[0mGET / [36m304[0m 11.933 ms - -[0m
[0mGET / [36m304[0m 16.291 ms - -[0m
[0mGET / [36m304[0m 12.595 ms - -[0m
[0mGET / [36m304[0m 12.373 ms - -[0m
[0mGET / [36m304[0m 17.889 ms - -[0m
[0mGET / [36m304[0m 10.793 ms - -[0m
[0mGET / [36m304[0m 11.626 ms - -[0m
[0mGET / [36m304[0m 16.920 ms - -[0m
[0mGET / [36m304[0m 9.707 ms - -[0m
[0mGET / [36m304[0m 14.717 ms - -[0m
[0mGET / [36m304[0m 15.075 ms - -[0m
[0mGET / [36m304[0m 11.407 ms - -[0m
[0mGET / [36m304[0m 11.956 ms - -[0m
[0mGET / [36m304[0m 11.722 ms - -[0m
[0mPOST /posts/create [36m302[0m 35.571 ms - 90[0m
[0mGET / [32m200[0m 19.949 ms - 6245[0m
[0mPOST /posts/create [36m302[0m 14.106 ms - 90[0m
[0mGET / [32m200[0m 20.971 ms - 7644[0m
[0mPOST /posts/create [36m302[0m 13.542 ms - 90[0m
[0mGET / [32m200[0m 20.407 ms - 9043[0m
[0mGET /users/profile/5ee233349c48830765cb7464 [36m304[0m 26.586 ms - -[0m
[0mGET / [32m200[0m 24.152 ms - 8657[0m
[0mGET /users/profile/5ee233349c48830765cb7464 [36m304[0m 15.211 ms - -[0m
[0mGET / [36m304[0m 26.691 ms - -[0m
[0mGET /users/profile/5ee233349c48830765cb7464 [36m304[0m 21.684 ms - -[0m
[0mPOST /users/update/5ee233349c48830765cb7464 [36m302[0m 26.668 ms - 166[0m
[0mGET /users/profile/5ee233349c48830765cb7464 [36m304[0m 6.332 ms - -[0m
[0mGET / [36m304[0m 30.439 ms - -[0m
[0mGET / [36m304[0m 29.010 ms - -[0m
[0mGET / [36m304[0m 24.343 ms - -[0m
[0mGET / [36m304[0m 22.184 ms - -[0m
[0mGET / [36m304[0m 18.989 ms - -[0m
[0mGET / [32m200[0m 24.876 ms - 8679[0m
[0mGET / [36m304[0m 25.280 ms - -[0m
[0mGET / [36m304[0m 25.521 ms - -[0m
[0mGET /users/profile/5ee233349c48830765cb7464 [36m304[0m 29.613 ms - -[0m
[0mGET / [36m304[0m 22.146 ms - -[0m
[0mGET /users/profile/5ee233349c48830765cb7464 [36m302[0m 5.371 ms - 70[0m
[0mGET /users/profile/users/sign-in [33m404[0m 4.188 ms - 166[0m
[0mGET /users/profile/5ee233349c48830765cb7464 [36m302[0m 4.481 ms - 70[0m
[0mGET /users/profile/users/sign-in [33m404[0m 3.044 ms - 166[0m
[0mGET /users/profile/users/sign-in [33m404[0m 29.641 ms - 166[0m
[0mGET / [32m200[0m 49.576 ms - 5652[0m
[0mGET /users/sign-in [36m304[0m 15.045 ms - -[0m
[0mPOST /users/create-session [36m302[0m 13.238 ms - 46[0m
[0mGET / [32m200[0m 24.965 ms - 9079[0m
[0mGET /users/profile/5ee233349c48830765cb7464 [32m200[0m 20.807 ms - 2656[0m
[0mGET / [32m200[0m 34.530 ms - 8679[0m
[0mGET /users/sign-out [36m302[0m 12.471 ms - 46[0m
[0mGET / [32m200[0m 19.513 ms - 6046[0m
[0mGET /users/sign-in [36m304[0m 9.018 ms - -[0m
[0mGET /reset_password/verify-email [32m200[0m 15.688 ms - 1707[0m
[0mGET /users/sign-in [36m304[0m 6.151 ms - -[0m
[0mGET /users/sign-in [36m304[0m 9.615 ms - -[0m
[0mGET /users/sign-in [36m304[0m 5.083 ms - -[0m
[0mGET /users/sign-in [36m304[0m 7.358 ms - -[0m
[0mGET /users/sign-in [36m304[0m 5.775 ms - -[0m
[0mGET /users/sign-in [36m304[0m 4.505 ms - -[0m
[0mGET /users/sign-in [36m304[0m 7.929 ms - -[0m
[0mGET /users/sign-in [36m304[0m 10.148 ms - -[0m
[0mGET /users/sign-in [36m304[0m 8.305 ms - -[0m
[0mGET /users/sign-in [36m304[0m 9.224 ms - -[0m
[0mGET /users/sign-up [36m304[0m 14.555 ms - -[0m
[0mGET /users/sign-up [36m304[0m 7.472 ms - -[0m
[0mGET /users/sign-up [36m304[0m 6.583 ms - -[0m
[0mGET /users/sign-up [36m304[0m 5.512 ms - -[0m
[0mGET /users/sign-up [36m304[0m 8.299 ms - -[0m
[0mGET /users/sign-up [36m304[0m 5.125 ms - -[0m
[0mGET /users/sign-up [36m304[0m 5.863 ms - -[0m
[0mGET /users/sign-up [36m304[0m 11.242 ms - -[0m
[0mGET /users/sign-up [36m304[0m 9.798 ms - -[0m
[0mGET /users/sign-up [36m304[0m 14.337 ms - -[0m
[0mGET /users/sign-up [36m304[0m 6.806 ms - -[0m
[0mGET /users/sign-up [36m304[0m 8.904 ms - -[0m
[0mGET /users/sign-in [36m304[0m 9.131 ms - -[0m
[0mGET /users/sign-up [36m304[0m 11.270 ms - -[0m
[0mGET /users/sign-in [36m304[0m 8.510 ms - -[0m
[0mPOST /users/create-session [36m302[0m 8.737 ms - 46[0m
[0mGET / [32m200[0m 23.060 ms - 9079[0m
[0mGET /users/sign-out [36m302[0m 3.669 ms - 46[0m
[0mGET / [32m200[0m 12.803 ms - 6046[0m
[0mGET /users/sign-in [36m304[0m 11.316 ms - -[0m
[0mGET / [32m200[0m 664.551 ms - 5652[0m
[0mGET /favicon.ico [33m404[0m 7.660 ms - 150[0m
[0mGET /users/sign-in [36m304[0m 22.775 ms - -[0m
[0mGET / [36m304[0m 28.146 ms - -[0m
[0mGET / [36m304[0m 20.810 ms - -[0m
[0mGET / [36m304[0m 31.710 ms - -[0m
[0mGET / [36m304[0m 25.649 ms - -[0m
[0mGET / [36m304[0m 17.706 ms - -[0m
[0mGET / [36m304[0m 24.886 ms - -[0m
[0mGET / [36m304[0m 24.107 ms - -[0m
[0mGET /users/sign-in [36m304[0m 10.528 ms - -[0m
[0mGET /users/sign-up [36m304[0m 11.037 ms - -[0m
[0mGET /users/sign-in [36m304[0m 10.152 ms - -[0m
[0mPOST /users/create-session [36m302[0m 134.472 ms - 46[0m
[0mGET / [32m200[0m 29.102 ms - 9079[0m
[0mGET / [32m200[0m 18.278 ms - 8679[0m
[0mGET / [36m304[0m 32.481 ms - -[0m
[0mGET / [32m200[0m 23.555 ms - 8880[0m
[0mGET / [32m200[0m 24.994 ms - 8985[0m
[0mGET / [32m200[0m 24.008 ms - 9153[0m
[0mGET / [36m304[0m 25.776 ms - -[0m
[0mPOST /comments/create [36m302[0m 235.987 ms - 46[0m
[0mGET / [32m200[0m 76.035 ms - 10226[0m
[0mGET / [32m200[0m 26.033 ms - 9838[0m
[0mGET / [36m304[0m 33.409 ms - -[0m
[0mGET / [36m304[0m 43.413 ms - -[0m
[0mPOST /comments/create [36m302[0m 8.156 ms - 46[0m
[0mGET / [32m200[0m 26.098 ms - 10936[0m
[0mGET /comments/destroy/5ee47d27665fe0106267ff05 [36m302[0m 32.404 ms - 90[0m
[0mGET / [32m200[0m 28.998 ms - 10250[0m
[0mGET / [32m200[0m 27.159 ms - 9838[0m
[0mGET / [36m304[0m 49.748 ms - -[0m
[0mGET / [36m304[0m 43.023 ms - -[0m
[0mPOST /comments/create [36m302[0m 30.431 ms - 46[0m
[0mGET / [32m200[0m 22.595 ms - 10946[0m
[0mPOST /posts/create [36m302[0m 6.236 ms - 90[0m
[0mGET / [32m200[0m 23.090 ms - 12545[0m
[0mPOST /posts/create [36m302[0m 6.860 ms - 90[0m
[0mGET / [32m200[0m 25.603 ms - 14165[0m
[0mGET /posts/destroy/5ee47d87665fe0106267ff08 [36m302[0m 22.354 ms - 90[0m
[0mGET / [32m200[0m 43.750 ms - 12587[0m
[0mGET /posts/destroy/5ee47d6a665fe0106267ff07 [36m302[0m 22.390 ms - 90[0m
[0mGET / [32m200[0m 36.222 ms - 10986[0m
[0mGET /comments/destroy/5ee47d45665fe0106267ff06 [36m302[0m 6.348 ms - 90[0m
[0mGET / [32m200[0m 24.411 ms - 10250[0m
[0mGET / [32m200[0m 37.115 ms - 9838[0m
[0mGET / [36m304[0m 43.000 ms - -[0m
[0mGET / [36m304[0m 31.758 ms - -[0m
[0mGET / [36m304[0m 26.686 ms - -[0m
[0mGET / [36m304[0m 29.057 ms - -[0m
[0mGET / [36m304[0m 27.611 ms - -[0m
[0mGET / [36m304[0m 24.579 ms - -[0m
[0mGET / [36m304[0m 34.567 ms - -[0m
[0mPOST /comments/create [36m302[0m 22.319 ms - 46[0m
[0mGET / [32m200[0m 30.173 ms - 10910[0m
[0mGET / [32m200[0m 22.834 ms - 10522[0m
[0mGET /users/sign-out [36m302[0m 9.098 ms - 46[0m
[0mGET / [32m200[0m 38.416 ms - 6922[0m
[0mGET /users/sign-up [36m304[0m 9.137 ms - -[0m
[0mGET /users/sign-in [36m304[0m 7.646 ms - -[0m
[0mGET /users/sign-up [36m304[0m 16.243 ms - -[0m
[0mGET /users/sign-in [36m304[0m 8.276 ms - -[0m
[0mPOST /users/create-session [36m302[0m 8.050 ms - 46[0m
[0mGET / [32m200[0m 25.389 ms - 10922[0m
[0mGET / [32m200[0m 25.944 ms - 10522[0m
[0mGET / [36m304[0m 56.016 ms - -[0m
[0mGET / [36m304[0m 30.991 ms - -[0m
[0mPOST /comments/create [36m302[0m 7.305 ms - 46[0m
[0mGET / [32m200[0m 16.990 ms - 11629[0m
[0mPOST /comments/create [36m302[0m 19.197 ms - 46[0m
[0mGET / [32m200[0m 52.536 ms - 12374[0m
[0mGET /comments/destroy/5ee48510665fe0106267ff0c [36m302[0m 11.943 ms - 90[0m
[0mGET / [32m200[0m 23.454 ms - 11653[0m
[0mGET /comments/destroy/5ee484f1665fe0106267ff0a [36m302[0m 10.575 ms - 90[0m
[0mGET / [32m200[0m 30.473 ms - 10934[0m
[0mGET / [32m200[0m 20.987 ms - 10522[0m
[0mGET /favicon.ico [33m404[0m 8.155 ms - 150[0m
[0mGET / [36m304[0m 30.129 ms - -[0m
[0mGET / [32m200[0m 28.420 ms - 6528[0m
[0mGET /users/sign-in [36m304[0m 4.594 ms - -[0m
[0mPOST /users/create-session [36m302[0m 10.462 ms - 46[0m
[0mGET / [32m200[0m 24.702 ms - 10922[0m
[0mGET / [32m200[0m 25.171 ms - 10522[0m
[0mGET / [36m304[0m 25.493 ms - -[0m
[0mGET / [36m304[0m 22.820 ms - -[0m
[0mGET / [36m304[0m 39.705 ms - -[0m
[0mGET / [36m304[0m 28.083 ms - -[0m
[0mGET / [36m304[0m 33.976 ms - -[0m
[0mGET / [36m304[0m 26.234 ms - -[0m
[0mGET / [36m304[0m 34.429 ms - -[0m
[0mPOST /posts/create [36m302[0m 5.236 ms - 90[0m
[0mGET / [32m200[0m 19.792 ms - 12465[0m
[0mPOST /comments/create [36m302[0m 7.768 ms - 46[0m
[0mGET / [32m200[0m 25.959 ms - 13152[0m
[0mPOST /comments/create [36m302[0m 26.067 ms - 46[0m
[0mGET / [32m200[0m 32.958 ms - 13839[0m
[0mPOST /posts/create [36m302[0m 5.217 ms - 90[0m
[0mGET / [32m200[0m 17.495 ms - 15393[0m
[0mPOST /posts/create [36m302[0m 5.196 ms - 90[0m
[0mGET / [32m200[0m 20.010 ms - 16948[0m
[0mPOST /posts/create [36m302[0m 14.688 ms - 90[0m
[0mGET / [32m200[0m 22.985 ms - 18503[0m
[0mPOST /posts/create [36m302[0m 11.194 ms - 90[0m
[0mGET / [32m200[0m 33.082 ms - 20059[0m
[0mPOST /posts/create [36m302[0m 13.773 ms - 90[0m
[0mGET / [32m200[0m 36.073 ms - 21615[0m
[0mGET / [32m200[0m 38.894 ms - 21229[0m
[0mGET / [36m304[0m 32.479 ms - -[0m
[0mGET / [36m304[0m 26.775 ms - -[0m
[0mGET / [36m304[0m 41.604 ms - -[0m
[0mGET / [36m304[0m 36.742 ms - -[0m
[0mGET / [36m304[0m 43.513 ms - -[0m
[0mGET / [36m304[0m 42.770 ms - -[0m
[0mGET / [36m304[0m 36.065 ms - -[0m
[0mGET / [36m304[0m 41.361 ms - -[0m
[0mGET /users/profile/5ee233349c48830765cb7464 [36m304[0m 18.474 ms - -[0m
[0mGET /users/profile/5ee233349c48830765cb7464 [36m304[0m 18.302 ms - -[0m
[0mGET / [36m304[0m 41.820 ms - -[0m
[0mGET /users/profile/5ee233349c48830765cb7464 [36m304[0m 11.271 ms - -[0m
[0mGET / [36m304[0m 44.468 ms - -[0m
[0mGET /users/features/todo/5ee233349c48830765cb7464 [32m200[0m 18.478 ms - 3976[0m
[0mGET /js/home.js [33m404[0m 7.124 ms - 149[0m
[0mGET /js/home.js [33m404[0m 2.542 ms - 149[0m
[0mGET / [36m304[0m 41.586 ms - -[0m
[0mGET /users/features/calculator [32m200[0m 17.884 ms - 3772[0m
[0mGET / [36m304[0m 37.782 ms - -[0m
[0mGET /posts/destroy/5ee49de9665fe0106267ff13 [36m302[0m 17.213 ms - 90[0m
[0mGET / [32m200[0m 28.129 ms - 20101[0m
[0mPOST /search [32m200[0m 8.865 ms - 269[0m
[0mPOST /search [32m200[0m 10.115 ms - 280[0m
[0mGET /users/profile/5ee233349c48830765cb7464 [36m304[0m 23.626 ms - -[0m
[0mGET / [32m200[0m 36.836 ms - 19673[0m
[0mPOST /search [32m200[0m 10.646 ms - 501[0m
[0mGET /users/profile/5ee225735a828f7e777fd404 [36m304[0m 19.611 ms - -[0m
[0mGET /users/profile/5ee233349c48830765cb7464 [36m304[0m 17.369 ms - -[0m
[0mGET / [36m304[0m 43.173 ms - -[0m
[0mGET / [36m304[0m 32.740 ms - -[0m
[0mGET / [36m304[0m 38.146 ms - -[0m
[0mGET / [36m304[0m 27.390 ms - -[0m
[0mGET / [36m304[0m 25.701 ms - -[0m
[0mGET / [36m304[0m 40.300 ms - -[0m
[0mGET / [36m304[0m 34.106 ms - -[0m
[0mGET /users/profile/5ee233349c48830765cb7464 [36m304[0m 14.491 ms - -[0m
[0mGET / [36m304[0m 52.037 ms - -[0m
[0mPOST /comments/create [36m302[0m 30.845 ms - 46[0m
[0mGET / [32m200[0m 32.637 ms - 20808[0m
[0mGET /comments/destroy/5ee4a082665fe0106267ff15 [36m302[0m 20.563 ms - 90[0m
[0mGET / [32m200[0m 35.912 ms - 20085[0m
[0mPOST /posts/create [36m302[0m 4.809 ms - 90[0m
[0mGET / [32m200[0m 22.720 ms - 21716[0m
[0mGET /posts/destroy/5ee4a093665fe0106267ff17 [36m302[0m 16.557 ms - 90[0m
[0mGET / [32m200[0m 30.991 ms - 20101[0m
