::1 - - [10/Jul/2020:10:02:40 +0000] "GET / HTTP/1.1" 200 7318 "-" "Mozilla/5.0 (X11; Linux x86_64) AppleWebKit/537.36 (KHTML, like Gecko) Chrome/83.0.4103.116 Safari/537.36"
::1 - - [10/Jul/2020:10:03:04 +0000] "GET /users/sign-in HTTP/1.1" 200 2491 "http://localhost:8000/" "Mozilla/5.0 (X11; Linux x86_64) AppleWebKit/537.36 (KHTML, like Gecko) Chrome/83.0.4103.116 Safari/537.36"
::1 - - [10/Jul/2020:10:03:10 +0000] "POST /users/create-session HTTP/1.1" 302 46 "http://localhost:8000/users/sign-in" "Mozilla/5.0 (X11; Linux x86_64) AppleWebKit/537.36 (KHTML, like Gecko) Chrome/83.0.4103.116 Safari/537.36"
::1 - - [10/Jul/2020:10:03:10 +0000] "GET / HTTP/1.1" 200 13485 "http://localhost:8000/users/sign-in" "Mozilla/5.0 (X11; Linux x86_64) AppleWebKit/537.36 (KHTML, like Gecko) Chrome/83.0.4103.116 Safari/537.36"
::1 - - [10/Jul/2020:10:03:16 +0000] "GET /posts/destroy/5f05d0b60f2dd4250aa3d019 HTTP/1.1" 200 74 "http://localhost:8000/" "Mozilla/5.0 (X11; Linux x86_64) AppleWebKit/537.36 (KHTML, like Gecko) Chrome/83.0.4103.116 Safari/537.36"
::1 - - [10/Jul/2020:10:03:18 +0000] "GET /posts/destroy/5f05d0460f2dd4250aa3d018 HTTP/1.1" 200 74 "http://localhost:8000/" "Mozilla/5.0 (X11; Linux x86_64) AppleWebKit/537.36 (KHTML, like Gecko) Chrome/83.0.4103.116 Safari/537.36"
::1 - - [10/Jul/2020:10:03:19 +0000] "GET /posts/destroy/5f05cfe4e83b7c24894f4b0f HTTP/1.1" 200 74 "http://localhost:8000/" "Mozilla/5.0 (X11; Linux x86_64) AppleWebKit/537.36 (KHTML, like Gecko) Chrome/83.0.4103.116 Safari/537.36"
::1 - - [10/Jul/2020:10:03:33 +0000] "POST /posts/create HTTP/1.1" 302 44 "http://localhost:8000/" "Mozilla/5.0 (X11; Linux x86_64) AppleWebKit/537.36 (KHTML, like Gecko) Chrome/83.0.4103.116 Safari/537.36"
::1 - - [10/Jul/2020:10:03:33 +0000] "GET / HTTP/1.1" 200 8407 "http://localhost:8000/" "Mozilla/5.0 (X11; Linux x86_64) AppleWebKit/537.36 (KHTML, like Gecko) Chrome/83.0.4103.116 Safari/537.36"
::1 - - [10/Jul/2020:10:04:13 +0000] "GET / HTTP/1.1" 200 8095 "http://localhost:8000/users/sign-in" "Mozilla/5.0 (X11; Linux x86_64) AppleWebKit/537.36 (KHTML, like Gecko) Chrome/83.0.4103.116 Safari/537.36"
::1 - - [10/Jul/2020:10:04:26 +0000] "POST /users/create-session HTTP/1.1" 302 46 "http://localhost:8000/users/sign-in" "Mozilla/5.0 (X11; Linux x86_64) AppleWebKit/537.36 (KHTML, like Gecko) Chrome/83.0.4103.116 Safari/537.36"
::1 - - [10/Jul/2020:10:04:26 +0000] "GET / HTTP/1.1" 200 8414 "http://localhost:8000/users/sign-in" "Mozilla/5.0 (X11; Linux x86_64) AppleWebKit/537.36 (KHTML, like Gecko) Chrome/83.0.4103.116 Safari/537.36"
::1 - - [10/Jul/2020:10:04:30 +0000] "GET / HTTP/1.1" 200 8095 "http://localhost:8000/users/sign-in" "Mozilla/5.0 (X11; Linux x86_64) AppleWebKit/537.36 (KHTML, like Gecko) Chrome/83.0.4103.116 Safari/537.36"
::1 - - [10/Jul/2020:10:06:42 +0000] "POST /posts/create HTTP/1.1" 302 44 "http://localhost:8000/" "Mozilla/5.0 (X11; Linux x86_64) AppleWebKit/537.36 (KHTML, like Gecko) Chrome/83.0.4103.116 Safari/537.36"
::1 - - [10/Jul/2020:10:06:42 +0000] "GET / HTTP/1.1" 200 8407 "http://localhost:8000/" "Mozilla/5.0 (X11; Linux x86_64) AppleWebKit/537.36 (KHTML, like Gecko) Chrome/83.0.4103.116 Safari/537.36"
::1 - - [10/Jul/2020:10:09:06 +0000] "POST /posts/create HTTP/1.1" 302 44 "http://localhost:8000/" "Mozilla/5.0 (X11; Linux x86_64) AppleWebKit/537.36 (KHTML, like Gecko) Chrome/83.0.4103.116 Safari/537.36"
::1 - - [10/Jul/2020:10:09:06 +0000] "GET / HTTP/1.1" 304 - "http://localhost:8000/" "Mozilla/5.0 (X11; Linux x86_64) AppleWebKit/537.36 (KHTML, like Gecko) Chrome/83.0.4103.116 Safari/537.36"
::1 - - [10/Jul/2020:10:12:52 +0000] "GET / HTTP/1.1" 200 8095 "http://localhost:8000/users/sign-in" "Mozilla/5.0 (X11; Linux x86_64) AppleWebKit/537.36 (KHTML, like Gecko) Chrome/83.0.4103.116 Safari/537.36"
::1 - - [10/Jul/2020:10:13:23 +0000] "GET / HTTP/1.1" 200 4752 "-" "Mozilla/5.0 (X11; Linux x86_64) AppleWebKit/537.36 (KHTML, like Gecko) Chrome/83.0.4103.116 Safari/537.36"
::1 - - [10/Jul/2020:10:13:27 +0000] "GET /users/sign-in HTTP/1.1" 304 - "http://localhost:8000/" "Mozilla/5.0 (X11; Linux x86_64) AppleWebKit/537.36 (KHTML, like Gecko) Chrome/83.0.4103.116 Safari/537.36"
::1 - - [10/Jul/2020:10:13:31 +0000] "POST /users/create-session HTTP/1.1" 302 46 "http://localhost:8000/users/sign-in" "Mozilla/5.0 (X11; Linux x86_64) AppleWebKit/537.36 (KHTML, like Gecko) Chrome/83.0.4103.116 Safari/537.36"
::1 - - [10/Jul/2020:10:13:31 +0000] "GET / HTTP/1.1" 200 8414 "http://localhost:8000/users/sign-in" "Mozilla/5.0 (X11; Linux x86_64) AppleWebKit/537.36 (KHTML, like Gecko) Chrome/83.0.4103.116 Safari/537.36"
::1 - - [10/Jul/2020:10:13:48 +0000] "POST /posts/create HTTP/1.1" 302 44 "http://localhost:8000/" "Mozilla/5.0 (X11; Linux x86_64) AppleWebKit/537.36 (KHTML, like Gecko) Chrome/83.0.4103.116 Safari/537.36"
::1 - - [10/Jul/2020:10:13:48 +0000] "GET / HTTP/1.1" 200 8407 "http://localhost:8000/" "Mozilla/5.0 (X11; Linux x86_64) AppleWebKit/537.36 (KHTML, like Gecko) Chrome/83.0.4103.116 Safari/537.36"
::1 - - [10/Jul/2020:10:16:19 +0000] "GET / HTTP/1.1" 200 8095 "http://localhost:8000/users/sign-in" "Mozilla/5.0 (X11; Linux x86_64) AppleWebKit/537.36 (KHTML, like Gecko) Chrome/83.0.4103.116 Safari/537.36"
::1 - - [10/Jul/2020:10:17:07 +0000] "GET / HTTP/1.1" 304 - "http://localhost:8000/users/sign-in" "Mozilla/5.0 (X11; Linux x86_64) AppleWebKit/537.36 (KHTML, like Gecko) Chrome/83.0.4103.116 Safari/537.36"
::1 - - [10/Jul/2020:10:18:57 +0000] "GET / HTTP/1.1" 200 8095 "http://localhost:8000/users/sign-in" "Mozilla/5.0 (X11; Linux x86_64) AppleWebKit/537.36 (KHTML, like Gecko) Chrome/83.0.4103.116 Safari/537.36"
::1 - - [10/Jul/2020:10:19:50 +0000] "GET / HTTP/1.1" 200 8095 "http://localhost:8000/users/sign-in" "Mozilla/5.0 (X11; Linux x86_64) AppleWebKit/537.36 (KHTML, like Gecko) Chrome/83.0.4103.116 Safari/537.36"
::1 - - [10/Jul/2020:10:20:39 +0000] "POST /users/create-session HTTP/1.1" 302 46 "http://localhost:8000/users/sign-in" "Mozilla/5.0 (X11; Linux x86_64) AppleWebKit/537.36 (KHTML, like Gecko) Chrome/83.0.4103.116 Safari/537.36"
::1 - - [10/Jul/2020:10:20:39 +0000] "GET / HTTP/1.1" 200 8414 "http://localhost:8000/users/sign-in" "Mozilla/5.0 (X11; Linux x86_64) AppleWebKit/537.36 (KHTML, like Gecko) Chrome/83.0.4103.116 Safari/537.36"
::1 - - [10/Jul/2020:10:29:46 +0000] "GET / HTTP/1.1" 200 8095 "http://localhost:8000/users/sign-in" "Mozilla/5.0 (X11; Linux x86_64) AppleWebKit/537.36 (KHTML, like Gecko) Chrome/83.0.4103.116 Safari/537.36"
::1 - - [10/Jul/2020:10:29:58 +0000] "POST /posts/create HTTP/1.1" 302 44 "http://localhost:8000/" "Mozilla/5.0 (X11; Linux x86_64) AppleWebKit/537.36 (KHTML, like Gecko) Chrome/83.0.4103.116 Safari/537.36"
::1 - - [10/Jul/2020:10:29:58 +0000] "GET / HTTP/1.1" 200 8407 "http://localhost:8000/" "Mozilla/5.0 (X11; Linux x86_64) AppleWebKit/537.36 (KHTML, like Gecko) Chrome/83.0.4103.116 Safari/537.36"
::1 - - [10/Jul/2020:10:33:05 +0000] "GET / HTTP/1.1" 200 8095 "http://localhost:8000/users/sign-in" "Mozilla/5.0 (X11; Linux x86_64) AppleWebKit/537.36 (KHTML, like Gecko) Chrome/83.0.4103.116 Safari/537.36"
::1 - - [10/Jul/2020:10:33:12 +0000] "POST /posts/create HTTP/1.1" 302 44 "http://localhost:8000/" "Mozilla/5.0 (X11; Linux x86_64) AppleWebKit/537.36 (KHTML, like Gecko) Chrome/83.0.4103.116 Safari/537.36"
::1 - - [10/Jul/2020:10:33:13 +0000] "GET / HTTP/1.1" 200 8407 "http://localhost:8000/" "Mozilla/5.0 (X11; Linux x86_64) AppleWebKit/537.36 (KHTML, like Gecko) Chrome/83.0.4103.116 Safari/537.36"
::1 - - [10/Jul/2020:10:34:27 +0000] "GET / HTTP/1.1" 200 8095 "http://localhost:8000/users/sign-in" "Mozilla/5.0 (X11; Linux x86_64) AppleWebKit/537.36 (KHTML, like Gecko) Chrome/83.0.4103.116 Safari/537.36"
::1 - - [10/Jul/2020:10:34:37 +0000] "POST /posts/create HTTP/1.1" 302 44 "http://localhost:8000/" "Mozilla/5.0 (X11; Linux x86_64) AppleWebKit/537.36 (KHTML, like Gecko) Chrome/83.0.4103.116 Safari/537.36"
::1 - - [10/Jul/2020:10:34:37 +0000] "GET / HTTP/1.1" 200 8407 "http://localhost:8000/" "Mozilla/5.0 (X11; Linux x86_64) AppleWebKit/537.36 (KHTML, like Gecko) Chrome/83.0.4103.116 Safari/537.36"
::1 - - [10/Jul/2020:10:35:50 +0000] "GET / HTTP/1.1" 200 8095 "http://localhost:8000/users/sign-in" "Mozilla/5.0 (X11; Linux x86_64) AppleWebKit/537.36 (KHTML, like Gecko) Chrome/83.0.4103.116 Safari/537.36"
::1 - - [10/Jul/2020:10:35:58 +0000] "POST /posts/create HTTP/1.1" 302 44 "http://localhost:8000/" "Mozilla/5.0 (X11; Linux x86_64) AppleWebKit/537.36 (KHTML, like Gecko) Chrome/83.0.4103.116 Safari/537.36"
::1 - - [10/Jul/2020:10:35:58 +0000] "GET / HTTP/1.1" 200 8407 "http://localhost:8000/" "Mozilla/5.0 (X11; Linux x86_64) AppleWebKit/537.36 (KHTML, like Gecko) Chrome/83.0.4103.116 Safari/537.36"
::1 - - [10/Jul/2020:10:36:00 +0000] "POST /posts/create HTTP/1.1" 302 44 "http://localhost:8000/" "Mozilla/5.0 (X11; Linux x86_64) AppleWebKit/537.36 (KHTML, like Gecko) Chrome/83.0.4103.116 Safari/537.36"
::1 - - [10/Jul/2020:10:36:00 +0000] "GET / HTTP/1.1" 304 - "http://localhost:8000/" "Mozilla/5.0 (X11; Linux x86_64) AppleWebKit/537.36 (KHTML, like Gecko) Chrome/83.0.4103.116 Safari/537.36"
::1 - - [10/Jul/2020:10:37:39 +0000] "GET / HTTP/1.1" 200 8095 "http://localhost:8000/users/sign-in" "Mozilla/5.0 (X11; Linux x86_64) AppleWebKit/537.36 (KHTML, like Gecko) Chrome/83.0.4103.116 Safari/537.36"
::1 - - [10/Jul/2020:10:37:47 +0000] "POST /posts/create HTTP/1.1" 302 44 "http://localhost:8000/" "Mozilla/5.0 (X11; Linux x86_64) AppleWebKit/537.36 (KHTML, like Gecko) Chrome/83.0.4103.116 Safari/537.36"
::1 - - [10/Jul/2020:10:37:47 +0000] "GET / HTTP/1.1" 200 8407 "http://localhost:8000/" "Mozilla/5.0 (X11; Linux x86_64) AppleWebKit/537.36 (KHTML, like Gecko) Chrome/83.0.4103.116 Safari/537.36"
::1 - - [10/Jul/2020:10:41:16 +0000] "GET / HTTP/1.1" 200 8095 "http://localhost:8000/users/sign-in" "Mozilla/5.0 (X11; Linux x86_64) AppleWebKit/537.36 (KHTML, like Gecko) Chrome/83.0.4103.116 Safari/537.36"
::1 - - [10/Jul/2020:10:41:27 +0000] "POST /posts/create HTTP/1.1" 302 44 "http://localhost:8000/" "Mozilla/5.0 (X11; Linux x86_64) AppleWebKit/537.36 (KHTML, like Gecko) Chrome/83.0.4103.116 Safari/537.36"
::1 - - [10/Jul/2020:10:41:27 +0000] "GET / HTTP/1.1" 200 8407 "http://localhost:8000/" "Mozilla/5.0 (X11; Linux x86_64) AppleWebKit/537.36 (KHTML, like Gecko) Chrome/83.0.4103.116 Safari/537.36"
::1 - - [10/Jul/2020:10:52:28 +0000] "GET / HTTP/1.1" 200 8095 "http://localhost:8000/users/sign-in" "Mozilla/5.0 (X11; Linux x86_64) AppleWebKit/537.36 (KHTML, like Gecko) Chrome/83.0.4103.116 Safari/537.36"
::1 - - [10/Jul/2020:10:52:38 +0000] "POST /posts/create HTTP/1.1" 302 44 "http://localhost:8000/" "Mozilla/5.0 (X11; Linux x86_64) AppleWebKit/537.36 (KHTML, like Gecko) Chrome/83.0.4103.116 Safari/537.36"
::1 - - [10/Jul/2020:10:52:38 +0000] "GET / HTTP/1.1" 200 8407 "http://localhost:8000/" "Mozilla/5.0 (X11; Linux x86_64) AppleWebKit/537.36 (KHTML, like Gecko) Chrome/83.0.4103.116 Safari/537.36"
::1 - - [10/Jul/2020:10:54:34 +0000] "GET / HTTP/1.1" 200 8095 "http://localhost:8000/users/sign-in" "Mozilla/5.0 (X11; Linux x86_64) AppleWebKit/537.36 (KHTML, like Gecko) Chrome/83.0.4103.116 Safari/537.36"
::1 - - [10/Jul/2020:10:54:43 +0000] "POST /posts/create HTTP/1.1" 302 44 "http://localhost:8000/" "Mozilla/5.0 (X11; Linux x86_64) AppleWebKit/537.36 (KHTML, like Gecko) Chrome/83.0.4103.116 Safari/537.36"
::1 - - [10/Jul/2020:10:54:43 +0000] "GET / HTTP/1.1" 200 8407 "http://localhost:8000/" "Mozilla/5.0 (X11; Linux x86_64) AppleWebKit/537.36 (KHTML, like Gecko) Chrome/83.0.4103.116 Safari/537.36"
::1 - - [10/Jul/2020:10:55:48 +0000] "GET / HTTP/1.1" 200 8095 "http://localhost:8000/users/sign-in" "Mozilla/5.0 (X11; Linux x86_64) AppleWebKit/537.36 (KHTML, like Gecko) Chrome/83.0.4103.116 Safari/537.36"
::1 - - [10/Jul/2020:10:55:55 +0000] "POST /posts/create HTTP/1.1" 302 44 "http://localhost:8000/" "Mozilla/5.0 (X11; Linux x86_64) AppleWebKit/537.36 (KHTML, like Gecko) Chrome/83.0.4103.116 Safari/537.36"
::1 - - [10/Jul/2020:10:55:55 +0000] "GET / HTTP/1.1" 200 8407 "http://localhost:8000/" "Mozilla/5.0 (X11; Linux x86_64) AppleWebKit/537.36 (KHTML, like Gecko) Chrome/83.0.4103.116 Safari/537.36"
::1 - - [10/Jul/2020:10:56:43 +0000] "GET / HTTP/1.1" 200 7983 "http://localhost:8000/users/sign-in" "Mozilla/5.0 (X11; Linux x86_64) AppleWebKit/537.36 (KHTML, like Gecko) Chrome/83.0.4103.116 Safari/537.36"
::1 - - [10/Jul/2020:10:56:52 +0000] "POST /posts/create HTTP/1.1" 302 88 "http://localhost:8000/" "Mozilla/5.0 (X11; Linux x86_64) AppleWebKit/537.36 (KHTML, like Gecko) Chrome/83.0.4103.116 Safari/537.36"
::1 - - [10/Jul/2020:10:56:52 +0000] "GET / HTTP/1.1" 200 10021 "http://localhost:8000/" "Mozilla/5.0 (X11; Linux x86_64) AppleWebKit/537.36 (KHTML, like Gecko) Chrome/83.0.4103.116 Safari/537.36"
::1 - - [10/Jul/2020:10:57:42 +0000] "POST /posts/create HTTP/1.1" 302 88 "http://localhost:8000/" "Mozilla/5.0 (X11; Linux x86_64) AppleWebKit/537.36 (KHTML, like Gecko) Chrome/83.0.4103.116 Safari/537.36"
::1 - - [10/Jul/2020:10:57:42 +0000] "GET / HTTP/1.1" 200 11751 "http://localhost:8000/" "Mozilla/5.0 (X11; Linux x86_64) AppleWebKit/537.36 (KHTML, like Gecko) Chrome/83.0.4103.116 Safari/537.36"
::1 - - [10/Jul/2020:11:02:52 +0000] "GET / HTTP/1.1" 200 11439 "http://localhost:8000/" "Mozilla/5.0 (X11; Linux x86_64) AppleWebKit/537.36 (KHTML, like Gecko) Chrome/83.0.4103.116 Safari/537.36"
::1 - - [10/Jul/2020:11:02:59 +0000] "POST /posts/create HTTP/1.1" 302 88 "http://localhost:8000/" "Mozilla/5.0 (X11; Linux x86_64) AppleWebKit/537.36 (KHTML, like Gecko) Chrome/83.0.4103.116 Safari/537.36"
::1 - - [10/Jul/2020:11:02:59 +0000] "GET / HTTP/1.1" 200 13482 "http://localhost:8000/" "Mozilla/5.0 (X11; Linux x86_64) AppleWebKit/537.36 (KHTML, like Gecko) Chrome/83.0.4103.116 Safari/537.36"
::1 - - [10/Jul/2020:11:03:05 +0000] "GET /posts/destroy/5f084ae30b4aa368cc337270 HTTP/1.1" 302 88 "http://localhost:8000/" "Mozilla/5.0 (X11; Linux x86_64) AppleWebKit/537.36 (KHTML, like Gecko) Chrome/83.0.4103.116 Safari/537.36"
::1 - - [10/Jul/2020:11:03:05 +0000] "GET / HTTP/1.1" 200 11772 "http://localhost:8000/" "Mozilla/5.0 (X11; Linux x86_64) AppleWebKit/537.36 (KHTML, like Gecko) Chrome/83.0.4103.116 Safari/537.36"
::1 - - [10/Jul/2020:11:03:08 +0000] "GET /posts/destroy/5f0849a6fc995f677d585980 HTTP/1.1" 302 88 "http://localhost:8000/" "Mozilla/5.0 (X11; Linux x86_64) AppleWebKit/537.36 (KHTML, like Gecko) Chrome/83.0.4103.116 Safari/537.36"
::1 - - [10/Jul/2020:11:03:08 +0000] "GET / HTTP/1.1" 200 10042 "http://localhost:8000/" "Mozilla/5.0 (X11; Linux x86_64) AppleWebKit/537.36 (KHTML, like Gecko) Chrome/83.0.4103.116 Safari/537.36"
::1 - - [10/Jul/2020:11:03:11 +0000] "GET /posts/destroy/5f084974fc995f677d58597f HTTP/1.1" 302 88 "http://localhost:8000/" "Mozilla/5.0 (X11; Linux x86_64) AppleWebKit/537.36 (KHTML, like Gecko) Chrome/83.0.4103.116 Safari/537.36"
::1 - - [10/Jul/2020:11:03:11 +0000] "GET / HTTP/1.1" 200 8316 "http://localhost:8000/" "Mozilla/5.0 (X11; Linux x86_64) AppleWebKit/537.36 (KHTML, like Gecko) Chrome/83.0.4103.116 Safari/537.36"
::1 - - [10/Jul/2020:11:03:14 +0000] "GET /posts/destroy/5f05a4bce0bc3511fc6fa811 HTTP/1.1" 302 88 "http://localhost:8000/" "Mozilla/5.0 (X11; Linux x86_64) AppleWebKit/537.36 (KHTML, like Gecko) Chrome/83.0.4103.116 Safari/537.36"
::1 - - [10/Jul/2020:11:03:14 +0000] "GET / HTTP/1.1" 200 6591 "http://localhost:8000/" "Mozilla/5.0 (X11; Linux x86_64) AppleWebKit/537.36 (KHTML, like Gecko) Chrome/83.0.4103.116 Safari/537.36"
::1 - - [10/Jul/2020:11:03:41 +0000] "POST /posts/create HTTP/1.1" 302 88 "http://localhost:8000/" "Mozilla/5.0 (X11; Linux x86_64) AppleWebKit/537.36 (KHTML, like Gecko) Chrome/83.0.4103.116 Safari/537.36"
::1 - - [10/Jul/2020:11:03:41 +0000] "GET / HTTP/1.1" 200 8299 "http://localhost:8000/" "Mozilla/5.0 (X11; Linux x86_64) AppleWebKit/537.36 (KHTML, like Gecko) Chrome/83.0.4103.116 Safari/537.36"
::1 - - [10/Jul/2020:11:06:56 +0000] "GET / HTTP/1.1" 200 7987 "http://localhost:8000/" "Mozilla/5.0 (X11; Linux x86_64) AppleWebKit/537.36 (KHTML, like Gecko) Chrome/83.0.4103.116 Safari/537.36"
::1 - - [10/Jul/2020:11:07:04 +0000] "POST /posts/create HTTP/1.1" 302 88 "http://localhost:8000/" "Mozilla/5.0 (X11; Linux x86_64) AppleWebKit/537.36 (KHTML, like Gecko) Chrome/83.0.4103.116 Safari/537.36"
::1 - - [10/Jul/2020:11:07:04 +0000] "GET / HTTP/1.1" 200 10025 "http://localhost:8000/" "Mozilla/5.0 (X11; Linux x86_64) AppleWebKit/537.36 (KHTML, like Gecko) Chrome/83.0.4103.116 Safari/537.36"
::1 - - [10/Jul/2020:11:11:51 +0000] "GET / HTTP/1.1" 200 9825 "http://localhost:8000/" "Mozilla/5.0 (X11; Linux x86_64) AppleWebKit/537.36 (KHTML, like Gecko) Chrome/83.0.4103.116 Safari/537.36"
::1 - - [10/Jul/2020:11:12:20 +0000] "GET / HTTP/1.1" 304 - "http://localhost:8000/" "Mozilla/5.0 (X11; Linux x86_64) AppleWebKit/537.36 (KHTML, like Gecko) Chrome/83.0.4103.116 Safari/537.36"
::1 - - [10/Jul/2020:11:12:20 +0000] "POST /posts/create HTTP/1.1" - - "http://localhost:8000/" "Mozilla/5.0 (X11; Linux x86_64) AppleWebKit/537.36 (KHTML, like Gecko) Chrome/83.0.4103.116 Safari/537.36"
::1 - - [10/Jul/2020:11:12:20 +0000] "POST /posts/create HTTP/1.1" - - "http://localhost:8000/" "Mozilla/5.0 (X11; Linux x86_64) AppleWebKit/537.36 (KHTML, like Gecko) Chrome/83.0.4103.116 Safari/537.36"
::1 - - [10/Jul/2020:11:12:50 +0000] "GET / HTTP/1.1" 304 - "http://localhost:8000/" "Mozilla/5.0 (X11; Linux x86_64) AppleWebKit/537.36 (KHTML, like Gecko) Chrome/83.0.4103.116 Safari/537.36"
::1 - - [10/Jul/2020:11:12:50 +0000] "POST /posts/create HTTP/1.1" - - "http://localhost:8000/" "Mozilla/5.0 (X11; Linux x86_64) AppleWebKit/537.36 (KHTML, like Gecko) Chrome/83.0.4103.116 Safari/537.36"
::1 - - [10/Jul/2020:11:14:57 +0000] "GET / HTTP/1.1" 304 - "http://localhost:8000/" "Mozilla/5.0 (X11; Linux x86_64) AppleWebKit/537.36 (KHTML, like Gecko) Chrome/83.0.4103.116 Safari/537.36"
::1 - - [10/Jul/2020:11:15:10 +0000] "GET / HTTP/1.1" 304 - "http://localhost:8000/" "Mozilla/5.0 (X11; Linux x86_64) AppleWebKit/537.36 (KHTML, like Gecko) Chrome/83.0.4103.116 Safari/537.36"
::1 - - [10/Jul/2020:11:15:10 +0000] "POST /posts/create HTTP/1.1" - - "http://localhost:8000/" "Mozilla/5.0 (X11; Linux x86_64) AppleWebKit/537.36 (KHTML, like Gecko) Chrome/83.0.4103.116 Safari/537.36"
::1 - - [10/Jul/2020:11:16:12 +0000] "GET / HTTP/1.1" 200 9825 "http://localhost:8000/" "Mozilla/5.0 (X11; Linux x86_64) AppleWebKit/537.36 (KHTML, like Gecko) Chrome/83.0.4103.116 Safari/537.36"
::1 - - [10/Jul/2020:11:16:24 +0000] "GET / HTTP/1.1" 304 - "http://localhost:8000/" "Mozilla/5.0 (X11; Linux x86_64) AppleWebKit/537.36 (KHTML, like Gecko) Chrome/83.0.4103.116 Safari/537.36"
::1 - - [10/Jul/2020:11:16:25 +0000] "GET / HTTP/1.1" 304 - "http://localhost:8000/" "Mozilla/5.0 (X11; Linux x86_64) AppleWebKit/537.36 (KHTML, like Gecko) Chrome/83.0.4103.116 Safari/537.36"
::1 - - [10/Jul/2020:11:16:49 +0000] "GET / HTTP/1.1" 200 9825 "http://localhost:8000/" "Mozilla/5.0 (X11; Linux x86_64) AppleWebKit/537.36 (KHTML, like Gecko) Chrome/83.0.4103.116 Safari/537.36"
::1 - - [10/Jul/2020:11:17:35 +0000] "GET / HTTP/1.1" 200 9825 "http://localhost:8000/" "Mozilla/5.0 (X11; Linux x86_64) AppleWebKit/537.36 (KHTML, like Gecko) Chrome/83.0.4103.116 Safari/537.36"
::1 - - [10/Jul/2020:11:17:50 +0000] "GET / HTTP/1.1" 304 - "http://localhost:8000/" "Mozilla/5.0 (X11; Linux x86_64) AppleWebKit/537.36 (KHTML, like Gecko) Chrome/83.0.4103.116 Safari/537.36"
::1 - - [10/Jul/2020:11:18:02 +0000] "GET / HTTP/1.1" 304 - "http://localhost:8000/" "Mozilla/5.0 (X11; Linux x86_64) AppleWebKit/537.36 (KHTML, like Gecko) Chrome/83.0.4103.116 Safari/537.36"
[0mGET / [32m200[0m 189.730 ms - 5503[0m
[0mGET /users/sign-in [32m200[0m 14.792 ms - 2443[0m
[0mGET /users/css/layout.css [33m404[0m 6.293 ms - 159[0m
[0mGET /users/css/header.css [33m404[0m 6.702 ms - 159[0m
[0mGET /users/css/footer.css [33m404[0m 12.003 ms - 159[0m
[0mGET /users/css/user_sign_in.css [33m404[0m 16.191 ms - 165[0m
[0mGET /users/sign-in [36m304[0m 11.003 ms - -[0m
[0mGET /users/css/layout.css [33m404[0m 13.344 ms - 159[0m
[0mGET /users/css/header.css [33m404[0m 8.652 ms - 159[0m
[0mGET /users/css/footer.css [33m404[0m 8.338 ms - 159[0m
[0mGET /users/css/user_sign_in.css [33m404[0m 8.088 ms - 165[0m
[0mGET /users/auth/google [36m302[0m 10.140 ms - 0[0m
[0mGET /users/auth/google/callback?code=4%2F1wGuT2ZKLfo2hmUutfeiluI00MSivXDPJ4UkiVItiAu-4PIp1m26W92EZosLIF6XSiHvhOPtvkjBzRBtth3qxEo&scope=email+profile+https%3A%2F%2Fwww.googleapis.com%2Fauth%2Fuserinfo.profile+https%3A%2F%2Fwww.googleapis.com%2Fauth%2Fuserinfo.email+openid&authuser=0&prompt=consent [36m302[0m 938.868 ms - 46[0m
[0mGET / [32m200[0m 122.467 ms - 10000[0m
[0mGET /users/profile/5ee233349c48830765cb7464 [32m200[0m 34.070 ms - 4313[0m
[0mGET /users/profile/css/header.css [33m404[0m 41.770 ms - 167[0m
[0mGET /users/profile/css/footer.css [33m404[0m 46.488 ms - 167[0m
[0mGET /users/profile/css/user_profile.css [33m404[0m 46.114 ms - 173[0m
[0mGET /users/profile/css/layout.css [33m404[0m 55.703 ms - 167[0m
[0mGET /users/profile/js/friend.js [33m404[0m 36.294 ms - 165[0m
[0mGET /users/profile/5ee233349c48830765cb7464 [36m304[0m 28.614 ms - -[0m
[0mGET /users/profile/css/header.css [33m404[0m 45.913 ms - 167[0m
[0mGET /users/profile/css/layout.css [33m404[0m 44.621 ms - 167[0m
[0mGET /users/profile/css/user_profile.css [33m404[0m 61.863 ms - 173[0m
[0mGET /users/profile/css/footer.css [33m404[0m 65.088 ms - 167[0m
[0mGET /users/profile/js/friend.js [33m404[0m 22.851 ms - 165[0m
[0mGET / [32m200[0m 106.389 ms - 9681[0m
[0mGET / [36m304[0m 133.343 ms - -[0m
[0mGET / [36m304[0m 137.364 ms - -[0m
[0mGET / [36m304[0m 122.861 ms - -[0m
[0mPOST /posts/create [36m302[0m 14.482 ms - 44[0m
[0mGET / [32m200[0m 24.698 ms - 9993[0m
[0mGET / [32m200[0m 121.511 ms - 9681[0m
[0mPOST /posts/create [36m302[0m 13.276 ms - 44[0m
[0mGET / [32m200[0m 33.501 ms - 9993[0m
[0mGET / [32m200[0m 109.644 ms - 9681[0m
[0mPOST /posts/create [36m302[0m 18.837 ms - 44[0m
[0mGET / [32m200[0m 29.467 ms - 9993[0m
[0mGET / [32m200[0m 166.684 ms - 9681[0m
[0mPOST /posts/create [36m302[0m 20.582 ms - 44[0m
[0mGET / [32m200[0m 27.033 ms - 9993[0m
[0mGET / [32m200[0m 135.897 ms - 9681[0m
[0mPOST /posts/create [36m302[0m 25.495 ms - 44[0m
[0mGET / [32m200[0m 25.383 ms - 9993[0m
[0mGET / [32m200[0m 178.953 ms - 9681[0m
[0mPOST /posts/create [36m302[0m 12.126 ms - 44[0m
[0mGET / [32m200[0m 32.867 ms - 9993[0m
[0mGET / [32m200[0m 169.875 ms - 9681[0m
[0mPOST /posts/create [36m302[0m 22.754 ms - 44[0m
[0mGET / [32m200[0m 32.984 ms - 9993[0m
[0mPOST /posts/create [36m302[0m 12.135 ms - 44[0m
[0mGET / [36m304[0m 34.612 ms - -[0m
[0mGET / [32m200[0m 159.441 ms - 9681[0m
[0mPOST /posts/create [36m302[0m 25.974 ms - 44[0m
[0mGET / [32m200[0m 28.380 ms - 9993[0m
[0mGET / [32m200[0m 98.967 ms - 9681[0m
[0mPOST /posts/create [36m302[0m 11.129 ms - 44[0m
[0mGET / [32m200[0m 43.814 ms - 9993[0m
[0mGET / [32m200[0m 140.371 ms - 9681[0m
[0mGET / [36m304[0m 47.256 ms - -[0m
[0mGET / [36m304[0m 55.999 ms - -[0m
[0mGET / [36m304[0m 49.906 ms - -[0m
[0mGET /users/sign-out [36m302[0m 8.265 ms - 46[0m
[0mGET / [32m200[0m 31.965 ms - 5819[0m
[0mGET /users/sign-in [36m304[0m 11.336 ms - -[0m
[0mGET /users/css/header.css [33m404[0m 17.049 ms - 159[0m
[0mGET /users/css/layout.css [33m404[0m 12.552 ms - 159[0m
[0mGET /users/css/user_sign_in.css [33m404[0m 11.669 ms - 165[0m
[0mGET /users/css/footer.css [33m404[0m 5.489 ms - 159[0m
[0mGET /users/sign-in [36m304[0m 12.566 ms - -[0m
[0mGET /users/css/layout.css [33m404[0m 7.257 ms - 159[0m
[0mGET /users/css/header.css [33m404[0m 6.476 ms - 159[0m
[0mGET /users/css/footer.css [33m404[0m 10.981 ms - 159[0m
[0mGET /users/css/user_sign_in.css [33m404[0m 17.415 ms - 165[0m
[0mGET /users/css/layout.css [33m404[0m 7.844 ms - 159[0m
[0mGET /users/css/header.css [33m404[0m 12.167 ms - 159[0m
[0mGET /users/css/footer.css [33m404[0m 10.006 ms - 159[0m
[0mGET /users/css/user_sign_in.css [33m404[0m 12.456 ms - 165[0m
[0mPOST /users/create-session [36m302[0m 8.980 ms - 46[0m
[0mGET / [32m200[0m 39.441 ms - 10000[0m
[0mGET /users/profile/5ee233349c48830765cb7464 [36m304[0m 14.937 ms - -[0m
[0mGET /users/profile/css/layout.css [33m404[0m 13.954 ms - 167[0m
[0mGET /users/profile/css/header.css [33m404[0m 56.115 ms - 167[0m
[0mGET /users/profile/css/user_profile.css [33m404[0m 45.557 ms - 173[0m
[0mGET /users/profile/css/footer.css [33m404[0m 55.962 ms - 167[0m
[0mGET /users/profile/js/friend.js [33m404[0m 43.340 ms - 165[0m
[0mGET / [32m200[0m 37.597 ms - 9681[0m
[0mPOST /posts/create [36m302[0m 18.053 ms - 44[0m
[0mGET / [32m200[0m 17.948 ms - 9993[0m
[0mGET / [32m200[0m 70.122 ms - 9681[0m
[0mGET / [36m304[0m 82.392 ms - -[0m
[0mGET / [36m304[0m 79.854 ms - -[0m
[0mPOST /posts/create [36m302[0m 8.826 ms - 44[0m
[0mGET / [32m200[0m 22.167 ms - 9993[0m
[0mPOST /likes/toggle/?id=5f084bd891fc8169e5ef1856&type=Post [32m200[0m 34.423 ms - 57[0m
[0mPOST /likes/toggle/?id=5f084bd891fc8169e5ef1856&type=Post [32m200[0m 22.712 ms - 56[0m
[0mGET / [32m200[0m 202.189 ms - 9693[0m
[0mGET /users/profile/5ee233349c48830765cb7464 [32m200[0m 49.602 ms - 4319[0m
[0mGET / [36m304[0m 77.872 ms - -[0m
[0mGET /users/sign-out [36m302[0m 28.902 ms - 46[0m
[0mGET / [32m200[0m 30.662 ms - 5831[0m
[0mGET /users/sign-in [32m200[0m 11.794 ms - 2447[0m
[0mGET /users/sign-in [36m304[0m 64.648 ms - -[0m
[0mPOST /users/create-session [36m302[0m 24.258 ms - 46[0m
[0mGET / [32m200[0m 89.976 ms - 10012[0m
[0mGET /users/profile/5ee233349c48830765cb7464 [36m304[0m 38.344 ms - -[0m
[0mGET / [32m200[0m 51.985 ms - 9693[0m
::1 - - [10/Jul/2020:14:33:03 +0000] "GET / HTTP/1.1" 200 5647 "http://localhost:8000/users/profile/5ee233349c48830765cb7464" "Mozilla/5.0 (X11; Linux x86_64) AppleWebKit/537.36 (KHTML, like Gecko) Chrome/83.0.4103.116 Safari/537.36"
::1 - - [10/Jul/2020:14:33:19 +0000] "GET /users/sign-in HTTP/1.1" 200 2491 "http://localhost:8000/" "Mozilla/5.0 (X11; Linux x86_64) AppleWebKit/537.36 (KHTML, like Gecko) Chrome/83.0.4103.116 Safari/537.36"
::1 - - [10/Jul/2020:14:41:26 +0000] "GET / HTTP/1.1" 200 5647 "-" "Mozilla/5.0 (X11; Linux x86_64) AppleWebKit/537.36 (KHTML, like Gecko) Chrome/83.0.4103.116 Safari/537.36"
::1 - - [10/Jul/2020:14:41:30 +0000] "GET /users/sign-in HTTP/1.1" 200 2491 "http://localhost:8000/" "Mozilla/5.0 (X11; Linux x86_64) AppleWebKit/537.36 (KHTML, like Gecko) Chrome/83.0.4103.116 Safari/537.36"
::1 - - [10/Jul/2020:14:41:34 +0000] "POST /users/create-session HTTP/1.1" 302 46 "http://localhost:8000/users/sign-in" "Mozilla/5.0 (X11; Linux x86_64) AppleWebKit/537.36 (KHTML, like Gecko) Chrome/83.0.4103.116 Safari/537.36"
::1 - - [10/Jul/2020:14:41:34 +0000] "GET / HTTP/1.1" 200 10144 "http://localhost:8000/users/sign-in" "Mozilla/5.0 (X11; Linux x86_64) AppleWebKit/537.36 (KHTML, like Gecko) Chrome/83.0.4103.116 Safari/537.36"
::1 - - [10/Jul/2020:14:41:45 +0000] "POST /posts/create HTTP/1.1" 302 44 "http://localhost:8000/" "Mozilla/5.0 (X11; Linux x86_64) AppleWebKit/537.36 (KHTML, like Gecko) Chrome/83.0.4103.116 Safari/537.36"
::1 - - [10/Jul/2020:14:41:45 +0000] "GET / HTTP/1.1" 200 10137 "http://localhost:8000/" "Mozilla/5.0 (X11; Linux x86_64) AppleWebKit/537.36 (KHTML, like Gecko) Chrome/83.0.4103.116 Safari/537.36"
::1 - - [10/Jul/2020:14:45:25 +0000] "GET /users/sign-in HTTP/1.1" 200 2491 "http://localhost:8000/" "Mozilla/5.0 (X11; Linux x86_64) AppleWebKit/537.36 (KHTML, like Gecko) Chrome/83.0.4103.116 Safari/537.36"
::1 - - [10/Jul/2020:14:59:41 +0000] "GET /users/sign-in HTTP/1.1" 304 - "http://localhost:8000/" "Mozilla/5.0 (X11; Linux x86_64) AppleWebKit/537.36 (KHTML, like Gecko) Chrome/83.0.4103.116 Safari/537.36"
::1 - - [10/Jul/2020:14:59:47 +0000] "POST /users/create-session HTTP/1.1" 302 46 "http://localhost:8000/users/sign-in" "Mozilla/5.0 (X11; Linux x86_64) AppleWebKit/537.36 (KHTML, like Gecko) Chrome/83.0.4103.116 Safari/537.36"
::1 - - [10/Jul/2020:14:59:47 +0000] "GET / HTTP/1.1" 200 10144 "http://localhost:8000/users/sign-in" "Mozilla/5.0 (X11; Linux x86_64) AppleWebKit/537.36 (KHTML, like Gecko) Chrome/83.0.4103.116 Safari/537.36"
::1 - - [10/Jul/2020:14:59:59 +0000] "POST /posts/create HTTP/1.1" 302 44 "http://localhost:8000/" "Mozilla/5.0 (X11; Linux x86_64) AppleWebKit/537.36 (KHTML, like Gecko) Chrome/83.0.4103.116 Safari/537.36"
::1 - - [10/Jul/2020:14:59:59 +0000] "GET / HTTP/1.1" 200 10137 "http://localhost:8000/" "Mozilla/5.0 (X11; Linux x86_64) AppleWebKit/537.36 (KHTML, like Gecko) Chrome/83.0.4103.116 Safari/537.36"
::1 - - [10/Jul/2020:15:01:07 +0000] "GET / HTTP/1.1" 200 9825 "http://localhost:8000/users/sign-in" "Mozilla/5.0 (X11; Linux x86_64) AppleWebKit/537.36 (KHTML, like Gecko) Chrome/83.0.4103.116 Safari/537.36"
::1 - - [10/Jul/2020:15:01:20 +0000] "POST /posts/create HTTP/1.1" 302 44 "http://localhost:8000/" "Mozilla/5.0 (X11; Linux x86_64) AppleWebKit/537.36 (KHTML, like Gecko) Chrome/83.0.4103.116 Safari/537.36"
::1 - - [10/Jul/2020:15:01:20 +0000] "GET / HTTP/1.1" 200 10137 "http://localhost:8000/" "Mozilla/5.0 (X11; Linux x86_64) AppleWebKit/537.36 (KHTML, like Gecko) Chrome/83.0.4103.116 Safari/537.36"
::1 - - [10/Jul/2020:15:04:47 +0000] "GET / HTTP/1.1" 200 9817 "http://localhost:8000/users/sign-in" "Mozilla/5.0 (X11; Linux x86_64) AppleWebKit/537.36 (KHTML, like Gecko) Chrome/83.0.4103.116 Safari/537.36"
::1 - - [10/Jul/2020:15:04:57 +0000] "POST /posts/create HTTP/1.1" 302 44 "http://localhost:8000/" "Mozilla/5.0 (X11; Linux x86_64) AppleWebKit/537.36 (KHTML, like Gecko) Chrome/83.0.4103.116 Safari/537.36"
::1 - - [10/Jul/2020:15:04:57 +0000] "GET / HTTP/1.1" 200 10129 "http://localhost:8000/" "Mozilla/5.0 (X11; Linux x86_64) AppleWebKit/537.36 (KHTML, like Gecko) Chrome/83.0.4103.116 Safari/537.36"
::1 - - [10/Jul/2020:15:09:29 +0000] "GET / HTTP/1.1" 200 9817 "-" "Mozilla/5.0 (X11; Linux x86_64) AppleWebKit/537.36 (KHTML, like Gecko) Chrome/83.0.4103.116 Safari/537.36"
::1 - - [10/Jul/2020:15:09:38 +0000] "POST /posts/create HTTP/1.1" 302 44 "http://localhost:8000/" "Mozilla/5.0 (X11; Linux x86_64) AppleWebKit/537.36 (KHTML, like Gecko) Chrome/83.0.4103.116 Safari/537.36"
::1 - - [10/Jul/2020:15:09:38 +0000] "GET / HTTP/1.1" 200 10129 "http://localhost:8000/" "Mozilla/5.0 (X11; Linux x86_64) AppleWebKit/537.36 (KHTML, like Gecko) Chrome/83.0.4103.116 Safari/537.36"
::1 - - [10/Jul/2020:15:18:22 +0000] "GET / HTTP/1.1" 200 9817 "http://localhost:8000/users/profile/5ee233349c48830765cb7464" "Mozilla/5.0 (X11; Linux x86_64) AppleWebKit/537.36 (KHTML, like Gecko) Chrome/83.0.4103.116 Safari/537.36"
::1 - - [10/Jul/2020:15:18:31 +0000] "POST /posts/create HTTP/1.1" 302 44 "http://localhost:8000/" "Mozilla/5.0 (X11; Linux x86_64) AppleWebKit/537.36 (KHTML, like Gecko) Chrome/83.0.4103.116 Safari/537.36"
::1 - - [10/Jul/2020:15:18:31 +0000] "GET / HTTP/1.1" 200 10129 "http://localhost:8000/" "Mozilla/5.0 (X11; Linux x86_64) AppleWebKit/537.36 (KHTML, like Gecko) Chrome/83.0.4103.116 Safari/537.36"
::1 - - [10/Jul/2020:15:22:10 +0000] "GET / HTTP/1.1" 200 9817 "http://localhost:8000/users/profile/5ee233349c48830765cb7464" "Mozilla/5.0 (X11; Linux x86_64) AppleWebKit/537.36 (KHTML, like Gecko) Chrome/83.0.4103.116 Safari/537.36"
::1 - - [10/Jul/2020:15:22:40 +0000] "GET / HTTP/1.1" 304 - "http://localhost:8000/users/profile/5ee233349c48830765cb7464" "Mozilla/5.0 (X11; Linux x86_64) AppleWebKit/537.36 (KHTML, like Gecko) Chrome/83.0.4103.116 Safari/537.36"
::1 - - [10/Jul/2020:15:22:51 +0000] "POST /posts/create HTTP/1.1" 302 44 "http://localhost:8000/" "Mozilla/5.0 (X11; Linux x86_64) AppleWebKit/537.36 (KHTML, like Gecko) Chrome/83.0.4103.116 Safari/537.36"
::1 - - [10/Jul/2020:15:22:51 +0000] "GET / HTTP/1.1" 200 10129 "http://localhost:8000/" "Mozilla/5.0 (X11; Linux x86_64) AppleWebKit/537.36 (KHTML, like Gecko) Chrome/83.0.4103.116 Safari/537.36"
::1 - - [10/Jul/2020:15:24:37 +0000] "GET / HTTP/1.1" 200 9817 "http://localhost:8000/users/profile/5ee233349c48830765cb7464" "Mozilla/5.0 (X11; Linux x86_64) AppleWebKit/537.36 (KHTML, like Gecko) Chrome/83.0.4103.116 Safari/537.36"
::1 - - [10/Jul/2020:15:24:47 +0000] "POST /posts/create HTTP/1.1" 302 44 "http://localhost:8000/" "Mozilla/5.0 (X11; Linux x86_64) AppleWebKit/537.36 (KHTML, like Gecko) Chrome/83.0.4103.116 Safari/537.36"
::1 - - [10/Jul/2020:15:24:47 +0000] "GET / HTTP/1.1" 200 10129 "http://localhost:8000/" "Mozilla/5.0 (X11; Linux x86_64) AppleWebKit/537.36 (KHTML, like Gecko) Chrome/83.0.4103.116 Safari/537.36"
::1 - - [10/Jul/2020:15:25:42 +0000] "GET / HTTP/1.1" 200 9704 "http://localhost:8000/users/profile/5ee233349c48830765cb7464" "Mozilla/5.0 (X11; Linux x86_64) AppleWebKit/537.36 (KHTML, like Gecko) Chrome/83.0.4103.116 Safari/537.36"
::1 - - [10/Jul/2020:15:25:49 +0000] "POST /posts/create HTTP/1.1" 302 88 "http://localhost:8000/" "Mozilla/5.0 (X11; Linux x86_64) AppleWebKit/537.36 (KHTML, like Gecko) Chrome/83.0.4103.116 Safari/537.36"
::1 - - [10/Jul/2020:15:25:50 +0000] "GET / HTTP/1.1" 200 11744 "http://localhost:8000/" "Mozilla/5.0 (X11; Linux x86_64) AppleWebKit/537.36 (KHTML, like Gecko) Chrome/83.0.4103.116 Safari/537.36"
::1 - - [10/Jul/2020:15:26:51 +0000] "POST /posts/create HTTP/1.1" 302 88 "http://localhost:8000/" "Mozilla/5.0 (X11; Linux x86_64) AppleWebKit/537.36 (KHTML, like Gecko) Chrome/83.0.4103.116 Safari/537.36"
::1 - - [10/Jul/2020:15:26:51 +0000] "GET / HTTP/1.1" 200 13474 "http://localhost:8000/" "Mozilla/5.0 (X11; Linux x86_64) AppleWebKit/537.36 (KHTML, like Gecko) Chrome/83.0.4103.116 Safari/537.36"
::1 - - [10/Jul/2020:15:33:40 +0000] "GET / HTTP/1.1" 200 13162 "http://localhost:8000/" "Mozilla/5.0 (X11; Linux x86_64) AppleWebKit/537.36 (KHTML, like Gecko) Chrome/83.0.4103.116 Safari/537.36"
::1 - - [10/Jul/2020:15:34:04 +0000] "GET / HTTP/1.1" 304 - "http://localhost:8000/" "Mozilla/5.0 (X11; Linux x86_64) AppleWebKit/537.36 (KHTML, like Gecko) Chrome/83.0.4103.116 Safari/537.36"
::1 - - [10/Jul/2020:15:34:36 +0000] "GET / HTTP/1.1" 304 - "-" "Mozilla/5.0 (X11; Linux x86_64) AppleWebKit/537.36 (KHTML, like Gecko) Chrome/83.0.4103.116 Safari/537.36"
::1 - - [10/Jul/2020:15:34:44 +0000] "POST /posts/create HTTP/1.1" 302 88 "http://localhost:8000/" "Mozilla/5.0 (X11; Linux x86_64) AppleWebKit/537.36 (KHTML, like Gecko) Chrome/83.0.4103.116 Safari/537.36"
::1 - - [10/Jul/2020:15:34:44 +0000] "GET / HTTP/1.1" 200 15201 "http://localhost:8000/" "Mozilla/5.0 (X11; Linux x86_64) AppleWebKit/537.36 (KHTML, like Gecko) Chrome/83.0.4103.116 Safari/537.36"
::1 - - [10/Jul/2020:15:42:39 +0000] "GET / HTTP/1.1" 200 14889 "http://localhost:8000/" "Mozilla/5.0 (X11; Linux x86_64) AppleWebKit/537.36 (KHTML, like Gecko) Chrome/83.0.4103.116 Safari/537.36"
::1 - - [10/Jul/2020:15:42:53 +0000] "POST /posts/create HTTP/1.1" 200 260 "http://localhost:8000/" "Mozilla/5.0 (X11; Linux x86_64) AppleWebKit/537.36 (KHTML, like Gecko) Chrome/83.0.4103.116 Safari/537.36"
::1 - - [10/Jul/2020:15:43:49 +0000] "GET / HTTP/1.1" 200 16929 "http://localhost:8000/" "Mozilla/5.0 (X11; Linux x86_64) AppleWebKit/537.36 (KHTML, like Gecko) Chrome/83.0.4103.116 Safari/537.36"
::1 - - [10/Jul/2020:15:43:58 +0000] "POST /posts/create HTTP/1.1" 302 88 "http://localhost:8000/" "Mozilla/5.0 (X11; Linux x86_64) AppleWebKit/537.36 (KHTML, like Gecko) Chrome/83.0.4103.116 Safari/537.36"
::1 - - [10/Jul/2020:15:43:58 +0000] "GET / HTTP/1.1" 200 18657 "http://localhost:8000/" "Mozilla/5.0 (X11; Linux x86_64) AppleWebKit/537.36 (KHTML, like Gecko) Chrome/83.0.4103.116 Safari/537.36"
::1 - - [10/Jul/2020:15:45:22 +0000] "GET / HTTP/1.1" 200 18345 "http://localhost:8000/" "Mozilla/5.0 (X11; Linux x86_64) AppleWebKit/537.36 (KHTML, like Gecko) Chrome/83.0.4103.116 Safari/537.36"
::1 - - [10/Jul/2020:15:45:33 +0000] "POST /posts/create HTTP/1.1" 302 88 "http://localhost:8000/" "Mozilla/5.0 (X11; Linux x86_64) AppleWebKit/537.36 (KHTML, like Gecko) Chrome/83.0.4103.116 Safari/537.36"
::1 - - [10/Jul/2020:15:45:33 +0000] "GET / HTTP/1.1" 200 20386 "http://localhost:8000/" "Mozilla/5.0 (X11; Linux x86_64) AppleWebKit/537.36 (KHTML, like Gecko) Chrome/83.0.4103.116 Safari/537.36"
::1 - - [10/Jul/2020:15:46:01 +0000] "GET / HTTP/1.1" 200 20187 "http://localhost:8000/" "Mozilla/5.0 (X11; Linux x86_64) AppleWebKit/537.36 (KHTML, like Gecko) Chrome/83.0.4103.116 Safari/537.36"
::1 - - [10/Jul/2020:15:46:10 +0000] "POST /posts/create HTTP/1.1" 302 44 "http://localhost:8000/" "Mozilla/5.0 (X11; Linux x86_64) AppleWebKit/537.36 (KHTML, like Gecko) Chrome/83.0.4103.116 Safari/537.36"
::1 - - [10/Jul/2020:15:46:10 +0000] "GET / HTTP/1.1" 304 - "http://localhost:8000/" "Mozilla/5.0 (X11; Linux x86_64) AppleWebKit/537.36 (KHTML, like Gecko) Chrome/83.0.4103.116 Safari/537.36"
::1 - - [10/Jul/2020:15:47:58 +0000] "GET / HTTP/1.1" 200 20195 "http://localhost:8000/" "Mozilla/5.0 (X11; Linux x86_64) AppleWebKit/537.36 (KHTML, like Gecko) Chrome/83.0.4103.116 Safari/537.36"
::1 - - [10/Jul/2020:15:48:07 +0000] "POST /posts/create HTTP/1.1" 302 44 "http://localhost:8000/" "Mozilla/5.0 (X11; Linux x86_64) AppleWebKit/537.36 (KHTML, like Gecko) Chrome/83.0.4103.116 Safari/537.36"
::1 - - [10/Jul/2020:15:48:07 +0000] "GET / HTTP/1.1" 304 - "http://localhost:8000/" "Mozilla/5.0 (X11; Linux x86_64) AppleWebKit/537.36 (KHTML, like Gecko) Chrome/83.0.4103.116 Safari/537.36"
::1 - - [10/Jul/2020:15:49:38 +0000] "GET / HTTP/1.1" 304 - "http://localhost:8000/" "Mozilla/5.0 (X11; Linux x86_64) AppleWebKit/537.36 (KHTML, like Gecko) Chrome/83.0.4103.116 Safari/537.36"
::1 - - [10/Jul/2020:15:49:46 +0000] "POST /posts/create HTTP/1.1" 302 44 "http://localhost:8000/" "Mozilla/5.0 (X11; Linux x86_64) AppleWebKit/537.36 (KHTML, like Gecko) Chrome/83.0.4103.116 Safari/537.36"
::1 - - [10/Jul/2020:15:49:46 +0000] "GET / HTTP/1.1" 304 - "http://localhost:8000/" "Mozilla/5.0 (X11; Linux x86_64) AppleWebKit/537.36 (KHTML, like Gecko) Chrome/83.0.4103.116 Safari/537.36"
[0mGET / [32m200[0m 93.463 ms - 10809[0m
[0mGET /users/sign-in [32m200[0m 25.949 ms - 2447[0m
[0mPOST /users/create-session [36m302[0m 11.868 ms - 46[0m
[0mGET / [32m200[0m 44.240 ms - 20316[0m
[0mPOST /posts/create [36m302[0m 34.533 ms - 44[0m
[0mGET / [32m200[0m 30.361 ms - 19997[0m
[0mGET /posts/destroy/5f088c7da30df126a76e0eef [32m200[0m 35.412 ms - 74[0m
[0mGET /posts/destroy/5f088a9453ac0824d9e0e085 [32m200[0m 19.903 ms - 74[0m
[0mGET /posts/destroy/5f0888bb1cb16d236e398d77 [32m200[0m 29.176 ms - 74[0m
[0mGET /posts/destroy/5f08887d823bc222e9989ad5 [32m200[0m 24.075 ms - 74[0m
[0mGET /posts/destroy/5f084bd891fc8169e5ef1856 [32m200[0m 32.414 ms - 74[0m
[0mGET /posts/destroy/5f088cbef7808d26f54b25d6 [32m200[0m 27.811 ms - 74[0m
[0mGET /posts/destroy/5f088d1d12689d275173d855 [32m200[0m 18.081 ms - 74[0m
[0mGET /posts/destroy/5f084b0dae11356924efe357 [32m200[0m 27.125 ms - 74[0m
[0mGET / [32m200[0m 39.238 ms - 6260[0m
[0mPOST /users/create-session [36m302[0m 9.458 ms - 46[0m
[0mGET / [32m200[0m 18.443 ms - 6579[0m
[0mGET / [32m200[0m 34.496 ms - 6260[0m
[0mGET / [36m304[0m 27.595 ms - -[0m
[0mPOST /search [32m200[0m 5.522 ms - 1893[0m
[0mGET / [36m304[0m 22.899 ms - -[0m
[0mGET / [36m304[0m 87.979 ms - -[0m
[0mPOST /posts/create [36m302[0m 17.612 ms - 44[0m
[0mGET / [36m304[0m 14.594 ms - -[0m
[0mGET / [32m200[0m 92.520 ms - 6170[0m
[0mPOST /search [32m200[0m 10.668 ms - 1893[0m
[0mGET / [36m304[0m 97.400 ms - -[0m
[0mPOST /search [32m200[0m 9.656 ms - 1893[0m
[0mGET /%3C%=search.avatar%%3E [33m404[0m 6.668 ms - 167[0m
[0mGET / [36m304[0m 113.559 ms - -[0m
[0mPOST /search [32m200[0m 14.245 ms - 1893[0m
[0mGET /%3C%=search.avatar%%3E [33m404[0m 6.367 ms - 167[0m
[0mGET / [36m304[0m 94.242 ms - -[0m
[0mPOST /search [36m302[0m 18.670 ms - 44[0m
[0mGET / [36m304[0m 22.875 ms - -[0m
[0mPOST /search [36m302[0m 25.995 ms - 44[0m
[0mGET / [36m304[0m 17.746 ms - -[0m
[0mPOST /search [36m302[0m 6.271 ms - 44[0m
[0mGET / [36m304[0m 24.436 ms - -[0m
[0mPOST /search [36m302[0m 22.464 ms - 44[0m
[0mGET / [36m304[0m 18.073 ms - -[0m
[0mGET / [36m304[0m 94.291 ms - -[0m
[0mPOST /search [32m200[0m 14.444 ms - 1893[0m
[0mGET /%3C%=search.avatar%%3E [33m404[0m 5.927 ms - 167[0m
[0mGET / [36m304[0m 71.315 ms - -[0m
[0mPOST /search [32m200[0m 13.099 ms - 1893[0m
[0mGET /%3C%=search.avatar%%3E [33m404[0m 5.421 ms - 167[0m
[0mGET / [36m304[0m 88.357 ms - -[0m
[0mPOST /search [32m200[0m 7.544 ms - 1893[0m
[0mGET /%3C%=search.avatar%%3E [33m404[0m 5.552 ms - 167[0m
[0mPOST /search [32m200[0m 10.516 ms - 1893[0m
[0mGET /%3C%=search.avatar%%3E [33m404[0m 4.334 ms - 167[0m
[0mGET / [36m304[0m 100.016 ms - -[0m
[0mPOST /search [32m200[0m 15.802 ms - 1893[0m
[0mGET / [36m304[0m 89.743 ms - -[0m
[0mPOST /search [32m200[0m 15.691 ms - 1893[0m
[0mGET / [36m304[0m 107.154 ms - -[0m
[0mGET / [36m304[0m 42.433 ms - -[0m
[0mPOST /posts/create [0m-[0m - ms - -[0m
[0mGET / [32m200[0m 115.030 ms - 9494[0m
[0mPOST /posts/create [36m302[0m 30.581 ms - 88[0m
[0mGET / [32m200[0m 73.281 ms - 11473[0m
[0mPOST /posts/create [36m302[0m 23.322 ms - 88[0m
[0mGET / [32m200[0m 52.356 ms - 13135[0m
[0mPOST /posts/create [36m302[0m 29.193 ms - 88[0m
[0mGET / [32m200[0m 66.062 ms - 14855[0m
[0mPOST /posts/create [36m302[0m 38.107 ms - 88[0m
[0mGET / [32m200[0m 66.847 ms - 16576[0m
[0mGET / [32m200[0m 50.109 ms - 16352[0m
[0mGET / [36m304[0m 146.034 ms - -[0m
[0mGET / [36m304[0m 187.414 ms - -[0m
[0mGET / [36m304[0m 108.543 ms - -[0m
[0mPOST /posts/create [0m-[0m - ms - -[0m
[0mGET / [36m304[0m 56.396 ms - -[0m
[0mGET / [36m304[0m 178.523 ms - -[0m
[0mGET / [36m304[0m 122.570 ms - -[0m
[0mGET / [36m304[0m 196.590 ms - -[0m
[0mGET / [36m304[0m 186.226 ms - -[0m
[0mPOST /posts/create [0m-[0m - ms - -[0m
[0mGET / [36m304[0m 156.043 ms - -[0m
[0mPOST /posts/create [32m200[0m 44.563 ms - 310[0m
[0mPOST /posts/create [32m200[0m 30.445 ms - 357[0m
[0mGET /%3C%=%20post.pic%20%%3E [33m404[0m 12.077 ms - 168[0m
[0mGET / [32m200[0m 130.375 ms - 19734[0m
[0mPOST /posts/create [32m200[0m 48.830 ms - 354[0m
[0mGET / [32m200[0m 131.632 ms - 21451[0m
[0mPOST /posts/create [32m200[0m 52.508 ms - 355[0m
[0mPOST /posts/create [32m200[0m 29.645 ms - 358[0m
[0mGET / [32m200[0m 152.751 ms - 24888[0m
[0mPOST /posts/create [32m200[0m 40.363 ms - 354[0m
[0mPOST /posts/create [32m200[0m 34.959 ms - 354[0m
[0mGET / [32m200[0m 199.783 ms - 28320[0m
[0mPOST /posts/create [32m200[0m 47.856 ms - 356[0m
[0mGET /users/profile/5eedc07fd4853c1dc6eab379 [32m200[0m 29.538 ms - 2688[0m
[0mPOST /isfriend [32m200[0m 9.547 ms - 46[0m
[0mGET / [32m200[0m 70.018 ms - 30038[0m
[0mPOST /search [32m200[0m 27.918 ms - 1893[0m
[0mGET /users/profile/5ee8fe3a41b0b4311b91da5b [32m200[0m 23.226 ms - 2747[0m
[0mGET / [36m304[0m 70.848 ms - -[0m
[0mPOST /search [32m200[0m 24.330 ms - 1022[0m
[0mGET /users/profile/5f0024cd28e821363b510a22 [32m200[0m 15.787 ms - 2711[0m
[0mPOST /isfriend [32m200[0m 19.182 ms - 49[0m
[0mPOST /isfriend [32m200[0m 20.529 ms - 51[0m
[0mPOST /isfriend [32m200[0m 20.587 ms - 49[0m
[0mPOST /isfriend [32m200[0m 24.661 ms - 51[0m
[0mGET / [36m304[0m 63.960 ms - -[0m
[0mPOST /likes/toggle/?id=5f08ab6b0213d440b3d1f092&type=Post [32m200[0m 14.972 ms - 57[0m
[0mPOST /likes/toggle/?id=5f08ab6b0213d440b3d1f092&type=Post [32m200[0m 26.339 ms - 56[0m
[0mPOST /posts/create [32m200[0m 24.421 ms - 358[0m
[0mGET /likes/toggle/?id=5f08ac0d22430640fd044051&type=Post [33m404[0m 8.102 ms - 152[0m
[0mGET /likes/toggle/?id=5f08ac0d22430640fd044051&type=Post [33m404[0m 10.799 ms - 152[0m
[0mGET /likes/toggle/?id=5f08ac0d22430640fd044051&type=Post [33m404[0m 52.042 ms - 152[0m
[0mGET /likes/toggle/?id=5f08ac0d22430640fd044051&type=Post [33m404[0m 6.623 ms - 152[0m
[0mPOST /posts/create [32m200[0m 52.636 ms - 355[0m
[0mGET /likes/toggle/?id=5f08ac77c868e6421c051b20&type=Post [33m404[0m 19.790 ms - 152[0m
[0mGET / [32m200[0m 105.393 ms - 33475[0m
[0mPOST /posts/create [32m200[0m 37.167 ms - 355[0m
[0mPOST /likes/toggle/?id=5f08ac89c868e6421c051b21&type=Post [32m200[0m 48.042 ms - 57[0m
[0mPOST /likes/toggle/?id=5f08ac89c868e6421c051b21&type=Post [32m200[0m 23.556 ms - 56[0m
[0mPOST /likes/toggle/?id=5f08ac89c868e6421c051b21&type=Post [32m200[0m 28.211 ms - 57[0m
[0mPOST /comments/create [36m302[0m 18.873 ms - 46[0m
[0mGET / [32m200[0m 248.884 ms - 36415[0m
[0mPOST /comments/create [32m200[0m 23.448 ms - 332[0m
[0mPOST /comments/create [32m200[0m 42.309 ms - 332[0m
[0mPOST /likes/toggle/?id=5f08ac9cc868e6421c051b2a&type=Comment [32m200[0m 37.352 ms - 57[0m
[0mPOST /likes/toggle/?id=5f08ac9bc868e6421c051b29&type=Comment [32m200[0m 24.868 ms - 57[0m
[0mPOST /likes/toggle/?id=5f08ac94c868e6421c051b27&type=Comment [32m200[0m 22.292 ms - 57[0m
[0mPOST /likes/toggle/?id=5f08ac89c868e6421c051b21&type=Post [32m200[0m 24.669 ms - 56[0m
[0mPOST /search [32m200[0m 25.975 ms - 1893[0m
[0mGET / [32m200[0m 164.750 ms - 37922[0m
[0mPOST /search [32m200[0m 19.155 ms - 1893[0m
[0mGET / [36m304[0m 139.506 ms - -[0m
[0mPOST /search [32m200[0m 15.122 ms - 1893[0m
[0mGET / [36m304[0m 184.744 ms - -[0m
[0mPOST /search [32m200[0m 23.877 ms - 1893[0m
[0mGET / [36m304[0m 160.483 ms - -[0m
[0mPOST /search [32m200[0m 11.781 ms - 1893[0m
[0mGET / [36m304[0m 207.405 ms - -[0m
[0mPOST /search [32m200[0m 9.784 ms - 1893[0m
[0mGET / [36m304[0m 145.276 ms - -[0m
[0mPOST /search [32m200[0m 21.912 ms - 1893[0m
[0mGET / [36m304[0m 190.413 ms - -[0m
[0mPOST /search [32m200[0m 16.028 ms - 1893[0m
[0mGET / [36m304[0m 175.660 ms - -[0m
[0mPOST /search [32m200[0m 11.870 ms - 1893[0m
[0mGET / [36m304[0m 51.154 ms - -[0m
