[0mGET / [36m304[0m 47.131 ms - -[0m
[0mGET / [36m304[0m 118.269 ms - -[0m
[0mGET / [32m200[0m 76.976 ms - 37926[0m
[0mPOST /search [32m200[0m 10.895 ms - 1893[0m
[0mGET / [32m200[0m 101.178 ms - 37922[0m
[0mPOST /search [32m200[0m 17.998 ms - 1893[0m
[0mGET / [36m304[0m 100.501 ms - -[0m
[0mPOST /search [32m200[0m 12.060 ms - 1893[0m
[0mGET / [36m304[0m 241.358 ms - -[0m
[0mPOST /search [32m200[0m 26.415 ms - 1893[0m
[0mPOST /search [32m200[0m 26.955 ms - 1893[0m
[0mGET / [36m304[0m 139.183 ms - -[0m
[0mPOST /search [32m200[0m 19.097 ms - 1893[0m
[0mPOST /search [32m200[0m 26.549 ms - 1893[0m
[0mGET / [36m304[0m 146.780 ms - -[0m
[0mPOST /search [32m200[0m 32.100 ms - 1893[0m
[0mGET / [36m304[0m 195.361 ms - -[0m
[0mPOST /search [32m200[0m 16.916 ms - 1893[0m
[0mGET / [36m304[0m 108.016 ms - -[0m
[0mPOST /search [32m200[0m 22.059 ms - 1893[0m
[0mGET / [36m304[0m 91.014 ms - -[0m
[0mPOST /search [32m200[0m 28.228 ms - 1893[0m
[0mGET / [36m304[0m 108.393 ms - -[0m
[0mPOST /search [32m200[0m 28.304 ms - 1893[0m
[0mGET / [36m304[0m 127.760 ms - -[0m
[0mPOST /search [32m200[0m 22.837 ms - 1893[0m
[0mGET / [36m304[0m 149.760 ms - -[0m
[0mPOST /search [32m200[0m 22.583 ms - 1893[0m
[0mGET / [36m304[0m 172.637 ms - -[0m
[0mPOST /search [32m200[0m 9.415 ms - 1893[0m
[0mGET / [36m304[0m 165.386 ms - -[0m
[0mPOST /search [32m200[0m 25.264 ms - 1893[0m
[0mGET / [36m304[0m 129.295 ms - -[0m
[0mPOST /search [32m200[0m 25.124 ms - 1893[0m
[0mGET / [36m304[0m 190.635 ms - -[0m
[0mPOST /search [32m200[0m 14.573 ms - 1893[0m
[0mGET / [36m304[0m 127.823 ms - -[0m
[0mGET / [32m200[0m 109.593 ms - 37920[0m
[0mGET / [36m304[0m 134.150 ms - -[0m
[0mGET / [36m304[0m 104.800 ms - -[0m
[0mGET / [36m304[0m 126.286 ms - -[0m
[0mGET / [36m304[0m 73.656 ms - -[0m
[0mGET / [32m200[0m 70.182 ms - 37922[0m
[0mGET / [32m200[0m 93.293 ms - 37938[0m
[0mGET / [36m304[0m 70.315 ms - -[0m
[0mPOST /comments/create [32m200[0m 28.756 ms - 390[0m
[0mGET / [32m200[0m 123.128 ms - 38906[0m
[0mPOST /comments/create [32m200[0m 30.943 ms - 390[0m
[0mGET / [32m200[0m 135.851 ms - 39874[0m
[0mPOST /comments/create [32m200[0m 25.414 ms - 390[0m
[0mGET / [32m200[0m 174.887 ms - 40842[0m
[0mPOST /comments/create [32m200[0m 30.927 ms - 390[0m
[0mGET / [32m200[0m 90.406 ms - 41810[0m
[0mGET /comments/destroy/5f08be3eb894124f3d142056 [32m200[0m 25.987 ms - 75[0m
[0mGET /comments/destroy/5f08bf03b894124f3d142057 [32m200[0m 34.685 ms - 75[0m
[0mGET /comments/destroy/5f08bf18b894124f3d142058 [32m200[0m 23.238 ms - 75[0m
[0mGET /comments/destroy/5f08bf5e6917895310fe69bd [32m200[0m 27.340 ms - 75[0m
[0mGET /comments/destroy/5f08ac9cc868e6421c051b2a [32m200[0m 25.620 ms - 75[0m
[0mGET /comments/destroy/5f08ac9bc868e6421c051b29 [32m200[0m 27.706 ms - 75[0m
[0mGET / [32m200[0m 101.051 ms - 36244[0m
[0mGET / [32m200[0m 152.620 ms - 36248[0m
[0mGET / [36m304[0m 313.093 ms - -[0m
[0mGET / [36m304[0m 147.164 ms - -[0m
[0mGET /posts/destroy/5f08ac89c868e6421c051b21 [32m200[0m 27.484 ms - 74[0m
[0mGET /posts/destroy/5f08ac77c868e6421c051b20 [32m200[0m 45.154 ms - 74[0m
[0mGET /posts/destroy/5f08ac0d22430640fd044051 [32m200[0m 45.042 ms - 74[0m
[0mGET /posts/destroy/5f08abb622430640fd04404d [32m200[0m 42.446 ms - 74[0m
[0mGET /posts/destroy/5f08ab6b0213d440b3d1f092 [32m200[0m 40.689 ms - 74[0m
[0mGET /posts/destroy/5f08ab680213d440b3d1f091 [32m200[0m 40.214 ms - 74[0m
[0mGET /posts/destroy/5f08ab4368a9ed4048389298 [32m200[0m 45.339 ms - 74[0m
[0mGET /posts/destroy/5f08ab3168a9ed4048389297 [32m200[0m 51.422 ms - 74[0m
[0mGET /posts/destroy/5f08aae025f4523ffbb15ad2 [32m200[0m 47.069 ms - 74[0m
[0mGET /posts/destroy/5f08aaaee9ed6b3fa83f2bad [32m200[0m 49.023 ms - 74[0m
[0mGET /posts/destroy/5f08aaa5e9ed6b3fa83f2bac [32m200[0m 21.475 ms - 74[0m
[0mGET / [32m200[0m 43.256 ms - 16498[0m
[0mGET / [36m304[0m 34.866 ms - -[0m
[0mGET / [36m304[0m 43.709 ms - -[0m
[0mGET / [32m200[0m 41.251 ms - 8931[0m
[0mGET /users/sign-in [32m200[0m 13.100 ms - 2528[0m
[0mPOST /users/create-session [36m302[0m 15.817 ms - 46[0m
[0mGET / [32m200[0m 45.675 ms - 16817[0m
[0mGET / [32m200[0m 59.160 ms - 16557[0m
[0mGET / [32m200[0m 62.540 ms - 16556[0m
[0mGET / [32m200[0m 59.539 ms - 16562[0m
[0mGET / [32m200[0m 88.027 ms - 16583[0m
[0mGET / [32m200[0m 39.805 ms - 16583[0m
[0mGET / [36m304[0m 62.979 ms - -[0m
[0mGET / [36m304[0m 90.687 ms - -[0m
[0mGET / [36m304[0m 48.876 ms - -[0m
[0mGET / [36m304[0m 50.037 ms - -[0m
[0mGET / [36m304[0m 41.151 ms - -[0m
[0mGET / [32m200[0m 34.391 ms - 16573[0m
[0mGET / [36m304[0m 55.998 ms - -[0m
[0mGET / [36m304[0m 58.196 ms - -[0m
[0mGET / [32m200[0m 49.391 ms - 16609[0m
[0mGET / [36m304[0m 52.969 ms - -[0m
[0mGET / [32m200[0m 45.350 ms - 16656[0m
[0mGET / [32m200[0m 55.155 ms - 16656[0m
[0mGET / [32m200[0m 44.225 ms - 16605[0m
[0mGET / [36m304[0m 40.098 ms - -[0m
[0mGET / [36m304[0m 53.426 ms - -[0m
[0mGET / [36m304[0m 49.944 ms - -[0m
[0mGET / [36m304[0m 75.488 ms - -[0m
[0mGET / [36m304[0m 60.929 ms - -[0m
[0mGET / [36m304[0m 48.738 ms - -[0m
[0mGET / [36m304[0m 56.104 ms - -[0m
[0mGET / [36m304[0m 55.158 ms - -[0m
[0mGET / [36m304[0m 52.759 ms - -[0m
[0mGET / [36m304[0m 61.948 ms - -[0m
[0mPOST /search [32m200[0m 34.439 ms - 1893[0m
[0mGET / [36m304[0m 38.979 ms - -[0m
[0mGET / [32m200[0m 43.523 ms - 16804[0m
[0mGET / [36m304[0m 45.259 ms - -[0m
[0mGET / [36m304[0m 64.581 ms - -[0m
[0mGET / [36m304[0m 46.700 ms - -[0m
[0mGET / [36m304[0m 43.695 ms - -[0m
[0mGET / [36m304[0m 48.374 ms - -[0m
[0mGET / [36m304[0m 48.503 ms - -[0m
[0mGET / [36m304[0m 52.518 ms - -[0m
[0mGET / [36m304[0m 44.199 ms - -[0m
[0mGET / [36m304[0m 55.592 ms - -[0m
[0mGET / [36m304[0m 35.807 ms - -[0m
[0mGET / [36m304[0m 93.438 ms - -[0m
[0mGET / [36m304[0m 46.331 ms - -[0m
[0mGET / [36m304[0m 52.679 ms - -[0m
[0mGET / [36m304[0m 67.925 ms - -[0m
[0mGET / [36m304[0m 46.757 ms - -[0m
[0mGET / [36m304[0m 55.579 ms - -[0m
[0mGET / [36m304[0m 49.001 ms - -[0m
[0mGET / [36m304[0m 37.042 ms - -[0m
[0mPOST /search [32m200[0m 17.680 ms - 1893[0m
[0mGET / [36m304[0m 74.592 ms - -[0m
[0mGET / [36m304[0m 53.560 ms - -[0m
[0mPOST /search [32m200[0m 19.257 ms - 1893[0m
[0mGET / [36m304[0m 56.172 ms - -[0m
[0mPOST /search [32m200[0m 10.905 ms - 49[0m
[0mPOST /search [32m200[0m 18.096 ms - 1893[0m
[0mGET / [36m304[0m 40.047 ms - -[0m
[0mGET / [36m304[0m 48.803 ms - -[0m
[0mPOST /comments/create [32m200[0m 32.966 ms - 390[0m
[0mPOST /comments/create [32m200[0m 6.551 ms - 390[0m
[0mGET /comments/destroy/5f08da816917895310fe69c0 [32m200[0m 20.880 ms - 75[0m
[0mGET /comments/destroy/5f08da7d6917895310fe69be [32m200[0m 20.133 ms - 75[0m
[0mGET / [36m304[0m 32.976 ms - -[0m
[0mGET /users/profile/5ee233349c48830765cb7464 [32m200[0m 28.900 ms - 4436[0m
[0mGET /isfriend/destroy/5eedc07fd4853c1dc6eab379 [36m302[0m 35.628 ms - 164[0m
[0mGET /users/profile/5ee233349c48830765cb7464 [32m200[0m 13.307 ms - 4109[0m
[0mGET /isfriend/destroy/5ee8fe3a41b0b4311b91da5b [36m302[0m 23.596 ms - 164[0m
[0mGET /users/profile/5ee233349c48830765cb7464 [32m200[0m 23.896 ms - 3782[0m
[0mGET /isfriend/destroy/5eedc09dd4853c1dc6eab37a [36m302[0m 18.257 ms - 164[0m
[0mGET /users/profile/5ee233349c48830765cb7464 [32m200[0m 17.376 ms - 3454[0m
[0mGET /isfriend/destroy/5efa22193fc78c5e33a65a2b [36m302[0m 16.857 ms - 164[0m
[0mGET /users/profile/5ee233349c48830765cb7464 [32m200[0m 13.735 ms - 3135[0m
[0mGET / [32m200[0m 40.530 ms - 15687[0m
[0mGET / [32m200[0m 32.620 ms - 15696[0m
[0mGET / [32m200[0m 22.451 ms - 9091[0m
[0mGET /home/sanya610/Downloads/teal-background-5887.jpeg [33m404[0m 11.240 ms - 188[0m
[0mGET /users/sign-in [32m200[0m 10.506 ms - 2573[0m
[0mPOST /users/create-session [36m302[0m 10.382 ms - 46[0m
[0mGET / [32m200[0m 31.104 ms - 16015[0m
[0mGET /home/sanya610/Downloads/teal-background-5887.jpeg [33m404[0m 19.936 ms - 188[0m
[0mGET / [32m200[0m 57.544 ms - 15696[0m
[0mGET /home/sanya610/Downloads/teal-background-5887.jpeg [33m404[0m 3.734 ms - 188[0m
[0mGET / [36m304[0m 39.850 ms - -[0m
[0mGET /home/sanya610/Downloads/teal-background-5887.jpeg [33m404[0m 19.795 ms - 188[0m
[0mGET / [36m304[0m 35.401 ms - -[0m
[0mGET /home/sanya610/Downloads/teal-background-5887.jpeg [33m404[0m 10.888 ms - 188[0m
[0mGET / [36m304[0m 24.775 ms - -[0m
[0mGET /css/teal-background-5887.jpeg [33m404[0m 5.589 ms - 168[0m
[0mGET / [36m304[0m 88.311 ms - -[0m
[0mGET /home/sanya610/Desktop/main%20project/SocialWeb/teal-background-5887.jpeg [33m404[0m 15.224 ms - 211[0m
[0mGET / [36m304[0m 42.278 ms - -[0m
[0mGET /home/sanya610/Desktop/main%20project/SocialWeb/teal-background-5887.jpeg [33m404[0m 19.243 ms - 211[0m
[0mGET / [36m304[0m 66.932 ms - -[0m
[0mGET /home/sanya610/Desktop/main%20project/SocialWeb/teal-background-5887.jpeg [33m404[0m 5.231 ms - 211[0m
[0mGET / [36m304[0m 55.556 ms - -[0m
[0mGET / [36m304[0m 45.979 ms - -[0m
[0mGET /users/profile/5ee233349c48830765cb7464 [32m200[0m 31.115 ms - 3144[0m
[0mGET / [36m304[0m 37.930 ms - -[0m
[0mPOST /search [32m200[0m 12.232 ms - 49[0m
[0mPOST /search [32m200[0m 20.394 ms - 260[0m
[0mGET /users/profile/5efa22193fc78c5e33a65a2b [32m200[0m 21.876 ms - 2799[0m
[0mPOST /isfriend [32m200[0m 29.137 ms - 49[0m
[0mGET / [36m304[0m 54.997 ms - -[0m
[0mPOST /search [32m200[0m 21.419 ms - 653[0m
[0mGET /users/profile/5ee8fe3a41b0b4311b91da5b [32m200[0m 26.642 ms - 2874[0m
[0mPOST /isfriend [32m200[0m 16.730 ms - 49[0m
[0mGET / [36m304[0m 41.089 ms - -[0m
[0mPOST /search [32m200[0m 15.013 ms - 627[0m
[0mGET /users/profile/5eedc09dd4853c1dc6eab37a [32m200[0m 27.041 ms - 2860[0m
[0mGET / [36m304[0m 51.181 ms - -[0m
[0mPOST /search [32m200[0m 24.774 ms - 1493[0m
[0mGET /users/profile/5eedc07fd4853c1dc6eab379 [32m200[0m 34.286 ms - 2815[0m
[0mPOST /isfriend [32m200[0m 17.324 ms - 49[0m
[0mGET / [36m304[0m 38.600 ms - -[0m
[0mPOST /search [32m200[0m 20.174 ms - 653[0m
[0mGET /users/profile/5eedc09dd4853c1dc6eab37a [36m304[0m 20.105 ms - -[0m
[0mPOST /isfriend [32m200[0m 16.299 ms - 49[0m
[0mGET / [36m304[0m 51.244 ms - -[0m
[0mGET / [36m304[0m 47.817 ms - -[0m
[0mGET /users/sign-out [36m302[0m 27.935 ms - 46[0m
[0mGET / [32m200[0m 36.810 ms - 9407[0m
[0mGET /users/sign-in [36m304[0m 9.444 ms - -[0m
[0mPOST /users/create-session [36m302[0m 10.897 ms - 72[0m
[0mGET /users/sign-in [32m200[0m 4.127 ms - 2892[0m
[0mPOST /users/create-session [36m302[0m 11.092 ms - 46[0m
[0mGET / [32m200[0m 35.198 ms - 14679[0m
[0mGET /users/profile/5efa22193fc78c5e33a65a2b [32m200[0m 32.236 ms - 3521[0m
[0mPOST /isfriend/friend/5ee233349c48830765cb7464 [36m302[0m 38.898 ms - 164[0m
[0mGET /users/profile/5efa22193fc78c5e33a65a2b [32m200[0m 16.099 ms - 3711[0m
[0mGET /users/sign-out [36m302[0m 11.334 ms - 46[0m
[0mGET / [32m200[0m 34.903 ms - 9407[0m
[0mGET /users/sign-in [32m200[0m 8.687 ms - 2573[0m
[0mPOST /users/create-session [36m302[0m 16.476 ms - 46[0m
[0mGET / [32m200[0m 44.231 ms - 14974[0m
[0mGET /users/profile/5ee8fe3a41b0b4311b91da5b [32m200[0m 31.675 ms - 3931[0m
[0mPOST /isfriend/friend/5ee233349c48830765cb7464 [36m302[0m 31.885 ms - 164[0m
[0mGET /users/profile/5ee8fe3a41b0b4311b91da5b [32m200[0m 20.342 ms - 4121[0m
[0mGET / [32m200[0m 46.992 ms - 14945[0m
[0mGET /users/sign-out [36m302[0m 10.936 ms - 46[0m
[0mGET / [32m200[0m 38.624 ms - 9407[0m
[0mGET /users/sign-in [36m304[0m 11.399 ms - -[0m
[0mPOST /users/create-session [36m302[0m 5.994 ms - 46[0m
[0mGET / [32m200[0m 65.892 ms - 15270[0m
[0mGET / [32m200[0m 56.768 ms - 14951[0m
[0mGET /users/profile/5eedc07fd4853c1dc6eab379 [32m200[0m 28.357 ms - 4200[0m
[0mPOST /isfriend/friend/5ee233349c48830765cb7464 [36m302[0m 30.858 ms - 164[0m
[0mGET /users/profile/5eedc07fd4853c1dc6eab379 [32m200[0m 21.798 ms - 4390[0m
[0mGET /users/sign-out [36m302[0m 11.188 ms - 46[0m
[0mGET / [32m200[0m 34.679 ms - 9407[0m
[0mGET /users/sign-in [36m304[0m 11.091 ms - -[0m
[0mPOST /users/create-session [36m302[0m 10.517 ms - 46[0m
[0mGET / [32m200[0m 51.843 ms - 14959[0m
[0mGET /users/profile/5eedc09dd4853c1dc6eab37a [32m200[0m 35.556 ms - 3918[0m
[0mPOST /isfriend/friend/5ee233349c48830765cb7464 [36m302[0m 29.608 ms - 164[0m
[0mGET /users/profile/5eedc09dd4853c1dc6eab37a [32m200[0m 16.310 ms - 4108[0m
[0mGET / [32m200[0m 36.033 ms - 14930[0m
[0mGET /users/sign-out [36m302[0m 9.398 ms - 46[0m
[0mGET / [32m200[0m 32.809 ms - 9407[0m
[0mGET /users/sign-in [36m304[0m 8.785 ms - -[0m
[0mPOST /users/create-session [36m302[0m 9.846 ms - 72[0m
[0mGET /users/sign-in [32m200[0m 6.277 ms - 2892[0m
[0mPOST /users/create-session [36m302[0m 6.911 ms - 46[0m
[0mGET / [32m200[0m 31.549 ms - 17132[0m
[0mGET / [32m200[0m 59.363 ms - 16813[0m
[0mGET /users/profile/5ee233349c48830765cb7464 [32m200[0m 12.526 ms - 4445[0m
[0mGET / [36m304[0m 58.237 ms - -[0m
[0mGET / [36m304[0m 54.828 ms - -[0m
[0mGET /css/teal-background-5887.jpeg [33m404[0m 3.586 ms - 168[0m
[0mGET / [36m304[0m 41.734 ms - -[0m
[0mGET /teal-background-5887.jpeg [33m404[0m 12.701 ms - 164[0m
[0mGET / [32m200[0m 47.336 ms - 16906[0m
[0mGET /teal-background-5887.jpeg [33m404[0m 3.465 ms - 164[0m
[0mGET / [32m200[0m 57.962 ms - 16909[0m
[0mGET /teal-background-5887.jpeg [33m404[0m 18.578 ms - 164[0m
[0mGET / [32m200[0m 62.836 ms - 16930[0m
[0mGET /home/sanya610/Downloads/teal-background-5887.jpeg [33m404[0m 4.004 ms - 188[0m
[0mGET / [36m304[0m 35.257 ms - -[0m
[0mGET /home/sanya610/Downloads/teal-background-5887.jpeg [33m404[0m 3.652 ms - 188[0m
[0mGET / [32m200[0m 69.904 ms - 16813[0m
[0mGET / [36m304[0m 45.674 ms - -[0m
[0mGET / [36m304[0m 52.555 ms - -[0m
[0mGET / [36m304[0m 54.201 ms - -[0m
[0mGET /users/sign-out [36m302[0m 14.167 ms - 46[0m
[0mGET / [32m200[0m 28.463 ms - 9407[0m
[0mGET /users/sign-in [32m200[0m 9.056 ms - 2573[0m
[0mPOST /users/create-session [36m302[0m 7.811 ms - 46[0m
[0mGET / [32m200[0m 26.620 ms - 17132[0m
[0mGET /users/profile/5ee233349c48830765cb7464 [36m304[0m 26.144 ms - -[0m
[0mGET / [32m200[0m 40.395 ms - 16813[0m
[0mGET /users/profile/5ee233349c48830765cb7464 [36m304[0m 26.769 ms - -[0m
[0mGET / [36m304[0m 46.710 ms - -[0m
[0mGET / [32m200[0m 246.852 ms - 9091[0m
[0mGET /favicon.ico [33m404[0m 7.856 ms - 150[0m
[0mGET /users/sign-in [36m304[0m 29.306 ms - -[0m
[0mPOST /users/create-session [36m302[0m 47.316 ms - 46[0m
[0mGET / [32m200[0m 40.419 ms - 17132[0m
[0mPOST /search [32m200[0m 29.443 ms - 1893[0m
[0mGET / [32m200[0m 47.773 ms - 16813[0m
[0mGET / [36m304[0m 50.891 ms - -[0m
[0mGET /users/features/todo/5ee233349c48830765cb7464 [32m200[0m 31.070 ms - 4172[0m
[0mGET /js/home.js [33m404[0m 12.665 ms - 149[0m
[0mGET /js/home.js [33m404[0m 4.835 ms - 149[0m
[0mGET /users/features/todo/5ee233349c48830765cb7464 [36m304[0m 13.385 ms - -[0m
[0mGET /js/home.js [33m404[0m 14.319 ms - 149[0m
[0mGET /js/home.js [33m404[0m 5.498 ms - 149[0m
[0mPOST /users/features/todo/createTodo [36m302[0m 784.350 ms - 176[0m
[0mGET /users/features/todo/5ee233349c48830765cb7464 [32m200[0m 12.272 ms - 4717[0m
[0mGET /js/home.js [33m404[0m 11.130 ms - 149[0m
[0mGET /js/home.js [33m404[0m 5.060 ms - 149[0m
[0mPOST /users/features/todo/createTodo [36m302[0m 19.281 ms - 176[0m
[0mGET /users/features/todo/5ee233349c48830765cb7464 [32m200[0m 8.645 ms - 5261[0m
[0mGET /js/home.js [33m404[0m 13.586 ms - 149[0m
[0mGET /js/home.js [33m404[0m 6.328 ms - 149[0m
[0mPOST /users/features/todo/delete-list [36m302[0m 12.186 ms - 176[0m
[0mGET /users/features/todo/5ee233349c48830765cb7464 [32m200[0m 9.189 ms - 4172[0m
[0mGET /js/home.js [33m404[0m 6.756 ms - 149[0m
[0mGET /js/home.js [33m404[0m 4.293 ms - 149[0m
[0mGET / [36m304[0m 47.281 ms - -[0m
[0mGET /users/features/calculator [32m200[0m 60.854 ms - 3976[0m
[0mGET / [36m304[0m 46.105 ms - -[0m
[0mGET / [36m304[0m 51.419 ms - -[0m
[0mGET / [36m304[0m 49.590 ms - -[0m
[0mGET / [36m304[0m 34.685 ms - -[0m
[0mGET / [32m200[0m 12.221 ms - 9091[0m
[0mGET / [36m304[0m 23.773 ms - -[0m
[0mGET /users/sign-in [36m304[0m 9.634 ms - -[0m
[0mGET / [32m200[0m 77.605 ms - 9091[0m
[0mGET /favicon.ico [33m404[0m 4.598 ms - 150[0m
[0mGET /users/sign-in [32m200[0m 5.722 ms - 2573[0m
[0mPOST /users/create-session [36m302[0m 13.443 ms - 46[0m
[0mGET / [32m200[0m 37.599 ms - 17132[0m
[0mGET / [32m200[0m 37.720 ms - 16813[0m
[0mGET / [36m304[0m 23.103 ms - -[0m
[0mGET /users/sign-in [36m304[0m 11.348 ms - -[0m
[0mPOST /users/create-session [36m302[0m 4.093 ms - 46[0m
[0mGET / [32m200[0m 26.545 ms - 17132[0m
[0mGET / [32m200[0m 54.438 ms - 16813[0m
[0mGET / [36m304[0m 35.131 ms - -[0m
[0mGET / [36m304[0m 41.442 ms - -[0m
[0mGET / [36m304[0m 54.320 ms - -[0m
[0mGET / [36m304[0m 44.007 ms - -[0m
[0mGET / [36m304[0m 39.955 ms - -[0m
[0mGET / [36m304[0m 49.337 ms - -[0m
[0mGET / [36m304[0m 35.275 ms - -[0m
[0mGET / [36m304[0m 37.170 ms - -[0m
[0mGET / [36m304[0m 45.941 ms - -[0m
[0mPOST /search [32m200[0m 15.228 ms - 1893[0m
[0mGET / [36m304[0m 18.463 ms - -[0m
[0mGET /users/profile/5ee233349c48830765cb7464 [32m200[0m 13.655 ms - 4445[0m
[0mGET / [36m304[0m 17.502 ms - -[0m
[0mGET /users/profile/5ee233349c48830765cb7464 [36m304[0m 26.110 ms - -[0m
[0mGET / [36m304[0m 41.355 ms - -[0m
[0mGET /users/profile/5ee233349c48830765cb7464 [36m304[0m 27.134 ms - -[0m
[0mGET / [36m304[0m 44.865 ms - -[0m
[0mGET /users/features/todo/5ee233349c48830765cb7464 [32m200[0m 18.826 ms - 4172[0m
[0mGET /js/home.js [33m404[0m 7.551 ms - 149[0m
[0mGET /js/home.js [33m404[0m 11.128 ms - 149[0m
[0mGET /users/features/todo/5ee233349c48830765cb7464 [36m304[0m 15.429 ms - -[0m
[0mGET /js/home.js [33m404[0m 11.957 ms - 149[0m
[0mGET /js/home.js [33m404[0m 11.490 ms - 149[0m
[0mGET /users/features/todo/5ee233349c48830765cb7464 [36m304[0m 18.192 ms - -[0m
[0mGET /js/home.js [33m404[0m 9.303 ms - 149[0m
[0mGET /js/home.js [33m404[0m 9.924 ms - 149[0m
[0mGET /users/features/todo/5ee233349c48830765cb7464 [36m304[0m 7.929 ms - -[0m
[0mGET /js/home.js [33m404[0m 10.772 ms - 149[0m
[0mGET /js/home.js [33m404[0m 4.391 ms - 149[0m
[0mGET /users/features/todo/5ee233349c48830765cb7464 [36m304[0m 8.055 ms - -[0m
[0mGET /js/home.js [33m404[0m 7.596 ms - 149[0m
[0mGET /js/home.js [33m404[0m 9.456 ms - 149[0m
[0mGET / [36m304[0m 24.401 ms - -[0m
[0mGET /users/profile/5ee233349c48830765cb7464 [36m304[0m 7.839 ms - -[0m
[0mGET / [36m304[0m 28.561 ms - -[0m
[0mGET /users/profile/5ee233349c48830765cb7464 [36m304[0m 21.641 ms - -[0m
[0mGET /users/profile/5ee233349c48830765cb7464 [36m304[0m 17.104 ms - -[0m
[0mGET /users/profile/5ee233349c48830765cb7464 [36m304[0m 15.405 ms - -[0m
[0mGET / [36m304[0m 42.487 ms - -[0m
[0mGET /users/profile/5ee233349c48830765cb7464 [36m304[0m 28.814 ms - -[0m
[0mGET /users/profile/5ee233349c48830765cb7464 [36m304[0m 13.322 ms - -[0m
[0mGET /users/profile/5ee233349c48830765cb7464 [36m304[0m 17.393 ms - -[0m
[0mGET /users/profile/5ee233349c48830765cb7464 [36m304[0m 13.628 ms - -[0m
[0mGET /users/profile/5ee233349c48830765cb7464 [36m302[0m 3.800 ms - 70[0m
[0mGET /users/profile/users/sign-in [33m404[0m 2.549 ms - 166[0m
[0mGET /users/profile/users/sign-in [33m404[0m 5.258 ms - 166[0m
[0mGET /users/profile/5efa22193fc78c5e33a65a2b [36m302[0m 5.612 ms - 70[0m
[0mGET /users/profile/users/sign-in [33m404[0m 5.158 ms - 166[0m
[0mGET /users/profile/users/sign-in [33m404[0m 5.408 ms - 166[0m
[0mGET / [32m200[0m 71.317 ms - 9091[0m
[0mGET /users/sign-in [36m304[0m 19.589 ms - -[0m
[0mPOST /users/create-session [36m302[0m 8.775 ms - 46[0m
[0mGET / [32m200[0m 34.182 ms - 17132[0m
[0mGET /users/profile/5ee233349c48830765cb7464 [32m200[0m 30.635 ms - 4445[0m
[0mGET /users/profile/5ee233349c48830765cb7464 [36m304[0m 18.316 ms - -[0m
[0mGET /users/profile/5ee233349c48830765cb7464 [36m304[0m 28.759 ms - -[0m
[0mGET / [32m200[0m 38.892 ms - 16813[0m
[0mGET /users/profile/5ee233349c48830765cb7464 [36m304[0m 27.208 ms - -[0m
[0mGET /users/profile/5ee233349c48830765cb7464 [36m304[0m 16.380 ms - -[0m
[0mGET /users/profile/5ee233349c48830765cb7464 [36m304[0m 14.247 ms - -[0m
[0mGET /users/profile/5ee233349c48830765cb7464 [36m304[0m 13.890 ms - -[0m
[0mGET /users/profile/5ee233349c48830765cb7464 [36m304[0m 17.541 ms - -[0m
[0mGET /users/profile/5ee233349c48830765cb7464 [36m304[0m 26.842 ms - -[0m
[0mGET / [36m304[0m 27.805 ms - -[0m
[0mGET /users/features/todo/5ee233349c48830765cb7464 [36m304[0m 23.533 ms - -[0m
[0mGET /js/home.js [33m404[0m 16.171 ms - 149[0m
[0mGET /js/home.js [33m404[0m 6.593 ms - 149[0m
[0mGET / [36m304[0m 27.239 ms - -[0m
[0mGET /users/features/calculator [32m200[0m 20.892 ms - 3976[0m
[0mGET /users/features/calculator [36m304[0m 10.530 ms - -[0m
[0mGET /users/features/calculator [36m304[0m 14.437 ms - -[0m
[0mGET /users/features/calculator [36m304[0m 15.580 ms - -[0m
[0mGET /users/features/calculator [36m304[0m 14.228 ms - -[0m
[0mGET /users/features/calculator [36m304[0m 6.317 ms - -[0m
[0mGET / [36m304[0m 29.295 ms - -[0m
[0mGET / [36m304[0m 49.341 ms - -[0m
[0mGET /users/profile/5ee233349c48830765cb7464 [36m304[0m 28.758 ms - -[0m
[0mGET /users/profile/5ee233349c48830765cb7464 [36m304[0m 11.874 ms - -[0m
[0mGET / [36m304[0m 48.559 ms - -[0m
[0mGET /users/profile/5efa22193fc78c5e33a65a2b [32m200[0m 23.339 ms - 2798[0m
[0mGET /users/profile/5efa22193fc78c5e33a65a2b [36m304[0m 13.528 ms - -[0m
[0mGET / [36m304[0m 40.247 ms - -[0m
[0mGET /users/features/calculator [36m304[0m 18.747 ms - -[0m
[0mGET / [36m304[0m 44.566 ms - -[0m
[0mGET /users/features/todo/5ee233349c48830765cb7464 [36m304[0m 7.455 ms - -[0m
[0mGET /js/home.js [33m404[0m 14.405 ms - 149[0m
[0mGET / [36m304[0m 58.791 ms - -[0m
[0mGET /users/profile/5ee233349c48830765cb7464 [36m304[0m 16.636 ms - -[0m
[0mGET / [36m304[0m 28.747 ms - -[0m
[0mGET /users/profile/5ee233349c48830765cb7464 [36m304[0m 30.560 ms - -[0m
[0mGET / [36m304[0m 46.036 ms - -[0m
[0mGET /users/profile/5efa22193fc78c5e33a65a2b [36m304[0m 23.753 ms - -[0m
[0mGET / [36m304[0m 30.163 ms - -[0m
[0mPOST /search [32m200[0m 21.137 ms - 1893[0m
[0mGET /users/profile/5f0024cd28e821363b510a22 [32m200[0m 22.342 ms - 2837[0m
[0mPOST /isfriend [32m200[0m 19.221 ms - 49[0m
[0mPOST /isfriend [32m200[0m 21.930 ms - 51[0m
[0mGET / [36m304[0m 49.547 ms - -[0m
[0mPOST /search [32m200[0m 20.270 ms - 1893[0m
[0mGET /users/profile/5ee233349c48830765cb7464 [36m304[0m 32.015 ms - -[0m
[0mGET / [36m304[0m 57.070 ms - -[0m
[0mPOST /search [32m200[0m 22.142 ms - 1893[0m
[0mGET /users/profile/5f0024cd28e821363b510a22 [36m304[0m 22.558 ms - -[0m
[0mGET / [36m304[0m 51.488 ms - -[0m
[0mGET /users/sign-out [36m302[0m 14.879 ms - 46[0m
[0mGET / [32m200[0m 31.743 ms - 9407[0m
[0mGET /users/sign-in [36m304[0m 6.028 ms - -[0m
[0mGET /users/sign-up [32m200[0m 48.466 ms - 2558[0m
[0mGET /users/sign-up [36m304[0m 10.339 ms - -[0m
[0mGET /users/sign-in [36m304[0m 7.556 ms - -[0m
[0mGET /users/sign-up [36m304[0m 3.412 ms - -[0m
[0mGET /users/sign-up [36m304[0m 2.452 ms - -[0m
[0mGET /users/sign-in [36m304[0m 8.552 ms - -[0m
[0mGET /users/sign-in [36m304[0m 10.379 ms - -[0m
[0mGET /reset_password/verify-email [32m200[0m 9.791 ms - 2087[0m
[0mGET /reset_password/verify-email [36m304[0m 7.472 ms - -[0m
[0mGET /reset_password/verify-email [36m304[0m 10.633 ms - -[0m
[0mGET /reset_password/verify-email [36m304[0m 10.974 ms - -[0m
[0mGET /reset_password/verify-email [36m304[0m 7.057 ms - -[0m
[0mGET /reset_password/verify-email [36m304[0m 4.765 ms - -[0m
[0mGET /users/sign-in [36m304[0m 7.497 ms - -[0m
[0mGET /users/sign-up [36m304[0m 10.356 ms - -[0m
[0mGET /users/sign-in [36m304[0m 8.731 ms - -[0m
[0mGET /reset_password/verify-email [36m304[0m 7.434 ms - -[0m
[0mGET /users/sign-in [36m304[0m 8.502 ms - -[0m
[0mPOST /users/create-session [36m302[0m 9.145 ms - 46[0m
[0mGET / [32m200[0m 48.743 ms - 17132[0m
[0mGET / [32m200[0m 44.949 ms - 16813[0m
[0mGET / [36m304[0m 30.904 ms - -[0m
[0mGET /posts/destroy/5f08a7989297913a5b6f1294 [32m200[0m 118.358 ms - 74[0m
[0mGET /posts/destroy/5f08a7eafe86313bd13ae60e [32m200[0m 12.774 ms - 74[0m
[0mGET /posts/destroy/5f08a7f9fe86313bd13ae60f [32m200[0m 32.909 ms - 74[0m
[0mGET /posts/destroy/5f08a7fffe86313bd13ae610 [32m200[0m 45.108 ms - 74[0m
[0mGET / [32m200[0m 33.533 ms - 10162[0m
[0mGET / [36m304[0m 48.098 ms - -[0m
[0mGET / [36m304[0m 29.823 ms - -[0m
[0mGET /users/profile/5ee233349c48830765cb7464 [36m304[0m 12.808 ms - -[0m
[0mGET /users/sign-out [36m302[0m 10.732 ms - 46[0m
[0mGET / [32m200[0m 24.266 ms - 6096[0m
[0mGET /users/sign-in [36m304[0m 8.151 ms - -[0m
[0mPOST /users/create-session [36m302[0m 10.347 ms - 46[0m
[0mGET / [32m200[0m 29.913 ms - 8928[0m
[0mGET / [32m200[0m 41.026 ms - 8609[0m
[0mGET /users/profile/5f0024cd28e821363b510a22 [32m200[0m 21.386 ms - 3117[0m
[0mGET / [36m304[0m 32.778 ms - -[0m
[0mPOST /search [32m200[0m 17.817 ms - 681[0m
[0mPOST /search [32m200[0m 20.517 ms - 1893[0m
[0mGET /users/profile/5ee233349c48830765cb7464 [32m200[0m 28.139 ms - 2878[0m
[0mPOST /isfriend [32m200[0m 3.608 ms - 49[0m
[0mGET / [36m304[0m 18.870 ms - -[0m
[0mGET /users/profile/5f0024cd28e821363b510a22 [36m304[0m 23.220 ms - -[0m
[0mGET /users/profile/5f0024cd28e821363b510a22 [36m304[0m 9.974 ms - -[0m
[0mGET / [36m304[0m 34.305 ms - -[0m
[0mPOST /search [32m200[0m 19.505 ms - 1919[0m
[0mGET /users/profile/5ee233349c48830765cb7464 [32m200[0m 27.949 ms - 2875[0m
[0mGET /users/profile/5ee233349c48830765cb7464 [36m304[0m 27.870 ms - -[0m
[0mGET / [36m304[0m 36.833 ms - -[0m
[0mGET /users/sign-out [36m302[0m 8.801 ms - 46[0m
[0mGET / [32m200[0m 20.953 ms - 6096[0m
[0mGET /users/sign-in [36m304[0m 9.525 ms - -[0m
[0mPOST /users/create-session [36m302[0m 16.041 ms - 46[0m
[0mGET / [32m200[0m 31.688 ms - 10481[0m
[0mGET / [32m200[0m 41.271 ms - 10162[0m
[0mGET /users/profile/5ee233349c48830765cb7464 [32m200[0m 29.822 ms - 4903[0m
[0mGET /users/profile/5ee233349c48830765cb7464 [32m200[0m 62.586 ms - 4929[0m
[0mPOST /isfriend/friend/5f0024cd28e821363b510a22 [36m302[0m 35.844 ms - 164[0m
[0mGET /users/profile/5ee233349c48830765cb7464 [32m200[0m 21.252 ms - 5098[0m
[0mGET / [32m200[0m 54.858 ms - 10439[0m
[0mGET /users/profile/5ee233349c48830765cb7464 [32m200[0m 32.075 ms - 4778[0m
[0mGET / [36m304[0m 28.921 ms - -[0m
[0mGET /users/sign-out [36m302[0m 14.715 ms - 46[0m
[0mGET / [32m200[0m 20.440 ms - 6096[0m
[0mGET / [32m200[0m 23.444 ms - 5780[0m
[0mGET /users/sign-in [36m304[0m 7.786 ms - -[0m
[0mPOST /users/create-session [36m302[0m 5.242 ms - 46[0m
[0mGET / [32m200[0m 23.497 ms - 10758[0m
[0mGET /users/profile/5ee233349c48830765cb7464 [32m200[0m 27.492 ms - 4778[0m
[0mGET /isfriend/destroy/5f0024cd28e821363b510a22 [36m302[0m 27.839 ms - 164[0m
[0mGET /users/profile/5ee233349c48830765cb7464 [32m200[0m 11.252 ms - 4445[0m
[0mGET /users/profile/5ee233349c48830765cb7464 [36m304[0m 16.535 ms - -[0m
[0mGET / [32m200[0m 22.460 ms - 10162[0m
[0mGET /users/profile/5ee233349c48830765cb7464 [36m304[0m 29.394 ms - -[0m
[0mGET /users/profile/5ee233349c48830765cb7464 [36m304[0m 22.965 ms - -[0m
[0mGET / [36m304[0m 37.943 ms - -[0m
[0mGET /users/profile/5ee233349c48830765cb7464 [36m304[0m 25.262 ms - -[0m
[0mGET / [36m304[0m 38.145 ms - -[0m
[0mGET /users/features/calculator [36m304[0m 20.367 ms - -[0m
[0mGET / [36m304[0m 33.087 ms - -[0m
[0mGET /users/features/todo/5ee233349c48830765cb7464 [36m304[0m 21.260 ms - -[0m
[0mGET /js/home.js [33m404[0m 8.770 ms - 149[0m
[0mGET /js/home.js [33m404[0m 4.315 ms - 149[0m
[0mGET / [36m304[0m 43.475 ms - -[0m
[0mPOST /likes/toggle/?id=5f08a81ffe86313bd13ae612&type=Post [32m200[0m 37.994 ms - 57[0m
[0mPOST /posts/create [32m200[0m 36.570 ms - 354[0m
[0mPOST /likes/toggle/?id=5f0ade3b26f9913ef86e833b&type=Post [32m200[0m 23.361 ms - 57[0m
[0mPOST /likes/toggle/?id=5f08a809fe86313bd13ae611&type=Post [32m200[0m 20.764 ms - 57[0m
[0mPOST /posts/create [32m200[0m 30.218 ms - 357[0m
[0mPOST /likes/toggle/?id=5f0ade4f26f9913ef86e8340&type=Post [32m200[0m 21.652 ms - 57[0m
[0mPOST /comments/create [36m302[0m 20.056 ms - 46[0m
[0mGET / [32m200[0m 681.471 ms - 14824[0m
[0mPOST /comments/create [32m200[0m 21.961 ms - 344[0m
[0mPOST /comments/create [32m200[0m 30.348 ms - 344[0m
[0mPOST /comments/create [32m200[0m 26.854 ms - 390[0m
[0mPOST /likes/toggle/?id=5f0ade8526f9913ef86e8348&type=Comment [32m200[0m 24.685 ms - 57[0m
[0mPOST /likes/toggle/?id=5f0ade7226f9913ef86e8347&type=Comment [32m200[0m 20.606 ms - 57[0m
[0mPOST /likes/toggle/?id=5f0ade6f26f9913ef86e8345&type=Comment [32m200[0m 27.160 ms - 57[0m
[0mGET / [32m200[0m 48.990 ms - 17323[0m
[0mPOST /likes/toggle/?id=5f0ade8526f9913ef86e8348&type=Comment [32m200[0m 7.929 ms - 56[0m
[0mPOST /likes/toggle/?id=5f0ade8526f9913ef86e8348&type=Comment [32m200[0m 6.398 ms - 57[0m
[0mPOST /likes/toggle/?id=5f0ade7226f9913ef86e8347&type=Comment [32m200[0m 22.606 ms - 56[0m
[0mPOST /likes/toggle/?id=5f0ade7226f9913ef86e8347&type=Comment [32m200[0m 20.419 ms - 57[0m
[0mPOST /likes/toggle/?id=5f0ade6f26f9913ef86e8345&type=Comment [32m200[0m 28.069 ms - 56[0m
[0mPOST /likes/toggle/?id=5f0ade6f26f9913ef86e8345&type=Comment [32m200[0m 19.831 ms - 57[0m
[0mPOST /likes/toggle/?id=5f0ade3b26f9913ef86e833b&type=Post [32m200[0m 22.328 ms - 56[0m
[0mPOST /likes/toggle/?id=5f0ade3b26f9913ef86e833b&type=Post [32m200[0m 20.651 ms - 57[0m
[0mGET / [36m304[0m 49.205 ms - -[0m
[0mPOST /likes/toggle/?id=5f0ade4f26f9913ef86e8340&type=Post [32m200[0m 22.275 ms - 56[0m
[0mPOST /likes/toggle/?id=5f0ade4f26f9913ef86e8340&type=Post [32m200[0m 21.493 ms - 57[0m
[0mGET / [36m304[0m 36.945 ms - -[0m
[0mGET /users/profile/5ee233349c48830765cb7464 [36m304[0m 19.473 ms - -[0m
[0mGET /users/profile/5ee233349c48830765cb7464 [36m304[0m 22.125 ms - -[0m
[0mGET /users/profile/5ee233349c48830765cb7464 [36m304[0m 23.758 ms - -[0m
[0mGET / [36m304[0m 43.868 ms - -[0m
[0mPOST /search [32m200[0m 13.524 ms - 1893[0m
[0mGET /users/profile/5ee233349c48830765cb7464 [36m304[0m 9.786 ms - -[0m
[0mGET / [36m304[0m 40.086 ms - -[0m
[0mGET / [36m304[0m 37.592 ms - -[0m
[0mGET /users/profile/5ee233349c48830765cb7464 [36m304[0m 28.230 ms - -[0m
[0mGET /users/sign-out [36m302[0m 10.288 ms - 46[0m
[0mGET / [32m200[0m 32.147 ms - 9719[0m
[0mGET /users/sign-in [36m304[0m 9.118 ms - -[0m
[0mPOST /users/create-session [36m302[0m 9.194 ms - 46[0m
[0mGET / [32m200[0m 26.771 ms - 14835[0m
[0mGET /users/profile/5f0024cd28e821363b510a22 [32m200[0m 19.177 ms - 3117[0m
[0mPOST /users/update/5f0024cd28e821363b510a22 [36m302[0m 7.898 ms - 164[0m
[0mGET /users/profile/5f0024cd28e821363b510a22 [32m200[0m 12.652 ms - 3078[0m
[0mGET / [32m200[0m 23.513 ms - 14503[0m
[0mPOST /search [32m200[0m 16.722 ms - 903[0m
[0mPOST /search [32m200[0m 17.433 ms - 787[0m
[0mGET /users/profile/5ee233349c48830765cb7464 [32m200[0m 16.396 ms - 2865[0m
[0mPOST /isfriend [32m200[0m 4.614 ms - 49[0m
[0mGET / [36m304[0m 42.748 ms - -[0m
[0mGET /users/sign-out [36m302[0m 9.071 ms - 46[0m
[0mGET / [32m200[0m 36.608 ms - 9719[0m
[0mGET /users/sign-in [36m304[0m 10.198 ms - -[0m
[0mPOST /users/create-session [36m302[0m 9.508 ms - 46[0m
[0mGET / [32m200[0m 31.310 ms - 17642[0m
[0mGET /users/profile/5ee233349c48830765cb7464 [32m200[0m 25.771 ms - 4916[0m
[0mGET / [32m200[0m 36.896 ms - 17323[0m
[0mPOST /search [32m200[0m 19.600 ms - 1906[0m
[0mGET / [36m304[0m 38.696 ms - -[0m
[0mGET /users/profile/5ee233349c48830765cb7464 [36m304[0m 29.184 ms - -[0m
[0mGET / [36m304[0m 53.102 ms - -[0m
[0mGET / [36m304[0m 30.221 ms - -[0m
[0mGET / [36m304[0m 39.528 ms - -[0m
[0mGET /users/profile/5ee233349c48830765cb7464 [36m304[0m 25.138 ms - -[0m
[0mGET / [36m304[0m 42.307 ms - -[0m
[0mGET / [32m200[0m 376.952 ms - 9403[0m
[0mGET /favicon.ico [33m404[0m 5.358 ms - 150[0m
[0mGET /users/sign-in [36m304[0m 18.404 ms - -[0m
[0mPOST /users/create-session [36m302[0m 12.631 ms - 46[0m
[0mGET / [32m200[0m 38.265 ms - 17642[0m
[0mGET /users/profile/5ee233349c48830765cb7464 [36m304[0m 352.871 ms - -[0m
[0mGET /users/sign-out [36m302[0m 4.594 ms - 46[0m
[0mGET / [32m200[0m 27.118 ms - 9719[0m
[0mGET /users/sign-in [36m304[0m 11.048 ms - -[0m
[0mPOST /users/create-session [36m302[0m 13.408 ms - 46[0m
[0mGET / [32m200[0m 89.990 ms - 17642[0m
[0mGET /users/profile/5ee233349c48830765cb7464 [36m304[0m 28.987 ms - -[0m
[0mGET / [32m200[0m 57.278 ms - 17323[0m
[0mGET / [32m200[0m 23.806 ms - 9403[0m
[0mGET /users/sign-in [36m304[0m 5.513 ms - -[0m
[0mPOST /users/create-session [36m302[0m 6.473 ms - 46[0m
[0mGET / [32m200[0m 30.826 ms - 17642[0m
[0mGET /users/profile/5ee233349c48830765cb7464 [36m304[0m 26.015 ms - -[0m
[0mGET /users/profile/5ee233349c48830765cb7464 [36m304[0m 15.240 ms - -[0m
[0mGET / [32m200[0m 28.738 ms - 17323[0m
[0mGET / [36m304[0m 44.089 ms - -[0m
[0mGET /users/profile/5ee233349c48830765cb7464 [36m304[0m 9.044 ms - -[0m
[0mGET /users/profile/5ee233349c48830765cb7464 [36m302[0m 1.084 ms - 70[0m
[0mGET /users/profile/users/sign-in [33m404[0m 3.235 ms - 166[0m
[0mGET /users/profile/users/sign-in [33m404[0m 4.635 ms - 166[0m
[0mGET / [32m200[0m 115.054 ms - 9403[0m
[0mGET /users/sign-in [36m304[0m 25.405 ms - -[0m
[0mPOST /users/create-session [36m302[0m 12.808 ms - 46[0m
[0mGET / [32m200[0m 42.639 ms - 17642[0m
[0mGET / [32m200[0m 47.251 ms - 17323[0m
[0mGET /users/profile/5ee233349c48830765cb7464 [32m200[0m 28.138 ms - 5055[0m
[0mGET /users/profile/5ee233349c48830765cb7464 [32m200[0m 22.734 ms - 5081[0m
[0mGET /users/profile/5ee233349c48830765cb7464 [32m200[0m 16.509 ms - 5243[0m
[0mGET /users/profile/5ee233349c48830765cb7464 [32m200[0m 21.289 ms - 5249[0m
[0mGET /users/profile/5ee233349c48830765cb7464 [36m304[0m 18.358 ms - -[0m
[0mGET /users/profile/5ee233349c48830765cb7464 [36m304[0m 24.065 ms - -[0m
[0mGET /users/profile/5ee233349c48830765cb7464 [36m304[0m 18.960 ms - -[0m
[0mGET /users/profile/5ee233349c48830765cb7464 [36m304[0m 20.427 ms - -[0m
[0mGET /users/profile/5ee233349c48830765cb7464 [36m304[0m 17.503 ms - -[0m
[0mGET /users/profile/5ee233349c48830765cb7464 [36m304[0m 30.404 ms - -[0m
[0mGET /users/profile/5ee233349c48830765cb7464 [36m304[0m 20.091 ms - -[0m
[0mGET /users/profile/5ee233349c48830765cb7464 [36m304[0m 17.000 ms - -[0m
[0mGET /users/profile/5ee233349c48830765cb7464 [36m304[0m 22.064 ms - -[0m
[0mGET /users/profile/5ee233349c48830765cb7464 [36m304[0m 17.467 ms - -[0m
[0mGET / [36m304[0m 36.258 ms - -[0m
[0mGET /users/profile/5ee233349c48830765cb7464 [36m304[0m 12.870 ms - -[0m
[0mGET / [36m304[0m 37.590 ms - -[0m
[0mGET /users/profile/5ee233349c48830765cb7464 [36m304[0m 30.814 ms - -[0m
[0mGET / [36m304[0m 66.083 ms - -[0m
[0mGET /users/profile/5eedc07fd4853c1dc6eab379 [32m200[0m 28.669 ms - 2814[0m
[0mGET / [36m304[0m 65.863 ms - -[0m
[0mPOST /search [32m200[0m 21.836 ms - 1906[0m
[0mGET /users/profile/5eedc09dd4853c1dc6eab37a [32m200[0m 18.764 ms - 2859[0m
[0mGET / [36m304[0m 44.847 ms - -[0m
[0mGET / [36m304[0m 62.703 ms - -[0m
[0mPOST /search [32m200[0m 22.579 ms - 1906[0m
[0mGET /users/profile/5f0024cd28e821363b510a22 [32m200[0m 18.716 ms - 2811[0m
[0mGET / [36m304[0m 61.373 ms - -[0m
[0mGET /users/profile/5ee233349c48830765cb7464 [36m304[0m 17.989 ms - -[0m
