[0mGET / [36m302[0m 200.753 ms - 72[0m
[0mGET /users/sign-in [36m304[0m 7.009 ms - -[0m
[0mPOST /users/create-session [36m302[0m 18.071 ms - 46[0m
[0mGET / [32m200[0m 26.572 ms - 9847[0m
[0mGET / [32m200[0m 41.777 ms - 9528[0m
[0mGET /users/profile/5f2bf8fb21066970e70ca06f [32m200[0m 32.834 ms - 3515[0m
[0mPOST /posts/create [32m200[0m 34.222 ms - 354[0m
[0mGET /users/features/todo/5f2bf8ed21066970e70ca06e [32m200[0m 16.969 ms - 4172[0m
[0mGET /js/home.js [33m404[0m 6.353 ms - 149[0m
[0mGET /js/home.js [33m404[0m 5.303 ms - 149[0m
[0mGET / [32m200[0m 42.728 ms - 11244[0m
[0mGET /users/features/calculator [32m200[0m 42.570 ms - 3976[0m
[0mGET / [36m304[0m 22.045 ms - -[0m
[0mGET /users/features/todo/5f2bf8ed21066970e70ca06e [36m304[0m 19.708 ms - -[0m
[0mGET /js/home.js [33m404[0m 4.551 ms - 149[0m
[0mGET /js/home.js [33m404[0m 3.782 ms - 149[0m
[0mGET / [36m304[0m 39.627 ms - -[0m
[0mPOST /comments/create [32m200[0m 18.523 ms - 344[0m
[0mGET /comments/destroy/5f2ffaf71977ee774bdbe67c [32m200[0m 19.653 ms - 75[0m
[0mPOST /comments/create [32m200[0m 26.472 ms - 333[0m
[0mGET / [32m200[0m 23.899 ms - 11939[0m
[0mPOST /comments/create [32m200[0m 24.624 ms - 335[0m
[0mGET / [32m200[0m 29.027 ms - 12636[0m
[0mPOST /comments/create [32m200[0m 21.735 ms - 344[0m
[0mGET / [32m200[0m 28.520 ms - 13342[0m
[0mPOST /posts/create [32m200[0m 20.366 ms - 275[0m
[0mGET /posts/destroy/5f2ffb611977ee774bdbe680 [32m200[0m 11.284 ms - 74[0m
[0mPOST /posts/create [32m200[0m 28.541 ms - 277[0m
[0mPOST /comments/create [36m302[0m 28.250 ms - 46[0m
[0mGET / [32m200[0m 28.254 ms - 16017[0m
[0mPOST /comments/create [32m200[0m 22.240 ms - 333[0m
[0mPOST /comments/create [32m200[0m 37.707 ms - 333[0m
[0mPOST /comments/create [32m200[0m 35.549 ms - 333[0m
[0mGET / [32m200[0m 46.788 ms - 17789[0m
[0mGET / [36m304[0m 40.206 ms - -[0m
[0mGET / [36m304[0m 33.708 ms - -[0m
[0mPOST /comments/create [32m200[0m 434.010 ms - 348[0m
[0mGET / [32m200[0m 35.584 ms - 18499[0m
[0mGET /posts/destroy/5f2ffb651977ee774bdbe681 [32m200[0m 42.859 ms - 74[0m
[0mPOST /comments/create [32m200[0m 24.956 ms - 344[0m
[0mGET /comments/destroy/5f2ffbe21977ee774bdbe688 [32m200[0m 21.019 ms - 75[0m
[0mPOST /comments/create [32m200[0m 24.868 ms - 344[0m
[0mPOST /comments/create [32m200[0m 42.734 ms - 344[0m
[0mGET /comments/destroy/5f2ffbe71977ee774bdbe689 [32m200[0m 20.286 ms - 75[0m
[0mGET /comments/destroy/5f2ffbe81977ee774bdbe68a [32m200[0m 19.584 ms - 75[0m
[0mGET / [32m200[0m 117.710 ms - 13342[0m
[0mPOST /comments/create [32m200[0m 43.333 ms - 331[0m
[0mGET / [32m200[0m 87.127 ms - 14035[0m
[0mGET / [36m304[0m 64.566 ms - -[0m
[0mGET /users/sign-out [36m302[0m 24.244 ms - 46[0m
[0mGET / [36m302[0m 24.231 ms - 72[0m
[0mGET /users/sign-in [36m304[0m 6.482 ms - -[0m
[0mPOST /users/create-session [36m302[0m 9.490 ms - 72[0m
[0mGET /users/sign-in [32m200[0m 5.424 ms - 2892[0m
[0mPOST /users/create-session [36m302[0m 13.340 ms - 46[0m
[0mGET / [32m200[0m 94.548 ms - 14354[0m
[0mPOST /comments/create [32m200[0m 28.203 ms - 336[0m
[0mGET / [32m200[0m 68.139 ms - 14733[0m
[0mGET / [32m200[0m 73.817 ms - 14787[0m
[0mPOST /comments/create [32m200[0m 24.629 ms - 332[0m
[0mGET / [32m200[0m 109.777 ms - 15490[0m
[0mGET / [32m200[0m 53.521 ms - 16841[0m
[0mGET /comments/destroy/5f2ffc6652b5115d42940f0d [32m200[0m 26.269 ms - 75[0m
[0mGET / [32m200[0m 61.278 ms - 14729[0m
[0mGET / [36m304[0m 67.451 ms - -[0m
[0mPOST /posts/create [32m200[0m 30.871 ms - 275[0m
[0mPOST /comments/create [36m302[0m 13.492 ms - 46[0m
[0mGET / [32m200[0m 59.940 ms - 17412[0m
[0mPOST /posts/create [32m200[0m 15.222 ms - 276[0m
[0mPOST /comments/create [36m302[0m 32.079 ms - 46[0m
[0mGET / [32m200[0m 88.271 ms - 19772[0m
[0mPOST /comments/create [32m200[0m 23.163 ms - 333[0m
[0mPOST /comments/create [32m200[0m 37.155 ms - 333[0m
[0mPOST /comments/create [32m200[0m 43.150 ms - 333[0m
[0mPOST /comments/create [32m200[0m 30.743 ms - 333[0m
[0mPOST /comments/create [32m200[0m 22.067 ms - 339[0m
[0mGET / [32m200[0m 162.866 ms - 22940[0m
[0mGET / [32m200[0m 82.246 ms - 25538[0m
[0mPOST /comments/create [32m200[0m 21.274 ms - 333[0m
[0mPOST /comments/create [32m200[0m 49.969 ms - 333[0m
[0mPOST /comments/create [32m200[0m 51.205 ms - 333[0m
[0mGET /comments/destroy/5f2fff04ecee7060b95e6ead [32m200[0m 37.215 ms - 75[0m
[0mGET /comments/destroy/5f2fff03ecee7060b95e6eac [32m200[0m 32.495 ms - 75[0m
[0mGET /comments/destroy/5f2fff02ecee7060b95e6eab [32m200[0m 29.812 ms - 75[0m
[0mGET /comments/destroy/5f2ffdc452b5115d42940f14 [32m200[0m 35.587 ms - 75[0m
[0mGET /comments/destroy/5f2ffdca52b5115d42940f16 [32m200[0m 22.296 ms - 75[0m
[0mGET /comments/destroy/5f2ffdcd52b5115d42940f17 [32m200[0m 28.065 ms - 75[0m
[0mGET /comments/destroy/5f2ffdcf52b5115d42940f18 [32m200[0m 34.150 ms - 75[0m
[0mGET /comments/destroy/5f2ffdd252b5115d42940f19 [32m200[0m 34.676 ms - 75[0m
[0mGET /comments/destroy/5f2ffddb52b5115d42940f1a [32m200[0m 28.797 ms - 75[0m
[0mPOST /comments/create [32m200[0m 30.946 ms - 333[0m
[0mGET / [32m200[0m 114.826 ms - 20977[0m
[0mPOST /posts/create [32m200[0m 47.823 ms - 356[0m
[0mPOST /comments/create [36m302[0m 24.159 ms - 46[0m
[0mGET / [32m200[0m 74.085 ms - 23976[0m
[0mPOST /comments/create [32m200[0m 25.395 ms - 344[0m
[0mPOST /comments/create [32m200[0m 18.495 ms - 390[0m
[0mGET /comments/destroy/5f2ffff3fc429c61b2c79747 [32m200[0m 45.877 ms - 75[0m
[0mGET /comments/destroy/5f2fffebfc429c61b2c79746 [32m200[0m 32.770 ms - 75[0m
[0mGET /comments/destroy/5f2fffe3fc429c61b2c79744 [32m200[0m 30.523 ms - 75[0m
[0mGET / [32m200[0m 72.442 ms - 22695[0m
[0mPOST /comments/create [32m200[0m 29.739 ms - 390[0m
[0mPOST /comments/create [32m200[0m 31.931 ms - 390[0m
[0mPOST /comments/create [32m200[0m 42.099 ms - 390[0m
[0mPOST /comments/create [32m200[0m 33.352 ms - 390[0m
[0mGET /comments/destroy/5f300004fc429c61b2c7974b [32m200[0m 41.670 ms - 75[0m
[0mGET /comments/destroy/5f300004fc429c61b2c7974a [32m200[0m 23.841 ms - 75[0m
[0mGET /comments/destroy/5f300003fc429c61b2c79749 [32m200[0m 28.609 ms - 75[0m
[0mGET /comments/destroy/5f300002fc429c61b2c79748 [32m200[0m 17.758 ms - 75[0m
[0mPOST /comments/create [32m200[0m 39.131 ms - 390[0m
[0mPOST /comments/create [32m200[0m 28.948 ms - 390[0m
[0mPOST /comments/create [32m200[0m 40.926 ms - 390[0m
[0mPOST /comments/create [32m200[0m 21.823 ms - 390[0m
[0mGET / [32m200[0m 111.221 ms - 26567[0m
[0mGET /comments/destroy/5f300009fc429c61b2c7974c [32m200[0m 19.826 ms - 75[0m
[0mGET /comments/destroy/5f300009fc429c61b2c7974d [32m200[0m 17.395 ms - 75[0m
[0mGET /comments/destroy/5f300009fc429c61b2c7974e [32m200[0m 25.118 ms - 75[0m
[0mGET /comments/destroy/5f30000afc429c61b2c7974f [32m200[0m 17.738 ms - 75[0m
[0mGET /comments/destroy/5f2ffdbb52b5115d42940f11 [32m200[0m 15.147 ms - 75[0m
[0mGET /posts/destroy/5f2ffdb652b5115d42940f10 [32m200[0m 38.785 ms - 74[0m
[0mGET /posts/destroy/5f2ffdc152b5115d42940f13 [32m200[0m 25.703 ms - 74[0m
[0mGET /comments/destroy/5f2ffb221977ee774bdbe67d [32m200[0m 15.685 ms - 75[0m
[0mGET /comments/destroy/5f2ffb411977ee774bdbe67e [32m200[0m 15.676 ms - 75[0m
[0mGET /comments/destroy/5f2ffb4d1977ee774bdbe67f [32m200[0m 27.896 ms - 75[0m
[0mGET /comments/destroy/5f2ffc3a52b5115d42940f0c [32m200[0m 26.245 ms - 75[0m
