::1 - - [20/Jul/2020:19:30:03 +0000] "GET / HTTP/1.1" 302 72 "-" "Mozilla/5.0 (X11; Linux x86_64) AppleWebKit/537.36 (KHTML, like Gecko) Chrome/83.0.4103.116 Safari/537.36"
::1 - - [20/Jul/2020:19:30:03 +0000] "GET /users/sign-in HTTP/1.1" 200 2617 "-" "Mozilla/5.0 (X11; Linux x86_64) AppleWebKit/537.36 (KHTML, like Gecko) Chrome/83.0.4103.116 Safari/537.36"
::1 - - [20/Jul/2020:19:30:04 +0000] "GET /images/image7.jpg HTTP/1.1" 404 156 "http://localhost:8000/css/user_sign_in-db03ed5eec.css" "Mozilla/5.0 (X11; Linux x86_64) AppleWebKit/537.36 (KHTML, like Gecko) Chrome/83.0.4103.116 Safari/537.36"
::1 - - [20/Jul/2020:19:30:04 +0000] "GET /favicon.ico HTTP/1.1" 404 150 "http://localhost:8000/users/sign-in" "Mozilla/5.0 (X11; Linux x86_64) AppleWebKit/537.36 (KHTML, like Gecko) Chrome/83.0.4103.116 Safari/537.36"
::1 - - [20/Jul/2020:19:30:14 +0000] "POST /users/create-session HTTP/1.1" 302 46 "http://localhost:8000/users/sign-in" "Mozilla/5.0 (X11; Linux x86_64) AppleWebKit/537.36 (KHTML, like Gecko) Chrome/83.0.4103.116 Safari/537.36"
::1 - - [20/Jul/2020:19:30:14 +0000] "GET / HTTP/1.1" 200 13445 "http://localhost:8000/users/sign-in" "Mozilla/5.0 (X11; Linux x86_64) AppleWebKit/537.36 (KHTML, like Gecko) Chrome/83.0.4103.116 Safari/537.36"
::1 - - [20/Jul/2020:19:30:14 +0000] "GET /uploads/posts/pic/pic-1594547791871 HTTP/1.1" 404 174 "http://localhost:8000/" "Mozilla/5.0 (X11; Linux x86_64) AppleWebKit/537.36 (KHTML, like Gecko) Chrome/83.0.4103.116 Safari/537.36"
::1 - - [20/Jul/2020:19:30:14 +0000] "GET /uploads/posts/pic/pic-1594547771924 HTTP/1.1" 404 174 "http://localhost:8000/" "Mozilla/5.0 (X11; Linux x86_64) AppleWebKit/537.36 (KHTML, like Gecko) Chrome/83.0.4103.116 Safari/537.36"
::1 - - [20/Jul/2020:19:30:17 +0000] "GET / HTTP/1.1" 200 13126 "http://localhost:8000/users/sign-in" "Mozilla/5.0 (X11; Linux x86_64) AppleWebKit/537.36 (KHTML, like Gecko) Chrome/83.0.4103.116 Safari/537.36"
::1 - - [20/Jul/2020:19:30:17 +0000] "GET /uploads/posts/pic/pic-1594547791871 HTTP/1.1" 404 174 "http://localhost:8000/" "Mozilla/5.0 (X11; Linux x86_64) AppleWebKit/537.36 (KHTML, like Gecko) Chrome/83.0.4103.116 Safari/537.36"
::1 - - [20/Jul/2020:19:30:17 +0000] "GET /uploads/posts/pic/pic-1594547771924 HTTP/1.1" 404 174 "http://localhost:8000/" "Mozilla/5.0 (X11; Linux x86_64) AppleWebKit/537.36 (KHTML, like Gecko) Chrome/83.0.4103.116 Safari/537.36"
::1 - - [20/Jul/2020:19:30:19 +0000] "GET / HTTP/1.1" 304 - "http://localhost:8000/users/sign-in" "Mozilla/5.0 (X11; Linux x86_64) AppleWebKit/537.36 (KHTML, like Gecko) Chrome/83.0.4103.116 Safari/537.36"
::1 - - [20/Jul/2020:19:30:19 +0000] "GET /uploads/posts/pic/pic-1594547791871 HTTP/1.1" 404 174 "http://localhost:8000/" "Mozilla/5.0 (X11; Linux x86_64) AppleWebKit/537.36 (KHTML, like Gecko) Chrome/83.0.4103.116 Safari/537.36"
::1 - - [20/Jul/2020:19:30:19 +0000] "GET /uploads/posts/pic/pic-1594547771924 HTTP/1.1" 404 174 "http://localhost:8000/" "Mozilla/5.0 (X11; Linux x86_64) AppleWebKit/537.36 (KHTML, like Gecko) Chrome/83.0.4103.116 Safari/537.36"
::1 - - [20/Jul/2020:19:30:42 +0000] "POST /search HTTP/1.1" 200 1880 "http://localhost:8000/" "Mozilla/5.0 (X11; Linux x86_64) AppleWebKit/537.36 (KHTML, like Gecko) Chrome/83.0.4103.116 Safari/537.36"
::1 - - [20/Jul/2020:19:30:55 +0000] "GET /users/sign-out HTTP/1.1" 302 46 "http://localhost:8000/" "Mozilla/5.0 (X11; Linux x86_64) AppleWebKit/537.36 (KHTML, like Gecko) Chrome/83.0.4103.116 Safari/537.36"
::1 - - [20/Jul/2020:19:30:55 +0000] "GET / HTTP/1.1" 302 72 "http://localhost:8000/" "Mozilla/5.0 (X11; Linux x86_64) AppleWebKit/537.36 (KHTML, like Gecko) Chrome/83.0.4103.116 Safari/537.36"
::1 - - [20/Jul/2020:19:30:55 +0000] "GET /users/sign-in HTTP/1.1" 304 - "http://localhost:8000/" "Mozilla/5.0 (X11; Linux x86_64) AppleWebKit/537.36 (KHTML, like Gecko) Chrome/83.0.4103.116 Safari/537.36"
::1 - - [20/Jul/2020:19:30:55 +0000] "GET /images/image7.jpg HTTP/1.1" 404 156 "http://localhost:8000/css/user_sign_in-db03ed5eec.css" "Mozilla/5.0 (X11; Linux x86_64) AppleWebKit/537.36 (KHTML, like Gecko) Chrome/83.0.4103.116 Safari/537.36"
::1 - - [20/Jul/2020:20:01:09 +0000] "GET /users/auth/google/callback?code=4%2F2AEqrwHjMnmQCXOX0eUYWLFaQXopx_JrMsGdWeM5jsB6gSvNLS2bGTY6Xqakdr5sbXdMAKDxHG6BWxf6W9ufLCQ&scope=email+profile+https%3A%2F%2Fwww.googleapis.com%2Fauth%2Fuserinfo.profile+https%3A%2F%2Fwww.googleapis.com%2Fauth%2Fuserinfo.email+openid&authuser=0&prompt=consent HTTP/1.1" 500 1173 "-" "Mozilla/5.0 (X11; Linux x86_64) AppleWebKit/537.36 (KHTML, like Gecko) Chrome/83.0.4103.116 Safari/537.36"
