[0mGET /users/profile/5ee233349c48830765cb7464 [36m302[0m 4.089 ms - 70[0m
[0mGET /users/profile/users/sign-in [33m404[0m 6.501 ms - 166[0m
[0mGET /users/profile/users/sign-in [33m404[0m 5.781 ms - 166[0m
[0mGET /users/profile/users/sign-in [33m404[0m 17.587 ms - 166[0m
[0mGET /users/profile/users/sign-in [33m404[0m 7.315 ms - 166[0m
[0mGET /users/profile/users/sign-in [33m404[0m 22.046 ms - 166[0m
[0mGET /users/profile/5ee233349c48830765cb7464 [36m302[0m 5.744 ms - 70[0m
[0mGET /users/profile/users/sign-in [33m404[0m 3.765 ms - 166[0m
[0mGET / [32m200[0m 74.004 ms - 9403[0m
[0mGET /users/sign-in [36m304[0m 15.912 ms - -[0m
[0mPOST /users/create-session [36m302[0m 9.914 ms - 46[0m
[0mGET / [32m200[0m 47.880 ms - 17642[0m
[0mGET /users/profile/5efa22193fc78c5e33a65a2b [32m200[0m 30.199 ms - 2798[0m
[0mGET /users/profile/5ee233349c48830765cb7464 [32m200[0m 30.716 ms - 5249[0m
[0mGET /users/profile/5ee233349c48830765cb7464 [32m200[0m 25.711 ms - 5389[0m
[0mGET /users/profile/5ee233349c48830765cb7464 [32m200[0m 21.303 ms - 5473[0m
[0mGET /users/profile/5ee233349c48830765cb7464 [36m304[0m 17.567 ms - -[0m
[0mGET /users/profile/j._id [0m-[0m - ms - -[0m
[0mGET /users/profile/j._id [0m-[0m - ms - -[0m
[0mGET /users/profile/j._id [0m-[0m - ms - -[0m
[0mGET /users/profile/5ee233349c48830765cb7464 [32m200[0m 89.241 ms - 5573[0m
[0mGET /users/profile/5ee233349c48830765cb7464 [36m304[0m 36.639 ms - -[0m
[0mGET /users/profile/j._id [0m-[0m - ms - -[0m
[0mGET /users/profile/j._id [0m-[0m - ms - -[0m
[0mGET /users/profile/j._id [0m-[0m - ms - -[0m
[0mGET /users/profile/j._id [0m-[0m - ms - -[0m
[0mGET / [32m200[0m 104.034 ms - 17323[0m
[0mGET /users/profile/5ee233349c48830765cb7464 [32m200[0m 37.032 ms - 5649[0m
[0mGET /users/profile/5efa22193fc78c5e33a65a2b [36m304[0m 25.857 ms - -[0m
[0mGET / [36m304[0m 52.933 ms - -[0m
[0mGET /users/profile/5ee233349c48830765cb7464 [36m304[0m 31.479 ms - -[0m
[0mGET /users/profile/5ee8fe3a41b0b4311b91da5b [32m200[0m 24.992 ms - 2873[0m
[0mGET / [36m304[0m 47.412 ms - -[0m
[0mGET /users/profile/5ee233349c48830765cb7464 [36m304[0m 34.051 ms - -[0m
[0mGET /users/profile/5ee8fe3a41b0b4311b91da5b [36m304[0m 28.024 ms - -[0m
[0mGET / [36m304[0m 36.563 ms - -[0m
[0mGET /users/profile/5ee233349c48830765cb7464 [36m304[0m 26.670 ms - -[0m
[0mGET /users/profile/5eedc09dd4853c1dc6eab37a [36m304[0m 30.803 ms - -[0m
[0mGET / [36m304[0m 35.453 ms - -[0m
[0mGET /users/profile/5ee233349c48830765cb7464 [36m304[0m 31.928 ms - -[0m
[0mGET /users/profile/5ee233349c48830765cb7464 [36m304[0m 34.026 ms - -[0m
[0mGET /users/profile/5efa22193fc78c5e33a65a2b [32m200[0m 50.365 ms - 3530[0m
[0mGET /users/profile/5ee233349c48830765cb7464 [36m304[0m 35.966 ms - -[0m
[0mGET /users/profile/5eedc07fd4853c1dc6eab379 [32m200[0m 25.514 ms - 4401[0m
[0mGET /users/profile/5ee8fe3a41b0b4311b91da5b [32m200[0m 26.824 ms - 4032[0m
[0mGET /users/profile/5ee233349c48830765cb7464 [36m304[0m 31.773 ms - -[0m
[0mGET /users/profile/5eedc07fd4853c1dc6eab379 [36m304[0m 11.250 ms - -[0m
[0mGET /users/profile/5eedc09dd4853c1dc6eab37a [32m200[0m 33.207 ms - 4018[0m
[0mGET /users/profile/5ee233349c48830765cb7464 [36m304[0m 30.493 ms - -[0m
[0mGET /users/profile/5ee8fe3a41b0b4311b91da5b [36m304[0m 10.698 ms - -[0m
[0mGET /users/profile/5eedc07fd4853c1dc6eab379 [36m304[0m 15.134 ms - -[0m
[0mGET /users/profile/5ee8fe3a41b0b4311b91da5b [36m304[0m 34.759 ms - -[0m
[0mGET /users/profile/5ee233349c48830765cb7464 [36m304[0m 27.582 ms - -[0m
[0mGET /users/profile/5ee8fe3a41b0b4311b91da5b [36m304[0m 26.090 ms - -[0m
[0mGET /users/profile/5ee8fe3a41b0b4311b91da5b [36m304[0m 18.702 ms - -[0m
[0mGET /users/profile/5ee8fe3a41b0b4311b91da5b [36m304[0m 17.871 ms - -[0m
[0mGET /users/profile/5ee233349c48830765cb7464 [36m304[0m 35.968 ms - -[0m
[0mGET / [36m304[0m 55.810 ms - -[0m
[0mGET /users/profile/5ee233349c48830765cb7464 [36m304[0m 34.955 ms - -[0m
[0mGET /users/profile/5eedc07fd4853c1dc6eab379 [36m304[0m 33.152 ms - -[0m
[0mGET / [36m304[0m 38.519 ms - -[0m
[0mGET / [36m304[0m 81.709 ms - -[0m
[0mPOST /likes/toggle/?id=5f0ade4f26f9913ef86e8340&type=Post [32m200[0m 314.522 ms - 56[0m
[0mPOST /likes/toggle/?id=5f0ade4f26f9913ef86e8340&type=Post [32m200[0m 9.973 ms - 57[0m
[0mGET /users/profile/5ee233349c48830765cb7464 [36m304[0m 29.630 ms - -[0m
[0mGET /users/profile/5efa22193fc78c5e33a65a2b [36m304[0m 18.287 ms - -[0m
[0mGET /users/profile/5ee233349c48830765cb7464 [36m304[0m 25.276 ms - -[0m
[0mGET /users/profile/5efa22193fc78c5e33a65a2b [36m304[0m 26.217 ms - -[0m
[0mGET / [36m304[0m 27.723 ms - -[0m
[0mGET /users/profile/5ee233349c48830765cb7464 [36m304[0m 32.696 ms - -[0m
[0mGET / [36m304[0m 37.648 ms - -[0m
[0mGET /comments/destroy/5f0ade8526f9913ef86e8348 [32m200[0m 6.679 ms - 75[0m
[0mGET / [32m200[0m 44.801 ms - 16355[0m
[0mGET / [36m304[0m 59.316 ms - -[0m
[0mGET /users/profile/5ee233349c48830765cb7464 [36m304[0m 30.928 ms - -[0m
[0mGET /users/profile/5ee8fe3a41b0b4311b91da5b [36m304[0m 25.394 ms - -[0m
[0mGET /users/profile/5ee233349c48830765cb7464 [36m304[0m 27.513 ms - -[0m
[0mGET / [36m304[0m 46.436 ms - -[0m
[0mGET / [36m304[0m 44.318 ms - -[0m
[0mGET /posts/destroy/5f08a809fe86313bd13ae611 [32m200[0m 29.598 ms - 74[0m
[0mGET /posts/destroy/5f08a81ffe86313bd13ae612 [32m200[0m 27.217 ms - 74[0m
[0mGET /users/profile/5ee233349c48830765cb7464 [36m304[0m 23.051 ms - -[0m
[0mGET /users/profile/5ee233349c48830765cb7464 [36m304[0m 36.412 ms - -[0m
[0mGET / [32m200[0m 30.774 ms - 12914[0m
[0mGET / [32m200[0m 22.375 ms - 7131[0m
[0mGET /users/sign-in [36m304[0m 10.768 ms - -[0m
[0mPOST /users/create-session [36m302[0m 6.946 ms - 46[0m
[0mGET / [32m200[0m 33.425 ms - 13233[0m
[0mGET /users/profile/5ee233349c48830765cb7464 [36m304[0m 26.456 ms - -[0m
[0mGET /users/profile/5ee233349c48830765cb7464 [36m304[0m 16.638 ms - -[0m
[0mGET / [32m200[0m 37.628 ms - 12914[0m
[0mGET / [36m304[0m 32.258 ms - -[0m
[0mGET /users/profile/5ee233349c48830765cb7464 [36m304[0m 22.658 ms - -[0m
[0mGET /users/profile/5ee233349c48830765cb7464 [36m304[0m 26.806 ms - -[0m
[0mGET / [36m304[0m 52.044 ms - -[0m
[0mGET /users/features/todo/5ee233349c48830765cb7464 [36m304[0m 24.924 ms - -[0m
[0mGET /js/home.js [33m404[0m 10.827 ms - 149[0m
[0mGET / [36m304[0m 42.208 ms - -[0m
[0mGET /users/features/todo/5ee233349c48830765cb7464 [36m304[0m 16.172 ms - -[0m
[0mGET /js/home.js [33m404[0m 9.271 ms - 149[0m
[0mGET / [36m304[0m 56.116 ms - -[0m
[0mGET /users/profile/5ee233349c48830765cb7464 [36m304[0m 19.057 ms - -[0m
[0mGET /users/profile/5ee8fe3a41b0b4311b91da5b [36m304[0m 27.110 ms - -[0m
[0mGET /users/profile/5ee8fe3a41b0b4311b91da5b [36m304[0m 16.808 ms - -[0m
[0mGET /users/profile/5eedc07fd4853c1dc6eab379 [36m304[0m 29.185 ms - -[0m
[0mGET /users/profile/5ee233349c48830765cb7464 [36m304[0m 11.579 ms - -[0m
[0mGET /users/profile/5ee8fe3a41b0b4311b91da5b [36m304[0m 27.171 ms - -[0m
[0mGET /users/profile/5ee233349c48830765cb7464 [36m304[0m 17.424 ms - -[0m
[0mGET /users/profile/5efa22193fc78c5e33a65a2b [36m304[0m 29.536 ms - -[0m
[0mGET /users/profile/5ee233349c48830765cb7464 [36m304[0m 20.991 ms - -[0m
[0mGET /users/profile/5efa22193fc78c5e33a65a2b [36m304[0m 17.186 ms - -[0m
[0mGET /users/profile/5ee233349c48830765cb7464 [36m304[0m 31.211 ms - -[0m
[0mGET /users/profile/5eedc07fd4853c1dc6eab379 [36m304[0m 29.643 ms - -[0m
[0mGET /users/profile/5ee233349c48830765cb7464 [36m304[0m 19.793 ms - -[0m
[0mGET /users/profile/5ee8fe3a41b0b4311b91da5b [36m304[0m 22.821 ms - -[0m
[0mGET /users/profile/5ee233349c48830765cb7464 [36m304[0m 16.108 ms - -[0m
[0mGET /users/profile/5ee8fe3a41b0b4311b91da5b [36m304[0m 24.708 ms - -[0m
[0mGET /users/profile/5ee233349c48830765cb7464 [36m304[0m 31.366 ms - -[0m
[0mGET /users/profile/5ee8fe3a41b0b4311b91da5b [36m304[0m 22.305 ms - -[0m
[0mGET / [36m304[0m 40.292 ms - -[0m
[0mPOST /search [32m200[0m 18.352 ms - 1906[0m
[0mGET / [36m304[0m 34.861 ms - -[0m
[0mGET /users/profile/5ee233349c48830765cb7464 [36m304[0m 15.375 ms - -[0m
[0mPOST /isfriend/friend/5f0024cd28e821363b510a22 [36m302[0m 15.360 ms - 164[0m
[0mGET /users/profile/5ee233349c48830765cb7464 [32m200[0m 18.220 ms - 5918[0m
[0mGET / [32m200[0m 27.045 ms - 13178[0m
[0mGET / [36m304[0m 42.386 ms - -[0m
[0mGET / [36m304[0m 38.061 ms - -[0m
[0mGET /users/profile/5ee233349c48830765cb7464 [32m200[0m 28.175 ms - 5598[0m
[0mGET /users/profile/5ee8fe3a41b0b4311b91da5b [36m304[0m 31.499 ms - -[0m
[0mGET /users/profile/5ee233349c48830765cb7464 [36m304[0m 22.310 ms - -[0m
[0mGET /users/profile/5f0024cd28e821363b510a22 [32m200[0m 23.197 ms - 3542[0m
[0mGET /users/profile/5ee233349c48830765cb7464 [36m304[0m 14.159 ms - -[0m
::1 - - [13/Jul/2020:08:52:37 +0000] "GET / HTTP/1.1" 200 7296 "-" "Mozilla/5.0 (X11; Linux x86_64) AppleWebKit/537.36 (KHTML, like Gecko) Chrome/83.0.4103.116 Safari/537.36"
::1 - - [13/Jul/2020:08:52:41 +0000] "GET /users/sign-in HTTP/1.1" 200 2617 "http://localhost:8000/" "Mozilla/5.0 (X11; Linux x86_64) AppleWebKit/537.36 (KHTML, like Gecko) Chrome/83.0.4103.116 Safari/537.36"
::1 - - [13/Jul/2020:08:52:45 +0000] "POST /users/create-session HTTP/1.1" 302 46 "http://localhost:8000/users/sign-in" "Mozilla/5.0 (X11; Linux x86_64) AppleWebKit/537.36 (KHTML, like Gecko) Chrome/83.0.4103.116 Safari/537.36"
::1 - - [13/Jul/2020:08:52:45 +0000] "GET / HTTP/1.1" 200 13662 "http://localhost:8000/users/sign-in" "Mozilla/5.0 (X11; Linux x86_64) AppleWebKit/537.36 (KHTML, like Gecko) Chrome/83.0.4103.116 Safari/537.36"
::1 - - [13/Jul/2020:08:57:27 +0000] "GET /users/features/todo/5ee233349c48830765cb7464 HTTP/1.1" 200 4216 "http://localhost:8000/" "Mozilla/5.0 (X11; Linux x86_64) AppleWebKit/537.36 (KHTML, like Gecko) Chrome/83.0.4103.116 Safari/537.36"
::1 - - [13/Jul/2020:08:57:27 +0000] "GET /js/home.js HTTP/1.1" 404 149 "http://localhost:8000/users/features/todo/5ee233349c48830765cb7464" "Mozilla/5.0 (X11; Linux x86_64) AppleWebKit/537.36 (KHTML, like Gecko) Chrome/83.0.4103.116 Safari/537.36"
::1 - - [13/Jul/2020:08:57:28 +0000] "GET /js/home.js HTTP/1.1" 404 149 "http://localhost:8000/users/features/todo/5ee233349c48830765cb7464" "Mozilla/5.0 (X11; Linux x86_64) AppleWebKit/537.36 (KHTML, like Gecko) Chrome/83.0.4103.116 Safari/537.36"
::1 - - [13/Jul/2020:08:57:32 +0000] "GET / HTTP/1.1" 200 13343 "http://localhost:8000/users/features/todo/5ee233349c48830765cb7464" "Mozilla/5.0 (X11; Linux x86_64) AppleWebKit/537.36 (KHTML, like Gecko) Chrome/83.0.4103.116 Safari/537.36"
::1 - - [13/Jul/2020:08:58:19 +0000] "GET / HTTP/1.1" 304 - "http://localhost:8000/users/features/todo/5ee233349c48830765cb7464" "Mozilla/5.0 (X11; Linux x86_64) AppleWebKit/537.36 (KHTML, like Gecko) Chrome/83.0.4103.116 Safari/537.36"
::1 - - [13/Jul/2020:08:58:41 +0000] "GET / HTTP/1.1" 200 13343 "http://localhost:8000/users/features/todo/5ee233349c48830765cb7464" "Mozilla/5.0 (X11; Linux x86_64) AppleWebKit/537.36 (KHTML, like Gecko) Chrome/83.0.4103.116 Safari/537.36"
::1 - - [13/Jul/2020:08:58:48 +0000] "GET /users/profile/5ee233349c48830765cb7464 HTTP/1.1" 200 5664 "http://localhost:8000/" "Mozilla/5.0 (X11; Linux x86_64) AppleWebKit/537.36 (KHTML, like Gecko) Chrome/83.0.4103.116 Safari/537.36"
::1 - - [13/Jul/2020:08:58:51 +0000] "GET / HTTP/1.1" 304 - "http://localhost:8000/users/profile/5ee233349c48830765cb7464" "Mozilla/5.0 (X11; Linux x86_64) AppleWebKit/537.36 (KHTML, like Gecko) Chrome/83.0.4103.116 Safari/537.36"
::1 - - [13/Jul/2020:08:59:02 +0000] "POST /comments/create HTTP/1.1" 200 344 "http://localhost:8000/" "Mozilla/5.0 (X11; Linux x86_64) AppleWebKit/537.36 (KHTML, like Gecko) Chrome/83.0.4103.116 Safari/537.36"
::1 - - [13/Jul/2020:08:59:09 +0000] "POST /comments/create HTTP/1.1" 200 336 "http://localhost:8000/" "Mozilla/5.0 (X11; Linux x86_64) AppleWebKit/537.36 (KHTML, like Gecko) Chrome/83.0.4103.116 Safari/537.36"
::1 - - [13/Jul/2020:08:59:14 +0000] "GET / HTTP/1.1" 200 15201 "http://localhost:8000/users/profile/5ee233349c48830765cb7464" "Mozilla/5.0 (X11; Linux x86_64) AppleWebKit/537.36 (KHTML, like Gecko) Chrome/83.0.4103.116 Safari/537.36"
